2024-09-25 16:11:27,220 - Epoch [1/1000], Train Loss: 2.9496
2024-09-25 16:11:27,221 - Epoch [1/1000], Train metric : 0.2693
2024-09-25 16:11:27,221 - Epoch [1/1000], Val Loss: 2.4676
2024-09-25 16:11:27,221 - Epoch [1/1000], Val metric : 0.3872
2024-09-25 16:11:29,393 - Saved best model with Val Loss: 2.4676
2024-09-25 16:12:03,538 - Epoch [2/1000], Train Loss: 2.4657
2024-09-25 16:12:03,539 - Epoch [2/1000], Train metric : 0.4666
2024-09-25 16:12:03,539 - Epoch [2/1000], Val Loss: 2.1382
2024-09-25 16:12:03,539 - Epoch [2/1000], Val metric : 0.5026
2024-09-25 16:12:11,942 - Saved best model with Val Loss: 2.1382
2024-09-25 16:12:45,896 - Epoch [3/1000], Train Loss: 2.2922
2024-09-25 16:12:45,896 - Epoch [3/1000], Train metric : 0.5307
2024-09-25 16:12:45,896 - Epoch [3/1000], Val Loss: 2.2225
2024-09-25 16:12:45,896 - Epoch [3/1000], Val metric : 0.5601
2024-09-25 16:13:20,009 - Epoch [4/1000], Train Loss: 2.1736
2024-09-25 16:13:20,010 - Epoch [4/1000], Train metric : 0.5702
2024-09-25 16:13:20,010 - Epoch [4/1000], Val Loss: 2.0162
2024-09-25 16:13:20,010 - Epoch [4/1000], Val metric : 0.5617
2024-09-25 16:13:27,212 - Saved best model with Val Loss: 2.0162
2024-09-25 16:14:01,242 - Epoch [5/1000], Train Loss: 2.0750
2024-09-25 16:14:01,242 - Epoch [5/1000], Train metric : 0.6052
2024-09-25 16:14:01,247 - Epoch [5/1000], Val Loss: 2.4107
2024-09-25 16:14:01,247 - Epoch [5/1000], Val metric : 0.5608
2024-09-25 16:14:57,401 - Epoch [6/1000], Train Loss: 1.9933
2024-09-25 16:14:57,402 - Epoch [6/1000], Train metric : 0.6290
2024-09-25 16:14:57,402 - Epoch [6/1000], Val Loss: 1.9165
2024-09-25 16:14:57,402 - Epoch [6/1000], Val metric : 0.5038
2024-09-25 16:15:05,929 - Saved best model with Val Loss: 1.9165
2024-09-25 16:16:16,066 - Epoch [7/1000], Train Loss: 1.8581
2024-09-25 16:16:16,067 - Epoch [7/1000], Train metric : 0.6609
2024-09-25 16:16:16,067 - Epoch [7/1000], Val Loss: 2.0716
2024-09-25 16:16:16,067 - Epoch [7/1000], Val metric : 0.5665
2024-09-25 16:17:23,698 - Epoch [8/1000], Train Loss: 1.8159
2024-09-25 16:17:23,698 - Epoch [8/1000], Train metric : 0.6753
2024-09-25 16:17:23,698 - Epoch [8/1000], Val Loss: 2.0638
2024-09-25 16:17:23,698 - Epoch [8/1000], Val metric : 0.5958
2024-09-25 16:18:34,103 - Epoch [9/1000], Train Loss: 1.7391
2024-09-25 16:18:34,103 - Epoch [9/1000], Train metric : 0.6946
2024-09-25 16:18:34,103 - Epoch [9/1000], Val Loss: 2.0933
2024-09-25 16:18:34,103 - Epoch [9/1000], Val metric : 0.5916
2024-09-25 16:19:44,064 - Epoch [10/1000], Train Loss: 1.6790
2024-09-25 16:19:44,064 - Epoch [10/1000], Train metric : 0.7087
2024-09-25 16:19:44,064 - Epoch [10/1000], Val Loss: 1.8964
2024-09-25 16:19:44,064 - Epoch [10/1000], Val metric : 0.5885
2024-09-25 16:19:52,323 - Saved best model with Val Loss: 1.8964
2024-09-25 16:20:54,185 - Epoch [11/1000], Train Loss: 1.6186
2024-09-25 16:20:54,185 - Epoch [11/1000], Train metric : 0.7229
2024-09-25 16:20:54,185 - Epoch [11/1000], Val Loss: 1.9916
2024-09-25 16:20:54,186 - Epoch [11/1000], Val metric : 0.5811
2024-09-25 16:22:04,142 - Epoch [12/1000], Train Loss: 1.5872
2024-09-25 16:22:04,142 - Epoch [12/1000], Train metric : 0.7308
2024-09-25 16:22:04,142 - Epoch [12/1000], Val Loss: 2.0659
2024-09-25 16:22:04,142 - Epoch [12/1000], Val metric : 0.5968
2024-09-25 16:23:14,099 - Epoch [13/1000], Train Loss: 1.5596
2024-09-25 16:23:14,099 - Epoch [13/1000], Train metric : 0.7371
2024-09-25 16:23:14,099 - Epoch [13/1000], Val Loss: 2.1227
2024-09-25 16:23:14,099 - Epoch [13/1000], Val metric : 0.5233
2024-09-25 16:24:15,814 - Epoch [14/1000], Train Loss: 1.5044
2024-09-25 16:24:15,814 - Epoch [14/1000], Train metric : 0.7505
2024-09-25 16:24:15,814 - Epoch [14/1000], Val Loss: 1.9507
2024-09-25 16:24:15,814 - Epoch [14/1000], Val metric : 0.5705
2024-09-25 16:25:25,685 - Epoch [15/1000], Train Loss: 1.4674
2024-09-25 16:25:25,685 - Epoch [15/1000], Train metric : 0.7606
2024-09-25 16:25:25,685 - Epoch [15/1000], Val Loss: 1.8407
2024-09-25 16:25:25,685 - Epoch [15/1000], Val metric : 0.6067
2024-09-25 16:25:33,927 - Saved best model with Val Loss: 1.8407
2024-09-25 16:26:43,750 - Epoch [16/1000], Train Loss: 1.4418
2024-09-25 16:26:43,751 - Epoch [16/1000], Train metric : 0.7658
2024-09-25 16:26:43,751 - Epoch [16/1000], Val Loss: 2.0324
2024-09-25 16:26:43,751 - Epoch [16/1000], Val metric : 0.5931
2024-09-25 16:27:28,375 - Epoch [17/1000], Train Loss: 1.4123
2024-09-25 16:27:28,376 - Epoch [17/1000], Train metric : 0.7719
2024-09-25 16:27:28,376 - Epoch [17/1000], Val Loss: 1.9368
2024-09-25 16:27:28,376 - Epoch [17/1000], Val metric : 0.5756
2024-09-25 16:28:02,391 - Epoch [18/1000], Train Loss: 1.3948
2024-09-25 16:28:02,391 - Epoch [18/1000], Train metric : 0.7760
2024-09-25 16:28:02,391 - Epoch [18/1000], Val Loss: 2.2054
2024-09-25 16:28:02,391 - Epoch [18/1000], Val metric : 0.5134
2024-09-25 16:28:36,339 - Epoch [19/1000], Train Loss: 1.3706
2024-09-25 16:28:36,339 - Epoch [19/1000], Train metric : 0.7814
2024-09-25 16:28:36,339 - Epoch [19/1000], Val Loss: 1.9432
2024-09-25 16:28:36,339 - Epoch [19/1000], Val metric : 0.6079
2024-09-25 16:29:10,305 - Epoch [20/1000], Train Loss: 1.3642
2024-09-25 16:29:10,305 - Epoch [20/1000], Train metric : 0.7841
2024-09-25 16:29:10,305 - Epoch [20/1000], Val Loss: 2.0625
2024-09-25 16:29:10,305 - Epoch [20/1000], Val metric : 0.5655
2024-09-25 16:29:44,254 - Epoch [21/1000], Train Loss: 1.3275
2024-09-25 16:29:44,254 - Epoch [21/1000], Train metric : 0.7910
2024-09-25 16:29:44,254 - Epoch [21/1000], Val Loss: 2.0590
2024-09-25 16:29:44,255 - Epoch [21/1000], Val metric : 0.5764
2024-09-25 16:30:18,449 - Epoch [22/1000], Train Loss: 1.3188
2024-09-25 16:30:18,450 - Epoch [22/1000], Train metric : 0.7949
2024-09-25 16:30:18,450 - Epoch [22/1000], Val Loss: 2.0021
2024-09-25 16:30:18,450 - Epoch [22/1000], Val metric : 0.5761
2024-09-25 16:30:52,400 - Epoch [23/1000], Train Loss: 1.3030
2024-09-25 16:30:52,401 - Epoch [23/1000], Train metric : 0.7979
2024-09-25 16:30:52,401 - Epoch [23/1000], Val Loss: 1.9862
2024-09-25 16:30:52,401 - Epoch [23/1000], Val metric : 0.5930
2024-09-25 16:31:26,376 - Epoch [24/1000], Train Loss: 1.2716
2024-09-25 16:31:26,376 - Epoch [24/1000], Train metric : 0.8037
2024-09-25 16:31:26,376 - Epoch [24/1000], Val Loss: 1.9646
2024-09-25 16:31:26,376 - Epoch [24/1000], Val metric : 0.5952
2024-09-25 16:32:00,405 - Epoch [25/1000], Train Loss: 1.2775
2024-09-25 16:32:00,406 - Epoch [25/1000], Train metric : 0.8027
2024-09-25 16:32:00,406 - Epoch [25/1000], Val Loss: 1.9119
2024-09-25 16:32:00,406 - Epoch [25/1000], Val metric : 0.5935
2024-09-25 16:32:34,393 - Epoch [26/1000], Train Loss: 1.2572
2024-09-25 16:32:34,393 - Epoch [26/1000], Train metric : 0.8070
2024-09-25 16:32:34,393 - Epoch [26/1000], Val Loss: 2.2003
2024-09-25 16:32:34,393 - Epoch [26/1000], Val metric : 0.5668
2024-09-25 16:33:08,318 - Epoch [27/1000], Train Loss: 1.2464
2024-09-25 16:33:08,318 - Epoch [27/1000], Train metric : 0.8094
2024-09-25 16:33:08,318 - Epoch [27/1000], Val Loss: 2.0891
2024-09-25 16:33:08,318 - Epoch [27/1000], Val metric : 0.5652
2024-09-25 16:33:42,247 - Epoch [28/1000], Train Loss: 1.2453
2024-09-25 16:33:42,247 - Epoch [28/1000], Train metric : 0.8096
2024-09-25 16:33:42,247 - Epoch [28/1000], Val Loss: 1.9934
2024-09-25 16:33:42,248 - Epoch [28/1000], Val metric : 0.5980
2024-09-25 16:34:16,231 - Epoch [29/1000], Train Loss: 1.2463
2024-09-25 16:34:16,232 - Epoch [29/1000], Train metric : 0.8094
2024-09-25 16:34:16,232 - Epoch [29/1000], Val Loss: 1.9249
2024-09-25 16:34:16,232 - Epoch [29/1000], Val metric : 0.5867
2024-09-25 16:34:50,208 - Epoch [30/1000], Train Loss: 1.2330
2024-09-25 16:34:50,208 - Epoch [30/1000], Train metric : 0.8129
2024-09-25 16:34:50,209 - Epoch [30/1000], Val Loss: 1.9812
2024-09-25 16:34:50,209 - Epoch [30/1000], Val metric : 0.6005
2024-09-25 16:35:24,169 - Epoch [31/1000], Train Loss: 1.2118
2024-09-25 16:35:24,170 - Epoch [31/1000], Train metric : 0.8178
2024-09-25 16:35:24,170 - Epoch [31/1000], Val Loss: 2.0162
2024-09-25 16:35:24,170 - Epoch [31/1000], Val metric : 0.5655
2024-09-25 16:35:58,072 - Epoch [32/1000], Train Loss: 1.2233
2024-09-25 16:35:58,072 - Epoch [32/1000], Train metric : 0.8143
2024-09-25 16:35:58,072 - Epoch [32/1000], Val Loss: 2.0242
2024-09-25 16:35:58,072 - Epoch [32/1000], Val metric : 0.5936
2024-09-25 16:36:32,109 - Epoch [33/1000], Train Loss: 1.2139
2024-09-25 16:36:32,110 - Epoch [33/1000], Train metric : 0.8163
2024-09-25 16:36:32,110 - Epoch [33/1000], Val Loss: 1.9808
2024-09-25 16:36:32,110 - Epoch [33/1000], Val metric : 0.5909
2024-09-25 16:37:05,988 - Epoch [34/1000], Train Loss: 1.2074
2024-09-25 16:37:05,988 - Epoch [34/1000], Train metric : 0.8174
2024-09-25 16:37:05,988 - Epoch [34/1000], Val Loss: 2.0563
2024-09-25 16:37:05,989 - Epoch [34/1000], Val metric : 0.5561
2024-09-25 16:37:39,940 - Epoch [35/1000], Train Loss: 1.2051
2024-09-25 16:37:39,941 - Epoch [35/1000], Train metric : 0.8189
2024-09-25 16:37:39,941 - Epoch [35/1000], Val Loss: 2.0989
2024-09-25 16:37:39,941 - Epoch [35/1000], Val metric : 0.5749
2024-09-25 16:38:13,974 - Epoch [36/1000], Train Loss: 1.1984
2024-09-25 16:38:13,974 - Epoch [36/1000], Train metric : 0.8203
2024-09-25 16:38:13,974 - Epoch [36/1000], Val Loss: 2.0872
2024-09-25 16:38:13,974 - Epoch [36/1000], Val metric : 0.5739
2024-09-25 16:38:48,216 - Epoch [37/1000], Train Loss: 1.1912
2024-09-25 16:38:48,216 - Epoch [37/1000], Train metric : 0.8212
2024-09-25 16:38:48,216 - Epoch [37/1000], Val Loss: 2.0495
2024-09-25 16:38:48,216 - Epoch [37/1000], Val metric : 0.5700
2024-09-25 16:39:22,348 - Epoch [38/1000], Train Loss: 1.1986
2024-09-25 16:39:22,348 - Epoch [38/1000], Train metric : 0.8196
2024-09-25 16:39:22,348 - Epoch [38/1000], Val Loss: 1.9743
2024-09-25 16:39:22,348 - Epoch [38/1000], Val metric : 0.5997
2024-09-25 16:39:56,502 - Epoch [39/1000], Train Loss: 1.1835
2024-09-25 16:39:56,503 - Epoch [39/1000], Train metric : 0.8230
2024-09-25 16:39:56,503 - Epoch [39/1000], Val Loss: 2.0558
2024-09-25 16:39:56,503 - Epoch [39/1000], Val metric : 0.5880
2024-09-25 16:40:30,679 - Epoch [40/1000], Train Loss: 1.1962
2024-09-25 16:40:30,680 - Epoch [40/1000], Train metric : 0.8202
2024-09-25 16:40:30,680 - Epoch [40/1000], Val Loss: 2.0803
2024-09-25 16:40:30,680 - Epoch [40/1000], Val metric : 0.5813
2024-09-25 16:41:05,001 - Epoch [41/1000], Train Loss: 1.1827
2024-09-25 16:41:05,001 - Epoch [41/1000], Train metric : 0.8238
2024-09-25 16:41:05,001 - Epoch [41/1000], Val Loss: 2.0283
2024-09-25 16:41:05,001 - Epoch [41/1000], Val metric : 0.5678
2024-09-25 16:41:39,361 - Epoch [42/1000], Train Loss: 1.1828
2024-09-25 16:41:39,362 - Epoch [42/1000], Train metric : 0.8234
2024-09-25 16:41:39,362 - Epoch [42/1000], Val Loss: 2.0153
2024-09-25 16:41:39,362 - Epoch [42/1000], Val metric : 0.5867
2024-09-25 16:42:13,540 - Epoch [43/1000], Train Loss: 1.1803
2024-09-25 16:42:13,540 - Epoch [43/1000], Train metric : 0.8236
2024-09-25 16:42:13,540 - Epoch [43/1000], Val Loss: 2.1247
2024-09-25 16:42:13,540 - Epoch [43/1000], Val metric : 0.5742
2024-09-25 16:42:47,696 - Epoch [44/1000], Train Loss: 1.1731
2024-09-25 16:42:47,696 - Epoch [44/1000], Train metric : 0.8249
2024-09-25 16:42:47,697 - Epoch [44/1000], Val Loss: 2.0985
2024-09-25 16:42:47,697 - Epoch [44/1000], Val metric : 0.5635
2024-09-25 16:43:21,796 - Epoch [45/1000], Train Loss: 1.1773
2024-09-25 16:43:21,796 - Epoch [45/1000], Train metric : 0.8243
2024-09-25 16:43:21,796 - Epoch [45/1000], Val Loss: 2.2155
2024-09-25 16:43:21,797 - Epoch [45/1000], Val metric : 0.5583
2024-09-25 16:43:55,977 - Epoch [46/1000], Train Loss: 1.1753
2024-09-25 16:43:55,977 - Epoch [46/1000], Train metric : 0.8252
2024-09-25 16:43:55,977 - Epoch [46/1000], Val Loss: 2.0456
2024-09-25 16:43:55,977 - Epoch [46/1000], Val metric : 0.5495
2024-09-25 16:44:30,087 - Epoch [47/1000], Train Loss: 1.1857
2024-09-25 16:44:30,088 - Epoch [47/1000], Train metric : 0.8223
2024-09-25 16:44:30,088 - Epoch [47/1000], Val Loss: 1.9485
2024-09-25 16:44:30,088 - Epoch [47/1000], Val metric : 0.5837
2024-09-25 16:45:04,184 - Epoch [48/1000], Train Loss: 1.1829
2024-09-25 16:45:04,184 - Epoch [48/1000], Train metric : 0.8236
2024-09-25 16:45:04,184 - Epoch [48/1000], Val Loss: 2.0611
2024-09-25 16:45:04,184 - Epoch [48/1000], Val metric : 0.5921
2024-09-25 16:45:38,456 - Epoch [49/1000], Train Loss: 1.1827
2024-09-25 16:45:38,456 - Epoch [49/1000], Train metric : 0.8230
2024-09-25 16:45:38,456 - Epoch [49/1000], Val Loss: 2.0914
2024-09-25 16:45:38,456 - Epoch [49/1000], Val metric : 0.5779
2024-09-25 16:46:12,664 - Epoch [50/1000], Train Loss: 1.1629
2024-09-25 16:46:12,664 - Epoch [50/1000], Train metric : 0.8277
2024-09-25 16:46:12,664 - Epoch [50/1000], Val Loss: 2.0284
2024-09-25 16:46:12,664 - Epoch [50/1000], Val metric : 0.5684
