2024-09-24 15:43:35,834 - Epoch [1/1000], Train Loss: 4.8344
2024-09-24 15:43:35,834 - Epoch [1/1000], Train metric : 0.0238
2024-09-24 15:43:35,834 - Epoch [1/1000], Val Loss: 3.5713
2024-09-24 15:43:35,834 - Epoch [1/1000], Val metric : 0.2740
2024-09-24 15:43:37,948 - Saved best model with Val Loss: 3.5713
2024-09-24 15:44:43,649 - Epoch [2/1000], Train Loss: 2.8609
2024-09-24 15:44:43,649 - Epoch [2/1000], Train metric : 0.3087
2024-09-24 15:44:43,649 - Epoch [2/1000], Val Loss: 3.1358
2024-09-24 15:44:43,649 - Epoch [2/1000], Val metric : 0.3722
2024-09-24 15:44:51,199 - Saved best model with Val Loss: 3.1358
2024-09-24 15:45:56,737 - Epoch [3/1000], Train Loss: 2.5972
2024-09-24 15:45:56,738 - Epoch [3/1000], Train metric : 0.4543
2024-09-24 15:45:56,738 - Epoch [3/1000], Val Loss: 2.7860
2024-09-24 15:45:56,738 - Epoch [3/1000], Val metric : 0.5044
2024-09-24 15:46:03,319 - Saved best model with Val Loss: 2.7860
2024-09-24 15:47:08,919 - Epoch [4/1000], Train Loss: 2.4714
2024-09-24 15:47:08,919 - Epoch [4/1000], Train metric : 0.4885
2024-09-24 15:47:08,919 - Epoch [4/1000], Val Loss: 2.0434
2024-09-24 15:47:08,919 - Epoch [4/1000], Val metric : 0.5274
2024-09-24 15:47:16,247 - Saved best model with Val Loss: 2.0434
2024-09-24 15:48:21,721 - Epoch [5/1000], Train Loss: 2.4415
2024-09-24 15:48:21,721 - Epoch [5/1000], Train metric : 0.5094
2024-09-24 15:48:21,722 - Epoch [5/1000], Val Loss: 2.2284
2024-09-24 15:48:21,722 - Epoch [5/1000], Val metric : 0.5193
2024-09-24 15:49:35,152 - Epoch [6/1000], Train Loss: 2.3708
2024-09-24 15:49:35,152 - Epoch [6/1000], Train metric : 0.5282
2024-09-24 15:49:35,152 - Epoch [6/1000], Val Loss: 2.0832
2024-09-24 15:49:35,152 - Epoch [6/1000], Val metric : 0.5618
2024-09-24 15:51:49,862 - Epoch [7/1000], Train Loss: 2.3520
2024-09-24 15:51:49,863 - Epoch [7/1000], Train metric : 0.5358
2024-09-24 15:51:49,863 - Epoch [7/1000], Val Loss: 2.2644
2024-09-24 15:51:49,863 - Epoch [7/1000], Val metric : 0.5655
2024-09-24 15:54:01,573 - Epoch [8/1000], Train Loss: 2.2615
2024-09-24 15:54:01,573 - Epoch [8/1000], Train metric : 0.5602
2024-09-24 15:54:01,573 - Epoch [8/1000], Val Loss: 2.2833
2024-09-24 15:54:01,574 - Epoch [8/1000], Val metric : 0.5866
2024-09-24 15:56:17,745 - Epoch [9/1000], Train Loss: 2.2412
2024-09-24 15:56:17,745 - Epoch [9/1000], Train metric : 0.5663
2024-09-24 15:56:17,745 - Epoch [9/1000], Val Loss: 2.2032
2024-09-24 15:56:17,745 - Epoch [9/1000], Val metric : 0.5342
2024-09-24 15:58:26,358 - Epoch [10/1000], Train Loss: 2.2199
2024-09-24 15:58:26,359 - Epoch [10/1000], Train metric : 0.5759
2024-09-24 15:58:26,359 - Epoch [10/1000], Val Loss: 2.1431
2024-09-24 15:58:26,359 - Epoch [10/1000], Val metric : 0.6251
2024-09-24 16:00:43,043 - Epoch [11/1000], Train Loss: 2.1692
2024-09-24 16:00:43,043 - Epoch [11/1000], Train metric : 0.5900
2024-09-24 16:00:43,043 - Epoch [11/1000], Val Loss: 2.3330
2024-09-24 16:00:43,043 - Epoch [11/1000], Val metric : 0.5367
2024-09-24 16:02:51,215 - Epoch [12/1000], Train Loss: 2.1625
2024-09-24 16:02:51,215 - Epoch [12/1000], Train metric : 0.5933
2024-09-24 16:02:51,215 - Epoch [12/1000], Val Loss: 1.9117
2024-09-24 16:02:51,215 - Epoch [12/1000], Val metric : 0.6214
2024-09-24 16:02:57,849 - Saved best model with Val Loss: 1.9117
2024-09-24 16:05:15,505 - Epoch [13/1000], Train Loss: 2.1144
2024-09-24 16:05:15,505 - Epoch [13/1000], Train metric : 0.6098
2024-09-24 16:05:15,505 - Epoch [13/1000], Val Loss: 1.8860
2024-09-24 16:05:15,505 - Epoch [13/1000], Val metric : 0.6187
2024-09-24 16:05:24,375 - Saved best model with Val Loss: 1.8860
2024-09-24 16:07:40,914 - Epoch [14/1000], Train Loss: 2.0729
2024-09-24 16:07:40,914 - Epoch [14/1000], Train metric : 0.6220
2024-09-24 16:07:40,914 - Epoch [14/1000], Val Loss: 2.5354
2024-09-24 16:07:40,914 - Epoch [14/1000], Val metric : 0.5106
2024-09-24 16:09:57,436 - Epoch [15/1000], Train Loss: 1.9998
2024-09-24 16:09:57,436 - Epoch [15/1000], Train metric : 0.6386
2024-09-24 16:09:57,436 - Epoch [15/1000], Val Loss: 2.0118
2024-09-24 16:09:57,436 - Epoch [15/1000], Val metric : 0.6133
2024-09-24 16:12:06,038 - Epoch [16/1000], Train Loss: 2.0099
2024-09-24 16:12:06,038 - Epoch [16/1000], Train metric : 0.6372
2024-09-24 16:12:06,038 - Epoch [16/1000], Val Loss: 2.2810
2024-09-24 16:12:06,038 - Epoch [16/1000], Val metric : 0.5899
2024-09-24 16:14:22,368 - Epoch [17/1000], Train Loss: 1.9700
2024-09-24 16:14:22,368 - Epoch [17/1000], Train metric : 0.6490
2024-09-24 16:14:22,368 - Epoch [17/1000], Val Loss: 2.0557
2024-09-24 16:14:22,368 - Epoch [17/1000], Val metric : 0.6303
2024-09-24 16:16:41,278 - Epoch [18/1000], Train Loss: 1.9530
2024-09-24 16:16:41,279 - Epoch [18/1000], Train metric : 0.6547
2024-09-24 16:16:41,279 - Epoch [18/1000], Val Loss: 1.8950
2024-09-24 16:16:41,279 - Epoch [18/1000], Val metric : 0.6194
2024-09-24 16:18:49,305 - Epoch [19/1000], Train Loss: 1.9118
2024-09-24 16:18:49,306 - Epoch [19/1000], Train metric : 0.6647
2024-09-24 16:18:49,306 - Epoch [19/1000], Val Loss: 2.1357
2024-09-24 16:18:49,306 - Epoch [19/1000], Val metric : 0.6348
2024-09-24 16:21:06,059 - Epoch [20/1000], Train Loss: 1.8795
2024-09-24 16:21:06,059 - Epoch [20/1000], Train metric : 0.6738
2024-09-24 16:21:06,059 - Epoch [20/1000], Val Loss: 1.9880
2024-09-24 16:21:06,059 - Epoch [20/1000], Val metric : 0.6255
2024-09-24 16:23:22,683 - Epoch [21/1000], Train Loss: 1.8380
2024-09-24 16:23:22,683 - Epoch [21/1000], Train metric : 0.6834
2024-09-24 16:23:22,683 - Epoch [21/1000], Val Loss: 2.0285
2024-09-24 16:23:22,683 - Epoch [21/1000], Val metric : 0.5327
2024-09-24 16:25:41,597 - Epoch [22/1000], Train Loss: 1.7917
2024-09-24 16:25:41,598 - Epoch [22/1000], Train metric : 0.6938
2024-09-24 16:25:41,598 - Epoch [22/1000], Val Loss: 1.7508
2024-09-24 16:25:41,598 - Epoch [22/1000], Val metric : 0.6508
2024-09-24 16:25:50,183 - Saved best model with Val Loss: 1.7508
2024-09-24 16:28:06,776 - Epoch [23/1000], Train Loss: 1.7771
2024-09-24 16:28:06,777 - Epoch [23/1000], Train metric : 0.6968
2024-09-24 16:28:06,777 - Epoch [23/1000], Val Loss: 1.7582
2024-09-24 16:28:06,777 - Epoch [23/1000], Val metric : 0.6557
2024-09-24 16:30:17,921 - Epoch [24/1000], Train Loss: 1.7402
2024-09-24 16:30:17,921 - Epoch [24/1000], Train metric : 0.7067
2024-09-24 16:30:17,921 - Epoch [24/1000], Val Loss: 1.7652
2024-09-24 16:30:17,921 - Epoch [24/1000], Val metric : 0.6341
2024-09-24 16:32:39,844 - Epoch [25/1000], Train Loss: 1.7126
2024-09-24 16:32:39,844 - Epoch [25/1000], Train metric : 0.7140
2024-09-24 16:32:39,844 - Epoch [25/1000], Val Loss: 1.7918
2024-09-24 16:32:39,844 - Epoch [25/1000], Val metric : 0.6288
2024-09-24 16:34:58,391 - Epoch [26/1000], Train Loss: 1.7051
2024-09-24 16:34:58,392 - Epoch [26/1000], Train metric : 0.7172
2024-09-24 16:34:58,392 - Epoch [26/1000], Val Loss: 1.9117
2024-09-24 16:34:58,392 - Epoch [26/1000], Val metric : 0.6116
2024-09-24 16:37:14,821 - Epoch [27/1000], Train Loss: 1.6688
2024-09-24 16:37:14,821 - Epoch [27/1000], Train metric : 0.7256
2024-09-24 16:37:14,821 - Epoch [27/1000], Val Loss: 1.9316
2024-09-24 16:37:14,821 - Epoch [27/1000], Val metric : 0.6225
2024-09-24 16:39:31,420 - Epoch [28/1000], Train Loss: 1.6605
2024-09-24 16:39:31,420 - Epoch [28/1000], Train metric : 0.7269
2024-09-24 16:39:31,420 - Epoch [28/1000], Val Loss: 1.9711
2024-09-24 16:39:31,420 - Epoch [28/1000], Val metric : 0.5944
