2024-09-24 10:17:21,843 - Epoch [1/1000], Train Loss: 3.6419
2024-09-24 10:17:21,843 - Epoch [1/1000], Train metric : -0.0071
2024-09-24 10:17:21,843 - Epoch [1/1000], Val Loss: 2.8484
2024-09-24 10:17:21,844 - Epoch [1/1000], Val metric : 0.1870
2024-09-24 10:17:23,974 - Saved best model with Val Loss: 2.8484
2024-09-24 10:17:59,505 - Epoch [2/1000], Train Loss: 3.1587
2024-09-24 10:17:59,506 - Epoch [2/1000], Train metric : 0.0607
2024-09-24 10:17:59,506 - Epoch [2/1000], Val Loss: 3.6892
2024-09-24 10:17:59,506 - Epoch [2/1000], Val metric : 0.1722
2024-09-24 10:18:35,008 - Epoch [3/1000], Train Loss: 2.9875
2024-09-24 10:18:35,008 - Epoch [3/1000], Train metric : 0.2305
2024-09-24 10:18:35,008 - Epoch [3/1000], Val Loss: 2.5100
2024-09-24 10:18:35,008 - Epoch [3/1000], Val metric : 0.4206
2024-09-24 10:18:43,585 - Saved best model with Val Loss: 2.5100
2024-09-24 10:19:18,947 - Epoch [4/1000], Train Loss: 2.7063
2024-09-24 10:19:18,948 - Epoch [4/1000], Train metric : 0.4030
2024-09-24 10:19:18,948 - Epoch [4/1000], Val Loss: 3.1478
2024-09-24 10:19:18,948 - Epoch [4/1000], Val metric : 0.4524
2024-09-24 10:19:54,414 - Epoch [5/1000], Train Loss: 2.5306
2024-09-24 10:19:54,414 - Epoch [5/1000], Train metric : 0.4698
2024-09-24 10:19:54,414 - Epoch [5/1000], Val Loss: 2.5940
2024-09-24 10:19:54,415 - Epoch [5/1000], Val metric : 0.5071
2024-09-24 10:20:29,949 - Epoch [6/1000], Train Loss: 2.4202
2024-09-24 10:20:29,949 - Epoch [6/1000], Train metric : 0.5083
2024-09-24 10:20:29,949 - Epoch [6/1000], Val Loss: 2.4808
2024-09-24 10:20:29,949 - Epoch [6/1000], Val metric : 0.5173
2024-09-24 10:20:38,314 - Saved best model with Val Loss: 2.4808
2024-09-24 10:21:13,767 - Epoch [7/1000], Train Loss: 2.3248
2024-09-24 10:21:13,767 - Epoch [7/1000], Train metric : 0.5398
2024-09-24 10:21:13,767 - Epoch [7/1000], Val Loss: 2.1808
2024-09-24 10:21:13,767 - Epoch [7/1000], Val metric : 0.5365
2024-09-24 10:21:21,278 - Saved best model with Val Loss: 2.1808
2024-09-24 10:21:56,792 - Epoch [8/1000], Train Loss: 2.2639
2024-09-24 10:21:56,792 - Epoch [8/1000], Train metric : 0.5621
2024-09-24 10:21:56,792 - Epoch [8/1000], Val Loss: 2.0718
2024-09-24 10:21:56,792 - Epoch [8/1000], Val metric : 0.5502
2024-09-24 10:22:04,669 - Saved best model with Val Loss: 2.0718
2024-09-24 10:22:40,081 - Epoch [9/1000], Train Loss: 2.1653
2024-09-24 10:22:40,082 - Epoch [9/1000], Train metric : 0.5923
2024-09-24 10:22:40,082 - Epoch [9/1000], Val Loss: 2.1718
2024-09-24 10:22:40,082 - Epoch [9/1000], Val metric : 0.5640
2024-09-24 10:23:15,569 - Epoch [10/1000], Train Loss: 2.1414
2024-09-24 10:23:15,570 - Epoch [10/1000], Train metric : 0.5982
2024-09-24 10:23:15,570 - Epoch [10/1000], Val Loss: 2.1013
2024-09-24 10:23:15,570 - Epoch [10/1000], Val metric : 0.5568
2024-09-24 10:23:51,108 - Epoch [11/1000], Train Loss: 2.0915
2024-09-24 10:23:51,108 - Epoch [11/1000], Train metric : 0.6097
2024-09-24 10:23:51,109 - Epoch [11/1000], Val Loss: 2.1339
2024-09-24 10:23:51,109 - Epoch [11/1000], Val metric : 0.5697
2024-09-24 10:24:26,650 - Epoch [12/1000], Train Loss: 2.0568
2024-09-24 10:24:26,651 - Epoch [12/1000], Train metric : 0.6209
2024-09-24 10:24:26,651 - Epoch [12/1000], Val Loss: 1.9568
2024-09-24 10:24:26,651 - Epoch [12/1000], Val metric : 0.5700
2024-09-24 10:24:35,224 - Saved best model with Val Loss: 1.9568
2024-09-24 10:25:10,600 - Epoch [13/1000], Train Loss: 1.9791
2024-09-24 10:25:10,600 - Epoch [13/1000], Train metric : 0.6433
2024-09-24 10:25:10,600 - Epoch [13/1000], Val Loss: 2.0335
2024-09-24 10:25:10,601 - Epoch [13/1000], Val metric : 0.5826
2024-09-24 10:25:46,073 - Epoch [14/1000], Train Loss: 1.9327
2024-09-24 10:25:46,073 - Epoch [14/1000], Train metric : 0.6544
2024-09-24 10:25:46,073 - Epoch [14/1000], Val Loss: 1.9587
2024-09-24 10:25:46,073 - Epoch [14/1000], Val metric : 0.5920
2024-09-24 10:26:21,574 - Epoch [15/1000], Train Loss: 1.9270
2024-09-24 10:26:21,575 - Epoch [15/1000], Train metric : 0.6565
2024-09-24 10:26:21,575 - Epoch [15/1000], Val Loss: 2.0397
2024-09-24 10:26:21,575 - Epoch [15/1000], Val metric : 0.5551
2024-09-24 10:26:57,094 - Epoch [16/1000], Train Loss: 1.8680
2024-09-24 10:26:57,094 - Epoch [16/1000], Train metric : 0.6710
2024-09-24 10:26:57,094 - Epoch [16/1000], Val Loss: 2.0461
2024-09-24 10:26:57,094 - Epoch [16/1000], Val metric : 0.5779
2024-09-24 10:27:32,589 - Epoch [17/1000], Train Loss: 1.8243
2024-09-24 10:27:32,589 - Epoch [17/1000], Train metric : 0.6828
2024-09-24 10:27:32,589 - Epoch [17/1000], Val Loss: 2.0838
2024-09-24 10:27:32,589 - Epoch [17/1000], Val metric : 0.5639
2024-09-24 10:28:08,119 - Epoch [18/1000], Train Loss: 1.7822
2024-09-24 10:28:08,120 - Epoch [18/1000], Train metric : 0.6937
2024-09-24 10:28:08,120 - Epoch [18/1000], Val Loss: 2.0243
2024-09-24 10:28:08,120 - Epoch [18/1000], Val metric : 0.6028
2024-09-24 10:28:43,653 - Epoch [19/1000], Train Loss: 1.7473
2024-09-24 10:28:43,653 - Epoch [19/1000], Train metric : 0.7026
2024-09-24 10:28:43,654 - Epoch [19/1000], Val Loss: 2.1034
2024-09-24 10:28:43,654 - Epoch [19/1000], Val metric : 0.5794
2024-09-24 10:29:19,195 - Epoch [20/1000], Train Loss: 1.7279
2024-09-24 10:29:19,195 - Epoch [20/1000], Train metric : 0.7069
2024-09-24 10:29:19,195 - Epoch [20/1000], Val Loss: 2.0000
2024-09-24 10:29:19,195 - Epoch [20/1000], Val metric : 0.5967
2024-09-24 10:29:54,724 - Epoch [21/1000], Train Loss: 1.7075
2024-09-24 10:29:54,725 - Epoch [21/1000], Train metric : 0.7110
2024-09-24 10:29:54,725 - Epoch [21/1000], Val Loss: 2.0062
2024-09-24 10:29:54,725 - Epoch [21/1000], Val metric : 0.6026
2024-09-24 10:30:30,475 - Epoch [22/1000], Train Loss: 1.7067
2024-09-24 10:30:30,475 - Epoch [22/1000], Train metric : 0.7122
2024-09-24 10:30:30,475 - Epoch [22/1000], Val Loss: 1.9455
2024-09-24 10:30:30,475 - Epoch [22/1000], Val metric : 0.6130
2024-09-24 10:30:39,104 - Saved best model with Val Loss: 1.9455
2024-09-24 10:31:14,618 - Epoch [23/1000], Train Loss: 1.6811
2024-09-24 10:31:14,618 - Epoch [23/1000], Train metric : 0.7192
2024-09-24 10:31:14,618 - Epoch [23/1000], Val Loss: 2.0654
2024-09-24 10:31:14,618 - Epoch [23/1000], Val metric : 0.6004
2024-09-24 10:31:50,125 - Epoch [24/1000], Train Loss: 1.6527
2024-09-24 10:31:50,126 - Epoch [24/1000], Train metric : 0.7245
2024-09-24 10:31:50,126 - Epoch [24/1000], Val Loss: 2.0169
2024-09-24 10:31:50,126 - Epoch [24/1000], Val metric : 0.5935
2024-09-24 10:32:25,653 - Epoch [25/1000], Train Loss: 1.6369
2024-09-24 10:32:25,653 - Epoch [25/1000], Train metric : 0.7313
2024-09-24 10:32:25,653 - Epoch [25/1000], Val Loss: 2.0442
2024-09-24 10:32:25,653 - Epoch [25/1000], Val metric : 0.5972
2024-09-24 10:33:01,199 - Epoch [26/1000], Train Loss: 1.6135
2024-09-24 10:33:01,199 - Epoch [26/1000], Train metric : 0.7379
2024-09-24 10:33:01,199 - Epoch [26/1000], Val Loss: 1.9951
2024-09-24 10:33:01,199 - Epoch [26/1000], Val metric : 0.5948
2024-09-24 10:33:36,782 - Epoch [27/1000], Train Loss: 1.6108
2024-09-24 10:33:36,783 - Epoch [27/1000], Train metric : 0.7378
2024-09-24 10:33:36,783 - Epoch [27/1000], Val Loss: 1.9899
2024-09-24 10:33:36,783 - Epoch [27/1000], Val metric : 0.6019
2024-09-24 10:34:12,296 - Epoch [28/1000], Train Loss: 1.5646
2024-09-24 10:34:12,297 - Epoch [28/1000], Train metric : 0.7468
2024-09-24 10:34:12,297 - Epoch [28/1000], Val Loss: 2.0506
2024-09-24 10:34:12,297 - Epoch [28/1000], Val metric : 0.5780
2024-09-24 10:34:47,861 - Epoch [29/1000], Train Loss: 1.5668
2024-09-24 10:34:47,862 - Epoch [29/1000], Train metric : 0.7466
2024-09-24 10:34:47,862 - Epoch [29/1000], Val Loss: 1.9914
2024-09-24 10:34:47,862 - Epoch [29/1000], Val metric : 0.5963
2024-09-24 10:35:23,398 - Epoch [30/1000], Train Loss: 1.5687
2024-09-24 10:35:23,398 - Epoch [30/1000], Train metric : 0.7465
2024-09-24 10:35:23,398 - Epoch [30/1000], Val Loss: 2.1067
2024-09-24 10:35:23,398 - Epoch [30/1000], Val metric : 0.5549
2024-09-24 10:35:58,944 - Epoch [31/1000], Train Loss: 1.5525
2024-09-24 10:35:58,944 - Epoch [31/1000], Train metric : 0.7500
2024-09-24 10:35:58,944 - Epoch [31/1000], Val Loss: 2.0083
2024-09-24 10:35:58,944 - Epoch [31/1000], Val metric : 0.5907
2024-09-24 10:36:34,447 - Epoch [32/1000], Train Loss: 1.5541
2024-09-24 10:36:34,447 - Epoch [32/1000], Train metric : 0.7498
2024-09-24 10:36:34,447 - Epoch [32/1000], Val Loss: 2.1428
2024-09-24 10:36:34,447 - Epoch [32/1000], Val metric : 0.5738
2024-09-24 10:37:09,970 - Epoch [33/1000], Train Loss: 1.5369
2024-09-24 10:37:09,971 - Epoch [33/1000], Train metric : 0.7538
2024-09-24 10:37:09,971 - Epoch [33/1000], Val Loss: 1.9521
2024-09-24 10:37:09,971 - Epoch [33/1000], Val metric : 0.6039
2024-09-24 10:37:45,507 - Epoch [34/1000], Train Loss: 1.5185
2024-09-24 10:37:45,507 - Epoch [34/1000], Train metric : 0.7581
2024-09-24 10:37:45,507 - Epoch [34/1000], Val Loss: 2.0843
2024-09-24 10:37:45,507 - Epoch [34/1000], Val metric : 0.5770
2024-09-24 10:38:21,076 - Epoch [35/1000], Train Loss: 1.5031
2024-09-24 10:38:21,077 - Epoch [35/1000], Train metric : 0.7630
2024-09-24 10:38:21,077 - Epoch [35/1000], Val Loss: 2.0208
2024-09-24 10:38:21,077 - Epoch [35/1000], Val metric : 0.6048
2024-09-24 10:38:56,620 - Epoch [36/1000], Train Loss: 1.5086
2024-09-24 10:38:56,620 - Epoch [36/1000], Train metric : 0.7607
2024-09-24 10:38:56,620 - Epoch [36/1000], Val Loss: 1.9957
2024-09-24 10:38:56,620 - Epoch [36/1000], Val metric : 0.5881
2024-09-24 10:39:32,179 - Epoch [37/1000], Train Loss: 1.5012
2024-09-24 10:39:32,180 - Epoch [37/1000], Train metric : 0.7619
2024-09-24 10:39:32,180 - Epoch [37/1000], Val Loss: 1.9854
2024-09-24 10:39:32,180 - Epoch [37/1000], Val metric : 0.5915
2024-09-24 10:40:07,681 - Epoch [38/1000], Train Loss: 1.4796
2024-09-24 10:40:07,681 - Epoch [38/1000], Train metric : 0.7668
2024-09-24 10:40:07,681 - Epoch [38/1000], Val Loss: 1.9439
2024-09-24 10:40:07,681 - Epoch [38/1000], Val metric : 0.6106
2024-09-24 10:40:16,589 - Saved best model with Val Loss: 1.9439
2024-09-24 10:40:52,105 - Epoch [39/1000], Train Loss: 1.4917
2024-09-24 10:40:52,105 - Epoch [39/1000], Train metric : 0.7641
2024-09-24 10:40:52,105 - Epoch [39/1000], Val Loss: 2.0684
2024-09-24 10:40:52,105 - Epoch [39/1000], Val metric : 0.5730
2024-09-24 10:41:27,576 - Epoch [40/1000], Train Loss: 1.4602
2024-09-24 10:41:27,576 - Epoch [40/1000], Train metric : 0.7710
2024-09-24 10:41:27,576 - Epoch [40/1000], Val Loss: 2.0511
2024-09-24 10:41:27,576 - Epoch [40/1000], Val metric : 0.5860
2024-09-24 10:42:03,086 - Epoch [41/1000], Train Loss: 1.4888
2024-09-24 10:42:03,086 - Epoch [41/1000], Train metric : 0.7646
2024-09-24 10:42:03,087 - Epoch [41/1000], Val Loss: 2.0595
2024-09-24 10:42:03,087 - Epoch [41/1000], Val metric : 0.5797
2024-09-24 10:42:38,887 - Epoch [42/1000], Train Loss: 1.4635
2024-09-24 10:42:38,887 - Epoch [42/1000], Train metric : 0.7707
2024-09-24 10:42:38,887 - Epoch [42/1000], Val Loss: 2.0621
2024-09-24 10:42:38,887 - Epoch [42/1000], Val metric : 0.5809
2024-09-24 10:43:14,406 - Epoch [43/1000], Train Loss: 1.4799
2024-09-24 10:43:14,406 - Epoch [43/1000], Train metric : 0.7657
2024-09-24 10:43:14,406 - Epoch [43/1000], Val Loss: 2.0081
2024-09-24 10:43:14,406 - Epoch [43/1000], Val metric : 0.5959
2024-09-24 10:43:49,943 - Epoch [44/1000], Train Loss: 1.4367
2024-09-24 10:43:49,944 - Epoch [44/1000], Train metric : 0.7765
2024-09-24 10:43:49,944 - Epoch [44/1000], Val Loss: 2.0071
2024-09-24 10:43:49,944 - Epoch [44/1000], Val metric : 0.5870
2024-09-24 10:44:25,467 - Epoch [45/1000], Train Loss: 1.4523
2024-09-24 10:44:25,468 - Epoch [45/1000], Train metric : 0.7737
2024-09-24 10:44:25,468 - Epoch [45/1000], Val Loss: 1.9557
2024-09-24 10:44:25,468 - Epoch [45/1000], Val metric : 0.6095
2024-09-24 10:45:00,998 - Epoch [46/1000], Train Loss: 1.4529
2024-09-24 10:45:00,998 - Epoch [46/1000], Train metric : 0.7735
2024-09-24 10:45:00,998 - Epoch [46/1000], Val Loss: 2.0114
2024-09-24 10:45:00,998 - Epoch [46/1000], Val metric : 0.5859
2024-09-24 10:45:36,471 - Epoch [47/1000], Train Loss: 1.4516
2024-09-24 10:45:36,471 - Epoch [47/1000], Train metric : 0.7730
2024-09-24 10:45:36,471 - Epoch [47/1000], Val Loss: 1.9519
2024-09-24 10:45:36,471 - Epoch [47/1000], Val metric : 0.6043
2024-09-24 10:46:11,955 - Epoch [48/1000], Train Loss: 1.4491
2024-09-24 10:46:11,956 - Epoch [48/1000], Train metric : 0.7741
2024-09-24 10:46:11,956 - Epoch [48/1000], Val Loss: 2.0348
2024-09-24 10:46:11,956 - Epoch [48/1000], Val metric : 0.5941
2024-09-24 10:46:47,456 - Epoch [49/1000], Train Loss: 1.4373
2024-09-24 10:46:47,457 - Epoch [49/1000], Train metric : 0.7767
2024-09-24 10:46:47,457 - Epoch [49/1000], Val Loss: 2.0641
2024-09-24 10:46:47,457 - Epoch [49/1000], Val metric : 0.5858
2024-09-24 10:47:22,987 - Epoch [50/1000], Train Loss: 1.4282
2024-09-24 10:47:22,987 - Epoch [50/1000], Train metric : 0.7789
2024-09-24 10:47:22,987 - Epoch [50/1000], Val Loss: 2.0375
2024-09-24 10:47:22,987 - Epoch [50/1000], Val metric : 0.5808
2024-09-24 10:47:58,505 - Epoch [51/1000], Train Loss: 1.4476
2024-09-24 10:47:58,505 - Epoch [51/1000], Train metric : 0.7742
2024-09-24 10:47:58,505 - Epoch [51/1000], Val Loss: 2.0359
2024-09-24 10:47:58,505 - Epoch [51/1000], Val metric : 0.6034
2024-09-24 10:48:34,033 - Epoch [52/1000], Train Loss: 1.4359
2024-09-24 10:48:34,034 - Epoch [52/1000], Train metric : 0.7769
2024-09-24 10:48:34,034 - Epoch [52/1000], Val Loss: 1.9918
2024-09-24 10:48:34,034 - Epoch [52/1000], Val metric : 0.6071
2024-09-24 10:49:09,742 - Epoch [53/1000], Train Loss: 1.4473
2024-09-24 10:49:09,743 - Epoch [53/1000], Train metric : 0.7741
2024-09-24 10:49:09,743 - Epoch [53/1000], Val Loss: 2.0139
2024-09-24 10:49:09,743 - Epoch [53/1000], Val metric : 0.5842
2024-09-24 10:49:45,281 - Epoch [54/1000], Train Loss: 1.4407
2024-09-24 10:49:45,281 - Epoch [54/1000], Train metric : 0.7753
2024-09-24 10:49:45,281 - Epoch [54/1000], Val Loss: 1.9719
2024-09-24 10:49:45,281 - Epoch [54/1000], Val metric : 0.5929
2024-09-24 10:50:20,799 - Epoch [55/1000], Train Loss: 1.4551
2024-09-24 10:50:20,799 - Epoch [55/1000], Train metric : 0.7725
2024-09-24 10:50:20,800 - Epoch [55/1000], Val Loss: 2.0085
2024-09-24 10:50:20,800 - Epoch [55/1000], Val metric : 0.5957
2024-09-24 10:50:56,263 - Epoch [56/1000], Train Loss: 1.4523
2024-09-24 10:50:56,263 - Epoch [56/1000], Train metric : 0.7735
2024-09-24 10:50:56,263 - Epoch [56/1000], Val Loss: 2.0479
2024-09-24 10:50:56,263 - Epoch [56/1000], Val metric : 0.5920
2024-09-24 10:51:31,743 - Epoch [57/1000], Train Loss: 1.4402
2024-09-24 10:51:31,743 - Epoch [57/1000], Train metric : 0.7770
2024-09-24 10:51:31,743 - Epoch [57/1000], Val Loss: 2.0756
2024-09-24 10:51:31,743 - Epoch [57/1000], Val metric : 0.5867
2024-09-24 10:52:07,270 - Epoch [58/1000], Train Loss: 1.4459
2024-09-24 10:52:07,270 - Epoch [58/1000], Train metric : 0.7745
2024-09-24 10:52:07,270 - Epoch [58/1000], Val Loss: 1.9930
2024-09-24 10:52:07,271 - Epoch [58/1000], Val metric : 0.5900
2024-09-24 10:52:42,810 - Epoch [59/1000], Train Loss: 1.4552
2024-09-24 10:52:42,810 - Epoch [59/1000], Train metric : 0.7736
2024-09-24 10:52:42,810 - Epoch [59/1000], Val Loss: 2.0398
2024-09-24 10:52:42,810 - Epoch [59/1000], Val metric : 0.5711
2024-09-24 10:53:18,323 - Epoch [60/1000], Train Loss: 1.4383
2024-09-24 10:53:18,323 - Epoch [60/1000], Train metric : 0.7768
2024-09-24 10:53:18,323 - Epoch [60/1000], Val Loss: 2.0158
2024-09-24 10:53:18,323 - Epoch [60/1000], Val metric : 0.5834
2024-09-24 10:53:53,819 - Epoch [61/1000], Train Loss: 1.4298
2024-09-24 10:53:53,819 - Epoch [61/1000], Train metric : 0.7792
2024-09-24 10:53:53,819 - Epoch [61/1000], Val Loss: 2.0396
2024-09-24 10:53:53,819 - Epoch [61/1000], Val metric : 0.6075
2024-09-24 10:54:29,589 - Epoch [62/1000], Train Loss: 1.4259
2024-09-24 10:54:29,590 - Epoch [62/1000], Train metric : 0.7793
2024-09-24 10:54:29,590 - Epoch [62/1000], Val Loss: 2.0806
2024-09-24 10:54:29,590 - Epoch [62/1000], Val metric : 0.5819
2024-09-24 10:55:05,135 - Epoch [63/1000], Train Loss: 1.4242
2024-09-24 10:55:05,135 - Epoch [63/1000], Train metric : 0.7795
2024-09-24 10:55:05,135 - Epoch [63/1000], Val Loss: 2.1433
2024-09-24 10:55:05,135 - Epoch [63/1000], Val metric : 0.5448
2024-09-24 10:55:40,669 - Epoch [64/1000], Train Loss: 1.4398
2024-09-24 10:55:40,669 - Epoch [64/1000], Train metric : 0.7763
2024-09-24 10:55:40,669 - Epoch [64/1000], Val Loss: 2.0513
2024-09-24 10:55:40,669 - Epoch [64/1000], Val metric : 0.5900
2024-09-24 10:56:16,192 - Epoch [65/1000], Train Loss: 1.4500
2024-09-24 10:56:16,192 - Epoch [65/1000], Train metric : 0.7740
2024-09-24 10:56:16,192 - Epoch [65/1000], Val Loss: 2.0340
2024-09-24 10:56:16,192 - Epoch [65/1000], Val metric : 0.5869
2024-09-24 10:56:51,719 - Epoch [66/1000], Train Loss: 1.4505
2024-09-24 10:56:51,719 - Epoch [66/1000], Train metric : 0.7733
2024-09-24 10:56:51,719 - Epoch [66/1000], Val Loss: 2.0377
2024-09-24 10:56:51,720 - Epoch [66/1000], Val metric : 0.5886
2024-09-24 10:57:27,235 - Epoch [67/1000], Train Loss: 1.4231
2024-09-24 10:57:27,236 - Epoch [67/1000], Train metric : 0.7790
2024-09-24 10:57:27,236 - Epoch [67/1000], Val Loss: 2.0190
2024-09-24 10:57:27,236 - Epoch [67/1000], Val metric : 0.5847
2024-09-24 10:58:02,905 - Epoch [68/1000], Train Loss: 1.4274
2024-09-24 10:58:02,905 - Epoch [68/1000], Train metric : 0.7780
2024-09-24 10:58:02,905 - Epoch [68/1000], Val Loss: 2.0035
2024-09-24 10:58:02,905 - Epoch [68/1000], Val metric : 0.5841
2024-09-24 10:58:38,457 - Epoch [69/1000], Train Loss: 1.4383
2024-09-24 10:58:38,457 - Epoch [69/1000], Train metric : 0.7767
2024-09-24 10:58:38,457 - Epoch [69/1000], Val Loss: 2.0940
2024-09-24 10:58:38,457 - Epoch [69/1000], Val metric : 0.5631
2024-09-24 10:59:14,005 - Epoch [70/1000], Train Loss: 1.4369
2024-09-24 10:59:14,006 - Epoch [70/1000], Train metric : 0.7771
2024-09-24 10:59:14,006 - Epoch [70/1000], Val Loss: 2.0029
2024-09-24 10:59:14,006 - Epoch [70/1000], Val metric : 0.5931
2024-09-24 10:59:49,524 - Epoch [71/1000], Train Loss: 1.4488
2024-09-24 10:59:49,525 - Epoch [71/1000], Train metric : 0.7742
2024-09-24 10:59:49,525 - Epoch [71/1000], Val Loss: 2.0059
2024-09-24 10:59:49,525 - Epoch [71/1000], Val metric : 0.6015
2024-09-24 11:00:25,081 - Epoch [72/1000], Train Loss: 1.4471
2024-09-24 11:00:25,081 - Epoch [72/1000], Train metric : 0.7747
2024-09-24 11:00:25,081 - Epoch [72/1000], Val Loss: 2.0115
2024-09-24 11:00:25,081 - Epoch [72/1000], Val metric : 0.5961
2024-09-24 11:01:00,578 - Epoch [73/1000], Train Loss: 1.4345
2024-09-24 11:01:00,578 - Epoch [73/1000], Train metric : 0.7777
2024-09-24 11:01:00,578 - Epoch [73/1000], Val Loss: 2.0540
2024-09-24 11:01:00,578 - Epoch [73/1000], Val metric : 0.5985
