2024-09-22 22:32:57,767 - Epoch [1/1000], Train Loss: -0.1885
2024-09-22 22:32:57,768 - Epoch [1/1000], Train metric average : 0.1885
2024-09-22 22:32:57,768 - Epoch [1/1000], Val Loss: -0.4379
2024-09-22 22:32:57,768 - Epoch [1/1000], Val metric average : 0.4379
2024-09-22 22:32:58,766 - Saved best model with Val Loss: -0.4379
2024-09-22 22:33:09,253 - Epoch [2/1000], Train Loss: -0.3688
2024-09-22 22:33:09,253 - Epoch [2/1000], Train metric average : 0.3688
2024-09-22 22:33:09,253 - Epoch [2/1000], Val Loss: -0.4305
2024-09-22 22:33:09,253 - Epoch [2/1000], Val metric average : 0.4305
2024-09-22 22:33:19,481 - Epoch [3/1000], Train Loss: -0.4311
2024-09-22 22:33:19,481 - Epoch [3/1000], Train metric average : 0.4311
2024-09-22 22:33:19,481 - Epoch [3/1000], Val Loss: -0.4161
2024-09-22 22:33:19,481 - Epoch [3/1000], Val metric average : 0.4161
2024-09-22 22:33:29,800 - Epoch [4/1000], Train Loss: -0.4288
2024-09-22 22:33:29,800 - Epoch [4/1000], Train metric average : 0.4288
2024-09-22 22:33:29,800 - Epoch [4/1000], Val Loss: -0.4223
2024-09-22 22:33:29,800 - Epoch [4/1000], Val metric average : 0.4223
2024-09-22 22:33:39,910 - Epoch [5/1000], Train Loss: -0.3926
2024-09-22 22:33:39,910 - Epoch [5/1000], Train metric average : 0.3926
2024-09-22 22:33:39,910 - Epoch [5/1000], Val Loss: -0.4620
2024-09-22 22:33:39,910 - Epoch [5/1000], Val metric average : 0.4620
2024-09-22 22:33:42,898 - Saved best model with Val Loss: -0.4620
2024-09-22 22:33:53,162 - Epoch [6/1000], Train Loss: -0.3875
2024-09-22 22:33:53,162 - Epoch [6/1000], Train metric average : 0.3875
2024-09-22 22:33:53,162 - Epoch [6/1000], Val Loss: -0.4255
2024-09-22 22:33:53,162 - Epoch [6/1000], Val metric average : 0.4255
2024-09-22 22:34:03,447 - Epoch [7/1000], Train Loss: -0.4115
2024-09-22 22:34:03,447 - Epoch [7/1000], Train metric average : 0.4115
2024-09-22 22:34:03,447 - Epoch [7/1000], Val Loss: -0.5314
2024-09-22 22:34:03,447 - Epoch [7/1000], Val metric average : 0.5314
2024-09-22 22:34:06,476 - Saved best model with Val Loss: -0.5314
2024-09-22 22:34:16,808 - Epoch [8/1000], Train Loss: -0.3582
2024-09-22 22:34:16,808 - Epoch [8/1000], Train metric average : 0.3582
2024-09-22 22:34:16,808 - Epoch [8/1000], Val Loss: -0.3945
2024-09-22 22:34:16,808 - Epoch [8/1000], Val metric average : 0.3945
2024-09-22 22:34:27,067 - Epoch [9/1000], Train Loss: -0.3907
2024-09-22 22:34:27,068 - Epoch [9/1000], Train metric average : 0.3907
2024-09-22 22:34:27,068 - Epoch [9/1000], Val Loss: -0.4909
2024-09-22 22:34:27,068 - Epoch [9/1000], Val metric average : 0.4909
2024-09-22 22:34:37,412 - Epoch [10/1000], Train Loss: -0.3914
2024-09-22 22:34:37,412 - Epoch [10/1000], Train metric average : 0.3914
2024-09-22 22:34:37,412 - Epoch [10/1000], Val Loss: -0.4078
2024-09-22 22:34:37,412 - Epoch [10/1000], Val metric average : 0.4078
2024-09-22 22:34:47,634 - Epoch [11/1000], Train Loss: -0.3776
2024-09-22 22:34:47,635 - Epoch [11/1000], Train metric average : 0.3776
2024-09-22 22:34:47,635 - Epoch [11/1000], Val Loss: -0.4232
2024-09-22 22:34:47,635 - Epoch [11/1000], Val metric average : 0.4232
2024-09-22 22:34:57,975 - Epoch [12/1000], Train Loss: -0.4309
2024-09-22 22:34:57,975 - Epoch [12/1000], Train metric average : 0.4309
2024-09-22 22:34:57,975 - Epoch [12/1000], Val Loss: -0.4611
2024-09-22 22:34:57,975 - Epoch [12/1000], Val metric average : 0.4611
2024-09-22 22:35:08,157 - Epoch [13/1000], Train Loss: -0.4493
2024-09-22 22:35:08,157 - Epoch [13/1000], Train metric average : 0.4493
2024-09-22 22:35:08,157 - Epoch [13/1000], Val Loss: -0.4607
2024-09-22 22:35:08,157 - Epoch [13/1000], Val metric average : 0.4607
2024-09-22 22:35:18,391 - Epoch [14/1000], Train Loss: -0.4679
2024-09-22 22:35:18,392 - Epoch [14/1000], Train metric average : 0.4679
2024-09-22 22:35:18,392 - Epoch [14/1000], Val Loss: -0.4441
2024-09-22 22:35:18,392 - Epoch [14/1000], Val metric average : 0.4441
2024-09-22 22:35:28,604 - Epoch [15/1000], Train Loss: -0.4344
2024-09-22 22:35:28,605 - Epoch [15/1000], Train metric average : 0.4344
2024-09-22 22:35:28,605 - Epoch [15/1000], Val Loss: -0.3610
2024-09-22 22:35:28,605 - Epoch [15/1000], Val metric average : 0.3610
2024-09-22 22:35:38,989 - Epoch [16/1000], Train Loss: -0.4434
2024-09-22 22:35:38,990 - Epoch [16/1000], Train metric average : 0.4434
2024-09-22 22:35:38,990 - Epoch [16/1000], Val Loss: -0.4613
2024-09-22 22:35:38,990 - Epoch [16/1000], Val metric average : 0.4613
2024-09-22 22:35:49,200 - Epoch [17/1000], Train Loss: -0.4788
2024-09-22 22:35:49,200 - Epoch [17/1000], Train metric average : 0.4788
2024-09-22 22:35:49,200 - Epoch [17/1000], Val Loss: -0.3217
2024-09-22 22:35:49,200 - Epoch [17/1000], Val metric average : 0.3217
2024-09-22 22:35:59,522 - Epoch [18/1000], Train Loss: -0.4547
2024-09-22 22:35:59,523 - Epoch [18/1000], Train metric average : 0.4547
2024-09-22 22:35:59,523 - Epoch [18/1000], Val Loss: -0.4861
2024-09-22 22:35:59,523 - Epoch [18/1000], Val metric average : 0.4861
2024-09-22 22:36:09,706 - Epoch [19/1000], Train Loss: -0.4618
2024-09-22 22:36:09,707 - Epoch [19/1000], Train metric average : 0.4618
2024-09-22 22:36:09,707 - Epoch [19/1000], Val Loss: -0.4148
2024-09-22 22:36:09,707 - Epoch [19/1000], Val metric average : 0.4148
2024-09-22 22:36:20,036 - Epoch [20/1000], Train Loss: -0.4479
2024-09-22 22:36:20,036 - Epoch [20/1000], Train metric average : 0.4479
2024-09-22 22:36:20,036 - Epoch [20/1000], Val Loss: -0.5099
2024-09-22 22:36:20,036 - Epoch [20/1000], Val metric average : 0.5099
2024-09-22 22:36:30,228 - Epoch [21/1000], Train Loss: -0.4582
2024-09-22 22:36:30,228 - Epoch [21/1000], Train metric average : 0.4582
2024-09-22 22:36:30,228 - Epoch [21/1000], Val Loss: -0.5117
2024-09-22 22:36:30,228 - Epoch [21/1000], Val metric average : 0.5117
2024-09-22 22:36:40,544 - Epoch [22/1000], Train Loss: -0.4729
2024-09-22 22:36:40,544 - Epoch [22/1000], Train metric average : 0.4729
2024-09-22 22:36:40,544 - Epoch [22/1000], Val Loss: -0.5086
2024-09-22 22:36:40,544 - Epoch [22/1000], Val metric average : 0.5086
2024-09-22 22:36:50,790 - Epoch [23/1000], Train Loss: -0.4660
2024-09-22 22:36:50,790 - Epoch [23/1000], Train metric average : 0.4660
2024-09-22 22:36:50,790 - Epoch [23/1000], Val Loss: -0.4834
2024-09-22 22:36:50,791 - Epoch [23/1000], Val metric average : 0.4834
2024-09-22 22:37:01,097 - Epoch [24/1000], Train Loss: -0.4821
2024-09-22 22:37:01,097 - Epoch [24/1000], Train metric average : 0.4821
2024-09-22 22:37:01,097 - Epoch [24/1000], Val Loss: -0.4808
2024-09-22 22:37:01,097 - Epoch [24/1000], Val metric average : 0.4808
2024-09-22 22:37:11,343 - Epoch [25/1000], Train Loss: -0.5032
2024-09-22 22:37:11,343 - Epoch [25/1000], Train metric average : 0.5032
2024-09-22 22:37:11,343 - Epoch [25/1000], Val Loss: -0.6092
2024-09-22 22:37:11,343 - Epoch [25/1000], Val metric average : 0.6092
2024-09-22 22:37:14,529 - Saved best model with Val Loss: -0.6092
2024-09-22 22:37:24,668 - Epoch [26/1000], Train Loss: -0.4723
2024-09-22 22:37:24,668 - Epoch [26/1000], Train metric average : 0.4723
2024-09-22 22:37:24,669 - Epoch [26/1000], Val Loss: -0.4708
2024-09-22 22:37:24,669 - Epoch [26/1000], Val metric average : 0.4708
2024-09-22 22:37:34,946 - Epoch [27/1000], Train Loss: -0.4683
2024-09-22 22:37:34,946 - Epoch [27/1000], Train metric average : 0.4683
2024-09-22 22:37:34,946 - Epoch [27/1000], Val Loss: -0.4329
2024-09-22 22:37:34,946 - Epoch [27/1000], Val metric average : 0.4329
2024-09-22 22:37:45,121 - Epoch [28/1000], Train Loss: -0.4634
2024-09-22 22:37:45,121 - Epoch [28/1000], Train metric average : 0.4634
2024-09-22 22:37:45,121 - Epoch [28/1000], Val Loss: -0.5028
2024-09-22 22:37:45,121 - Epoch [28/1000], Val metric average : 0.5028
2024-09-22 22:37:55,406 - Epoch [29/1000], Train Loss: -0.5090
2024-09-22 22:37:55,406 - Epoch [29/1000], Train metric average : 0.5090
2024-09-22 22:37:55,406 - Epoch [29/1000], Val Loss: -0.5370
2024-09-22 22:37:55,406 - Epoch [29/1000], Val metric average : 0.5370
2024-09-22 22:38:05,776 - Epoch [30/1000], Train Loss: -0.5033
2024-09-22 22:38:05,777 - Epoch [30/1000], Train metric average : 0.5033
2024-09-22 22:38:05,777 - Epoch [30/1000], Val Loss: -0.4057
2024-09-22 22:38:05,777 - Epoch [30/1000], Val metric average : 0.4057
2024-09-22 22:38:15,978 - Epoch [31/1000], Train Loss: -0.4965
2024-09-22 22:38:15,978 - Epoch [31/1000], Train metric average : 0.4965
2024-09-22 22:38:15,978 - Epoch [31/1000], Val Loss: -0.4847
2024-09-22 22:38:15,978 - Epoch [31/1000], Val metric average : 0.4847
2024-09-22 22:38:26,209 - Epoch [32/1000], Train Loss: -0.4952
2024-09-22 22:38:26,209 - Epoch [32/1000], Train metric average : 0.4952
2024-09-22 22:38:26,209 - Epoch [32/1000], Val Loss: -0.5732
2024-09-22 22:38:26,209 - Epoch [32/1000], Val metric average : 0.5732
2024-09-22 22:38:36,572 - Epoch [33/1000], Train Loss: -0.5303
2024-09-22 22:38:36,572 - Epoch [33/1000], Train metric average : 0.5303
2024-09-22 22:38:36,572 - Epoch [33/1000], Val Loss: -0.4906
2024-09-22 22:38:36,572 - Epoch [33/1000], Val metric average : 0.4906
2024-09-22 22:38:46,796 - Epoch [34/1000], Train Loss: -0.5440
2024-09-22 22:38:46,796 - Epoch [34/1000], Train metric average : 0.5440
2024-09-22 22:38:46,796 - Epoch [34/1000], Val Loss: -0.5137
2024-09-22 22:38:46,796 - Epoch [34/1000], Val metric average : 0.5137
2024-09-22 22:38:57,169 - Epoch [35/1000], Train Loss: -0.5278
2024-09-22 22:38:57,169 - Epoch [35/1000], Train metric average : 0.5278
2024-09-22 22:38:57,169 - Epoch [35/1000], Val Loss: -0.5545
2024-09-22 22:38:57,169 - Epoch [35/1000], Val metric average : 0.5545
2024-09-22 22:39:07,396 - Epoch [36/1000], Train Loss: -0.5077
2024-09-22 22:39:07,396 - Epoch [36/1000], Train metric average : 0.5077
2024-09-22 22:39:07,396 - Epoch [36/1000], Val Loss: -0.4089
2024-09-22 22:39:07,396 - Epoch [36/1000], Val metric average : 0.4089
2024-09-22 22:39:17,742 - Epoch [37/1000], Train Loss: -0.4794
2024-09-22 22:39:17,742 - Epoch [37/1000], Train metric average : 0.4794
2024-09-22 22:39:17,742 - Epoch [37/1000], Val Loss: -0.5321
2024-09-22 22:39:17,742 - Epoch [37/1000], Val metric average : 0.5321
2024-09-22 22:39:27,970 - Epoch [38/1000], Train Loss: -0.5245
2024-09-22 22:39:27,970 - Epoch [38/1000], Train metric average : 0.5245
2024-09-22 22:39:27,970 - Epoch [38/1000], Val Loss: -0.5494
2024-09-22 22:39:27,970 - Epoch [38/1000], Val metric average : 0.5494
2024-09-22 22:39:38,250 - Epoch [39/1000], Train Loss: -0.5349
2024-09-22 22:39:38,251 - Epoch [39/1000], Train metric average : 0.5349
2024-09-22 22:39:38,251 - Epoch [39/1000], Val Loss: -0.5735
2024-09-22 22:39:38,251 - Epoch [39/1000], Val metric average : 0.5735
2024-09-22 22:39:48,420 - Epoch [40/1000], Train Loss: -0.5383
2024-09-22 22:39:48,420 - Epoch [40/1000], Train metric average : 0.5383
2024-09-22 22:39:48,420 - Epoch [40/1000], Val Loss: -0.5850
2024-09-22 22:39:48,420 - Epoch [40/1000], Val metric average : 0.5850
2024-09-22 22:39:58,746 - Epoch [41/1000], Train Loss: -0.5203
2024-09-22 22:39:58,746 - Epoch [41/1000], Train metric average : 0.5203
2024-09-22 22:39:58,747 - Epoch [41/1000], Val Loss: -0.4131
2024-09-22 22:39:58,747 - Epoch [41/1000], Val metric average : 0.4131
2024-09-22 22:40:09,018 - Epoch [42/1000], Train Loss: -0.4932
2024-09-22 22:40:09,018 - Epoch [42/1000], Train metric average : 0.4932
2024-09-22 22:40:09,018 - Epoch [42/1000], Val Loss: -0.4636
2024-09-22 22:40:09,018 - Epoch [42/1000], Val metric average : 0.4636
2024-09-22 22:40:19,294 - Epoch [43/1000], Train Loss: -0.4680
2024-09-22 22:40:19,295 - Epoch [43/1000], Train metric average : 0.4680
2024-09-22 22:40:19,295 - Epoch [43/1000], Val Loss: -0.4730
2024-09-22 22:40:19,295 - Epoch [43/1000], Val metric average : 0.4730
2024-09-22 22:40:29,405 - Epoch [44/1000], Train Loss: -0.5022
2024-09-22 22:40:29,405 - Epoch [44/1000], Train metric average : 0.5022
2024-09-22 22:40:29,405 - Epoch [44/1000], Val Loss: -0.5067
2024-09-22 22:40:29,405 - Epoch [44/1000], Val metric average : 0.5067
2024-09-22 22:40:39,751 - Epoch [45/1000], Train Loss: -0.5366
2024-09-22 22:40:39,752 - Epoch [45/1000], Train metric average : 0.5366
2024-09-22 22:40:39,752 - Epoch [45/1000], Val Loss: -0.5158
2024-09-22 22:40:39,752 - Epoch [45/1000], Val metric average : 0.5158
2024-09-22 22:40:49,937 - Epoch [46/1000], Train Loss: -0.5409
2024-09-22 22:40:49,938 - Epoch [46/1000], Train metric average : 0.5409
2024-09-22 22:40:49,938 - Epoch [46/1000], Val Loss: -0.4971
2024-09-22 22:40:49,938 - Epoch [46/1000], Val metric average : 0.4971
2024-09-22 22:41:00,281 - Epoch [47/1000], Train Loss: -0.5312
2024-09-22 22:41:00,281 - Epoch [47/1000], Train metric average : 0.5312
2024-09-22 22:41:00,281 - Epoch [47/1000], Val Loss: -0.6235
2024-09-22 22:41:00,281 - Epoch [47/1000], Val metric average : 0.6235
2024-09-22 22:41:03,586 - Saved best model with Val Loss: -0.6235
2024-09-22 22:41:13,773 - Epoch [48/1000], Train Loss: -0.5435
2024-09-22 22:41:13,773 - Epoch [48/1000], Train metric average : 0.5435
2024-09-22 22:41:13,773 - Epoch [48/1000], Val Loss: -0.5654
2024-09-22 22:41:13,773 - Epoch [48/1000], Val metric average : 0.5654
2024-09-22 22:41:24,107 - Epoch [49/1000], Train Loss: -0.5473
2024-09-22 22:41:24,108 - Epoch [49/1000], Train metric average : 0.5473
2024-09-22 22:41:24,108 - Epoch [49/1000], Val Loss: -0.5191
2024-09-22 22:41:24,108 - Epoch [49/1000], Val metric average : 0.5191
2024-09-22 22:41:34,372 - Epoch [50/1000], Train Loss: -0.5546
2024-09-22 22:41:34,373 - Epoch [50/1000], Train metric average : 0.5546
2024-09-22 22:41:34,373 - Epoch [50/1000], Val Loss: -0.5170
2024-09-22 22:41:34,373 - Epoch [50/1000], Val metric average : 0.5170
2024-09-22 22:41:44,650 - Epoch [51/1000], Train Loss: -0.5584
2024-09-22 22:41:44,650 - Epoch [51/1000], Train metric average : 0.5584
2024-09-22 22:41:44,650 - Epoch [51/1000], Val Loss: -0.5184
2024-09-22 22:41:44,650 - Epoch [51/1000], Val metric average : 0.5184
2024-09-22 22:41:55,067 - Epoch [52/1000], Train Loss: -0.5560
2024-09-22 22:41:55,067 - Epoch [52/1000], Train metric average : 0.5560
2024-09-22 22:41:55,068 - Epoch [52/1000], Val Loss: -0.5728
2024-09-22 22:41:55,068 - Epoch [52/1000], Val metric average : 0.5728
2024-09-22 22:42:05,336 - Epoch [53/1000], Train Loss: -0.5591
2024-09-22 22:42:05,336 - Epoch [53/1000], Train metric average : 0.5591
2024-09-22 22:42:05,336 - Epoch [53/1000], Val Loss: -0.5392
2024-09-22 22:42:05,336 - Epoch [53/1000], Val metric average : 0.5392
2024-09-22 22:42:15,582 - Epoch [54/1000], Train Loss: -0.5492
2024-09-22 22:42:15,582 - Epoch [54/1000], Train metric average : 0.5492
2024-09-22 22:42:15,582 - Epoch [54/1000], Val Loss: -0.5233
2024-09-22 22:42:15,582 - Epoch [54/1000], Val metric average : 0.5233
2024-09-22 22:42:25,922 - Epoch [55/1000], Train Loss: -0.5596
2024-09-22 22:42:25,923 - Epoch [55/1000], Train metric average : 0.5596
2024-09-22 22:42:25,923 - Epoch [55/1000], Val Loss: -0.5887
2024-09-22 22:42:25,923 - Epoch [55/1000], Val metric average : 0.5887
2024-09-22 22:42:36,076 - Epoch [56/1000], Train Loss: -0.5616
2024-09-22 22:42:36,077 - Epoch [56/1000], Train metric average : 0.5616
2024-09-22 22:42:36,077 - Epoch [56/1000], Val Loss: -0.5462
2024-09-22 22:42:36,077 - Epoch [56/1000], Val metric average : 0.5462
2024-09-22 22:42:46,333 - Epoch [57/1000], Train Loss: -0.5701
2024-09-22 22:42:46,333 - Epoch [57/1000], Train metric average : 0.5701
2024-09-22 22:42:46,333 - Epoch [57/1000], Val Loss: -0.4864
2024-09-22 22:42:46,333 - Epoch [57/1000], Val metric average : 0.4864
2024-09-22 22:42:56,704 - Epoch [58/1000], Train Loss: -0.5648
2024-09-22 22:42:56,705 - Epoch [58/1000], Train metric average : 0.5648
2024-09-22 22:42:56,706 - Epoch [58/1000], Val Loss: -0.5920
2024-09-22 22:42:56,706 - Epoch [58/1000], Val metric average : 0.5920
2024-09-22 22:43:06,904 - Epoch [59/1000], Train Loss: -0.5774
2024-09-22 22:43:06,904 - Epoch [59/1000], Train metric average : 0.5774
2024-09-22 22:43:06,906 - Epoch [59/1000], Val Loss: -0.5730
2024-09-22 22:43:06,906 - Epoch [59/1000], Val metric average : 0.5730
2024-09-22 22:43:17,291 - Epoch [60/1000], Train Loss: -0.5800
2024-09-22 22:43:17,291 - Epoch [60/1000], Train metric average : 0.5800
2024-09-22 22:43:17,291 - Epoch [60/1000], Val Loss: -0.5834
2024-09-22 22:43:17,291 - Epoch [60/1000], Val metric average : 0.5834
2024-09-22 22:43:27,507 - Epoch [61/1000], Train Loss: -0.5891
2024-09-22 22:43:27,507 - Epoch [61/1000], Train metric average : 0.5891
2024-09-22 22:43:27,507 - Epoch [61/1000], Val Loss: -0.6248
2024-09-22 22:43:27,507 - Epoch [61/1000], Val metric average : 0.6248
2024-09-22 22:43:30,574 - Saved best model with Val Loss: -0.6248
2024-09-22 22:43:40,901 - Epoch [62/1000], Train Loss: -0.5829
2024-09-22 22:43:40,901 - Epoch [62/1000], Train metric average : 0.5829
2024-09-22 22:43:40,901 - Epoch [62/1000], Val Loss: -0.5389
2024-09-22 22:43:40,901 - Epoch [62/1000], Val metric average : 0.5389
2024-09-22 22:43:51,077 - Epoch [63/1000], Train Loss: -0.5803
2024-09-22 22:43:51,077 - Epoch [63/1000], Train metric average : 0.5803
2024-09-22 22:43:51,077 - Epoch [63/1000], Val Loss: -0.4927
2024-09-22 22:43:51,077 - Epoch [63/1000], Val metric average : 0.4927
2024-09-22 22:44:01,312 - Epoch [64/1000], Train Loss: -0.5661
2024-09-22 22:44:01,312 - Epoch [64/1000], Train metric average : 0.5661
2024-09-22 22:44:01,312 - Epoch [64/1000], Val Loss: -0.6055
2024-09-22 22:44:01,312 - Epoch [64/1000], Val metric average : 0.6055
2024-09-22 22:44:11,618 - Epoch [65/1000], Train Loss: -0.5992
2024-09-22 22:44:11,618 - Epoch [65/1000], Train metric average : 0.5992
2024-09-22 22:44:11,618 - Epoch [65/1000], Val Loss: -0.6171
2024-09-22 22:44:11,618 - Epoch [65/1000], Val metric average : 0.6171
2024-09-22 22:44:21,865 - Epoch [66/1000], Train Loss: -0.5975
2024-09-22 22:44:21,865 - Epoch [66/1000], Train metric average : 0.5975
2024-09-22 22:44:21,865 - Epoch [66/1000], Val Loss: -0.5673
2024-09-22 22:44:21,865 - Epoch [66/1000], Val metric average : 0.5673
2024-09-22 22:44:32,184 - Epoch [67/1000], Train Loss: -0.5936
2024-09-22 22:44:32,184 - Epoch [67/1000], Train metric average : 0.5936
2024-09-22 22:44:32,184 - Epoch [67/1000], Val Loss: -0.5174
2024-09-22 22:44:32,184 - Epoch [67/1000], Val metric average : 0.5174
2024-09-22 22:44:42,409 - Epoch [68/1000], Train Loss: -0.6084
2024-09-22 22:44:42,409 - Epoch [68/1000], Train metric average : 0.6084
2024-09-22 22:44:42,409 - Epoch [68/1000], Val Loss: -0.5325
2024-09-22 22:44:42,410 - Epoch [68/1000], Val metric average : 0.5325
2024-09-22 22:44:52,715 - Epoch [69/1000], Train Loss: -0.6094
2024-09-22 22:44:52,715 - Epoch [69/1000], Train metric average : 0.6094
2024-09-22 22:44:52,716 - Epoch [69/1000], Val Loss: -0.5860
2024-09-22 22:44:52,716 - Epoch [69/1000], Val metric average : 0.5860
2024-09-22 22:45:03,027 - Epoch [70/1000], Train Loss: -0.6201
2024-09-22 22:45:03,027 - Epoch [70/1000], Train metric average : 0.6201
2024-09-22 22:45:03,027 - Epoch [70/1000], Val Loss: -0.6203
2024-09-22 22:45:03,027 - Epoch [70/1000], Val metric average : 0.6203
2024-09-22 22:45:13,363 - Epoch [71/1000], Train Loss: -0.6034
2024-09-22 22:45:13,364 - Epoch [71/1000], Train metric average : 0.6034
2024-09-22 22:45:13,364 - Epoch [71/1000], Val Loss: -0.5026
2024-09-22 22:45:13,364 - Epoch [71/1000], Val metric average : 0.5026
2024-09-22 22:45:23,584 - Epoch [72/1000], Train Loss: -0.6150
2024-09-22 22:45:23,585 - Epoch [72/1000], Train metric average : 0.6150
2024-09-22 22:45:23,585 - Epoch [72/1000], Val Loss: -0.5423
2024-09-22 22:45:23,585 - Epoch [72/1000], Val metric average : 0.5423
2024-09-22 22:45:33,843 - Epoch [73/1000], Train Loss: -0.6215
2024-09-22 22:45:33,844 - Epoch [73/1000], Train metric average : 0.6215
2024-09-22 22:45:33,844 - Epoch [73/1000], Val Loss: -0.5943
2024-09-22 22:45:33,844 - Epoch [73/1000], Val metric average : 0.5943
2024-09-22 22:45:43,983 - Epoch [74/1000], Train Loss: -0.6177
2024-09-22 22:45:43,984 - Epoch [74/1000], Train metric average : 0.6177
2024-09-22 22:45:43,984 - Epoch [74/1000], Val Loss: -0.5901
2024-09-22 22:45:43,984 - Epoch [74/1000], Val metric average : 0.5901
2024-09-22 22:45:54,191 - Epoch [75/1000], Train Loss: -0.6258
2024-09-22 22:45:54,191 - Epoch [75/1000], Train metric average : 0.6258
2024-09-22 22:45:54,191 - Epoch [75/1000], Val Loss: -0.5985
2024-09-22 22:45:54,191 - Epoch [75/1000], Val metric average : 0.5985
2024-09-22 22:46:04,379 - Epoch [76/1000], Train Loss: -0.6307
2024-09-22 22:46:04,379 - Epoch [76/1000], Train metric average : 0.6307
2024-09-22 22:46:04,379 - Epoch [76/1000], Val Loss: -0.6246
2024-09-22 22:46:04,379 - Epoch [76/1000], Val metric average : 0.6246
2024-09-22 22:46:14,657 - Epoch [77/1000], Train Loss: -0.6328
2024-09-22 22:46:14,657 - Epoch [77/1000], Train metric average : 0.6328
2024-09-22 22:46:14,657 - Epoch [77/1000], Val Loss: -0.5965
2024-09-22 22:46:14,657 - Epoch [77/1000], Val metric average : 0.5965
2024-09-22 22:46:25,008 - Epoch [78/1000], Train Loss: -0.6290
2024-09-22 22:46:25,009 - Epoch [78/1000], Train metric average : 0.6290
2024-09-22 22:46:25,009 - Epoch [78/1000], Val Loss: -0.5403
2024-09-22 22:46:25,009 - Epoch [78/1000], Val metric average : 0.5403
2024-09-22 22:46:35,235 - Epoch [79/1000], Train Loss: -0.6258
2024-09-22 22:46:35,236 - Epoch [79/1000], Train metric average : 0.6258
2024-09-22 22:46:35,236 - Epoch [79/1000], Val Loss: -0.5534
2024-09-22 22:46:35,236 - Epoch [79/1000], Val metric average : 0.5534
2024-09-22 22:46:45,371 - Epoch [80/1000], Train Loss: -0.6340
2024-09-22 22:46:45,371 - Epoch [80/1000], Train metric average : 0.6340
2024-09-22 22:46:45,372 - Epoch [80/1000], Val Loss: -0.5683
2024-09-22 22:46:45,372 - Epoch [80/1000], Val metric average : 0.5683
2024-09-22 22:46:55,713 - Epoch [81/1000], Train Loss: -0.6487
2024-09-22 22:46:55,713 - Epoch [81/1000], Train metric average : 0.6487
2024-09-22 22:46:55,713 - Epoch [81/1000], Val Loss: -0.5668
2024-09-22 22:46:55,713 - Epoch [81/1000], Val metric average : 0.5668
2024-09-22 22:47:05,935 - Epoch [82/1000], Train Loss: -0.6497
2024-09-22 22:47:05,935 - Epoch [82/1000], Train metric average : 0.6497
2024-09-22 22:47:05,935 - Epoch [82/1000], Val Loss: -0.5667
2024-09-22 22:47:05,935 - Epoch [82/1000], Val metric average : 0.5667
2024-09-22 22:47:16,296 - Epoch [83/1000], Train Loss: -0.6490
2024-09-22 22:47:16,296 - Epoch [83/1000], Train metric average : 0.6490
2024-09-22 22:47:16,297 - Epoch [83/1000], Val Loss: -0.6111
2024-09-22 22:47:16,297 - Epoch [83/1000], Val metric average : 0.6111
2024-09-22 22:47:26,422 - Epoch [84/1000], Train Loss: -0.6540
2024-09-22 22:47:26,422 - Epoch [84/1000], Train metric average : 0.6540
2024-09-22 22:47:26,422 - Epoch [84/1000], Val Loss: -0.5880
2024-09-22 22:47:26,422 - Epoch [84/1000], Val metric average : 0.5880
2024-09-22 22:47:36,711 - Epoch [85/1000], Train Loss: -0.6490
2024-09-22 22:47:36,712 - Epoch [85/1000], Train metric average : 0.6490
2024-09-22 22:47:36,712 - Epoch [85/1000], Val Loss: -0.5887
2024-09-22 22:47:36,712 - Epoch [85/1000], Val metric average : 0.5887
2024-09-22 22:47:46,895 - Epoch [86/1000], Train Loss: -0.6591
2024-09-22 22:47:46,896 - Epoch [86/1000], Train metric average : 0.6591
2024-09-22 22:47:46,896 - Epoch [86/1000], Val Loss: -0.5653
2024-09-22 22:47:46,896 - Epoch [86/1000], Val metric average : 0.5653
2024-09-22 22:47:57,185 - Epoch [87/1000], Train Loss: -0.6597
2024-09-22 22:47:57,186 - Epoch [87/1000], Train metric average : 0.6597
2024-09-22 22:47:57,186 - Epoch [87/1000], Val Loss: -0.6038
2024-09-22 22:47:57,186 - Epoch [87/1000], Val metric average : 0.6038
2024-09-22 22:48:07,394 - Epoch [88/1000], Train Loss: -0.6639
2024-09-22 22:48:07,394 - Epoch [88/1000], Train metric average : 0.6639
2024-09-22 22:48:07,394 - Epoch [88/1000], Val Loss: -0.6404
2024-09-22 22:48:07,394 - Epoch [88/1000], Val metric average : 0.6404
2024-09-22 22:48:10,344 - Saved best model with Val Loss: -0.6404
2024-09-22 22:48:20,536 - Epoch [89/1000], Train Loss: -0.6677
2024-09-22 22:48:20,536 - Epoch [89/1000], Train metric average : 0.6677
2024-09-22 22:48:20,536 - Epoch [89/1000], Val Loss: -0.5764
2024-09-22 22:48:20,536 - Epoch [89/1000], Val metric average : 0.5764
2024-09-22 22:48:30,771 - Epoch [90/1000], Train Loss: -0.6653
2024-09-22 22:48:30,772 - Epoch [90/1000], Train metric average : 0.6653
2024-09-22 22:48:30,772 - Epoch [90/1000], Val Loss: -0.6455
2024-09-22 22:48:30,772 - Epoch [90/1000], Val metric average : 0.6455
2024-09-22 22:48:33,921 - Saved best model with Val Loss: -0.6455
2024-09-22 22:48:44,344 - Epoch [91/1000], Train Loss: -0.6770
2024-09-22 22:48:44,345 - Epoch [91/1000], Train metric average : 0.6770
2024-09-22 22:48:44,345 - Epoch [91/1000], Val Loss: -0.6232
2024-09-22 22:48:44,345 - Epoch [91/1000], Val metric average : 0.6232
2024-09-22 22:48:54,598 - Epoch [92/1000], Train Loss: -0.6760
2024-09-22 22:48:54,599 - Epoch [92/1000], Train metric average : 0.6760
2024-09-22 22:48:54,599 - Epoch [92/1000], Val Loss: -0.6492
2024-09-22 22:48:54,599 - Epoch [92/1000], Val metric average : 0.6492
2024-09-22 22:48:57,643 - Saved best model with Val Loss: -0.6492
2024-09-22 22:49:07,878 - Epoch [93/1000], Train Loss: -0.6776
2024-09-22 22:49:07,878 - Epoch [93/1000], Train metric average : 0.6776
2024-09-22 22:49:07,879 - Epoch [93/1000], Val Loss: -0.6130
2024-09-22 22:49:07,879 - Epoch [93/1000], Val metric average : 0.6130
2024-09-22 22:49:18,088 - Epoch [94/1000], Train Loss: -0.6802
2024-09-22 22:49:18,088 - Epoch [94/1000], Train metric average : 0.6802
2024-09-22 22:49:18,088 - Epoch [94/1000], Val Loss: -0.6087
2024-09-22 22:49:18,088 - Epoch [94/1000], Val metric average : 0.6087
2024-09-22 22:49:28,409 - Epoch [95/1000], Train Loss: -0.6843
2024-09-22 22:49:28,410 - Epoch [95/1000], Train metric average : 0.6843
2024-09-22 22:49:28,410 - Epoch [95/1000], Val Loss: -0.6397
2024-09-22 22:49:28,410 - Epoch [95/1000], Val metric average : 0.6397
2024-09-22 22:49:38,775 - Epoch [96/1000], Train Loss: -0.6718
2024-09-22 22:49:38,775 - Epoch [96/1000], Train metric average : 0.6718
2024-09-22 22:49:38,775 - Epoch [96/1000], Val Loss: -0.6187
2024-09-22 22:49:38,775 - Epoch [96/1000], Val metric average : 0.6187
2024-09-22 22:49:49,067 - Epoch [97/1000], Train Loss: -0.6820
2024-09-22 22:49:49,067 - Epoch [97/1000], Train metric average : 0.6820
2024-09-22 22:49:49,068 - Epoch [97/1000], Val Loss: -0.6500
2024-09-22 22:49:49,068 - Epoch [97/1000], Val metric average : 0.6500
2024-09-22 22:49:52,211 - Saved best model with Val Loss: -0.6500
2024-09-22 22:50:02,371 - Epoch [98/1000], Train Loss: -0.6833
2024-09-22 22:50:02,371 - Epoch [98/1000], Train metric average : 0.6833
2024-09-22 22:50:02,371 - Epoch [98/1000], Val Loss: -0.6482
2024-09-22 22:50:02,371 - Epoch [98/1000], Val metric average : 0.6482
2024-09-22 22:50:12,702 - Epoch [99/1000], Train Loss: -0.6892
2024-09-22 22:50:12,703 - Epoch [99/1000], Train metric average : 0.6892
2024-09-22 22:50:12,703 - Epoch [99/1000], Val Loss: -0.6240
2024-09-22 22:50:12,703 - Epoch [99/1000], Val metric average : 0.6240
2024-09-22 22:50:22,887 - Epoch [100/1000], Train Loss: -0.6842
2024-09-22 22:50:22,887 - Epoch [100/1000], Train metric average : 0.6842
2024-09-22 22:50:22,887 - Epoch [100/1000], Val Loss: -0.6390
2024-09-22 22:50:22,887 - Epoch [100/1000], Val metric average : 0.6390
2024-09-22 22:50:33,171 - Epoch [101/1000], Train Loss: -0.6796
2024-09-22 22:50:33,171 - Epoch [101/1000], Train metric average : 0.6796
2024-09-22 22:50:33,171 - Epoch [101/1000], Val Loss: -0.6223
2024-09-22 22:50:33,171 - Epoch [101/1000], Val metric average : 0.6223
2024-09-22 22:50:43,732 - Epoch [102/1000], Train Loss: -0.6819
2024-09-22 22:50:43,732 - Epoch [102/1000], Train metric average : 0.6819
2024-09-22 22:50:43,732 - Epoch [102/1000], Val Loss: -0.6460
2024-09-22 22:50:43,732 - Epoch [102/1000], Val metric average : 0.6460
2024-09-22 22:50:53,920 - Epoch [103/1000], Train Loss: -0.6869
2024-09-22 22:50:53,920 - Epoch [103/1000], Train metric average : 0.6869
2024-09-22 22:50:53,921 - Epoch [103/1000], Val Loss: -0.6458
2024-09-22 22:50:53,921 - Epoch [103/1000], Val metric average : 0.6458
2024-09-22 22:51:04,231 - Epoch [104/1000], Train Loss: -0.6858
2024-09-22 22:51:04,231 - Epoch [104/1000], Train metric average : 0.6858
2024-09-22 22:51:04,231 - Epoch [104/1000], Val Loss: -0.6427
2024-09-22 22:51:04,231 - Epoch [104/1000], Val metric average : 0.6427
2024-09-22 22:51:14,471 - Epoch [105/1000], Train Loss: -0.6836
2024-09-22 22:51:14,471 - Epoch [105/1000], Train metric average : 0.6836
2024-09-22 22:51:14,472 - Epoch [105/1000], Val Loss: -0.6209
2024-09-22 22:51:14,472 - Epoch [105/1000], Val metric average : 0.6209
2024-09-22 22:51:24,816 - Epoch [106/1000], Train Loss: -0.6890
2024-09-22 22:51:24,816 - Epoch [106/1000], Train metric average : 0.6890
2024-09-22 22:51:24,816 - Epoch [106/1000], Val Loss: -0.6668
2024-09-22 22:51:24,816 - Epoch [106/1000], Val metric average : 0.6668
2024-09-22 22:51:27,962 - Saved best model with Val Loss: -0.6668
2024-09-22 22:51:38,282 - Epoch [107/1000], Train Loss: -0.6791
2024-09-22 22:51:38,282 - Epoch [107/1000], Train metric average : 0.6791
2024-09-22 22:51:38,282 - Epoch [107/1000], Val Loss: -0.6238
2024-09-22 22:51:38,282 - Epoch [107/1000], Val metric average : 0.6238
2024-09-22 22:51:48,553 - Epoch [108/1000], Train Loss: -0.6793
2024-09-22 22:51:48,554 - Epoch [108/1000], Train metric average : 0.6793
2024-09-22 22:51:48,554 - Epoch [108/1000], Val Loss: -0.6432
2024-09-22 22:51:48,554 - Epoch [108/1000], Val metric average : 0.6432
2024-09-22 22:51:58,881 - Epoch [109/1000], Train Loss: -0.6838
2024-09-22 22:51:58,881 - Epoch [109/1000], Train metric average : 0.6838
2024-09-22 22:51:58,881 - Epoch [109/1000], Val Loss: -0.6257
2024-09-22 22:51:58,881 - Epoch [109/1000], Val metric average : 0.6257
2024-09-22 22:52:09,126 - Epoch [110/1000], Train Loss: -0.6837
2024-09-22 22:52:09,126 - Epoch [110/1000], Train metric average : 0.6837
2024-09-22 22:52:09,126 - Epoch [110/1000], Val Loss: -0.5682
2024-09-22 22:52:09,126 - Epoch [110/1000], Val metric average : 0.5682
2024-09-22 22:52:19,470 - Epoch [111/1000], Train Loss: -0.6787
2024-09-22 22:52:19,471 - Epoch [111/1000], Train metric average : 0.6787
2024-09-22 22:52:19,471 - Epoch [111/1000], Val Loss: -0.6205
2024-09-22 22:52:19,471 - Epoch [111/1000], Val metric average : 0.6205
2024-09-22 22:52:29,698 - Epoch [112/1000], Train Loss: -0.6835
2024-09-22 22:52:29,698 - Epoch [112/1000], Train metric average : 0.6835
2024-09-22 22:52:29,698 - Epoch [112/1000], Val Loss: -0.6191
2024-09-22 22:52:29,698 - Epoch [112/1000], Val metric average : 0.6191
2024-09-22 22:52:40,035 - Epoch [113/1000], Train Loss: -0.6820
2024-09-22 22:52:40,036 - Epoch [113/1000], Train metric average : 0.6820
2024-09-22 22:52:40,036 - Epoch [113/1000], Val Loss: -0.6385
2024-09-22 22:52:40,036 - Epoch [113/1000], Val metric average : 0.6385
2024-09-22 22:52:50,267 - Epoch [114/1000], Train Loss: -0.6740
2024-09-22 22:52:50,267 - Epoch [114/1000], Train metric average : 0.6740
2024-09-22 22:52:50,267 - Epoch [114/1000], Val Loss: -0.6353
2024-09-22 22:52:50,267 - Epoch [114/1000], Val metric average : 0.6353
2024-09-22 22:53:00,526 - Epoch [115/1000], Train Loss: -0.6797
2024-09-22 22:53:00,527 - Epoch [115/1000], Train metric average : 0.6797
2024-09-22 22:53:00,527 - Epoch [115/1000], Val Loss: -0.6273
2024-09-22 22:53:00,527 - Epoch [115/1000], Val metric average : 0.6273
2024-09-22 22:53:10,739 - Epoch [116/1000], Train Loss: -0.6761
2024-09-22 22:53:10,739 - Epoch [116/1000], Train metric average : 0.6761
2024-09-22 22:53:10,739 - Epoch [116/1000], Val Loss: -0.6201
2024-09-22 22:53:10,739 - Epoch [116/1000], Val metric average : 0.6201
2024-09-22 22:53:21,115 - Epoch [117/1000], Train Loss: -0.6741
2024-09-22 22:53:21,115 - Epoch [117/1000], Train metric average : 0.6741
2024-09-22 22:53:21,115 - Epoch [117/1000], Val Loss: -0.5857
2024-09-22 22:53:21,115 - Epoch [117/1000], Val metric average : 0.5857
2024-09-22 22:53:31,335 - Epoch [118/1000], Train Loss: -0.6678
2024-09-22 22:53:31,336 - Epoch [118/1000], Train metric average : 0.6678
2024-09-22 22:53:31,336 - Epoch [118/1000], Val Loss: -0.6075
2024-09-22 22:53:31,336 - Epoch [118/1000], Val metric average : 0.6075
2024-09-22 22:53:41,627 - Epoch [119/1000], Train Loss: -0.6720
2024-09-22 22:53:41,627 - Epoch [119/1000], Train metric average : 0.6720
2024-09-22 22:53:41,627 - Epoch [119/1000], Val Loss: -0.5917
2024-09-22 22:53:41,627 - Epoch [119/1000], Val metric average : 0.5917
2024-09-22 22:53:51,804 - Epoch [120/1000], Train Loss: -0.6639
2024-09-22 22:53:51,805 - Epoch [120/1000], Train metric average : 0.6639
2024-09-22 22:53:51,805 - Epoch [120/1000], Val Loss: -0.5523
2024-09-22 22:53:51,805 - Epoch [120/1000], Val metric average : 0.5523
2024-09-22 22:54:02,076 - Epoch [121/1000], Train Loss: -0.6536
2024-09-22 22:54:02,076 - Epoch [121/1000], Train metric average : 0.6536
2024-09-22 22:54:02,076 - Epoch [121/1000], Val Loss: -0.5641
2024-09-22 22:54:02,076 - Epoch [121/1000], Val metric average : 0.5641
2024-09-22 22:54:12,364 - Epoch [122/1000], Train Loss: -0.6627
2024-09-22 22:54:12,364 - Epoch [122/1000], Train metric average : 0.6627
2024-09-22 22:54:12,364 - Epoch [122/1000], Val Loss: -0.6066
2024-09-22 22:54:12,365 - Epoch [122/1000], Val metric average : 0.6066
2024-09-22 22:54:22,662 - Epoch [123/1000], Train Loss: -0.6522
2024-09-22 22:54:22,662 - Epoch [123/1000], Train metric average : 0.6522
2024-09-22 22:54:22,662 - Epoch [123/1000], Val Loss: -0.5928
2024-09-22 22:54:22,662 - Epoch [123/1000], Val metric average : 0.5928
2024-09-22 22:54:32,891 - Epoch [124/1000], Train Loss: -0.6450
2024-09-22 22:54:32,891 - Epoch [124/1000], Train metric average : 0.6450
2024-09-22 22:54:32,891 - Epoch [124/1000], Val Loss: -0.5987
2024-09-22 22:54:32,891 - Epoch [124/1000], Val metric average : 0.5987
2024-09-22 22:54:43,182 - Epoch [125/1000], Train Loss: -0.6456
2024-09-22 22:54:43,182 - Epoch [125/1000], Train metric average : 0.6456
2024-09-22 22:54:43,183 - Epoch [125/1000], Val Loss: -0.5682
2024-09-22 22:54:43,183 - Epoch [125/1000], Val metric average : 0.5682
2024-09-22 22:54:53,312 - Epoch [126/1000], Train Loss: -0.6447
2024-09-22 22:54:53,312 - Epoch [126/1000], Train metric average : 0.6447
2024-09-22 22:54:53,312 - Epoch [126/1000], Val Loss: -0.5785
2024-09-22 22:54:53,312 - Epoch [126/1000], Val metric average : 0.5785
2024-09-22 22:55:03,645 - Epoch [127/1000], Train Loss: -0.6487
2024-09-22 22:55:03,645 - Epoch [127/1000], Train metric average : 0.6487
2024-09-22 22:55:03,646 - Epoch [127/1000], Val Loss: -0.6230
2024-09-22 22:55:03,646 - Epoch [127/1000], Val metric average : 0.6230
2024-09-22 22:55:13,900 - Epoch [128/1000], Train Loss: -0.6402
2024-09-22 22:55:13,900 - Epoch [128/1000], Train metric average : 0.6402
2024-09-22 22:55:13,901 - Epoch [128/1000], Val Loss: -0.6175
2024-09-22 22:55:13,901 - Epoch [128/1000], Val metric average : 0.6175
2024-09-22 22:55:24,227 - Epoch [129/1000], Train Loss: -0.6307
2024-09-22 22:55:24,227 - Epoch [129/1000], Train metric average : 0.6307
2024-09-22 22:55:24,228 - Epoch [129/1000], Val Loss: -0.6192
2024-09-22 22:55:24,228 - Epoch [129/1000], Val metric average : 0.6192
2024-09-22 22:55:34,415 - Epoch [130/1000], Train Loss: -0.6325
2024-09-22 22:55:34,415 - Epoch [130/1000], Train metric average : 0.6325
2024-09-22 22:55:34,415 - Epoch [130/1000], Val Loss: -0.5954
2024-09-22 22:55:34,415 - Epoch [130/1000], Val metric average : 0.5954
2024-09-22 22:55:44,687 - Epoch [131/1000], Train Loss: -0.6289
2024-09-22 22:55:44,687 - Epoch [131/1000], Train metric average : 0.6289
2024-09-22 22:55:44,687 - Epoch [131/1000], Val Loss: -0.6387
2024-09-22 22:55:44,687 - Epoch [131/1000], Val metric average : 0.6387
2024-09-22 22:55:54,921 - Epoch [132/1000], Train Loss: -0.6252
2024-09-22 22:55:54,922 - Epoch [132/1000], Train metric average : 0.6252
2024-09-22 22:55:54,922 - Epoch [132/1000], Val Loss: -0.5610
2024-09-22 22:55:54,922 - Epoch [132/1000], Val metric average : 0.5610
2024-09-22 22:56:05,256 - Epoch [133/1000], Train Loss: -0.6313
2024-09-22 22:56:05,256 - Epoch [133/1000], Train metric average : 0.6313
2024-09-22 22:56:05,256 - Epoch [133/1000], Val Loss: -0.5856
2024-09-22 22:56:05,256 - Epoch [133/1000], Val metric average : 0.5856
2024-09-22 22:56:15,444 - Epoch [134/1000], Train Loss: -0.6315
2024-09-22 22:56:15,444 - Epoch [134/1000], Train metric average : 0.6315
2024-09-22 22:56:15,444 - Epoch [134/1000], Val Loss: -0.5779
2024-09-22 22:56:15,445 - Epoch [134/1000], Val metric average : 0.5779
2024-09-22 22:56:25,756 - Epoch [135/1000], Train Loss: -0.6179
2024-09-22 22:56:25,756 - Epoch [135/1000], Train metric average : 0.6179
2024-09-22 22:56:25,756 - Epoch [135/1000], Val Loss: -0.5777
2024-09-22 22:56:25,756 - Epoch [135/1000], Val metric average : 0.5777
2024-09-22 22:56:35,971 - Epoch [136/1000], Train Loss: -0.6254
2024-09-22 22:56:35,971 - Epoch [136/1000], Train metric average : 0.6254
2024-09-22 22:56:35,972 - Epoch [136/1000], Val Loss: -0.6336
2024-09-22 22:56:35,972 - Epoch [136/1000], Val metric average : 0.6336
2024-09-22 22:56:46,329 - Epoch [137/1000], Train Loss: -0.6121
2024-09-22 22:56:46,330 - Epoch [137/1000], Train metric average : 0.6121
2024-09-22 22:56:46,331 - Epoch [137/1000], Val Loss: -0.5723
2024-09-22 22:56:46,331 - Epoch [137/1000], Val metric average : 0.5723
2024-09-22 22:56:56,560 - Epoch [138/1000], Train Loss: -0.6009
2024-09-22 22:56:56,561 - Epoch [138/1000], Train metric average : 0.6009
2024-09-22 22:56:56,561 - Epoch [138/1000], Val Loss: -0.5415
2024-09-22 22:56:56,561 - Epoch [138/1000], Val metric average : 0.5415
2024-09-22 22:57:06,912 - Epoch [139/1000], Train Loss: -0.6156
2024-09-22 22:57:06,912 - Epoch [139/1000], Train metric average : 0.6156
2024-09-22 22:57:06,912 - Epoch [139/1000], Val Loss: -0.5653
2024-09-22 22:57:06,912 - Epoch [139/1000], Val metric average : 0.5653
2024-09-22 22:57:17,143 - Epoch [140/1000], Train Loss: -0.6147
2024-09-22 22:57:17,143 - Epoch [140/1000], Train metric average : 0.6147
2024-09-22 22:57:17,143 - Epoch [140/1000], Val Loss: -0.5852
2024-09-22 22:57:17,143 - Epoch [140/1000], Val metric average : 0.5852
2024-09-22 22:57:27,532 - Epoch [141/1000], Train Loss: -0.5912
2024-09-22 22:57:27,532 - Epoch [141/1000], Train metric average : 0.5912
2024-09-22 22:57:27,532 - Epoch [141/1000], Val Loss: -0.5576
2024-09-22 22:57:27,532 - Epoch [141/1000], Val metric average : 0.5576
2024-09-22 22:57:37,721 - Epoch [142/1000], Train Loss: -0.5901
2024-09-22 22:57:37,721 - Epoch [142/1000], Train metric average : 0.5901
2024-09-22 22:57:37,721 - Epoch [142/1000], Val Loss: -0.5709
2024-09-22 22:57:37,721 - Epoch [142/1000], Val metric average : 0.5709
2024-09-22 22:57:48,019 - Epoch [143/1000], Train Loss: -0.5966
2024-09-22 22:57:48,019 - Epoch [143/1000], Train metric average : 0.5966
2024-09-22 22:57:48,020 - Epoch [143/1000], Val Loss: -0.5147
2024-09-22 22:57:48,020 - Epoch [143/1000], Val metric average : 0.5147
2024-09-22 22:57:58,210 - Epoch [144/1000], Train Loss: -0.5978
2024-09-22 22:57:58,210 - Epoch [144/1000], Train metric average : 0.5978
2024-09-22 22:57:58,210 - Epoch [144/1000], Val Loss: -0.5728
2024-09-22 22:57:58,210 - Epoch [144/1000], Val metric average : 0.5728
2024-09-22 22:58:08,519 - Epoch [145/1000], Train Loss: -0.6075
2024-09-22 22:58:08,519 - Epoch [145/1000], Train metric average : 0.6075
2024-09-22 22:58:08,520 - Epoch [145/1000], Val Loss: -0.5433
2024-09-22 22:58:08,520 - Epoch [145/1000], Val metric average : 0.5433
2024-09-22 22:58:18,679 - Epoch [146/1000], Train Loss: -0.5891
2024-09-22 22:58:18,679 - Epoch [146/1000], Train metric average : 0.5891
2024-09-22 22:58:18,679 - Epoch [146/1000], Val Loss: -0.5296
2024-09-22 22:58:18,679 - Epoch [146/1000], Val metric average : 0.5296
2024-09-22 22:58:29,020 - Epoch [147/1000], Train Loss: -0.5917
2024-09-22 22:58:29,021 - Epoch [147/1000], Train metric average : 0.5917
2024-09-22 22:58:29,021 - Epoch [147/1000], Val Loss: -0.4505
2024-09-22 22:58:29,021 - Epoch [147/1000], Val metric average : 0.4505
2024-09-22 22:58:39,212 - Epoch [148/1000], Train Loss: -0.5830
2024-09-22 22:58:39,212 - Epoch [148/1000], Train metric average : 0.5830
2024-09-22 22:58:39,212 - Epoch [148/1000], Val Loss: -0.5143
2024-09-22 22:58:39,212 - Epoch [148/1000], Val metric average : 0.5143
2024-09-22 22:58:49,583 - Epoch [149/1000], Train Loss: -0.5777
2024-09-22 22:58:49,583 - Epoch [149/1000], Train metric average : 0.5777
2024-09-22 22:58:49,583 - Epoch [149/1000], Val Loss: -0.4858
2024-09-22 22:58:49,583 - Epoch [149/1000], Val metric average : 0.4858
2024-09-22 22:58:59,794 - Epoch [150/1000], Train Loss: -0.5800
2024-09-22 22:58:59,794 - Epoch [150/1000], Train metric average : 0.5800
2024-09-22 22:58:59,795 - Epoch [150/1000], Val Loss: -0.5696
2024-09-22 22:58:59,795 - Epoch [150/1000], Val metric average : 0.5696
2024-09-22 22:59:10,168 - Epoch [151/1000], Train Loss: -0.5848
2024-09-22 22:59:10,168 - Epoch [151/1000], Train metric average : 0.5848
2024-09-22 22:59:10,168 - Epoch [151/1000], Val Loss: -0.5095
2024-09-22 22:59:10,168 - Epoch [151/1000], Val metric average : 0.5095
2024-09-22 22:59:20,552 - Epoch [152/1000], Train Loss: -0.5792
2024-09-22 22:59:20,553 - Epoch [152/1000], Train metric average : 0.5792
2024-09-22 22:59:20,553 - Epoch [152/1000], Val Loss: -0.5433
2024-09-22 22:59:20,553 - Epoch [152/1000], Val metric average : 0.5433
2024-09-22 22:59:30,909 - Epoch [153/1000], Train Loss: -0.5795
2024-09-22 22:59:30,909 - Epoch [153/1000], Train metric average : 0.5795
2024-09-22 22:59:30,909 - Epoch [153/1000], Val Loss: -0.5655
2024-09-22 22:59:30,909 - Epoch [153/1000], Val metric average : 0.5655
2024-09-22 22:59:41,232 - Epoch [154/1000], Train Loss: -0.5687
2024-09-22 22:59:41,233 - Epoch [154/1000], Train metric average : 0.5687
2024-09-22 22:59:41,233 - Epoch [154/1000], Val Loss: -0.5120
2024-09-22 22:59:41,233 - Epoch [154/1000], Val metric average : 0.5120
2024-09-22 22:59:51,606 - Epoch [155/1000], Train Loss: -0.5615
2024-09-22 22:59:51,606 - Epoch [155/1000], Train metric average : 0.5615
2024-09-22 22:59:51,606 - Epoch [155/1000], Val Loss: -0.6243
2024-09-22 22:59:51,607 - Epoch [155/1000], Val metric average : 0.6243
2024-09-22 23:00:01,860 - Epoch [156/1000], Train Loss: -0.5923
2024-09-22 23:00:01,861 - Epoch [156/1000], Train metric average : 0.5923
2024-09-22 23:00:01,861 - Epoch [156/1000], Val Loss: -0.5668
2024-09-22 23:00:01,861 - Epoch [156/1000], Val metric average : 0.5668
2024-09-22 23:00:12,201 - Epoch [157/1000], Train Loss: -0.5757
2024-09-22 23:00:12,201 - Epoch [157/1000], Train metric average : 0.5757
2024-09-22 23:00:12,201 - Epoch [157/1000], Val Loss: -0.5571
2024-09-22 23:00:12,201 - Epoch [157/1000], Val metric average : 0.5571
2024-09-22 23:00:22,445 - Epoch [158/1000], Train Loss: -0.5437
2024-09-22 23:00:22,445 - Epoch [158/1000], Train metric average : 0.5437
2024-09-22 23:00:22,445 - Epoch [158/1000], Val Loss: -0.5418
2024-09-22 23:00:22,445 - Epoch [158/1000], Val metric average : 0.5418
2024-09-22 23:00:32,774 - Epoch [159/1000], Train Loss: -0.5570
2024-09-22 23:00:32,775 - Epoch [159/1000], Train metric average : 0.5570
2024-09-22 23:00:32,775 - Epoch [159/1000], Val Loss: -0.5067
2024-09-22 23:00:32,775 - Epoch [159/1000], Val metric average : 0.5067
2024-09-22 23:00:42,943 - Epoch [160/1000], Train Loss: -0.5494
2024-09-22 23:00:42,943 - Epoch [160/1000], Train metric average : 0.5494
2024-09-22 23:00:42,943 - Epoch [160/1000], Val Loss: -0.5577
2024-09-22 23:00:42,943 - Epoch [160/1000], Val metric average : 0.5577
2024-09-22 23:00:53,255 - Epoch [161/1000], Train Loss: -0.5587
2024-09-22 23:00:53,256 - Epoch [161/1000], Train metric average : 0.5587
2024-09-22 23:00:53,256 - Epoch [161/1000], Val Loss: -0.5310
2024-09-22 23:00:53,256 - Epoch [161/1000], Val metric average : 0.5310
2024-09-22 23:01:03,404 - Epoch [162/1000], Train Loss: -0.5376
2024-09-22 23:01:03,404 - Epoch [162/1000], Train metric average : 0.5376
2024-09-22 23:01:03,404 - Epoch [162/1000], Val Loss: -0.4723
2024-09-22 23:01:03,404 - Epoch [162/1000], Val metric average : 0.4723
2024-09-22 23:01:13,677 - Epoch [163/1000], Train Loss: -0.5419
2024-09-22 23:01:13,677 - Epoch [163/1000], Train metric average : 0.5419
2024-09-22 23:01:13,677 - Epoch [163/1000], Val Loss: -0.5237
2024-09-22 23:01:13,677 - Epoch [163/1000], Val metric average : 0.5237
2024-09-22 23:01:23,794 - Epoch [164/1000], Train Loss: -0.5534
2024-09-22 23:01:23,795 - Epoch [164/1000], Train metric average : 0.5534
2024-09-22 23:01:23,795 - Epoch [164/1000], Val Loss: -0.5834
2024-09-22 23:01:23,795 - Epoch [164/1000], Val metric average : 0.5834
2024-09-22 23:01:34,077 - Epoch [165/1000], Train Loss: -0.5613
2024-09-22 23:01:34,078 - Epoch [165/1000], Train metric average : 0.5613
2024-09-22 23:01:34,078 - Epoch [165/1000], Val Loss: -0.4808
2024-09-22 23:01:34,078 - Epoch [165/1000], Val metric average : 0.4808
2024-09-22 23:01:44,374 - Epoch [166/1000], Train Loss: -0.5619
2024-09-22 23:01:44,374 - Epoch [166/1000], Train metric average : 0.5619
2024-09-22 23:01:44,374 - Epoch [166/1000], Val Loss: -0.5539
2024-09-22 23:01:44,374 - Epoch [166/1000], Val metric average : 0.5539
2024-09-22 23:01:54,545 - Epoch [167/1000], Train Loss: -0.5404
2024-09-22 23:01:54,545 - Epoch [167/1000], Train metric average : 0.5404
2024-09-22 23:01:54,545 - Epoch [167/1000], Val Loss: -0.5288
2024-09-22 23:01:54,545 - Epoch [167/1000], Val metric average : 0.5288
2024-09-22 23:02:04,858 - Epoch [168/1000], Train Loss: -0.5148
2024-09-22 23:02:04,858 - Epoch [168/1000], Train metric average : 0.5148
2024-09-22 23:02:04,858 - Epoch [168/1000], Val Loss: -0.5492
2024-09-22 23:02:04,858 - Epoch [168/1000], Val metric average : 0.5492
2024-09-22 23:02:14,981 - Epoch [169/1000], Train Loss: -0.5343
2024-09-22 23:02:14,982 - Epoch [169/1000], Train metric average : 0.5343
2024-09-22 23:02:14,982 - Epoch [169/1000], Val Loss: -0.5006
2024-09-22 23:02:14,982 - Epoch [169/1000], Val metric average : 0.5006
2024-09-22 23:02:25,273 - Epoch [170/1000], Train Loss: -0.5453
2024-09-22 23:02:25,273 - Epoch [170/1000], Train metric average : 0.5453
2024-09-22 23:02:25,273 - Epoch [170/1000], Val Loss: -0.5702
2024-09-22 23:02:25,273 - Epoch [170/1000], Val metric average : 0.5702
2024-09-22 23:02:35,666 - Epoch [171/1000], Train Loss: -0.5460
2024-09-22 23:02:35,667 - Epoch [171/1000], Train metric average : 0.5460
2024-09-22 23:02:35,667 - Epoch [171/1000], Val Loss: -0.4929
2024-09-22 23:02:35,667 - Epoch [171/1000], Val metric average : 0.4929
2024-09-22 23:02:46,035 - Epoch [172/1000], Train Loss: -0.5329
2024-09-22 23:02:46,035 - Epoch [172/1000], Train metric average : 0.5329
2024-09-22 23:02:46,035 - Epoch [172/1000], Val Loss: -0.5892
2024-09-22 23:02:46,035 - Epoch [172/1000], Val metric average : 0.5892
2024-09-22 23:02:56,250 - Epoch [173/1000], Train Loss: -0.5103
2024-09-22 23:02:56,250 - Epoch [173/1000], Train metric average : 0.5103
2024-09-22 23:02:56,250 - Epoch [173/1000], Val Loss: -0.5588
2024-09-22 23:02:56,250 - Epoch [173/1000], Val metric average : 0.5588
2024-09-22 23:03:06,419 - Epoch [174/1000], Train Loss: -0.5335
2024-09-22 23:03:06,419 - Epoch [174/1000], Train metric average : 0.5335
2024-09-22 23:03:06,420 - Epoch [174/1000], Val Loss: -0.4415
2024-09-22 23:03:06,420 - Epoch [174/1000], Val metric average : 0.4415
2024-09-22 23:03:16,696 - Epoch [175/1000], Train Loss: -0.5311
2024-09-22 23:03:16,696 - Epoch [175/1000], Train metric average : 0.5311
2024-09-22 23:03:16,696 - Epoch [175/1000], Val Loss: -0.5277
2024-09-22 23:03:16,696 - Epoch [175/1000], Val metric average : 0.5277
2024-09-22 23:03:26,999 - Epoch [176/1000], Train Loss: -0.5290
2024-09-22 23:03:26,999 - Epoch [176/1000], Train metric average : 0.5290
2024-09-22 23:03:26,999 - Epoch [176/1000], Val Loss: -0.5781
2024-09-22 23:03:26,999 - Epoch [176/1000], Val metric average : 0.5781
2024-09-22 23:03:37,323 - Epoch [177/1000], Train Loss: -0.5341
2024-09-22 23:03:37,323 - Epoch [177/1000], Train metric average : 0.5341
2024-09-22 23:03:37,323 - Epoch [177/1000], Val Loss: -0.4960
2024-09-22 23:03:37,323 - Epoch [177/1000], Val metric average : 0.4960
2024-09-22 23:03:47,497 - Epoch [178/1000], Train Loss: -0.5360
2024-09-22 23:03:47,497 - Epoch [178/1000], Train metric average : 0.5360
2024-09-22 23:03:47,497 - Epoch [178/1000], Val Loss: -0.4914
2024-09-22 23:03:47,497 - Epoch [178/1000], Val metric average : 0.4914
2024-09-22 23:03:57,765 - Epoch [179/1000], Train Loss: -0.5338
2024-09-22 23:03:57,765 - Epoch [179/1000], Train metric average : 0.5338
2024-09-22 23:03:57,765 - Epoch [179/1000], Val Loss: -0.6159
2024-09-22 23:03:57,765 - Epoch [179/1000], Val metric average : 0.6159
2024-09-22 23:04:07,908 - Epoch [180/1000], Train Loss: -0.5454
2024-09-22 23:04:07,909 - Epoch [180/1000], Train metric average : 0.5454
2024-09-22 23:04:07,909 - Epoch [180/1000], Val Loss: -0.5061
2024-09-22 23:04:07,909 - Epoch [180/1000], Val metric average : 0.5061
2024-09-22 23:04:18,212 - Epoch [181/1000], Train Loss: -0.5144
2024-09-22 23:04:18,212 - Epoch [181/1000], Train metric average : 0.5144
2024-09-22 23:04:18,212 - Epoch [181/1000], Val Loss: -0.5219
2024-09-22 23:04:18,212 - Epoch [181/1000], Val metric average : 0.5219
2024-09-22 23:04:28,485 - Epoch [182/1000], Train Loss: -0.5383
2024-09-22 23:04:28,485 - Epoch [182/1000], Train metric average : 0.5383
2024-09-22 23:04:28,485 - Epoch [182/1000], Val Loss: -0.4800
2024-09-22 23:04:28,485 - Epoch [182/1000], Val metric average : 0.4800
2024-09-22 23:04:38,766 - Epoch [183/1000], Train Loss: -0.5059
2024-09-22 23:04:38,766 - Epoch [183/1000], Train metric average : 0.5059
2024-09-22 23:04:38,766 - Epoch [183/1000], Val Loss: -0.4926
2024-09-22 23:04:38,766 - Epoch [183/1000], Val metric average : 0.4926
2024-09-22 23:04:48,946 - Epoch [184/1000], Train Loss: -0.4976
2024-09-22 23:04:48,946 - Epoch [184/1000], Train metric average : 0.4976
2024-09-22 23:04:48,947 - Epoch [184/1000], Val Loss: -0.5591
2024-09-22 23:04:48,947 - Epoch [184/1000], Val metric average : 0.5591
2024-09-22 23:04:59,140 - Epoch [185/1000], Train Loss: -0.4920
2024-09-22 23:04:59,141 - Epoch [185/1000], Train metric average : 0.4920
2024-09-22 23:04:59,141 - Epoch [185/1000], Val Loss: -0.5173
2024-09-22 23:04:59,141 - Epoch [185/1000], Val metric average : 0.5173
2024-09-22 23:05:09,337 - Epoch [186/1000], Train Loss: -0.4905
2024-09-22 23:05:09,337 - Epoch [186/1000], Train metric average : 0.4905
2024-09-22 23:05:09,337 - Epoch [186/1000], Val Loss: -0.5498
2024-09-22 23:05:09,337 - Epoch [186/1000], Val metric average : 0.5498
2024-09-22 23:05:19,592 - Epoch [187/1000], Train Loss: -0.4805
2024-09-22 23:05:19,592 - Epoch [187/1000], Train metric average : 0.4805
2024-09-22 23:05:19,592 - Epoch [187/1000], Val Loss: -0.5064
2024-09-22 23:05:19,592 - Epoch [187/1000], Val metric average : 0.5064
2024-09-22 23:05:29,785 - Epoch [188/1000], Train Loss: -0.4975
2024-09-22 23:05:29,785 - Epoch [188/1000], Train metric average : 0.4975
2024-09-22 23:05:29,785 - Epoch [188/1000], Val Loss: -0.4999
2024-09-22 23:05:29,785 - Epoch [188/1000], Val metric average : 0.4999
2024-09-22 23:05:40,143 - Epoch [189/1000], Train Loss: -0.5190
2024-09-22 23:05:40,143 - Epoch [189/1000], Train metric average : 0.5190
2024-09-22 23:05:40,143 - Epoch [189/1000], Val Loss: -0.5055
2024-09-22 23:05:40,143 - Epoch [189/1000], Val metric average : 0.5055
2024-09-22 23:05:50,312 - Epoch [190/1000], Train Loss: -0.5029
2024-09-22 23:05:50,313 - Epoch [190/1000], Train metric average : 0.5029
2024-09-22 23:05:50,313 - Epoch [190/1000], Val Loss: -0.5371
2024-09-22 23:05:50,313 - Epoch [190/1000], Val metric average : 0.5371
2024-09-22 23:06:00,613 - Epoch [191/1000], Train Loss: -0.5014
2024-09-22 23:06:00,613 - Epoch [191/1000], Train metric average : 0.5014
2024-09-22 23:06:00,613 - Epoch [191/1000], Val Loss: -0.4957
2024-09-22 23:06:00,613 - Epoch [191/1000], Val metric average : 0.4957
2024-09-22 23:06:10,724 - Epoch [192/1000], Train Loss: -0.4929
2024-09-22 23:06:10,725 - Epoch [192/1000], Train metric average : 0.4929
2024-09-22 23:06:10,725 - Epoch [192/1000], Val Loss: -0.5080
2024-09-22 23:06:10,725 - Epoch [192/1000], Val metric average : 0.5080
2024-09-22 23:06:21,090 - Epoch [193/1000], Train Loss: -0.4987
2024-09-22 23:06:21,090 - Epoch [193/1000], Train metric average : 0.4987
2024-09-22 23:06:21,091 - Epoch [193/1000], Val Loss: -0.5058
2024-09-22 23:06:21,091 - Epoch [193/1000], Val metric average : 0.5058
2024-09-22 23:06:31,200 - Epoch [194/1000], Train Loss: -0.4924
2024-09-22 23:06:31,201 - Epoch [194/1000], Train metric average : 0.4924
2024-09-22 23:06:31,201 - Epoch [194/1000], Val Loss: -0.4893
2024-09-22 23:06:31,201 - Epoch [194/1000], Val metric average : 0.4893
2024-09-22 23:06:41,507 - Epoch [195/1000], Train Loss: -0.5098
2024-09-22 23:06:41,507 - Epoch [195/1000], Train metric average : 0.5098
2024-09-22 23:06:41,507 - Epoch [195/1000], Val Loss: -0.4798
2024-09-22 23:06:41,507 - Epoch [195/1000], Val metric average : 0.4798
2024-09-22 23:06:51,678 - Epoch [196/1000], Train Loss: -0.5247
2024-09-22 23:06:51,678 - Epoch [196/1000], Train metric average : 0.5247
2024-09-22 23:06:51,678 - Epoch [196/1000], Val Loss: -0.4293
2024-09-22 23:06:51,678 - Epoch [196/1000], Val metric average : 0.4293
2024-09-22 23:07:02,004 - Epoch [197/1000], Train Loss: -0.4861
2024-09-22 23:07:02,004 - Epoch [197/1000], Train metric average : 0.4861
2024-09-22 23:07:02,004 - Epoch [197/1000], Val Loss: -0.5039
2024-09-22 23:07:02,004 - Epoch [197/1000], Val metric average : 0.5039
2024-09-22 23:07:12,256 - Epoch [198/1000], Train Loss: -0.4953
2024-09-22 23:07:12,256 - Epoch [198/1000], Train metric average : 0.4953
2024-09-22 23:07:12,256 - Epoch [198/1000], Val Loss: -0.5057
2024-09-22 23:07:12,256 - Epoch [198/1000], Val metric average : 0.5057
2024-09-22 23:07:22,560 - Epoch [199/1000], Train Loss: -0.5037
2024-09-22 23:07:22,561 - Epoch [199/1000], Train metric average : 0.5037
2024-09-22 23:07:22,561 - Epoch [199/1000], Val Loss: -0.5527
2024-09-22 23:07:22,561 - Epoch [199/1000], Val metric average : 0.5527
2024-09-22 23:07:32,746 - Epoch [200/1000], Train Loss: -0.5198
2024-09-22 23:07:32,746 - Epoch [200/1000], Train metric average : 0.5198
2024-09-22 23:07:32,746 - Epoch [200/1000], Val Loss: -0.5560
2024-09-22 23:07:32,747 - Epoch [200/1000], Val metric average : 0.5560
2024-09-22 23:07:43,078 - Epoch [201/1000], Train Loss: -0.5052
2024-09-22 23:07:43,078 - Epoch [201/1000], Train metric average : 0.5052
2024-09-22 23:07:43,078 - Epoch [201/1000], Val Loss: -0.5337
2024-09-22 23:07:43,078 - Epoch [201/1000], Val metric average : 0.5337
2024-09-22 23:07:53,506 - Epoch [202/1000], Train Loss: -0.5135
2024-09-22 23:07:53,506 - Epoch [202/1000], Train metric average : 0.5135
2024-09-22 23:07:53,506 - Epoch [202/1000], Val Loss: -0.5592
2024-09-22 23:07:53,506 - Epoch [202/1000], Val metric average : 0.5592
2024-09-22 23:08:03,634 - Epoch [203/1000], Train Loss: -0.4894
2024-09-22 23:08:03,635 - Epoch [203/1000], Train metric average : 0.4894
2024-09-22 23:08:03,635 - Epoch [203/1000], Val Loss: -0.5213
2024-09-22 23:08:03,635 - Epoch [203/1000], Val metric average : 0.5213
2024-09-22 23:08:13,952 - Epoch [204/1000], Train Loss: -0.4825
2024-09-22 23:08:13,953 - Epoch [204/1000], Train metric average : 0.4825
2024-09-22 23:08:13,953 - Epoch [204/1000], Val Loss: -0.5511
2024-09-22 23:08:13,953 - Epoch [204/1000], Val metric average : 0.5511
2024-09-22 23:08:24,129 - Epoch [205/1000], Train Loss: -0.4908
2024-09-22 23:08:24,129 - Epoch [205/1000], Train metric average : 0.4908
2024-09-22 23:08:24,129 - Epoch [205/1000], Val Loss: -0.4690
2024-09-22 23:08:24,129 - Epoch [205/1000], Val metric average : 0.4690
2024-09-22 23:08:34,516 - Epoch [206/1000], Train Loss: -0.4401
2024-09-22 23:08:34,517 - Epoch [206/1000], Train metric average : 0.4401
2024-09-22 23:08:34,517 - Epoch [206/1000], Val Loss: -0.4469
2024-09-22 23:08:34,517 - Epoch [206/1000], Val metric average : 0.4469
2024-09-22 23:08:44,669 - Epoch [207/1000], Train Loss: -0.4770
2024-09-22 23:08:44,669 - Epoch [207/1000], Train metric average : 0.4770
2024-09-22 23:08:44,669 - Epoch [207/1000], Val Loss: -0.4325
2024-09-22 23:08:44,669 - Epoch [207/1000], Val metric average : 0.4325
2024-09-22 23:08:55,031 - Epoch [208/1000], Train Loss: -0.4714
2024-09-22 23:08:55,031 - Epoch [208/1000], Train metric average : 0.4714
2024-09-22 23:08:55,031 - Epoch [208/1000], Val Loss: -0.5497
2024-09-22 23:08:55,031 - Epoch [208/1000], Val metric average : 0.5497
2024-09-22 23:09:05,235 - Epoch [209/1000], Train Loss: -0.4791
2024-09-22 23:09:05,235 - Epoch [209/1000], Train metric average : 0.4791
2024-09-22 23:09:05,235 - Epoch [209/1000], Val Loss: -0.4915
2024-09-22 23:09:05,235 - Epoch [209/1000], Val metric average : 0.4915
2024-09-22 23:09:15,648 - Epoch [210/1000], Train Loss: -0.5040
2024-09-22 23:09:15,648 - Epoch [210/1000], Train metric average : 0.5040
2024-09-22 23:09:15,648 - Epoch [210/1000], Val Loss: -0.5402
2024-09-22 23:09:15,648 - Epoch [210/1000], Val metric average : 0.5402
2024-09-22 23:09:25,850 - Epoch [211/1000], Train Loss: -0.5262
2024-09-22 23:09:25,851 - Epoch [211/1000], Train metric average : 0.5262
2024-09-22 23:09:25,851 - Epoch [211/1000], Val Loss: -0.5637
2024-09-22 23:09:25,851 - Epoch [211/1000], Val metric average : 0.5637
2024-09-22 23:09:36,176 - Epoch [212/1000], Train Loss: -0.4700
2024-09-22 23:09:36,176 - Epoch [212/1000], Train metric average : 0.4700
2024-09-22 23:09:36,176 - Epoch [212/1000], Val Loss: -0.5372
2024-09-22 23:09:36,176 - Epoch [212/1000], Val metric average : 0.5372
2024-09-22 23:09:46,354 - Epoch [213/1000], Train Loss: -0.4803
2024-09-22 23:09:46,354 - Epoch [213/1000], Train metric average : 0.4803
2024-09-22 23:09:46,354 - Epoch [213/1000], Val Loss: -0.4315
2024-09-22 23:09:46,354 - Epoch [213/1000], Val metric average : 0.4315
2024-09-22 23:09:56,669 - Epoch [214/1000], Train Loss: -0.5109
2024-09-22 23:09:56,669 - Epoch [214/1000], Train metric average : 0.5109
2024-09-22 23:09:56,669 - Epoch [214/1000], Val Loss: -0.5177
2024-09-22 23:09:56,669 - Epoch [214/1000], Val metric average : 0.5177
2024-09-22 23:10:06,904 - Epoch [215/1000], Train Loss: -0.5148
2024-09-22 23:10:06,904 - Epoch [215/1000], Train metric average : 0.5148
2024-09-22 23:10:06,904 - Epoch [215/1000], Val Loss: -0.5028
2024-09-22 23:10:06,904 - Epoch [215/1000], Val metric average : 0.5028
2024-09-22 23:10:17,268 - Epoch [216/1000], Train Loss: -0.5033
2024-09-22 23:10:17,269 - Epoch [216/1000], Train metric average : 0.5033
2024-09-22 23:10:17,269 - Epoch [216/1000], Val Loss: -0.4859
2024-09-22 23:10:17,269 - Epoch [216/1000], Val metric average : 0.4859
2024-09-22 23:10:27,445 - Epoch [217/1000], Train Loss: -0.5025
2024-09-22 23:10:27,445 - Epoch [217/1000], Train metric average : 0.5025
2024-09-22 23:10:27,445 - Epoch [217/1000], Val Loss: -0.5247
2024-09-22 23:10:27,446 - Epoch [217/1000], Val metric average : 0.5247
2024-09-22 23:10:37,758 - Epoch [218/1000], Train Loss: -0.4682
2024-09-22 23:10:37,758 - Epoch [218/1000], Train metric average : 0.4682
2024-09-22 23:10:37,758 - Epoch [218/1000], Val Loss: -0.5112
2024-09-22 23:10:37,758 - Epoch [218/1000], Val metric average : 0.5112
2024-09-22 23:10:48,016 - Epoch [219/1000], Train Loss: -0.5193
2024-09-22 23:10:48,016 - Epoch [219/1000], Train metric average : 0.5193
2024-09-22 23:10:48,016 - Epoch [219/1000], Val Loss: -0.5290
2024-09-22 23:10:48,017 - Epoch [219/1000], Val metric average : 0.5290
2024-09-22 23:10:58,428 - Epoch [220/1000], Train Loss: -0.4954
2024-09-22 23:10:58,428 - Epoch [220/1000], Train metric average : 0.4954
2024-09-22 23:10:58,428 - Epoch [220/1000], Val Loss: -0.4660
2024-09-22 23:10:58,428 - Epoch [220/1000], Val metric average : 0.4660
2024-09-22 23:11:08,650 - Epoch [221/1000], Train Loss: -0.5032
2024-09-22 23:11:08,650 - Epoch [221/1000], Train metric average : 0.5032
2024-09-22 23:11:08,650 - Epoch [221/1000], Val Loss: -0.5992
2024-09-22 23:11:08,650 - Epoch [221/1000], Val metric average : 0.5992
2024-09-22 23:11:19,055 - Epoch [222/1000], Train Loss: -0.5099
2024-09-22 23:11:19,055 - Epoch [222/1000], Train metric average : 0.5099
2024-09-22 23:11:19,055 - Epoch [222/1000], Val Loss: -0.5576
2024-09-22 23:11:19,055 - Epoch [222/1000], Val metric average : 0.5576
2024-09-22 23:11:29,265 - Epoch [223/1000], Train Loss: -0.5061
2024-09-22 23:11:29,265 - Epoch [223/1000], Train metric average : 0.5061
2024-09-22 23:11:29,265 - Epoch [223/1000], Val Loss: -0.4804
2024-09-22 23:11:29,265 - Epoch [223/1000], Val metric average : 0.4804
2024-09-22 23:11:39,606 - Epoch [224/1000], Train Loss: -0.4914
2024-09-22 23:11:39,607 - Epoch [224/1000], Train metric average : 0.4914
2024-09-22 23:11:39,607 - Epoch [224/1000], Val Loss: -0.5000
2024-09-22 23:11:39,607 - Epoch [224/1000], Val metric average : 0.5000
2024-09-22 23:11:49,709 - Epoch [225/1000], Train Loss: -0.5054
2024-09-22 23:11:49,709 - Epoch [225/1000], Train metric average : 0.5054
2024-09-22 23:11:49,709 - Epoch [225/1000], Val Loss: -0.5664
2024-09-22 23:11:49,709 - Epoch [225/1000], Val metric average : 0.5664
2024-09-22 23:12:00,082 - Epoch [226/1000], Train Loss: -0.4940
2024-09-22 23:12:00,083 - Epoch [226/1000], Train metric average : 0.4940
2024-09-22 23:12:00,083 - Epoch [226/1000], Val Loss: -0.4863
2024-09-22 23:12:00,083 - Epoch [226/1000], Val metric average : 0.4863
2024-09-22 23:12:10,307 - Epoch [227/1000], Train Loss: -0.5247
2024-09-22 23:12:10,307 - Epoch [227/1000], Train metric average : 0.5247
2024-09-22 23:12:10,307 - Epoch [227/1000], Val Loss: -0.5597
2024-09-22 23:12:10,307 - Epoch [227/1000], Val metric average : 0.5597
2024-09-22 23:12:20,586 - Epoch [228/1000], Train Loss: -0.5091
2024-09-22 23:12:20,586 - Epoch [228/1000], Train metric average : 0.5091
2024-09-22 23:12:20,586 - Epoch [228/1000], Val Loss: -0.4060
2024-09-22 23:12:20,586 - Epoch [228/1000], Val metric average : 0.4060
2024-09-22 23:12:30,830 - Epoch [229/1000], Train Loss: -0.5281
2024-09-22 23:12:30,830 - Epoch [229/1000], Train metric average : 0.5281
2024-09-22 23:12:30,830 - Epoch [229/1000], Val Loss: -0.5551
2024-09-22 23:12:30,830 - Epoch [229/1000], Val metric average : 0.5551
2024-09-22 23:12:41,172 - Epoch [230/1000], Train Loss: -0.5351
2024-09-22 23:12:41,172 - Epoch [230/1000], Train metric average : 0.5351
2024-09-22 23:12:41,172 - Epoch [230/1000], Val Loss: -0.5399
2024-09-22 23:12:41,172 - Epoch [230/1000], Val metric average : 0.5399
2024-09-22 23:12:51,309 - Epoch [231/1000], Train Loss: -0.5113
2024-09-22 23:12:51,309 - Epoch [231/1000], Train metric average : 0.5113
2024-09-22 23:12:51,309 - Epoch [231/1000], Val Loss: -0.5503
2024-09-22 23:12:51,309 - Epoch [231/1000], Val metric average : 0.5503
2024-09-22 23:13:01,657 - Epoch [232/1000], Train Loss: -0.5122
2024-09-22 23:13:01,657 - Epoch [232/1000], Train metric average : 0.5122
2024-09-22 23:13:01,657 - Epoch [232/1000], Val Loss: -0.4938
2024-09-22 23:13:01,657 - Epoch [232/1000], Val metric average : 0.4938
2024-09-22 23:13:11,890 - Epoch [233/1000], Train Loss: -0.5055
2024-09-22 23:13:11,890 - Epoch [233/1000], Train metric average : 0.5055
2024-09-22 23:13:11,890 - Epoch [233/1000], Val Loss: -0.5003
2024-09-22 23:13:11,890 - Epoch [233/1000], Val metric average : 0.5003
