2024-09-24 19:40:03,907 - Epoch [1/1000], Train Loss: 1.2238
2024-09-24 19:40:03,908 - Epoch [1/1000], Train metric : 0.7225
2024-09-24 19:40:03,908 - Epoch [1/1000], Val Loss: 1.0826
2024-09-24 19:40:03,908 - Epoch [1/1000], Val metric : 0.7226
2024-09-24 19:40:08,691 - Saved best model with Val Loss: 1.0826
2024-09-24 19:50:03,515 - Epoch [2/1000], Train Loss: 1.1301
2024-09-24 19:50:03,515 - Epoch [2/1000], Train metric : 0.7335
2024-09-24 19:50:03,515 - Epoch [2/1000], Val Loss: 1.4282
2024-09-24 19:50:03,515 - Epoch [2/1000], Val metric : 0.7368
2024-09-24 19:59:58,936 - Epoch [3/1000], Train Loss: 1.1021
2024-09-24 19:59:58,937 - Epoch [3/1000], Train metric : 0.7391
2024-09-24 19:59:58,937 - Epoch [3/1000], Val Loss: 1.0744
2024-09-24 19:59:58,937 - Epoch [3/1000], Val metric : 0.7437
2024-09-24 20:00:19,160 - Saved best model with Val Loss: 1.0744
2024-09-24 20:10:14,135 - Epoch [4/1000], Train Loss: 1.0832
2024-09-24 20:10:14,136 - Epoch [4/1000], Train metric : 0.7436
2024-09-24 20:10:14,136 - Epoch [4/1000], Val Loss: 0.9415
2024-09-24 20:10:14,136 - Epoch [4/1000], Val metric : 0.7411
2024-09-24 20:10:35,554 - Saved best model with Val Loss: 0.9415
2024-09-24 20:20:29,997 - Epoch [5/1000], Train Loss: 1.0508
2024-09-24 20:20:29,997 - Epoch [5/1000], Train metric : 0.7495
2024-09-24 20:20:29,997 - Epoch [5/1000], Val Loss: 0.9941
2024-09-24 20:20:29,997 - Epoch [5/1000], Val metric : 0.7493
2024-09-24 20:30:24,505 - Epoch [6/1000], Train Loss: 1.0370
2024-09-24 20:30:24,506 - Epoch [6/1000], Train metric : 0.7523
2024-09-24 20:30:24,506 - Epoch [6/1000], Val Loss: 0.8824
2024-09-24 20:30:24,506 - Epoch [6/1000], Val metric : 0.7623
2024-09-24 20:30:44,737 - Saved best model with Val Loss: 0.8824
2024-09-24 20:40:39,220 - Epoch [7/1000], Train Loss: 1.0217
2024-09-24 20:40:39,221 - Epoch [7/1000], Train metric : 0.7554
2024-09-24 20:40:39,221 - Epoch [7/1000], Val Loss: 0.9239
2024-09-24 20:40:39,221 - Epoch [7/1000], Val metric : 0.7506
2024-09-24 20:50:33,722 - Epoch [8/1000], Train Loss: 1.0202
2024-09-24 20:50:33,723 - Epoch [8/1000], Train metric : 0.7541
2024-09-24 20:50:33,723 - Epoch [8/1000], Val Loss: 0.9758
2024-09-24 20:50:33,723 - Epoch [8/1000], Val metric : 0.7398
2024-09-24 21:00:28,465 - Epoch [9/1000], Train Loss: 1.0050
2024-09-24 21:00:28,465 - Epoch [9/1000], Train metric : 0.7576
2024-09-24 21:00:28,465 - Epoch [9/1000], Val Loss: 0.9364
2024-09-24 21:00:28,466 - Epoch [9/1000], Val metric : 0.7604
2024-09-24 21:10:23,280 - Epoch [10/1000], Train Loss: 1.0014
2024-09-24 21:10:23,280 - Epoch [10/1000], Train metric : 0.7574
2024-09-24 21:10:23,280 - Epoch [10/1000], Val Loss: 1.0247
2024-09-24 21:10:23,280 - Epoch [10/1000], Val metric : 0.7423
2024-09-24 21:20:17,941 - Epoch [11/1000], Train Loss: 0.9812
2024-09-24 21:20:17,941 - Epoch [11/1000], Train metric : 0.7586
2024-09-24 21:20:17,941 - Epoch [11/1000], Val Loss: 0.8961
2024-09-24 21:20:17,941 - Epoch [11/1000], Val metric : 0.7721
2024-09-24 21:30:12,668 - Epoch [12/1000], Train Loss: 0.9795
2024-09-24 21:30:12,669 - Epoch [12/1000], Train metric : 0.7595
2024-09-24 21:30:12,669 - Epoch [12/1000], Val Loss: 0.9308
2024-09-24 21:30:12,669 - Epoch [12/1000], Val metric : 0.7607
2024-09-24 21:40:07,340 - Epoch [13/1000], Train Loss: 0.9668
2024-09-24 21:40:07,341 - Epoch [13/1000], Train metric : 0.7641
2024-09-24 21:40:07,341 - Epoch [13/1000], Val Loss: 0.9068
2024-09-24 21:40:07,341 - Epoch [13/1000], Val metric : 0.7555
2024-09-24 21:50:01,982 - Epoch [14/1000], Train Loss: 0.9530
2024-09-24 21:50:01,983 - Epoch [14/1000], Train metric : 0.7639
2024-09-24 21:50:01,983 - Epoch [14/1000], Val Loss: 0.9107
2024-09-24 21:50:01,983 - Epoch [14/1000], Val metric : 0.7572
2024-09-24 21:59:56,782 - Epoch [15/1000], Train Loss: 0.9563
2024-09-24 21:59:56,782 - Epoch [15/1000], Train metric : 0.7655
2024-09-24 21:59:56,782 - Epoch [15/1000], Val Loss: 0.8356
2024-09-24 21:59:56,782 - Epoch [15/1000], Val metric : 0.7759
2024-09-24 22:00:16,872 - Saved best model with Val Loss: 0.8356
2024-09-24 22:10:11,258 - Epoch [16/1000], Train Loss: 0.9398
2024-09-24 22:10:11,258 - Epoch [16/1000], Train metric : 0.7658
2024-09-24 22:10:11,258 - Epoch [16/1000], Val Loss: 0.9012
2024-09-24 22:10:11,258 - Epoch [16/1000], Val metric : 0.7660
2024-09-24 22:20:05,729 - Epoch [17/1000], Train Loss: 0.9297
2024-09-24 22:20:05,729 - Epoch [17/1000], Train metric : 0.7678
2024-09-24 22:20:05,729 - Epoch [17/1000], Val Loss: 0.9453
2024-09-24 22:20:05,730 - Epoch [17/1000], Val metric : 0.7646
2024-09-24 22:29:59,286 - Epoch [18/1000], Train Loss: 0.9160
2024-09-24 22:29:59,286 - Epoch [18/1000], Train metric : 0.7721
2024-09-24 22:29:59,286 - Epoch [18/1000], Val Loss: 0.8501
2024-09-24 22:29:59,286 - Epoch [18/1000], Val metric : 0.7707
2024-09-24 22:39:52,903 - Epoch [19/1000], Train Loss: 0.9125
2024-09-24 22:39:52,904 - Epoch [19/1000], Train metric : 0.7686
2024-09-24 22:39:52,904 - Epoch [19/1000], Val Loss: 0.8675
2024-09-24 22:39:52,904 - Epoch [19/1000], Val metric : 0.7588
2024-09-24 22:49:46,066 - Epoch [20/1000], Train Loss: 0.9016
2024-09-24 22:49:46,066 - Epoch [20/1000], Train metric : 0.7745
2024-09-24 22:49:46,066 - Epoch [20/1000], Val Loss: 0.9034
2024-09-24 22:49:46,066 - Epoch [20/1000], Val metric : 0.7704
2024-09-24 22:59:39,387 - Epoch [21/1000], Train Loss: 0.8994
2024-09-24 22:59:39,387 - Epoch [21/1000], Train metric : 0.7736
2024-09-24 22:59:39,387 - Epoch [21/1000], Val Loss: 0.8627
2024-09-24 22:59:39,387 - Epoch [21/1000], Val metric : 0.7536
2024-09-24 23:09:32,890 - Epoch [22/1000], Train Loss: 0.8977
2024-09-24 23:09:32,891 - Epoch [22/1000], Train metric : 0.7746
2024-09-24 23:09:32,891 - Epoch [22/1000], Val Loss: 0.8285
2024-09-24 23:09:32,891 - Epoch [22/1000], Val metric : 0.7621
2024-09-24 23:09:53,190 - Saved best model with Val Loss: 0.8285
2024-09-24 23:19:46,270 - Epoch [23/1000], Train Loss: 0.8790
2024-09-24 23:19:46,271 - Epoch [23/1000], Train metric : 0.7778
2024-09-24 23:19:46,271 - Epoch [23/1000], Val Loss: 0.8336
2024-09-24 23:19:46,271 - Epoch [23/1000], Val metric : 0.7770
2024-09-24 23:29:39,546 - Epoch [24/1000], Train Loss: 0.8824
2024-09-24 23:29:39,546 - Epoch [24/1000], Train metric : 0.7793
2024-09-24 23:29:39,547 - Epoch [24/1000], Val Loss: 0.8546
2024-09-24 23:29:39,547 - Epoch [24/1000], Val metric : 0.7746
2024-09-24 23:39:32,688 - Epoch [25/1000], Train Loss: 0.8744
2024-09-24 23:39:32,689 - Epoch [25/1000], Train metric : 0.7795
2024-09-24 23:39:32,689 - Epoch [25/1000], Val Loss: 0.8188
2024-09-24 23:39:32,689 - Epoch [25/1000], Val metric : 0.7833
2024-09-24 23:39:54,717 - Saved best model with Val Loss: 0.8188
2024-09-24 23:49:47,846 - Epoch [26/1000], Train Loss: 0.8709
2024-09-24 23:49:47,847 - Epoch [26/1000], Train metric : 0.7776
2024-09-24 23:49:47,847 - Epoch [26/1000], Val Loss: 0.8167
2024-09-24 23:49:47,847 - Epoch [26/1000], Val metric : 0.7678
2024-09-24 23:50:09,663 - Saved best model with Val Loss: 0.8167
2024-09-25 00:00:02,687 - Epoch [27/1000], Train Loss: 0.8622
2024-09-25 00:00:02,687 - Epoch [27/1000], Train metric : 0.7817
2024-09-25 00:00:02,687 - Epoch [27/1000], Val Loss: 0.8873
2024-09-25 00:00:02,687 - Epoch [27/1000], Val metric : 0.7753
2024-09-25 00:09:55,828 - Epoch [28/1000], Train Loss: 0.8656
2024-09-25 00:09:55,828 - Epoch [28/1000], Train metric : 0.7810
2024-09-25 00:09:55,828 - Epoch [28/1000], Val Loss: 0.8162
2024-09-25 00:09:55,828 - Epoch [28/1000], Val metric : 0.7762
2024-09-25 00:10:16,938 - Saved best model with Val Loss: 0.8162
2024-09-25 00:20:10,014 - Epoch [29/1000], Train Loss: 0.8621
2024-09-25 00:20:10,014 - Epoch [29/1000], Train metric : 0.7821
2024-09-25 00:20:10,014 - Epoch [29/1000], Val Loss: 0.8222
2024-09-25 00:20:10,014 - Epoch [29/1000], Val metric : 0.7742
2024-09-25 00:30:03,242 - Epoch [30/1000], Train Loss: 0.8573
2024-09-25 00:30:03,243 - Epoch [30/1000], Train metric : 0.7825
2024-09-25 00:30:03,243 - Epoch [30/1000], Val Loss: 0.8030
2024-09-25 00:30:03,243 - Epoch [30/1000], Val metric : 0.7809
2024-09-25 00:30:25,165 - Saved best model with Val Loss: 0.8030
2024-09-25 00:40:18,324 - Epoch [31/1000], Train Loss: 0.8560
2024-09-25 00:40:18,324 - Epoch [31/1000], Train metric : 0.7799
2024-09-25 00:40:18,325 - Epoch [31/1000], Val Loss: 0.8110
2024-09-25 00:40:18,325 - Epoch [31/1000], Val metric : 0.7790
2024-09-25 00:50:11,509 - Epoch [32/1000], Train Loss: 0.8548
2024-09-25 00:50:11,509 - Epoch [32/1000], Train metric : 0.7818
2024-09-25 00:50:11,509 - Epoch [32/1000], Val Loss: 0.8237
2024-09-25 00:50:11,509 - Epoch [32/1000], Val metric : 0.7713
2024-09-25 01:00:04,672 - Epoch [33/1000], Train Loss: 0.8476
2024-09-25 01:00:04,673 - Epoch [33/1000], Train metric : 0.7813
2024-09-25 01:00:04,673 - Epoch [33/1000], Val Loss: 0.8027
2024-09-25 01:00:04,673 - Epoch [33/1000], Val metric : 0.7800
2024-09-25 01:00:24,859 - Saved best model with Val Loss: 0.8027
2024-09-25 01:10:17,948 - Epoch [34/1000], Train Loss: 0.8454
2024-09-25 01:10:17,948 - Epoch [34/1000], Train metric : 0.7821
2024-09-25 01:10:17,948 - Epoch [34/1000], Val Loss: 0.8188
2024-09-25 01:10:17,948 - Epoch [34/1000], Val metric : 0.7690
2024-09-25 01:20:11,251 - Epoch [35/1000], Train Loss: 0.8450
2024-09-25 01:20:11,251 - Epoch [35/1000], Train metric : 0.7812
2024-09-25 01:20:11,251 - Epoch [35/1000], Val Loss: 0.8121
2024-09-25 01:20:11,251 - Epoch [35/1000], Val metric : 0.7811
2024-09-25 01:30:04,450 - Epoch [36/1000], Train Loss: 0.8457
2024-09-25 01:30:04,450 - Epoch [36/1000], Train metric : 0.7830
2024-09-25 01:30:04,450 - Epoch [36/1000], Val Loss: 0.7990
2024-09-25 01:30:04,450 - Epoch [36/1000], Val metric : 0.7786
2024-09-25 01:30:24,867 - Saved best model with Val Loss: 0.7990
2024-09-25 01:40:17,916 - Epoch [37/1000], Train Loss: 0.8317
2024-09-25 01:40:17,916 - Epoch [37/1000], Train metric : 0.7843
2024-09-25 01:40:17,916 - Epoch [37/1000], Val Loss: 0.8149
2024-09-25 01:40:17,916 - Epoch [37/1000], Val metric : 0.7827
2024-09-25 01:50:11,096 - Epoch [38/1000], Train Loss: 0.8313
2024-09-25 01:50:11,096 - Epoch [38/1000], Train metric : 0.7857
2024-09-25 01:50:11,096 - Epoch [38/1000], Val Loss: 0.7913
2024-09-25 01:50:11,096 - Epoch [38/1000], Val metric : 0.7795
2024-09-25 01:50:29,357 - Saved best model with Val Loss: 0.7913
2024-09-25 02:00:22,351 - Epoch [39/1000], Train Loss: 0.8332
2024-09-25 02:00:22,352 - Epoch [39/1000], Train metric : 0.7859
2024-09-25 02:00:22,352 - Epoch [39/1000], Val Loss: 0.8051
2024-09-25 02:00:22,352 - Epoch [39/1000], Val metric : 0.7769
2024-09-25 02:10:15,550 - Epoch [40/1000], Train Loss: 0.8388
2024-09-25 02:10:15,550 - Epoch [40/1000], Train metric : 0.7820
2024-09-25 02:10:15,550 - Epoch [40/1000], Val Loss: 0.8065
2024-09-25 02:10:15,550 - Epoch [40/1000], Val metric : 0.7830
2024-09-25 02:20:08,756 - Epoch [41/1000], Train Loss: 0.8401
2024-09-25 02:20:08,756 - Epoch [41/1000], Train metric : 0.7855
2024-09-25 02:20:08,756 - Epoch [41/1000], Val Loss: 0.8015
2024-09-25 02:20:08,756 - Epoch [41/1000], Val metric : 0.7860
2024-09-25 02:30:02,048 - Epoch [42/1000], Train Loss: 0.8291
2024-09-25 02:30:02,048 - Epoch [42/1000], Train metric : 0.7858
2024-09-25 02:30:02,048 - Epoch [42/1000], Val Loss: 0.7996
2024-09-25 02:30:02,048 - Epoch [42/1000], Val metric : 0.7792
2024-09-25 02:39:55,229 - Epoch [43/1000], Train Loss: 0.8261
2024-09-25 02:39:55,229 - Epoch [43/1000], Train metric : 0.7857
2024-09-25 02:39:55,229 - Epoch [43/1000], Val Loss: 0.8055
2024-09-25 02:39:55,229 - Epoch [43/1000], Val metric : 0.7800
2024-09-25 02:49:48,461 - Epoch [44/1000], Train Loss: 0.8296
2024-09-25 02:49:48,461 - Epoch [44/1000], Train metric : 0.7839
2024-09-25 02:49:48,461 - Epoch [44/1000], Val Loss: 0.7971
2024-09-25 02:49:48,461 - Epoch [44/1000], Val metric : 0.7720
2024-09-25 02:59:41,688 - Epoch [45/1000], Train Loss: 0.8247
2024-09-25 02:59:41,688 - Epoch [45/1000], Train metric : 0.7872
2024-09-25 02:59:41,688 - Epoch [45/1000], Val Loss: 0.8046
2024-09-25 02:59:41,688 - Epoch [45/1000], Val metric : 0.7800
2024-09-25 03:09:34,874 - Epoch [46/1000], Train Loss: 0.8273
2024-09-25 03:09:34,875 - Epoch [46/1000], Train metric : 0.7853
2024-09-25 03:09:34,875 - Epoch [46/1000], Val Loss: 0.7946
2024-09-25 03:09:34,875 - Epoch [46/1000], Val metric : 0.7780
2024-09-25 03:19:28,116 - Epoch [47/1000], Train Loss: 0.8235
2024-09-25 03:19:28,116 - Epoch [47/1000], Train metric : 0.7871
2024-09-25 03:19:28,116 - Epoch [47/1000], Val Loss: 0.7780
2024-09-25 03:19:28,116 - Epoch [47/1000], Val metric : 0.7743
2024-09-25 03:19:50,491 - Saved best model with Val Loss: 0.7780
2024-09-25 03:29:43,552 - Epoch [48/1000], Train Loss: 0.8216
2024-09-25 03:29:43,552 - Epoch [48/1000], Train metric : 0.7885
2024-09-25 03:29:43,552 - Epoch [48/1000], Val Loss: 0.8031
2024-09-25 03:29:43,553 - Epoch [48/1000], Val metric : 0.7789
2024-09-25 03:39:36,802 - Epoch [49/1000], Train Loss: 0.8221
2024-09-25 03:39:36,802 - Epoch [49/1000], Train metric : 0.7877
2024-09-25 03:39:36,802 - Epoch [49/1000], Val Loss: 0.7972
2024-09-25 03:39:36,802 - Epoch [49/1000], Val metric : 0.7725
2024-09-25 03:49:29,976 - Epoch [50/1000], Train Loss: 0.8185
2024-09-25 03:49:29,976 - Epoch [50/1000], Train metric : 0.7876
2024-09-25 03:49:29,976 - Epoch [50/1000], Val Loss: 0.8037
2024-09-25 03:49:29,976 - Epoch [50/1000], Val metric : 0.7645
2024-09-25 03:59:23,112 - Epoch [51/1000], Train Loss: 0.8200
2024-09-25 03:59:23,112 - Epoch [51/1000], Train metric : 0.7866
2024-09-25 03:59:23,112 - Epoch [51/1000], Val Loss: 0.7946
2024-09-25 03:59:23,112 - Epoch [51/1000], Val metric : 0.7831
2024-09-25 04:09:16,269 - Epoch [52/1000], Train Loss: 0.8298
2024-09-25 04:09:16,270 - Epoch [52/1000], Train metric : 0.7853
2024-09-25 04:09:16,270 - Epoch [52/1000], Val Loss: 0.8018
2024-09-25 04:09:16,270 - Epoch [52/1000], Val metric : 0.7765
2024-09-25 04:19:09,543 - Epoch [53/1000], Train Loss: 0.8193
2024-09-25 04:19:09,544 - Epoch [53/1000], Train metric : 0.7850
2024-09-25 04:19:09,544 - Epoch [53/1000], Val Loss: 0.7833
2024-09-25 04:19:09,544 - Epoch [53/1000], Val metric : 0.7872
2024-09-25 04:29:02,775 - Epoch [54/1000], Train Loss: 0.8156
2024-09-25 04:29:02,775 - Epoch [54/1000], Train metric : 0.7878
2024-09-25 04:29:02,775 - Epoch [54/1000], Val Loss: 0.7951
2024-09-25 04:29:02,775 - Epoch [54/1000], Val metric : 0.7746
2024-09-25 04:38:55,877 - Epoch [55/1000], Train Loss: 0.8191
2024-09-25 04:38:55,878 - Epoch [55/1000], Train metric : 0.7863
2024-09-25 04:38:55,878 - Epoch [55/1000], Val Loss: 0.7841
2024-09-25 04:38:55,878 - Epoch [55/1000], Val metric : 0.7743
2024-09-25 04:48:49,138 - Epoch [56/1000], Train Loss: 0.8227
2024-09-25 04:48:49,138 - Epoch [56/1000], Train metric : 0.7879
2024-09-25 04:48:49,138 - Epoch [56/1000], Val Loss: 0.7953
2024-09-25 04:48:49,138 - Epoch [56/1000], Val metric : 0.7776
2024-09-25 04:58:42,356 - Epoch [57/1000], Train Loss: 0.8156
2024-09-25 04:58:42,356 - Epoch [57/1000], Train metric : 0.7868
2024-09-25 04:58:42,356 - Epoch [57/1000], Val Loss: 0.7916
2024-09-25 04:58:42,356 - Epoch [57/1000], Val metric : 0.7845
2024-09-25 05:08:35,654 - Epoch [58/1000], Train Loss: 0.8110
2024-09-25 05:08:35,654 - Epoch [58/1000], Train metric : 0.7889
2024-09-25 05:08:35,655 - Epoch [58/1000], Val Loss: 0.7844
2024-09-25 05:08:35,655 - Epoch [58/1000], Val metric : 0.7826
2024-09-25 05:18:28,832 - Epoch [59/1000], Train Loss: 0.8139
2024-09-25 05:18:28,833 - Epoch [59/1000], Train metric : 0.7886
2024-09-25 05:18:28,833 - Epoch [59/1000], Val Loss: 0.7904
2024-09-25 05:18:28,833 - Epoch [59/1000], Val metric : 0.7724
2024-09-25 05:28:22,030 - Epoch [60/1000], Train Loss: 0.8206
2024-09-25 05:28:22,031 - Epoch [60/1000], Train metric : 0.7875
2024-09-25 05:28:22,031 - Epoch [60/1000], Val Loss: 0.7901
2024-09-25 05:28:22,031 - Epoch [60/1000], Val metric : 0.7787
2024-09-25 05:38:15,254 - Epoch [61/1000], Train Loss: 0.8193
2024-09-25 05:38:15,254 - Epoch [61/1000], Train metric : 0.7871
2024-09-25 05:38:15,255 - Epoch [61/1000], Val Loss: 0.7844
2024-09-25 05:38:15,255 - Epoch [61/1000], Val metric : 0.7840
2024-09-25 05:48:08,567 - Epoch [62/1000], Train Loss: 0.8183
2024-09-25 05:48:08,568 - Epoch [62/1000], Train metric : 0.7881
2024-09-25 05:48:08,568 - Epoch [62/1000], Val Loss: 0.7876
2024-09-25 05:48:08,568 - Epoch [62/1000], Val metric : 0.7695
2024-09-25 05:58:01,699 - Epoch [63/1000], Train Loss: 0.8137
2024-09-25 05:58:01,699 - Epoch [63/1000], Train metric : 0.7870
2024-09-25 05:58:01,699 - Epoch [63/1000], Val Loss: 0.7876
2024-09-25 05:58:01,699 - Epoch [63/1000], Val metric : 0.7872
2024-09-25 06:07:54,880 - Epoch [64/1000], Train Loss: 0.8174
2024-09-25 06:07:54,880 - Epoch [64/1000], Train metric : 0.7870
2024-09-25 06:07:54,880 - Epoch [64/1000], Val Loss: 0.7916
2024-09-25 06:07:54,880 - Epoch [64/1000], Val metric : 0.7872
2024-09-25 06:17:48,094 - Epoch [65/1000], Train Loss: 0.8178
2024-09-25 06:17:48,095 - Epoch [65/1000], Train metric : 0.7894
2024-09-25 06:17:48,095 - Epoch [65/1000], Val Loss: 0.7904
2024-09-25 06:17:48,095 - Epoch [65/1000], Val metric : 0.7717
2024-09-25 06:27:41,273 - Epoch [66/1000], Train Loss: 0.8129
2024-09-25 06:27:41,273 - Epoch [66/1000], Train metric : 0.7874
2024-09-25 06:27:41,274 - Epoch [66/1000], Val Loss: 0.7920
2024-09-25 06:27:41,274 - Epoch [66/1000], Val metric : 0.7854
2024-09-25 06:37:34,479 - Epoch [67/1000], Train Loss: 0.8095
2024-09-25 06:37:34,479 - Epoch [67/1000], Train metric : 0.7874
2024-09-25 06:37:34,479 - Epoch [67/1000], Val Loss: 0.7881
2024-09-25 06:37:34,479 - Epoch [67/1000], Val metric : 0.7729
2024-09-25 06:47:27,760 - Epoch [68/1000], Train Loss: 0.8175
2024-09-25 06:47:27,760 - Epoch [68/1000], Train metric : 0.7865
2024-09-25 06:47:27,760 - Epoch [68/1000], Val Loss: 0.7877
2024-09-25 06:47:27,760 - Epoch [68/1000], Val metric : 0.7806
2024-09-25 06:57:20,934 - Epoch [69/1000], Train Loss: 0.8118
2024-09-25 06:57:20,935 - Epoch [69/1000], Train metric : 0.7881
2024-09-25 06:57:20,935 - Epoch [69/1000], Val Loss: 0.7909
2024-09-25 06:57:20,935 - Epoch [69/1000], Val metric : 0.7769
2024-09-25 07:07:14,090 - Epoch [70/1000], Train Loss: 0.8196
2024-09-25 07:07:14,090 - Epoch [70/1000], Train metric : 0.7895
2024-09-25 07:07:14,090 - Epoch [70/1000], Val Loss: 0.7916
2024-09-25 07:07:14,090 - Epoch [70/1000], Val metric : 0.7806
2024-09-25 07:17:07,396 - Epoch [71/1000], Train Loss: 0.8154
2024-09-25 07:17:07,397 - Epoch [71/1000], Train metric : 0.7886
2024-09-25 07:17:07,397 - Epoch [71/1000], Val Loss: 0.7904
2024-09-25 07:17:07,397 - Epoch [71/1000], Val metric : 0.7850
2024-09-25 07:27:00,579 - Epoch [72/1000], Train Loss: 0.8073
2024-09-25 07:27:00,579 - Epoch [72/1000], Train metric : 0.7901
2024-09-25 07:27:00,579 - Epoch [72/1000], Val Loss: 0.7946
2024-09-25 07:27:00,579 - Epoch [72/1000], Val metric : 0.7792
2024-09-25 07:36:53,727 - Epoch [73/1000], Train Loss: 0.8165
2024-09-25 07:36:53,728 - Epoch [73/1000], Train metric : 0.7885
2024-09-25 07:36:53,728 - Epoch [73/1000], Val Loss: 0.7924
2024-09-25 07:36:53,728 - Epoch [73/1000], Val metric : 0.7868
2024-09-25 07:46:46,891 - Epoch [74/1000], Train Loss: 0.8204
2024-09-25 07:46:46,891 - Epoch [74/1000], Train metric : 0.7876
2024-09-25 07:46:46,891 - Epoch [74/1000], Val Loss: 0.7879
2024-09-25 07:46:46,891 - Epoch [74/1000], Val metric : 0.7767
2024-09-25 07:56:40,093 - Epoch [75/1000], Train Loss: 0.8102
2024-09-25 07:56:40,093 - Epoch [75/1000], Train metric : 0.7889
2024-09-25 07:56:40,093 - Epoch [75/1000], Val Loss: 0.7930
2024-09-25 07:56:40,093 - Epoch [75/1000], Val metric : 0.7758
2024-09-25 08:06:33,359 - Epoch [76/1000], Train Loss: 0.8148
2024-09-25 08:06:33,359 - Epoch [76/1000], Train metric : 0.7888
2024-09-25 08:06:33,359 - Epoch [76/1000], Val Loss: 0.7913
2024-09-25 08:06:33,359 - Epoch [76/1000], Val metric : 0.7827
2024-09-25 08:16:26,579 - Epoch [77/1000], Train Loss: 0.8163
2024-09-25 08:16:26,580 - Epoch [77/1000], Train metric : 0.7882
2024-09-25 08:16:26,580 - Epoch [77/1000], Val Loss: 0.7905
2024-09-25 08:16:26,580 - Epoch [77/1000], Val metric : 0.7713
2024-09-25 08:26:19,669 - Epoch [78/1000], Train Loss: 0.8220
2024-09-25 08:26:19,669 - Epoch [78/1000], Train metric : 0.7876
2024-09-25 08:26:19,669 - Epoch [78/1000], Val Loss: 0.7946
2024-09-25 08:26:19,669 - Epoch [78/1000], Val metric : 0.7733
2024-09-25 08:36:12,827 - Epoch [79/1000], Train Loss: 0.8143
2024-09-25 08:36:12,827 - Epoch [79/1000], Train metric : 0.7882
2024-09-25 08:36:12,827 - Epoch [79/1000], Val Loss: 0.7920
2024-09-25 08:36:12,827 - Epoch [79/1000], Val metric : 0.7728
2024-09-25 08:46:06,067 - Epoch [80/1000], Train Loss: 0.8190
2024-09-25 08:46:06,068 - Epoch [80/1000], Train metric : 0.7863
2024-09-25 08:46:06,068 - Epoch [80/1000], Val Loss: 0.7940
2024-09-25 08:46:06,068 - Epoch [80/1000], Val metric : 0.7734
2024-09-25 08:55:59,281 - Epoch [81/1000], Train Loss: 0.8109
2024-09-25 08:55:59,281 - Epoch [81/1000], Train metric : 0.7882
2024-09-25 08:55:59,281 - Epoch [81/1000], Val Loss: 0.7911
2024-09-25 08:55:59,282 - Epoch [81/1000], Val metric : 0.7884
2024-09-25 09:05:52,783 - Epoch [82/1000], Train Loss: 0.8099
2024-09-25 09:05:52,783 - Epoch [82/1000], Train metric : 0.7901
2024-09-25 09:05:52,783 - Epoch [82/1000], Val Loss: 0.7918
2024-09-25 09:05:52,784 - Epoch [82/1000], Val metric : 0.7795
2024-09-25 09:15:45,939 - Epoch [83/1000], Train Loss: 0.8170
2024-09-25 09:15:45,939 - Epoch [83/1000], Train metric : 0.7885
2024-09-25 09:15:45,939 - Epoch [83/1000], Val Loss: 0.7918
2024-09-25 09:15:45,939 - Epoch [83/1000], Val metric : 0.7788
2024-09-25 09:25:39,146 - Epoch [84/1000], Train Loss: 0.8150
2024-09-25 09:25:39,146 - Epoch [84/1000], Train metric : 0.7878
2024-09-25 09:25:39,146 - Epoch [84/1000], Val Loss: 0.7921
2024-09-25 09:25:39,146 - Epoch [84/1000], Val metric : 0.7838
2024-09-25 09:35:32,370 - Epoch [85/1000], Train Loss: 0.8099
2024-09-25 09:35:32,371 - Epoch [85/1000], Train metric : 0.7887
2024-09-25 09:35:32,371 - Epoch [85/1000], Val Loss: 0.7933
2024-09-25 09:35:32,371 - Epoch [85/1000], Val metric : 0.7849
2024-09-25 09:45:25,565 - Epoch [86/1000], Train Loss: 0.8158
2024-09-25 09:45:25,565 - Epoch [86/1000], Train metric : 0.7891
2024-09-25 09:45:25,566 - Epoch [86/1000], Val Loss: 0.7923
2024-09-25 09:45:25,566 - Epoch [86/1000], Val metric : 0.7826
