2024-09-22 19:12:05,633 - Epoch [1/1000], Train Loss: 1.4907
2024-09-22 19:12:05,633 - Epoch [1/1000], Train metric average : 0.0001
2024-09-22 19:12:05,634 - Epoch [1/1000], Val Loss: 1.4608
2024-09-22 19:12:05,634 - Epoch [1/1000], Val metric average : 0.0775
2024-09-22 19:12:06,741 - Saved best model with Val Loss: 1.4608
2024-09-22 19:12:28,094 - Epoch [2/1000], Train Loss: 1.4409
2024-09-22 19:12:28,094 - Epoch [2/1000], Train metric average : 0.0010
2024-09-22 19:12:28,094 - Epoch [2/1000], Val Loss: 1.4532
2024-09-22 19:12:28,094 - Epoch [2/1000], Val metric average : nan
2024-09-22 19:12:32,388 - Saved best model with Val Loss: 1.4532
2024-09-22 19:12:53,299 - Epoch [3/1000], Train Loss: 1.4435
2024-09-22 19:12:53,299 - Epoch [3/1000], Train metric average : -0.0003
2024-09-22 19:12:53,299 - Epoch [3/1000], Val Loss: 1.4601
2024-09-22 19:12:53,299 - Epoch [3/1000], Val metric average : -0.0087
2024-09-22 19:13:14,306 - Epoch [4/1000], Train Loss: 1.4412
2024-09-22 19:13:14,306 - Epoch [4/1000], Train metric average : -0.0073
2024-09-22 19:13:14,306 - Epoch [4/1000], Val Loss: 1.4691
2024-09-22 19:13:14,306 - Epoch [4/1000], Val metric average : nan
2024-09-22 19:13:35,446 - Epoch [5/1000], Train Loss: 1.4421
2024-09-22 19:13:35,447 - Epoch [5/1000], Train metric average : -0.0053
2024-09-22 19:13:35,447 - Epoch [5/1000], Val Loss: 1.4880
2024-09-22 19:13:35,447 - Epoch [5/1000], Val metric average : nan
2024-09-22 19:14:10,925 - Epoch [1/1000], Train Loss: 1.4695
2024-09-22 19:14:10,925 - Epoch [1/1000], Train metric average : -0.0228
2024-09-22 19:14:10,925 - Epoch [1/1000], Val Loss: 1.5751
2024-09-22 19:14:10,925 - Epoch [1/1000], Val metric average : 0.0090
2024-09-22 19:14:14,453 - Saved best model with Val Loss: 1.5751
2024-09-22 19:14:35,620 - Epoch [2/1000], Train Loss: 1.4458
2024-09-22 19:14:35,621 - Epoch [2/1000], Train metric average : 0.0156
2024-09-22 19:14:35,621 - Epoch [2/1000], Val Loss: 1.4920
2024-09-22 19:14:35,621 - Epoch [2/1000], Val metric average : 0.0337
2024-09-22 19:14:39,270 - Saved best model with Val Loss: 1.4920
2024-09-22 19:15:00,048 - Epoch [3/1000], Train Loss: 1.4393
2024-09-22 19:15:00,049 - Epoch [3/1000], Train metric average : 0.0013
2024-09-22 19:15:00,049 - Epoch [3/1000], Val Loss: 1.5245
2024-09-22 19:15:00,049 - Epoch [3/1000], Val metric average : 0.0414
2024-09-22 19:15:20,917 - Epoch [4/1000], Train Loss: 1.4399
2024-09-22 19:15:20,917 - Epoch [4/1000], Train metric average : 0.0084
2024-09-22 19:15:20,918 - Epoch [4/1000], Val Loss: 1.4979
2024-09-22 19:15:20,918 - Epoch [4/1000], Val metric average : nan
2024-09-22 19:18:14,573 - Epoch [1/1000], Train Loss: 1.4602
2024-09-22 19:18:14,574 - Epoch [1/1000], Train metric average : -0.0105
2024-09-22 19:18:14,574 - Epoch [1/1000], Val Loss: 1.5592
2024-09-22 19:18:14,574 - Epoch [1/1000], Val metric average : -0.0028
2024-09-22 19:18:18,104 - Saved best model with Val Loss: 1.5592
2024-09-22 19:18:39,011 - Epoch [2/1000], Train Loss: 1.4430
2024-09-22 19:18:39,011 - Epoch [2/1000], Train metric average : -0.0128
2024-09-22 19:18:39,012 - Epoch [2/1000], Val Loss: 1.4780
2024-09-22 19:18:39,012 - Epoch [2/1000], Val metric average : 0.0000
2024-09-22 19:18:42,648 - Saved best model with Val Loss: 1.4780
2024-09-22 19:19:03,432 - Epoch [3/1000], Train Loss: 1.4417
2024-09-22 19:19:03,432 - Epoch [3/1000], Train metric average : -0.0016
2024-09-22 19:19:03,433 - Epoch [3/1000], Val Loss: 1.4538
2024-09-22 19:19:03,433 - Epoch [3/1000], Val metric average : -0.0278
2024-09-22 19:19:06,837 - Saved best model with Val Loss: 1.4538
2024-09-22 19:19:27,498 - Epoch [4/1000], Train Loss: 1.4391
2024-09-22 19:19:27,498 - Epoch [4/1000], Train metric average : -0.0035
2024-09-22 19:19:27,498 - Epoch [4/1000], Val Loss: 1.5341
2024-09-22 19:19:27,498 - Epoch [4/1000], Val metric average : 0.0366
2024-09-22 19:19:48,326 - Epoch [5/1000], Train Loss: 1.4440
2024-09-22 19:19:48,326 - Epoch [5/1000], Train metric average : -0.0110
2024-09-22 19:19:48,326 - Epoch [5/1000], Val Loss: 1.4855
2024-09-22 19:19:48,326 - Epoch [5/1000], Val metric average : 0.0000
2024-09-22 19:20:08,975 - Epoch [6/1000], Train Loss: 1.4409
2024-09-22 19:20:08,976 - Epoch [6/1000], Train metric average : -0.0213
2024-09-22 19:20:08,976 - Epoch [6/1000], Val Loss: 1.4451
2024-09-22 19:20:08,976 - Epoch [6/1000], Val metric average : 0.0000
2024-09-22 19:20:12,555 - Saved best model with Val Loss: 1.4451
2024-09-22 19:20:33,407 - Epoch [7/1000], Train Loss: 1.4392
2024-09-22 19:20:33,407 - Epoch [7/1000], Train metric average : 0.0048
2024-09-22 19:20:33,407 - Epoch [7/1000], Val Loss: 1.4957
2024-09-22 19:20:33,408 - Epoch [7/1000], Val metric average : 0.0000
2024-09-22 19:20:53,904 - Epoch [8/1000], Train Loss: 1.4396
2024-09-22 19:20:53,904 - Epoch [8/1000], Train metric average : -0.0098
2024-09-22 19:20:53,904 - Epoch [8/1000], Val Loss: 1.5446
2024-09-22 19:20:53,905 - Epoch [8/1000], Val metric average : 0.0000
2024-09-22 19:21:14,525 - Epoch [9/1000], Train Loss: 1.4397
2024-09-22 19:21:14,525 - Epoch [9/1000], Train metric average : 0.0015
2024-09-22 19:21:14,525 - Epoch [9/1000], Val Loss: 1.4493
2024-09-22 19:21:14,525 - Epoch [9/1000], Val metric average : 0.0000
2024-09-22 19:21:35,297 - Epoch [10/1000], Train Loss: 1.4404
2024-09-22 19:21:35,298 - Epoch [10/1000], Train metric average : -0.0038
2024-09-22 19:21:35,298 - Epoch [10/1000], Val Loss: 1.5380
2024-09-22 19:21:35,298 - Epoch [10/1000], Val metric average : 0.0000
2024-09-22 19:21:55,970 - Epoch [11/1000], Train Loss: 1.4393
2024-09-22 19:21:55,970 - Epoch [11/1000], Train metric average : -0.0099
2024-09-22 19:21:55,970 - Epoch [11/1000], Val Loss: 1.4144
2024-09-22 19:21:55,970 - Epoch [11/1000], Val metric average : 0.0000
2024-09-22 19:21:59,427 - Saved best model with Val Loss: 1.4144
2024-09-22 19:22:20,124 - Epoch [12/1000], Train Loss: 1.4394
2024-09-22 19:22:20,124 - Epoch [12/1000], Train metric average : 0.0049
2024-09-22 19:22:20,124 - Epoch [12/1000], Val Loss: 1.4920
2024-09-22 19:22:20,124 - Epoch [12/1000], Val metric average : 0.0000
2024-09-22 19:22:40,952 - Epoch [13/1000], Train Loss: 1.4409
2024-09-22 19:22:40,953 - Epoch [13/1000], Train metric average : 0.0150
2024-09-22 19:22:40,953 - Epoch [13/1000], Val Loss: 1.4656
2024-09-22 19:22:40,953 - Epoch [13/1000], Val metric average : 0.0000
2024-09-22 19:23:01,508 - Epoch [14/1000], Train Loss: 1.4400
2024-09-22 19:23:01,508 - Epoch [14/1000], Train metric average : 0.0032
2024-09-22 19:23:01,508 - Epoch [14/1000], Val Loss: 1.5520
2024-09-22 19:23:01,508 - Epoch [14/1000], Val metric average : 0.0000
2024-09-22 19:23:22,026 - Epoch [15/1000], Train Loss: 1.4400
2024-09-22 19:23:22,026 - Epoch [15/1000], Train metric average : 0.0080
2024-09-22 19:23:22,026 - Epoch [15/1000], Val Loss: 1.5369
2024-09-22 19:23:22,026 - Epoch [15/1000], Val metric average : 0.0000
2024-09-22 19:23:42,749 - Epoch [16/1000], Train Loss: 1.4399
2024-09-22 19:23:42,749 - Epoch [16/1000], Train metric average : 0.0114
2024-09-22 19:23:42,749 - Epoch [16/1000], Val Loss: 1.3952
2024-09-22 19:23:42,749 - Epoch [16/1000], Val metric average : 0.0000
2024-09-22 19:23:46,413 - Saved best model with Val Loss: 1.3952
2024-09-22 19:24:06,928 - Epoch [17/1000], Train Loss: 1.4397
2024-09-22 19:24:06,929 - Epoch [17/1000], Train metric average : -0.0033
2024-09-22 19:24:06,929 - Epoch [17/1000], Val Loss: 1.5711
2024-09-22 19:24:06,929 - Epoch [17/1000], Val metric average : -0.0000
2024-09-22 19:24:27,566 - Epoch [18/1000], Train Loss: 1.4409
2024-09-22 19:24:27,567 - Epoch [18/1000], Train metric average : -0.0122
2024-09-22 19:24:27,567 - Epoch [18/1000], Val Loss: 1.5307
2024-09-22 19:24:27,567 - Epoch [18/1000], Val metric average : 0.0000
2024-09-22 19:24:48,198 - Epoch [19/1000], Train Loss: 1.4402
2024-09-22 19:24:48,198 - Epoch [19/1000], Train metric average : 0.0179
2024-09-22 19:24:48,198 - Epoch [19/1000], Val Loss: 1.4625
2024-09-22 19:24:48,198 - Epoch [19/1000], Val metric average : 0.0000
2024-09-22 19:25:08,820 - Epoch [20/1000], Train Loss: 1.4387
2024-09-22 19:25:08,820 - Epoch [20/1000], Train metric average : -0.0058
2024-09-22 19:25:08,820 - Epoch [20/1000], Val Loss: 1.4466
2024-09-22 19:25:08,820 - Epoch [20/1000], Val metric average : 0.0000
2024-09-22 19:25:29,399 - Epoch [21/1000], Train Loss: 1.4400
2024-09-22 19:25:29,399 - Epoch [21/1000], Train metric average : -0.0142
2024-09-22 19:25:29,399 - Epoch [21/1000], Val Loss: 1.4191
2024-09-22 19:25:29,399 - Epoch [21/1000], Val metric average : 0.0000
2024-09-22 19:25:50,079 - Epoch [22/1000], Train Loss: 1.4388
2024-09-22 19:25:50,079 - Epoch [22/1000], Train metric average : 0.0044
2024-09-22 19:25:50,079 - Epoch [22/1000], Val Loss: 1.4854
2024-09-22 19:25:50,079 - Epoch [22/1000], Val metric average : 0.0000
2024-09-22 19:26:10,553 - Epoch [23/1000], Train Loss: 1.4412
2024-09-22 19:26:10,553 - Epoch [23/1000], Train metric average : -0.0036
2024-09-22 19:26:10,553 - Epoch [23/1000], Val Loss: 1.4951
2024-09-22 19:26:10,553 - Epoch [23/1000], Val metric average : 0.0000
2024-09-22 19:26:31,235 - Epoch [24/1000], Train Loss: 1.4392
2024-09-22 19:26:31,236 - Epoch [24/1000], Train metric average : -0.0177
2024-09-22 19:26:31,236 - Epoch [24/1000], Val Loss: 1.4699
2024-09-22 19:26:31,236 - Epoch [24/1000], Val metric average : 0.0000
2024-09-22 19:26:51,850 - Epoch [25/1000], Train Loss: 1.4387
2024-09-22 19:26:51,850 - Epoch [25/1000], Train metric average : -0.0077
2024-09-22 19:26:51,850 - Epoch [25/1000], Val Loss: 1.4655
2024-09-22 19:26:51,851 - Epoch [25/1000], Val metric average : 0.0000
2024-09-22 19:27:12,326 - Epoch [26/1000], Train Loss: 1.4384
2024-09-22 19:27:12,326 - Epoch [26/1000], Train metric average : 0.0104
2024-09-22 19:27:12,326 - Epoch [26/1000], Val Loss: 1.4651
2024-09-22 19:27:12,326 - Epoch [26/1000], Val metric average : 0.0000
2024-09-22 19:27:33,002 - Epoch [27/1000], Train Loss: 1.4387
2024-09-22 19:27:33,002 - Epoch [27/1000], Train metric average : -0.0016
2024-09-22 19:27:33,002 - Epoch [27/1000], Val Loss: 1.5156
2024-09-22 19:27:33,002 - Epoch [27/1000], Val metric average : 0.0000
2024-09-22 19:27:53,423 - Epoch [28/1000], Train Loss: 1.4383
2024-09-22 19:27:53,424 - Epoch [28/1000], Train metric average : -0.0004
2024-09-22 19:27:53,424 - Epoch [28/1000], Val Loss: 1.4304
2024-09-22 19:27:53,424 - Epoch [28/1000], Val metric average : 0.0000
2024-09-22 19:28:14,065 - Epoch [29/1000], Train Loss: 1.4385
2024-09-22 19:28:14,066 - Epoch [29/1000], Train metric average : -0.0024
2024-09-22 19:28:14,066 - Epoch [29/1000], Val Loss: 1.4241
2024-09-22 19:28:14,066 - Epoch [29/1000], Val metric average : 0.0000
2024-09-22 19:28:34,633 - Epoch [30/1000], Train Loss: 1.4383
2024-09-22 19:28:34,633 - Epoch [30/1000], Train metric average : -0.0132
2024-09-22 19:28:34,633 - Epoch [30/1000], Val Loss: 1.5095
2024-09-22 19:28:34,634 - Epoch [30/1000], Val metric average : 0.0000
2024-09-22 19:28:55,218 - Epoch [31/1000], Train Loss: 1.4386
2024-09-22 19:28:55,218 - Epoch [31/1000], Train metric average : -0.0092
2024-09-22 19:28:55,218 - Epoch [31/1000], Val Loss: 1.5109
2024-09-22 19:28:55,218 - Epoch [31/1000], Val metric average : 0.0000
2024-09-22 19:33:27,692 - Epoch [1/1000], Train Loss: 1.4747
2024-09-22 19:33:27,692 - Epoch [1/1000], Train metric average : -0.0024
2024-09-22 19:33:27,693 - Epoch [1/1000], Val Loss: 1.5011
2024-09-22 19:33:27,693 - Epoch [1/1000], Val metric average : -0.0622
2024-09-22 19:33:31,203 - Saved best model with Val Loss: 1.5011
2024-09-22 19:33:51,970 - Epoch [2/1000], Train Loss: 1.4409
2024-09-22 19:33:51,970 - Epoch [2/1000], Train metric average : 0.0087
2024-09-22 19:33:51,970 - Epoch [2/1000], Val Loss: 1.5165
2024-09-22 19:33:51,970 - Epoch [2/1000], Val metric average : -0.0309
2024-09-22 19:34:12,792 - Epoch [3/1000], Train Loss: 1.4415
2024-09-22 19:34:12,792 - Epoch [3/1000], Train metric average : 0.0051
2024-09-22 19:34:12,792 - Epoch [3/1000], Val Loss: 1.4334
2024-09-22 19:34:12,792 - Epoch [3/1000], Val metric average : 0.0960
2024-09-22 19:34:16,358 - Saved best model with Val Loss: 1.4334
2024-09-22 19:34:36,984 - Epoch [4/1000], Train Loss: 1.4394
2024-09-22 19:34:36,985 - Epoch [4/1000], Train metric average : -0.0105
2024-09-22 19:34:36,985 - Epoch [4/1000], Val Loss: 1.4225
2024-09-22 19:34:36,985 - Epoch [4/1000], Val metric average : 0.0340
2024-09-22 19:34:40,452 - Saved best model with Val Loss: 1.4225
2024-09-22 19:35:01,303 - Epoch [5/1000], Train Loss: 1.4406
2024-09-22 19:35:01,303 - Epoch [5/1000], Train metric average : 0.0032
2024-09-22 19:35:01,303 - Epoch [5/1000], Val Loss: 1.4489
2024-09-22 19:35:01,303 - Epoch [5/1000], Val metric average : -0.0000
2024-09-22 19:35:22,002 - Epoch [6/1000], Train Loss: 1.4399
2024-09-22 19:35:22,002 - Epoch [6/1000], Train metric average : -0.0040
2024-09-22 19:35:22,002 - Epoch [6/1000], Val Loss: 1.4176
2024-09-22 19:35:22,002 - Epoch [6/1000], Val metric average : 0.0000
2024-09-22 19:35:25,444 - Saved best model with Val Loss: 1.4176
2024-09-22 19:35:45,983 - Epoch [7/1000], Train Loss: 1.4408
2024-09-22 19:35:45,983 - Epoch [7/1000], Train metric average : -0.0030
2024-09-22 19:35:45,983 - Epoch [7/1000], Val Loss: 1.4123
2024-09-22 19:35:45,983 - Epoch [7/1000], Val metric average : 0.0000
2024-09-22 19:35:49,315 - Saved best model with Val Loss: 1.4123
2024-09-22 19:36:10,141 - Epoch [8/1000], Train Loss: 1.4405
2024-09-22 19:36:10,141 - Epoch [8/1000], Train metric average : -0.0073
2024-09-22 19:36:10,141 - Epoch [8/1000], Val Loss: 1.5349
2024-09-22 19:36:10,141 - Epoch [8/1000], Val metric average : 0.0000
2024-09-22 19:36:30,783 - Epoch [9/1000], Train Loss: 1.4397
2024-09-22 19:36:30,783 - Epoch [9/1000], Train metric average : -0.0016
2024-09-22 19:36:30,783 - Epoch [9/1000], Val Loss: 1.5277
2024-09-22 19:36:30,783 - Epoch [9/1000], Val metric average : 0.0000
2024-09-22 19:36:51,407 - Epoch [10/1000], Train Loss: 1.4383
2024-09-22 19:36:51,407 - Epoch [10/1000], Train metric average : -0.0038
2024-09-22 19:36:51,407 - Epoch [10/1000], Val Loss: 1.3882
2024-09-22 19:36:51,407 - Epoch [10/1000], Val metric average : 0.0000
2024-09-22 19:36:54,857 - Saved best model with Val Loss: 1.3882
2024-09-22 19:37:15,568 - Epoch [11/1000], Train Loss: 1.4403
2024-09-22 19:37:15,568 - Epoch [11/1000], Train metric average : 0.0070
2024-09-22 19:37:15,568 - Epoch [11/1000], Val Loss: 1.4781
2024-09-22 19:37:15,568 - Epoch [11/1000], Val metric average : 0.0000
2024-09-22 19:37:36,190 - Epoch [12/1000], Train Loss: 1.4392
2024-09-22 19:37:36,191 - Epoch [12/1000], Train metric average : -0.0067
2024-09-22 19:37:36,191 - Epoch [12/1000], Val Loss: 1.4931
2024-09-22 19:37:36,191 - Epoch [12/1000], Val metric average : 0.0000
2024-09-22 19:37:56,738 - Epoch [13/1000], Train Loss: 1.4411
2024-09-22 19:37:56,739 - Epoch [13/1000], Train metric average : 0.0016
2024-09-22 19:37:56,739 - Epoch [13/1000], Val Loss: 1.4966
2024-09-22 19:37:56,739 - Epoch [13/1000], Val metric average : 0.0000
2024-09-22 19:38:17,293 - Epoch [14/1000], Train Loss: 1.4388
2024-09-22 19:38:17,293 - Epoch [14/1000], Train metric average : 0.0131
2024-09-22 19:38:17,293 - Epoch [14/1000], Val Loss: 1.5273
2024-09-22 19:38:17,293 - Epoch [14/1000], Val metric average : 0.0000
2024-09-22 19:38:37,855 - Epoch [15/1000], Train Loss: 1.4397
2024-09-22 19:38:37,856 - Epoch [15/1000], Train metric average : -0.0138
2024-09-22 19:38:37,856 - Epoch [15/1000], Val Loss: 1.4630
2024-09-22 19:38:37,856 - Epoch [15/1000], Val metric average : 0.0000
2024-09-22 19:38:58,532 - Epoch [16/1000], Train Loss: 1.4388
2024-09-22 19:38:58,532 - Epoch [16/1000], Train metric average : -0.0017
2024-09-22 19:38:58,533 - Epoch [16/1000], Val Loss: 1.4876
2024-09-22 19:38:58,533 - Epoch [16/1000], Val metric average : 0.0000
2024-09-22 19:39:18,984 - Epoch [17/1000], Train Loss: 1.4402
2024-09-22 19:39:18,985 - Epoch [17/1000], Train metric average : -0.0092
2024-09-22 19:39:18,985 - Epoch [17/1000], Val Loss: 1.4470
2024-09-22 19:39:18,985 - Epoch [17/1000], Val metric average : 0.0000
2024-09-22 19:39:39,511 - Epoch [18/1000], Train Loss: 1.4388
2024-09-22 19:39:39,512 - Epoch [18/1000], Train metric average : 0.0053
2024-09-22 19:39:39,512 - Epoch [18/1000], Val Loss: 1.5156
2024-09-22 19:39:39,512 - Epoch [18/1000], Val metric average : 0.0000
2024-09-22 19:40:00,310 - Epoch [19/1000], Train Loss: 1.4386
2024-09-22 19:40:00,310 - Epoch [19/1000], Train metric average : 0.0021
2024-09-22 19:40:00,310 - Epoch [19/1000], Val Loss: 1.4115
2024-09-22 19:40:00,310 - Epoch [19/1000], Val metric average : 0.0000
2024-09-22 19:41:01,422 - Epoch [1/1000], Train Loss: 1.4625
2024-09-22 19:41:01,422 - Epoch [1/1000], Train metric average : -0.0116
2024-09-22 19:41:01,422 - Epoch [1/1000], Val Loss: 1.4410
2024-09-22 19:41:01,422 - Epoch [1/1000], Val metric average : -0.0769
2024-09-22 19:41:04,703 - Saved best model with Val Loss: 1.4410
2024-09-22 19:41:25,945 - Epoch [2/1000], Train Loss: 1.4460
2024-09-22 19:41:25,945 - Epoch [2/1000], Train metric average : -0.0078
2024-09-22 19:41:25,945 - Epoch [2/1000], Val Loss: 1.4370
2024-09-22 19:41:25,945 - Epoch [2/1000], Val metric average : 0.0150
2024-09-22 19:41:29,582 - Saved best model with Val Loss: 1.4370
2024-09-22 19:41:50,257 - Epoch [3/1000], Train Loss: 1.4448
2024-09-22 19:41:50,258 - Epoch [3/1000], Train metric average : -0.0001
2024-09-22 19:41:50,258 - Epoch [3/1000], Val Loss: 1.4650
2024-09-22 19:41:50,258 - Epoch [3/1000], Val metric average : -0.0865
2024-09-22 19:42:11,160 - Epoch [4/1000], Train Loss: 1.4448
2024-09-22 19:42:11,161 - Epoch [4/1000], Train metric average : 0.0042
2024-09-22 19:42:11,161 - Epoch [4/1000], Val Loss: 1.5315
2024-09-22 19:42:11,161 - Epoch [4/1000], Val metric average : 0.0507
2024-09-22 19:42:32,057 - Epoch [5/1000], Train Loss: 1.4434
2024-09-22 19:42:32,058 - Epoch [5/1000], Train metric average : 0.0002
2024-09-22 19:42:32,058 - Epoch [5/1000], Val Loss: 1.4737
2024-09-22 19:42:32,058 - Epoch [5/1000], Val metric average : 0.0174
2024-09-22 19:42:52,817 - Epoch [6/1000], Train Loss: 1.4434
2024-09-22 19:42:52,817 - Epoch [6/1000], Train metric average : 0.0035
2024-09-22 19:42:52,818 - Epoch [6/1000], Val Loss: 1.4874
2024-09-22 19:42:52,818 - Epoch [6/1000], Val metric average : 0.0069
2024-09-22 19:43:13,826 - Epoch [7/1000], Train Loss: 1.4421
2024-09-22 19:43:13,827 - Epoch [7/1000], Train metric average : -0.0095
2024-09-22 19:43:13,827 - Epoch [7/1000], Val Loss: 1.3982
2024-09-22 19:43:13,827 - Epoch [7/1000], Val metric average : 0.0902
2024-09-22 19:43:17,204 - Saved best model with Val Loss: 1.3982
2024-09-22 19:43:37,902 - Epoch [8/1000], Train Loss: 1.4415
2024-09-22 19:43:37,902 - Epoch [8/1000], Train metric average : -0.0158
2024-09-22 19:43:37,903 - Epoch [8/1000], Val Loss: 1.3791
2024-09-22 19:43:37,903 - Epoch [8/1000], Val metric average : 0.0339
2024-09-22 19:43:41,311 - Saved best model with Val Loss: 1.3791
2024-09-22 19:44:02,324 - Epoch [9/1000], Train Loss: 1.4458
2024-09-22 19:44:02,325 - Epoch [9/1000], Train metric average : 0.0108
2024-09-22 19:44:02,325 - Epoch [9/1000], Val Loss: 1.5212
2024-09-22 19:44:02,325 - Epoch [9/1000], Val metric average : 0.0588
2024-09-22 19:44:22,992 - Epoch [10/1000], Train Loss: 1.4417
2024-09-22 19:44:22,992 - Epoch [10/1000], Train metric average : 0.0016
2024-09-22 19:44:22,994 - Epoch [10/1000], Val Loss: 1.5524
2024-09-22 19:44:22,994 - Epoch [10/1000], Val metric average : -0.0403
2024-09-22 19:44:43,878 - Epoch [11/1000], Train Loss: 1.4416
2024-09-22 19:44:43,879 - Epoch [11/1000], Train metric average : 0.0102
2024-09-22 19:44:43,879 - Epoch [11/1000], Val Loss: 1.4728
2024-09-22 19:44:43,879 - Epoch [11/1000], Val metric average : 0.0496
2024-09-22 19:45:04,963 - Epoch [12/1000], Train Loss: 1.4412
2024-09-22 19:45:04,964 - Epoch [12/1000], Train metric average : 0.0037
2024-09-22 19:45:04,964 - Epoch [12/1000], Val Loss: 1.4152
2024-09-22 19:45:04,964 - Epoch [12/1000], Val metric average : -0.0162
2024-09-22 19:45:54,497 - Epoch [1/1000], Train Loss: 1.4582
2024-09-22 19:45:54,497 - Epoch [1/1000], Train metric average : -0.0114
2024-09-22 19:45:54,498 - Epoch [1/1000], Val Loss: 1.4149
2024-09-22 19:45:54,498 - Epoch [1/1000], Val metric average : 0.0679
2024-09-22 19:45:57,993 - Saved best model with Val Loss: 1.4149
2024-09-22 19:46:17,949 - Epoch [2/1000], Train Loss: 1.4446
2024-09-22 19:46:17,950 - Epoch [2/1000], Train metric average : 0.0030
2024-09-22 19:46:17,950 - Epoch [2/1000], Val Loss: 1.5027
2024-09-22 19:46:17,950 - Epoch [2/1000], Val metric average : 0.0628
2024-09-22 19:46:37,952 - Epoch [3/1000], Train Loss: 1.4434
2024-09-22 19:46:37,953 - Epoch [3/1000], Train metric average : 0.0084
2024-09-22 19:46:37,953 - Epoch [3/1000], Val Loss: 1.4257
2024-09-22 19:46:37,953 - Epoch [3/1000], Val metric average : -0.0988
2024-09-22 19:46:58,065 - Epoch [4/1000], Train Loss: 1.4432
2024-09-22 19:46:58,065 - Epoch [4/1000], Train metric average : -0.0080
2024-09-22 19:46:58,065 - Epoch [4/1000], Val Loss: 1.4769
2024-09-22 19:46:58,065 - Epoch [4/1000], Val metric average : 0.1014
2024-09-22 19:47:18,047 - Epoch [5/1000], Train Loss: 1.4444
2024-09-22 19:47:18,047 - Epoch [5/1000], Train metric average : 0.0091
2024-09-22 19:47:18,047 - Epoch [5/1000], Val Loss: 1.5531
2024-09-22 19:47:18,047 - Epoch [5/1000], Val metric average : -0.0213
2024-09-22 19:47:38,135 - Epoch [6/1000], Train Loss: 1.4422
2024-09-22 19:47:38,136 - Epoch [6/1000], Train metric average : 0.0018
2024-09-22 19:47:38,136 - Epoch [6/1000], Val Loss: 1.4586
2024-09-22 19:47:38,136 - Epoch [6/1000], Val metric average : -0.0137
2024-09-22 19:47:58,099 - Epoch [7/1000], Train Loss: 1.4421
2024-09-22 19:47:58,099 - Epoch [7/1000], Train metric average : 0.0205
2024-09-22 19:47:58,099 - Epoch [7/1000], Val Loss: 1.4997
2024-09-22 19:47:58,099 - Epoch [7/1000], Val metric average : -0.0141
2024-09-22 19:48:18,053 - Epoch [8/1000], Train Loss: 1.4394
2024-09-22 19:48:18,053 - Epoch [8/1000], Train metric average : -0.0007
2024-09-22 19:48:18,053 - Epoch [8/1000], Val Loss: 1.4807
2024-09-22 19:48:18,053 - Epoch [8/1000], Val metric average : -0.1548
2024-09-22 19:48:37,959 - Epoch [9/1000], Train Loss: 1.4412
2024-09-22 19:48:37,959 - Epoch [9/1000], Train metric average : -0.0042
2024-09-22 19:48:37,959 - Epoch [9/1000], Val Loss: 1.4725
2024-09-22 19:48:37,959 - Epoch [9/1000], Val metric average : -0.0161
2024-09-22 19:48:57,806 - Epoch [10/1000], Train Loss: 1.4409
2024-09-22 19:48:57,806 - Epoch [10/1000], Train metric average : -0.0369
2024-09-22 19:48:57,806 - Epoch [10/1000], Val Loss: 1.4827
2024-09-22 19:48:57,807 - Epoch [10/1000], Val metric average : -0.1300
2024-09-22 19:49:17,825 - Epoch [11/1000], Train Loss: 1.4410
2024-09-22 19:49:17,825 - Epoch [11/1000], Train metric average : 0.0017
2024-09-22 19:49:17,825 - Epoch [11/1000], Val Loss: 1.4398
2024-09-22 19:49:17,825 - Epoch [11/1000], Val metric average : -0.0031
2024-09-22 19:49:37,891 - Epoch [12/1000], Train Loss: 1.4421
2024-09-22 19:49:37,891 - Epoch [12/1000], Train metric average : -0.0045
2024-09-22 19:49:37,891 - Epoch [12/1000], Val Loss: 1.5616
2024-09-22 19:49:37,891 - Epoch [12/1000], Val metric average : -0.0946
2024-09-22 19:49:57,921 - Epoch [13/1000], Train Loss: 1.4401
2024-09-22 19:49:57,922 - Epoch [13/1000], Train metric average : -0.0136
2024-09-22 19:49:57,922 - Epoch [13/1000], Val Loss: 1.4376
2024-09-22 19:49:57,922 - Epoch [13/1000], Val metric average : -0.0681
2024-09-22 19:50:17,682 - Epoch [14/1000], Train Loss: 1.4396
2024-09-22 19:50:17,682 - Epoch [14/1000], Train metric average : -0.0008
2024-09-22 19:50:17,682 - Epoch [14/1000], Val Loss: 1.5124
2024-09-22 19:50:17,682 - Epoch [14/1000], Val metric average : -0.0376
2024-09-22 19:50:37,870 - Epoch [15/1000], Train Loss: 1.4374
2024-09-22 19:50:37,871 - Epoch [15/1000], Train metric average : -0.0116
2024-09-22 19:50:37,871 - Epoch [15/1000], Val Loss: 1.4852
2024-09-22 19:50:37,871 - Epoch [15/1000], Val metric average : -0.0858
2024-09-22 19:50:57,903 - Epoch [16/1000], Train Loss: 1.4390
2024-09-22 19:50:57,903 - Epoch [16/1000], Train metric average : 0.0094
2024-09-22 19:50:57,904 - Epoch [16/1000], Val Loss: 1.5251
2024-09-22 19:50:57,904 - Epoch [16/1000], Val metric average : -0.0459
2024-09-22 19:51:17,750 - Epoch [17/1000], Train Loss: 1.4409
2024-09-22 19:51:17,750 - Epoch [17/1000], Train metric average : 0.0084
2024-09-22 19:51:17,751 - Epoch [17/1000], Val Loss: 1.5363
2024-09-22 19:51:17,751 - Epoch [17/1000], Val metric average : 0.0248
2024-09-22 19:51:58,586 - Epoch [1/1000], Train Loss: 1.4681
2024-09-22 19:51:58,586 - Epoch [1/1000], Train metric average : 0.0037
2024-09-22 19:51:58,586 - Epoch [1/1000], Val Loss: 1.5505
2024-09-22 19:51:58,587 - Epoch [1/1000], Val metric average : 0.1228
2024-09-22 19:52:01,887 - Saved best model with Val Loss: 1.5505
2024-09-22 19:52:41,088 - Epoch [1/1000], Train Loss: 2.7705
2024-09-22 19:52:41,088 - Epoch [1/1000], Train metric average : 0.0152
2024-09-22 19:52:41,088 - Epoch [1/1000], Val Loss: 2.8778
2024-09-22 19:52:41,088 - Epoch [1/1000], Val metric average : 0.0586
2024-09-22 19:52:44,313 - Saved best model with Val Loss: 2.8778
2024-09-22 19:53:04,532 - Epoch [2/1000], Train Loss: 2.6223
2024-09-22 19:53:04,532 - Epoch [2/1000], Train metric average : -0.0252
2024-09-22 19:53:04,532 - Epoch [2/1000], Val Loss: 2.5307
2024-09-22 19:53:04,532 - Epoch [2/1000], Val metric average : 0.1672
2024-09-22 19:53:07,771 - Saved best model with Val Loss: 2.5307
2024-09-22 19:53:27,963 - Epoch [3/1000], Train Loss: 2.6143
2024-09-22 19:53:27,963 - Epoch [3/1000], Train metric average : -0.0161
2024-09-22 19:53:27,963 - Epoch [3/1000], Val Loss: 2.7233
2024-09-22 19:53:27,963 - Epoch [3/1000], Val metric average : 0.0623
2024-09-22 19:53:48,090 - Epoch [4/1000], Train Loss: 2.6070
2024-09-22 19:53:48,090 - Epoch [4/1000], Train metric average : 0.0128
2024-09-22 19:53:48,090 - Epoch [4/1000], Val Loss: 2.4274
2024-09-22 19:53:48,090 - Epoch [4/1000], Val metric average : -0.0167
2024-09-22 19:53:51,447 - Saved best model with Val Loss: 2.4274
2024-09-22 19:54:11,623 - Epoch [5/1000], Train Loss: 2.6109
2024-09-22 19:54:11,623 - Epoch [5/1000], Train metric average : 0.0015
2024-09-22 19:54:11,623 - Epoch [5/1000], Val Loss: 2.7136
2024-09-22 19:54:11,623 - Epoch [5/1000], Val metric average : 0.0406
2024-09-22 19:54:31,665 - Epoch [6/1000], Train Loss: 2.6007
2024-09-22 19:54:31,665 - Epoch [6/1000], Train metric average : -0.0188
2024-09-22 19:54:31,665 - Epoch [6/1000], Val Loss: 2.3792
2024-09-22 19:54:31,665 - Epoch [6/1000], Val metric average : 0.0036
2024-09-22 19:54:34,991 - Saved best model with Val Loss: 2.3792
2024-09-22 19:54:55,128 - Epoch [7/1000], Train Loss: 2.6051
2024-09-22 19:54:55,128 - Epoch [7/1000], Train metric average : 0.0015
2024-09-22 19:54:55,128 - Epoch [7/1000], Val Loss: 2.6982
2024-09-22 19:54:55,128 - Epoch [7/1000], Val metric average : 0.0361
2024-09-22 19:55:14,903 - Epoch [8/1000], Train Loss: 2.6019
2024-09-22 19:55:14,903 - Epoch [8/1000], Train metric average : -0.0007
2024-09-22 19:55:14,903 - Epoch [8/1000], Val Loss: 2.7627
2024-09-22 19:55:14,903 - Epoch [8/1000], Val metric average : -0.0518
2024-09-22 19:55:34,964 - Epoch [9/1000], Train Loss: 2.5953
2024-09-22 19:55:34,964 - Epoch [9/1000], Train metric average : 0.0068
2024-09-22 19:55:34,964 - Epoch [9/1000], Val Loss: 2.5841
2024-09-22 19:55:34,964 - Epoch [9/1000], Val metric average : -0.0282
2024-09-22 19:55:54,992 - Epoch [10/1000], Train Loss: 2.5946
2024-09-22 19:55:54,992 - Epoch [10/1000], Train metric average : 0.0055
2024-09-22 19:55:54,992 - Epoch [10/1000], Val Loss: 2.6640
2024-09-22 19:55:54,992 - Epoch [10/1000], Val metric average : -0.0160
2024-09-22 19:56:14,853 - Epoch [11/1000], Train Loss: 2.5994
2024-09-22 19:56:14,853 - Epoch [11/1000], Train metric average : -0.0009
2024-09-22 19:56:14,853 - Epoch [11/1000], Val Loss: 2.7110
2024-09-22 19:56:14,853 - Epoch [11/1000], Val metric average : 0.0117
2024-09-22 19:56:34,917 - Epoch [12/1000], Train Loss: 2.5962
2024-09-22 19:56:34,918 - Epoch [12/1000], Train metric average : 0.0190
2024-09-22 19:56:34,918 - Epoch [12/1000], Val Loss: 2.9209
2024-09-22 19:56:34,918 - Epoch [12/1000], Val metric average : 0.1325
2024-09-22 19:56:55,168 - Epoch [13/1000], Train Loss: 2.5889
2024-09-22 19:56:55,168 - Epoch [13/1000], Train metric average : 0.0034
2024-09-22 19:56:55,168 - Epoch [13/1000], Val Loss: 2.6906
2024-09-22 19:56:55,168 - Epoch [13/1000], Val metric average : 0.0017
2024-09-22 19:57:15,193 - Epoch [14/1000], Train Loss: 2.5994
2024-09-22 19:57:15,194 - Epoch [14/1000], Train metric average : 0.0100
2024-09-22 19:57:15,194 - Epoch [14/1000], Val Loss: 2.7893
2024-09-22 19:57:15,194 - Epoch [14/1000], Val metric average : 0.0237
2024-09-22 19:57:35,243 - Epoch [15/1000], Train Loss: 2.5944
2024-09-22 19:57:35,243 - Epoch [15/1000], Train metric average : -0.0101
2024-09-22 19:57:35,243 - Epoch [15/1000], Val Loss: 2.7568
2024-09-22 19:57:35,243 - Epoch [15/1000], Val metric average : -0.0577
2024-09-22 19:57:55,290 - Epoch [16/1000], Train Loss: 2.5852
2024-09-22 19:57:55,290 - Epoch [16/1000], Train metric average : 0.0033
2024-09-22 19:57:55,290 - Epoch [16/1000], Val Loss: 2.9223
2024-09-22 19:57:55,290 - Epoch [16/1000], Val metric average : 0.0064
2024-09-22 19:58:15,214 - Epoch [17/1000], Train Loss: 2.5908
2024-09-22 19:58:15,214 - Epoch [17/1000], Train metric average : 0.0114
2024-09-22 19:58:15,215 - Epoch [17/1000], Val Loss: 2.6108
2024-09-22 19:58:15,215 - Epoch [17/1000], Val metric average : -0.0511
2024-09-22 19:58:35,299 - Epoch [18/1000], Train Loss: 2.5914
2024-09-22 19:58:35,299 - Epoch [18/1000], Train metric average : -0.0071
2024-09-22 19:58:35,300 - Epoch [18/1000], Val Loss: 2.7668
2024-09-22 19:58:35,300 - Epoch [18/1000], Val metric average : -0.0276
2024-09-22 19:58:55,431 - Epoch [19/1000], Train Loss: 2.5863
2024-09-22 19:58:55,431 - Epoch [19/1000], Train metric average : -0.0210
2024-09-22 19:58:55,431 - Epoch [19/1000], Val Loss: 2.6998
2024-09-22 19:58:55,432 - Epoch [19/1000], Val metric average : -0.0185
2024-09-22 19:59:15,443 - Epoch [20/1000], Train Loss: 2.5871
2024-09-22 19:59:15,443 - Epoch [20/1000], Train metric average : 0.0008
2024-09-22 19:59:15,443 - Epoch [20/1000], Val Loss: 2.5988
2024-09-22 19:59:15,443 - Epoch [20/1000], Val metric average : 0.0458
2024-09-22 19:59:35,442 - Epoch [21/1000], Train Loss: 2.5906
2024-09-22 19:59:35,442 - Epoch [21/1000], Train metric average : -0.0040
2024-09-22 19:59:35,442 - Epoch [21/1000], Val Loss: 2.4368
2024-09-22 19:59:35,442 - Epoch [21/1000], Val metric average : -0.0186
2024-09-22 19:59:55,436 - Epoch [22/1000], Train Loss: 2.5882
2024-09-22 19:59:55,436 - Epoch [22/1000], Train metric average : 0.0131
2024-09-22 19:59:55,436 - Epoch [22/1000], Val Loss: 2.5432
2024-09-22 19:59:55,436 - Epoch [22/1000], Val metric average : -0.0389
2024-09-22 20:00:15,432 - Epoch [23/1000], Train Loss: 2.5893
2024-09-22 20:00:15,433 - Epoch [23/1000], Train metric average : 0.0153
2024-09-22 20:00:15,433 - Epoch [23/1000], Val Loss: 2.8369
2024-09-22 20:00:15,433 - Epoch [23/1000], Val metric average : -0.0034
2024-09-22 20:00:35,465 - Epoch [24/1000], Train Loss: 2.5913
2024-09-22 20:00:35,465 - Epoch [24/1000], Train metric average : -0.0012
2024-09-22 20:00:35,465 - Epoch [24/1000], Val Loss: 2.7346
2024-09-22 20:00:35,465 - Epoch [24/1000], Val metric average : 0.0276
2024-09-22 20:00:55,419 - Epoch [25/1000], Train Loss: 2.5925
2024-09-22 20:00:55,419 - Epoch [25/1000], Train metric average : -0.0051
2024-09-22 20:00:55,419 - Epoch [25/1000], Val Loss: 2.7800
2024-09-22 20:00:55,419 - Epoch [25/1000], Val metric average : 0.0134
2024-09-22 20:01:15,328 - Epoch [26/1000], Train Loss: 2.5931
2024-09-22 20:01:15,328 - Epoch [26/1000], Train metric average : 0.0025
2024-09-22 20:01:15,328 - Epoch [26/1000], Val Loss: 2.7073
2024-09-22 20:01:15,328 - Epoch [26/1000], Val metric average : -0.0507
2024-09-22 20:01:35,441 - Epoch [27/1000], Train Loss: 2.5857
2024-09-22 20:01:35,441 - Epoch [27/1000], Train metric average : 0.0128
2024-09-22 20:01:35,441 - Epoch [27/1000], Val Loss: 2.6495
2024-09-22 20:01:35,442 - Epoch [27/1000], Val metric average : 0.0068
2024-09-22 20:01:55,514 - Epoch [28/1000], Train Loss: 2.5903
2024-09-22 20:01:55,514 - Epoch [28/1000], Train metric average : -0.0047
2024-09-22 20:01:55,514 - Epoch [28/1000], Val Loss: 2.5523
2024-09-22 20:01:55,514 - Epoch [28/1000], Val metric average : 0.0630
2024-09-22 20:02:15,322 - Epoch [29/1000], Train Loss: 2.5863
2024-09-22 20:02:15,322 - Epoch [29/1000], Train metric average : -0.0067
2024-09-22 20:02:15,322 - Epoch [29/1000], Val Loss: 2.7633
2024-09-22 20:02:15,322 - Epoch [29/1000], Val metric average : 0.0002
2024-09-22 20:02:35,352 - Epoch [30/1000], Train Loss: 2.5824
2024-09-22 20:02:35,352 - Epoch [30/1000], Train metric average : 0.0239
2024-09-22 20:02:35,352 - Epoch [30/1000], Val Loss: 2.5179
2024-09-22 20:02:35,352 - Epoch [30/1000], Val metric average : 0.0312
2024-09-22 20:02:55,093 - Epoch [31/1000], Train Loss: 2.5866
2024-09-22 20:02:55,094 - Epoch [31/1000], Train metric average : 0.0113
2024-09-22 20:02:55,094 - Epoch [31/1000], Val Loss: 2.6722
2024-09-22 20:02:55,094 - Epoch [31/1000], Val metric average : 0.1284
2024-09-22 20:03:15,036 - Epoch [32/1000], Train Loss: 2.5813
2024-09-22 20:03:15,036 - Epoch [32/1000], Train metric average : 0.0005
2024-09-22 20:03:15,037 - Epoch [32/1000], Val Loss: 2.9121
2024-09-22 20:03:15,037 - Epoch [32/1000], Val metric average : 0.0239
2024-09-22 20:03:35,018 - Epoch [33/1000], Train Loss: 2.5904
2024-09-22 20:03:35,019 - Epoch [33/1000], Train metric average : 0.0050
2024-09-22 20:03:35,019 - Epoch [33/1000], Val Loss: 2.7978
2024-09-22 20:03:35,019 - Epoch [33/1000], Val metric average : -0.0072
2024-09-22 20:05:19,122 - Epoch [1/1000], Train Loss: 10.9506
2024-09-22 20:05:19,122 - Epoch [1/1000], Train metric average : -0.0007
2024-09-22 20:05:19,122 - Epoch [1/1000], Val Loss: 2.1654
2024-09-22 20:05:19,122 - Epoch [1/1000], Val metric average : 0.0741
2024-09-22 20:05:22,754 - Saved best model with Val Loss: 2.1654
2024-09-22 20:05:42,807 - Epoch [2/1000], Train Loss: 2.8535
2024-09-22 20:05:42,807 - Epoch [2/1000], Train metric average : -0.0164
2024-09-22 20:05:42,807 - Epoch [2/1000], Val Loss: 2.6839
2024-09-22 20:05:42,808 - Epoch [2/1000], Val metric average : 0.0004
2024-09-22 20:06:02,830 - Epoch [3/1000], Train Loss: 2.6185
2024-09-22 20:06:02,830 - Epoch [3/1000], Train metric average : -0.0008
2024-09-22 20:06:02,830 - Epoch [3/1000], Val Loss: 2.5896
2024-09-22 20:06:02,830 - Epoch [3/1000], Val metric average : -0.0046
2024-09-22 20:06:22,672 - Epoch [4/1000], Train Loss: 2.6060
2024-09-22 20:06:22,672 - Epoch [4/1000], Train metric average : -0.0188
2024-09-22 20:06:22,673 - Epoch [4/1000], Val Loss: 2.2422
2024-09-22 20:06:22,673 - Epoch [4/1000], Val metric average : -0.0673
2024-09-22 20:06:42,741 - Epoch [5/1000], Train Loss: 2.6253
2024-09-22 20:06:42,742 - Epoch [5/1000], Train metric average : -0.0135
2024-09-22 20:06:42,742 - Epoch [5/1000], Val Loss: 2.3753
2024-09-22 20:06:42,742 - Epoch [5/1000], Val metric average : -0.1187
2024-09-22 20:07:02,610 - Epoch [6/1000], Train Loss: 2.6012
2024-09-22 20:07:02,611 - Epoch [6/1000], Train metric average : 0.0040
2024-09-22 20:07:02,611 - Epoch [6/1000], Val Loss: 2.8166
2024-09-22 20:07:02,611 - Epoch [6/1000], Val metric average : 0.0136
2024-09-22 20:07:22,486 - Epoch [7/1000], Train Loss: 2.5872
2024-09-22 20:07:22,486 - Epoch [7/1000], Train metric average : -0.0016
2024-09-22 20:07:22,486 - Epoch [7/1000], Val Loss: 2.6690
2024-09-22 20:07:22,486 - Epoch [7/1000], Val metric average : 0.0664
2024-09-22 20:07:42,482 - Epoch [8/1000], Train Loss: 2.9797
2024-09-22 20:07:42,482 - Epoch [8/1000], Train metric average : -0.0089
2024-09-22 20:07:42,482 - Epoch [8/1000], Val Loss: 2.5447
2024-09-22 20:07:42,482 - Epoch [8/1000], Val metric average : 0.0378
2024-09-22 20:08:02,540 - Epoch [9/1000], Train Loss: 2.5876
2024-09-22 20:08:02,541 - Epoch [9/1000], Train metric average : -0.0137
2024-09-22 20:08:02,541 - Epoch [9/1000], Val Loss: 2.5856
2024-09-22 20:08:02,541 - Epoch [9/1000], Val metric average : 0.0440
2024-09-22 20:08:22,556 - Epoch [10/1000], Train Loss: 2.5807
2024-09-22 20:08:22,557 - Epoch [10/1000], Train metric average : 0.0210
2024-09-22 20:08:22,557 - Epoch [10/1000], Val Loss: 2.6156
2024-09-22 20:08:22,557 - Epoch [10/1000], Val metric average : -0.0775
2024-09-22 20:08:42,320 - Epoch [11/1000], Train Loss: 2.5866
2024-09-22 20:08:42,321 - Epoch [11/1000], Train metric average : -0.0091
2024-09-22 20:08:42,321 - Epoch [11/1000], Val Loss: 2.6490
2024-09-22 20:08:42,321 - Epoch [11/1000], Val metric average : 0.0014
2024-09-22 20:09:02,218 - Epoch [12/1000], Train Loss: 2.5859
2024-09-22 20:09:02,219 - Epoch [12/1000], Train metric average : 0.0166
2024-09-22 20:09:02,219 - Epoch [12/1000], Val Loss: 2.5369
2024-09-22 20:09:02,219 - Epoch [12/1000], Val metric average : 0.0107
2024-09-22 20:09:22,154 - Epoch [13/1000], Train Loss: 2.5799
2024-09-22 20:09:22,155 - Epoch [13/1000], Train metric average : -0.0043
2024-09-22 20:09:22,155 - Epoch [13/1000], Val Loss: 2.8630
2024-09-22 20:09:22,155 - Epoch [13/1000], Val metric average : 0.0041
2024-09-22 20:09:42,164 - Epoch [14/1000], Train Loss: 2.5798
2024-09-22 20:09:42,164 - Epoch [14/1000], Train metric average : 0.0126
2024-09-22 20:09:42,164 - Epoch [14/1000], Val Loss: 2.9534
2024-09-22 20:09:42,164 - Epoch [14/1000], Val metric average : 0.0000
2024-09-22 20:10:01,769 - Epoch [15/1000], Train Loss: 2.5812
2024-09-22 20:10:01,770 - Epoch [15/1000], Train metric average : 0.0082
2024-09-22 20:10:01,770 - Epoch [15/1000], Val Loss: 2.7323
2024-09-22 20:10:01,770 - Epoch [15/1000], Val metric average : 0.0000
2024-09-22 20:10:21,582 - Epoch [16/1000], Train Loss: 2.5773
2024-09-22 20:10:21,582 - Epoch [16/1000], Train metric average : -0.0080
2024-09-22 20:10:21,582 - Epoch [16/1000], Val Loss: 2.5300
2024-09-22 20:10:21,582 - Epoch [16/1000], Val metric average : 0.0804
2024-09-22 20:10:41,420 - Epoch [17/1000], Train Loss: 2.5802
2024-09-22 20:10:41,420 - Epoch [17/1000], Train metric average : 0.0016
2024-09-22 20:10:41,421 - Epoch [17/1000], Val Loss: 2.8215
2024-09-22 20:10:41,421 - Epoch [17/1000], Val metric average : 0.0000
2024-09-22 20:11:01,205 - Epoch [18/1000], Train Loss: 2.5743
2024-09-22 20:11:01,205 - Epoch [18/1000], Train metric average : 0.0006
2024-09-22 20:11:01,205 - Epoch [18/1000], Val Loss: 2.6381
2024-09-22 20:11:01,205 - Epoch [18/1000], Val metric average : 0.0018
2024-09-22 20:11:21,155 - Epoch [19/1000], Train Loss: 2.5740
2024-09-22 20:11:21,155 - Epoch [19/1000], Train metric average : -0.0125
2024-09-22 20:11:21,155 - Epoch [19/1000], Val Loss: 2.6609
2024-09-22 20:11:21,155 - Epoch [19/1000], Val metric average : 0.0212
2024-09-22 20:11:40,987 - Epoch [20/1000], Train Loss: 2.5828
2024-09-22 20:11:40,987 - Epoch [20/1000], Train metric average : -0.0098
2024-09-22 20:11:40,987 - Epoch [20/1000], Val Loss: 2.7597
2024-09-22 20:11:40,987 - Epoch [20/1000], Val metric average : -0.0042
2024-09-22 20:12:21,042 - Epoch [1/1000], Train Loss: 0.0098
2024-09-22 20:12:21,042 - Epoch [1/1000], Train metric average : -0.0098
2024-09-22 20:12:21,042 - Epoch [1/1000], Val Loss: -0.0015
2024-09-22 20:12:21,042 - Epoch [1/1000], Val metric average : 0.0015
2024-09-22 20:12:24,549 - Saved best model with Val Loss: -0.0015
2024-09-22 20:12:44,688 - Epoch [2/1000], Train Loss: -0.0129
2024-09-22 20:12:44,688 - Epoch [2/1000], Train metric average : 0.0129
2024-09-22 20:12:44,688 - Epoch [2/1000], Val Loss: -0.0531
2024-09-22 20:12:44,688 - Epoch [2/1000], Val metric average : 0.0531
2024-09-22 20:12:48,137 - Saved best model with Val Loss: -0.0531
2024-09-22 20:13:08,077 - Epoch [3/1000], Train Loss: -0.0024
2024-09-22 20:13:08,078 - Epoch [3/1000], Train metric average : 0.0024
2024-09-22 20:13:08,078 - Epoch [3/1000], Val Loss: -0.0225
2024-09-22 20:13:08,078 - Epoch [3/1000], Val metric average : 0.0225
2024-09-22 20:13:28,192 - Epoch [4/1000], Train Loss: -0.0136
2024-09-22 20:13:28,192 - Epoch [4/1000], Train metric average : 0.0136
2024-09-22 20:13:28,192 - Epoch [4/1000], Val Loss: -0.0189
2024-09-22 20:13:28,192 - Epoch [4/1000], Val metric average : 0.0189
2024-09-22 20:13:48,053 - Epoch [5/1000], Train Loss: -0.0066
2024-09-22 20:13:48,054 - Epoch [5/1000], Train metric average : 0.0066
2024-09-22 20:13:48,054 - Epoch [5/1000], Val Loss: 0.0163
2024-09-22 20:13:48,054 - Epoch [5/1000], Val metric average : -0.0163
2024-09-22 20:14:07,921 - Epoch [6/1000], Train Loss: 0.0058
2024-09-22 20:14:07,921 - Epoch [6/1000], Train metric average : -0.0058
2024-09-22 20:14:07,921 - Epoch [6/1000], Val Loss: 0.0022
2024-09-22 20:14:07,921 - Epoch [6/1000], Val metric average : -0.0022
2024-09-22 20:14:27,751 - Epoch [7/1000], Train Loss: 0.0027
2024-09-22 20:14:27,751 - Epoch [7/1000], Train metric average : -0.0027
2024-09-22 20:14:27,751 - Epoch [7/1000], Val Loss: 0.0000
2024-09-22 20:14:27,751 - Epoch [7/1000], Val metric average : 0.0000
2024-09-22 20:14:47,730 - Epoch [8/1000], Train Loss: 0.0075
2024-09-22 20:14:47,730 - Epoch [8/1000], Train metric average : -0.0075
2024-09-22 20:14:47,730 - Epoch [8/1000], Val Loss: 0.0278
2024-09-22 20:14:47,730 - Epoch [8/1000], Val metric average : -0.0278
2024-09-22 20:15:07,653 - Epoch [9/1000], Train Loss: 0.0027
2024-09-22 20:15:07,653 - Epoch [9/1000], Train metric average : -0.0027
2024-09-22 20:15:07,653 - Epoch [9/1000], Val Loss: 0.0515
2024-09-22 20:15:07,653 - Epoch [9/1000], Val metric average : -0.0515
2024-09-22 20:15:27,356 - Epoch [10/1000], Train Loss: 0.0022
2024-09-22 20:15:27,356 - Epoch [10/1000], Train metric average : -0.0022
2024-09-22 20:15:27,356 - Epoch [10/1000], Val Loss: 0.0000
2024-09-22 20:15:27,356 - Epoch [10/1000], Val metric average : 0.0000
2024-09-22 20:15:47,034 - Epoch [11/1000], Train Loss: -0.0052
2024-09-22 20:15:47,034 - Epoch [11/1000], Train metric average : 0.0052
2024-09-22 20:15:47,034 - Epoch [11/1000], Val Loss: -0.0078
2024-09-22 20:15:47,034 - Epoch [11/1000], Val metric average : 0.0078
2024-09-22 20:16:29,166 - Epoch [1/1000], Train Loss: -0.0198
2024-09-22 20:16:29,166 - Epoch [1/1000], Train metric average : 0.0198
2024-09-22 20:16:29,166 - Epoch [1/1000], Val Loss: -0.0422
2024-09-22 20:16:29,166 - Epoch [1/1000], Val metric average : 0.0422
2024-09-22 20:16:32,735 - Saved best model with Val Loss: -0.0422
2024-09-22 20:16:52,797 - Epoch [2/1000], Train Loss: 0.0094
2024-09-22 20:16:52,798 - Epoch [2/1000], Train metric average : -0.0094
2024-09-22 20:16:52,798 - Epoch [2/1000], Val Loss: -0.2023
2024-09-22 20:16:52,798 - Epoch [2/1000], Val metric average : 0.2023
2024-09-22 20:16:56,550 - Saved best model with Val Loss: -0.2023
2024-09-22 20:17:16,376 - Epoch [3/1000], Train Loss: -0.0116
2024-09-22 20:17:16,377 - Epoch [3/1000], Train metric average : 0.0116
2024-09-22 20:17:16,377 - Epoch [3/1000], Val Loss: -0.0459
2024-09-22 20:17:16,377 - Epoch [3/1000], Val metric average : 0.0459
2024-09-22 20:17:36,130 - Epoch [4/1000], Train Loss: -0.0025
2024-09-22 20:17:36,130 - Epoch [4/1000], Train metric average : 0.0025
2024-09-22 20:17:36,130 - Epoch [4/1000], Val Loss: -0.0541
2024-09-22 20:17:36,130 - Epoch [4/1000], Val metric average : 0.0541
2024-09-22 20:17:56,133 - Epoch [5/1000], Train Loss: -0.0143
2024-09-22 20:17:56,133 - Epoch [5/1000], Train metric average : 0.0143
2024-09-22 20:17:56,133 - Epoch [5/1000], Val Loss: -0.0233
2024-09-22 20:17:56,133 - Epoch [5/1000], Val metric average : 0.0233
2024-09-22 20:18:16,043 - Epoch [6/1000], Train Loss: 0.0060
2024-09-22 20:18:16,043 - Epoch [6/1000], Train metric average : -0.0060
2024-09-22 20:18:16,043 - Epoch [6/1000], Val Loss: -0.0000
2024-09-22 20:18:16,044 - Epoch [6/1000], Val metric average : -0.0000
2024-09-22 20:18:35,892 - Epoch [7/1000], Train Loss: 0.0041
2024-09-22 20:18:35,893 - Epoch [7/1000], Train metric average : -0.0041
2024-09-22 20:18:35,893 - Epoch [7/1000], Val Loss: 0.0000
2024-09-22 20:18:35,893 - Epoch [7/1000], Val metric average : 0.0000
2024-09-22 20:18:55,828 - Epoch [8/1000], Train Loss: 0.0043
2024-09-22 20:18:55,828 - Epoch [8/1000], Train metric average : -0.0043
2024-09-22 20:18:55,828 - Epoch [8/1000], Val Loss: 0.0000
2024-09-22 20:18:55,828 - Epoch [8/1000], Val metric average : 0.0000
2024-09-22 20:19:15,728 - Epoch [9/1000], Train Loss: -0.0066
2024-09-22 20:19:15,729 - Epoch [9/1000], Train metric average : 0.0066
2024-09-22 20:19:15,729 - Epoch [9/1000], Val Loss: 0.0000
2024-09-22 20:19:15,729 - Epoch [9/1000], Val metric average : 0.0000
2024-09-22 20:19:35,558 - Epoch [10/1000], Train Loss: 0.0065
2024-09-22 20:19:35,558 - Epoch [10/1000], Train metric average : -0.0065
2024-09-22 20:19:35,558 - Epoch [10/1000], Val Loss: 0.0395
2024-09-22 20:19:35,558 - Epoch [10/1000], Val metric average : -0.0395
2024-09-22 20:19:55,387 - Epoch [11/1000], Train Loss: 0.0133
2024-09-22 20:19:55,387 - Epoch [11/1000], Train metric average : -0.0133
2024-09-22 20:19:55,387 - Epoch [11/1000], Val Loss: 0.0655
2024-09-22 20:19:55,387 - Epoch [11/1000], Val metric average : -0.0655
2024-09-22 20:20:15,423 - Epoch [12/1000], Train Loss: -0.0017
2024-09-22 20:20:15,424 - Epoch [12/1000], Train metric average : 0.0017
2024-09-22 20:20:15,424 - Epoch [12/1000], Val Loss: 0.0000
2024-09-22 20:20:15,424 - Epoch [12/1000], Val metric average : 0.0000
2024-09-22 20:20:35,389 - Epoch [13/1000], Train Loss: 0.0066
2024-09-22 20:20:35,390 - Epoch [13/1000], Train metric average : -0.0066
2024-09-22 20:20:35,390 - Epoch [13/1000], Val Loss: 0.1532
2024-09-22 20:20:35,390 - Epoch [13/1000], Val metric average : -0.1532
2024-09-22 20:20:55,327 - Epoch [14/1000], Train Loss: -0.0035
2024-09-22 20:20:55,327 - Epoch [14/1000], Train metric average : 0.0035
2024-09-22 20:20:55,328 - Epoch [14/1000], Val Loss: 0.0000
2024-09-22 20:20:55,328 - Epoch [14/1000], Val metric average : 0.0000
2024-09-22 20:21:15,006 - Epoch [15/1000], Train Loss: 0.0018
2024-09-22 20:21:15,007 - Epoch [15/1000], Train metric average : -0.0018
2024-09-22 20:21:15,007 - Epoch [15/1000], Val Loss: 0.0000
2024-09-22 20:21:15,007 - Epoch [15/1000], Val metric average : 0.0000
2024-09-22 20:21:34,701 - Epoch [16/1000], Train Loss: 0.0139
2024-09-22 20:21:34,701 - Epoch [16/1000], Train metric average : -0.0139
2024-09-22 20:21:34,701 - Epoch [16/1000], Val Loss: -0.0426
2024-09-22 20:21:34,701 - Epoch [16/1000], Val metric average : 0.0426
2024-09-22 20:21:54,615 - Epoch [17/1000], Train Loss: -0.0132
2024-09-22 20:21:54,615 - Epoch [17/1000], Train metric average : 0.0132
2024-09-22 20:21:54,615 - Epoch [17/1000], Val Loss: -0.0000
2024-09-22 20:21:54,616 - Epoch [17/1000], Val metric average : 0.0000
2024-09-22 20:22:14,695 - Epoch [18/1000], Train Loss: -0.0289
2024-09-22 20:22:14,695 - Epoch [18/1000], Train metric average : 0.0289
2024-09-22 20:22:14,695 - Epoch [18/1000], Val Loss: 0.0402
2024-09-22 20:22:14,695 - Epoch [18/1000], Val metric average : -0.0402
2024-09-22 20:22:34,819 - Epoch [19/1000], Train Loss: 0.0026
2024-09-22 20:22:34,819 - Epoch [19/1000], Train metric average : -0.0026
2024-09-22 20:22:34,819 - Epoch [19/1000], Val Loss: 0.0000
2024-09-22 20:22:34,819 - Epoch [19/1000], Val metric average : 0.0000
2024-09-22 20:22:55,010 - Epoch [20/1000], Train Loss: 0.0058
2024-09-22 20:22:55,011 - Epoch [20/1000], Train metric average : -0.0058
2024-09-22 20:22:55,011 - Epoch [20/1000], Val Loss: -0.0000
2024-09-22 20:22:55,011 - Epoch [20/1000], Val metric average : -0.0000
2024-09-22 20:23:14,949 - Epoch [21/1000], Train Loss: 0.0258
2024-09-22 20:23:14,949 - Epoch [21/1000], Train metric average : -0.0258
2024-09-22 20:23:14,949 - Epoch [21/1000], Val Loss: 0.0000
2024-09-22 20:23:14,949 - Epoch [21/1000], Val metric average : 0.0000
2024-09-22 20:23:35,098 - Epoch [22/1000], Train Loss: 0.0179
2024-09-22 20:23:35,098 - Epoch [22/1000], Train metric average : -0.0179
2024-09-22 20:23:35,098 - Epoch [22/1000], Val Loss: -0.0000
2024-09-22 20:23:35,098 - Epoch [22/1000], Val metric average : -0.0000
2024-09-22 20:23:55,177 - Epoch [23/1000], Train Loss: 0.0100
2024-09-22 20:23:55,177 - Epoch [23/1000], Train metric average : -0.0100
2024-09-22 20:23:55,177 - Epoch [23/1000], Val Loss: 0.0000
2024-09-22 20:23:55,177 - Epoch [23/1000], Val metric average : 0.0000
2024-09-22 20:24:15,002 - Epoch [24/1000], Train Loss: -0.0071
2024-09-22 20:24:15,002 - Epoch [24/1000], Train metric average : 0.0071
2024-09-22 20:24:15,002 - Epoch [24/1000], Val Loss: 0.0000
2024-09-22 20:24:15,002 - Epoch [24/1000], Val metric average : 0.0000
2024-09-22 20:24:35,140 - Epoch [25/1000], Train Loss: 0.0059
2024-09-22 20:24:35,141 - Epoch [25/1000], Train metric average : -0.0059
2024-09-22 20:24:35,141 - Epoch [25/1000], Val Loss: 0.0000
2024-09-22 20:24:35,141 - Epoch [25/1000], Val metric average : 0.0000
2024-09-22 20:24:55,336 - Epoch [26/1000], Train Loss: 0.0081
2024-09-22 20:24:55,336 - Epoch [26/1000], Train metric average : -0.0081
2024-09-22 20:24:55,336 - Epoch [26/1000], Val Loss: 0.0000
2024-09-22 20:24:55,336 - Epoch [26/1000], Val metric average : 0.0000
2024-09-22 20:25:15,367 - Epoch [27/1000], Train Loss: 0.0038
2024-09-22 20:25:15,367 - Epoch [27/1000], Train metric average : -0.0038
2024-09-22 20:25:15,367 - Epoch [27/1000], Val Loss: 0.0000
2024-09-22 20:25:15,367 - Epoch [27/1000], Val metric average : 0.0000
2024-09-22 20:25:35,430 - Epoch [28/1000], Train Loss: 0.0008
2024-09-22 20:25:35,430 - Epoch [28/1000], Train metric average : -0.0008
2024-09-22 20:25:35,431 - Epoch [28/1000], Val Loss: 0.0000
2024-09-22 20:25:35,431 - Epoch [28/1000], Val metric average : -0.0000
2024-09-22 20:25:55,358 - Epoch [29/1000], Train Loss: -0.0062
2024-09-22 20:25:55,358 - Epoch [29/1000], Train metric average : 0.0062
2024-09-22 20:25:55,358 - Epoch [29/1000], Val Loss: 0.0000
2024-09-22 20:25:55,358 - Epoch [29/1000], Val metric average : 0.0000
2024-09-22 20:26:15,259 - Epoch [30/1000], Train Loss: 0.0019
2024-09-22 20:26:15,261 - Epoch [30/1000], Train metric average : -0.0019
2024-09-22 20:26:15,261 - Epoch [30/1000], Val Loss: 0.0000
2024-09-22 20:26:15,261 - Epoch [30/1000], Val metric average : 0.0000
2024-09-22 20:26:35,262 - Epoch [31/1000], Train Loss: -0.0014
2024-09-22 20:26:35,263 - Epoch [31/1000], Train metric average : 0.0014
2024-09-22 20:26:35,263 - Epoch [31/1000], Val Loss: 0.0000
2024-09-22 20:26:35,263 - Epoch [31/1000], Val metric average : 0.0000
2024-09-22 20:26:55,377 - Epoch [32/1000], Train Loss: -0.0226
2024-09-22 20:26:55,378 - Epoch [32/1000], Train metric average : 0.0226
2024-09-22 20:26:55,378 - Epoch [32/1000], Val Loss: -0.0000
2024-09-22 20:26:55,378 - Epoch [32/1000], Val metric average : -0.0000
2024-09-22 20:27:15,432 - Epoch [33/1000], Train Loss: 0.0110
2024-09-22 20:27:15,432 - Epoch [33/1000], Train metric average : -0.0110
2024-09-22 20:27:15,432 - Epoch [33/1000], Val Loss: -0.0000
2024-09-22 20:27:15,432 - Epoch [33/1000], Val metric average : 0.0000
2024-09-22 20:27:35,502 - Epoch [34/1000], Train Loss: -0.0064
2024-09-22 20:27:35,502 - Epoch [34/1000], Train metric average : 0.0064
2024-09-22 20:27:35,503 - Epoch [34/1000], Val Loss: 0.0000
2024-09-22 20:27:35,503 - Epoch [34/1000], Val metric average : 0.0000
2024-09-22 20:27:55,430 - Epoch [35/1000], Train Loss: -0.0135
2024-09-22 20:27:55,431 - Epoch [35/1000], Train metric average : 0.0135
2024-09-22 20:27:55,431 - Epoch [35/1000], Val Loss: 0.0054
2024-09-22 20:27:55,431 - Epoch [35/1000], Val metric average : -0.0054
2024-09-22 20:28:15,360 - Epoch [36/1000], Train Loss: 0.0080
2024-09-22 20:28:15,360 - Epoch [36/1000], Train metric average : -0.0080
2024-09-22 20:28:15,360 - Epoch [36/1000], Val Loss: 0.0000
2024-09-22 20:28:15,360 - Epoch [36/1000], Val metric average : 0.0000
2024-09-22 20:28:35,213 - Epoch [37/1000], Train Loss: 0.0086
2024-09-22 20:28:35,213 - Epoch [37/1000], Train metric average : -0.0086
2024-09-22 20:28:35,213 - Epoch [37/1000], Val Loss: 0.0000
2024-09-22 20:28:35,214 - Epoch [37/1000], Val metric average : 0.0000
2024-09-22 20:28:55,294 - Epoch [38/1000], Train Loss: -0.0209
2024-09-22 20:28:55,295 - Epoch [38/1000], Train metric average : 0.0209
2024-09-22 20:28:55,295 - Epoch [38/1000], Val Loss: 0.0000
2024-09-22 20:28:55,295 - Epoch [38/1000], Val metric average : 0.0000
2024-09-22 20:29:15,099 - Epoch [39/1000], Train Loss: -0.0243
2024-09-22 20:29:15,100 - Epoch [39/1000], Train metric average : 0.0243
2024-09-22 20:29:15,100 - Epoch [39/1000], Val Loss: 0.0000
2024-09-22 20:29:15,100 - Epoch [39/1000], Val metric average : 0.0000
2024-09-22 20:29:34,966 - Epoch [40/1000], Train Loss: 0.0022
2024-09-22 20:29:34,966 - Epoch [40/1000], Train metric average : -0.0022
2024-09-22 20:29:34,966 - Epoch [40/1000], Val Loss: 0.0000
2024-09-22 20:29:34,966 - Epoch [40/1000], Val metric average : 0.0000
2024-09-22 20:29:55,094 - Epoch [41/1000], Train Loss: 0.0027
2024-09-22 20:29:55,094 - Epoch [41/1000], Train metric average : -0.0027
2024-09-22 20:29:55,094 - Epoch [41/1000], Val Loss: 0.0000
2024-09-22 20:29:55,094 - Epoch [41/1000], Val metric average : 0.0000
2024-09-22 20:44:44,095 - Epoch [1/1000], Train Loss: 5.9606
2024-09-22 20:44:44,095 - Epoch [1/1000], Train metric average : -0.0000
2024-09-22 20:44:44,095 - Epoch [1/1000], Val Loss: 2.8392
2024-09-22 20:44:44,095 - Epoch [1/1000], Val metric average : -0.0151
2024-09-22 20:44:47,479 - Saved best model with Val Loss: 2.8392
2024-09-22 20:45:07,689 - Epoch [2/1000], Train Loss: 2.6087
2024-09-22 20:45:07,689 - Epoch [2/1000], Train metric average : -0.0076
2024-09-22 20:45:07,689 - Epoch [2/1000], Val Loss: 2.5825
2024-09-22 20:45:07,689 - Epoch [2/1000], Val metric average : -0.0266
2024-09-22 20:45:11,021 - Saved best model with Val Loss: 2.5825
2024-09-22 20:45:31,172 - Epoch [3/1000], Train Loss: 2.6052
2024-09-22 20:45:31,172 - Epoch [3/1000], Train metric average : -0.0026
2024-09-22 20:45:31,172 - Epoch [3/1000], Val Loss: 2.2883
2024-09-22 20:45:31,172 - Epoch [3/1000], Val metric average : -0.0094
2024-09-22 20:45:34,602 - Saved best model with Val Loss: 2.2883
2024-09-22 20:45:54,821 - Epoch [4/1000], Train Loss: 2.6001
2024-09-22 20:45:54,821 - Epoch [4/1000], Train metric average : 0.0006
2024-09-22 20:45:54,821 - Epoch [4/1000], Val Loss: 2.6767
2024-09-22 20:45:54,821 - Epoch [4/1000], Val metric average : -0.0575
2024-09-22 20:46:14,977 - Epoch [5/1000], Train Loss: 2.5988
2024-09-22 20:46:14,977 - Epoch [5/1000], Train metric average : 0.0046
2024-09-22 20:46:14,977 - Epoch [5/1000], Val Loss: 2.7207
2024-09-22 20:46:14,978 - Epoch [5/1000], Val metric average : -0.0892
2024-09-22 20:46:35,224 - Epoch [6/1000], Train Loss: 2.5938
2024-09-22 20:46:35,224 - Epoch [6/1000], Train metric average : 0.0053
2024-09-22 20:46:35,224 - Epoch [6/1000], Val Loss: 2.6507
2024-09-22 20:46:35,225 - Epoch [6/1000], Val metric average : -0.1239
2024-09-22 20:46:55,518 - Epoch [7/1000], Train Loss: 2.6014
2024-09-22 20:46:55,518 - Epoch [7/1000], Train metric average : -0.0100
2024-09-22 20:46:55,518 - Epoch [7/1000], Val Loss: 2.6834
2024-09-22 20:46:55,518 - Epoch [7/1000], Val metric average : -0.0235
2024-09-22 20:47:15,819 - Epoch [8/1000], Train Loss: 2.5949
2024-09-22 20:47:15,820 - Epoch [8/1000], Train metric average : -0.0178
2024-09-22 20:47:15,820 - Epoch [8/1000], Val Loss: 2.5176
2024-09-22 20:47:15,820 - Epoch [8/1000], Val metric average : 0.0511
2024-09-22 20:47:35,645 - Epoch [9/1000], Train Loss: 2.5931
2024-09-22 20:47:35,645 - Epoch [9/1000], Train metric average : 0.0206
2024-09-22 20:47:35,645 - Epoch [9/1000], Val Loss: 2.4649
2024-09-22 20:47:35,645 - Epoch [9/1000], Val metric average : 0.1530
2024-09-22 20:47:55,884 - Epoch [10/1000], Train Loss: 2.5910
2024-09-22 20:47:55,884 - Epoch [10/1000], Train metric average : -0.0084
2024-09-22 20:47:55,884 - Epoch [10/1000], Val Loss: 2.5920
2024-09-22 20:47:55,885 - Epoch [10/1000], Val metric average : 0.0999
2024-09-22 20:48:16,147 - Epoch [11/1000], Train Loss: 2.5894
2024-09-22 20:48:16,147 - Epoch [11/1000], Train metric average : -0.0089
2024-09-22 20:48:16,147 - Epoch [11/1000], Val Loss: 2.6222
2024-09-22 20:48:16,147 - Epoch [11/1000], Val metric average : 0.0981
2024-09-22 20:48:36,420 - Epoch [12/1000], Train Loss: 2.5900
2024-09-22 20:48:36,420 - Epoch [12/1000], Train metric average : -0.0102
2024-09-22 20:48:36,420 - Epoch [12/1000], Val Loss: 2.6149
2024-09-22 20:48:36,420 - Epoch [12/1000], Val metric average : 0.0238
2024-09-22 20:48:56,521 - Epoch [13/1000], Train Loss: 2.5848
2024-09-22 20:48:56,521 - Epoch [13/1000], Train metric average : 0.0135
2024-09-22 20:48:56,521 - Epoch [13/1000], Val Loss: 2.6871
2024-09-22 20:48:56,521 - Epoch [13/1000], Val metric average : 0.0161
2024-09-22 20:49:16,600 - Epoch [14/1000], Train Loss: 2.5828
2024-09-22 20:49:16,600 - Epoch [14/1000], Train metric average : -0.0054
2024-09-22 20:49:16,600 - Epoch [14/1000], Val Loss: 2.6557
2024-09-22 20:49:16,600 - Epoch [14/1000], Val metric average : -0.1525
2024-09-22 20:49:36,751 - Epoch [15/1000], Train Loss: 2.5856
2024-09-22 20:49:36,752 - Epoch [15/1000], Train metric average : -0.0085
2024-09-22 20:49:36,752 - Epoch [15/1000], Val Loss: 2.8802
2024-09-22 20:49:36,752 - Epoch [15/1000], Val metric average : -0.1673
2024-09-22 20:49:56,913 - Epoch [16/1000], Train Loss: 2.5860
2024-09-22 20:49:56,914 - Epoch [16/1000], Train metric average : 0.0293
2024-09-22 20:49:56,914 - Epoch [16/1000], Val Loss: 2.5995
2024-09-22 20:49:56,914 - Epoch [16/1000], Val metric average : -0.1102
2024-09-22 20:51:47,262 - Epoch [1/1000], Train Loss: 0.8429
2024-09-22 20:51:47,262 - Epoch [1/1000], Train metric average : -0.0045
2024-09-22 20:51:47,263 - Epoch [1/1000], Val Loss: 0.7639
2024-09-22 20:51:47,263 - Epoch [1/1000], Val metric average : 0.1326
2024-09-22 20:51:50,608 - Saved best model with Val Loss: 0.7639
2024-09-22 20:52:11,054 - Epoch [2/1000], Train Loss: 0.6725
2024-09-22 20:52:11,055 - Epoch [2/1000], Train metric average : -0.0066
2024-09-22 20:52:11,055 - Epoch [2/1000], Val Loss: 0.7373
2024-09-22 20:52:11,055 - Epoch [2/1000], Val metric average : 0.1934
2024-09-22 20:52:14,508 - Saved best model with Val Loss: 0.7373
2024-09-22 20:52:34,806 - Epoch [3/1000], Train Loss: 0.6745
2024-09-22 20:52:34,806 - Epoch [3/1000], Train metric average : -0.0022
2024-09-22 20:52:34,806 - Epoch [3/1000], Val Loss: 0.7028
2024-09-22 20:52:34,806 - Epoch [3/1000], Val metric average : 0.0106
2024-09-22 20:52:38,023 - Saved best model with Val Loss: 0.7028
2024-09-22 20:52:58,086 - Epoch [4/1000], Train Loss: 0.6721
2024-09-22 20:52:58,087 - Epoch [4/1000], Train metric average : 0.0006
2024-09-22 20:52:58,087 - Epoch [4/1000], Val Loss: 0.7202
2024-09-22 20:52:58,087 - Epoch [4/1000], Val metric average : 0.0436
2024-09-22 20:53:18,326 - Epoch [5/1000], Train Loss: 0.6711
2024-09-22 20:53:18,327 - Epoch [5/1000], Train metric average : 0.0023
2024-09-22 20:53:18,327 - Epoch [5/1000], Val Loss: 0.7483
2024-09-22 20:53:18,327 - Epoch [5/1000], Val metric average : 0.0860
2024-09-22 20:53:38,481 - Epoch [6/1000], Train Loss: 0.6722
2024-09-22 20:53:38,481 - Epoch [6/1000], Train metric average : -0.0308
2024-09-22 20:53:38,481 - Epoch [6/1000], Val Loss: 0.7293
2024-09-22 20:53:38,481 - Epoch [6/1000], Val metric average : 0.1590
2024-09-22 20:53:58,803 - Epoch [7/1000], Train Loss: 0.6700
2024-09-22 20:53:58,803 - Epoch [7/1000], Train metric average : 0.0224
2024-09-22 20:53:58,803 - Epoch [7/1000], Val Loss: 0.7250
2024-09-22 20:53:58,803 - Epoch [7/1000], Val metric average : 0.0865
2024-09-22 20:54:18,925 - Epoch [8/1000], Train Loss: 0.6721
2024-09-22 20:54:18,925 - Epoch [8/1000], Train metric average : 0.0049
2024-09-22 20:54:18,925 - Epoch [8/1000], Val Loss: 0.7063
2024-09-22 20:54:18,925 - Epoch [8/1000], Val metric average : 0.0511
2024-09-22 20:54:39,278 - Epoch [9/1000], Train Loss: 0.6710
2024-09-22 20:54:39,278 - Epoch [9/1000], Train metric average : -0.0046
2024-09-22 20:54:39,278 - Epoch [9/1000], Val Loss: 0.7260
2024-09-22 20:54:39,279 - Epoch [9/1000], Val metric average : 0.0465
2024-09-22 20:54:59,680 - Epoch [10/1000], Train Loss: 0.6724
2024-09-22 20:54:59,680 - Epoch [10/1000], Train metric average : -0.0236
2024-09-22 20:54:59,681 - Epoch [10/1000], Val Loss: 0.7165
2024-09-22 20:54:59,681 - Epoch [10/1000], Val metric average : -0.1074
2024-09-22 20:55:20,032 - Epoch [11/1000], Train Loss: 0.6695
2024-09-22 20:55:20,032 - Epoch [11/1000], Train metric average : -0.0067
2024-09-22 20:55:20,032 - Epoch [11/1000], Val Loss: 0.7266
2024-09-22 20:55:20,032 - Epoch [11/1000], Val metric average : 0.0339
2024-09-22 20:55:40,599 - Epoch [12/1000], Train Loss: 0.6705
2024-09-22 20:55:40,600 - Epoch [12/1000], Train metric average : -0.0079
2024-09-22 20:55:40,600 - Epoch [12/1000], Val Loss: 0.7215
2024-09-22 20:55:40,600 - Epoch [12/1000], Val metric average : 0.0693
2024-09-22 20:56:00,847 - Epoch [13/1000], Train Loss: 0.6695
2024-09-22 20:56:00,847 - Epoch [13/1000], Train metric average : 0.0278
2024-09-22 20:56:00,847 - Epoch [13/1000], Val Loss: 0.7156
2024-09-22 20:56:00,847 - Epoch [13/1000], Val metric average : 0.0616
2024-09-22 20:56:21,059 - Epoch [14/1000], Train Loss: 0.6694
2024-09-22 20:56:21,059 - Epoch [14/1000], Train metric average : 0.0078
2024-09-22 20:56:21,059 - Epoch [14/1000], Val Loss: 0.7176
2024-09-22 20:56:21,059 - Epoch [14/1000], Val metric average : -0.0666
2024-09-22 20:56:41,231 - Epoch [15/1000], Train Loss: 0.6700
2024-09-22 20:56:41,232 - Epoch [15/1000], Train metric average : -0.0162
2024-09-22 20:56:41,232 - Epoch [15/1000], Val Loss: 0.7470
2024-09-22 20:56:41,232 - Epoch [15/1000], Val metric average : 0.0655
2024-09-22 20:57:01,588 - Epoch [16/1000], Train Loss: 0.6698
2024-09-22 20:57:01,589 - Epoch [16/1000], Train metric average : -0.0026
2024-09-22 20:57:01,589 - Epoch [16/1000], Val Loss: 0.7224
2024-09-22 20:57:01,589 - Epoch [16/1000], Val metric average : 0.0501
2024-09-22 20:57:21,669 - Epoch [17/1000], Train Loss: 0.6704
2024-09-22 20:57:21,670 - Epoch [17/1000], Train metric average : -0.0134
2024-09-22 20:57:21,670 - Epoch [17/1000], Val Loss: 0.7413
2024-09-22 20:57:21,670 - Epoch [17/1000], Val metric average : -0.0667
2024-09-22 20:57:42,167 - Epoch [18/1000], Train Loss: 0.6696
2024-09-22 20:57:42,168 - Epoch [18/1000], Train metric average : 0.0080
2024-09-22 20:57:42,168 - Epoch [18/1000], Val Loss: 0.7354
2024-09-22 20:57:42,168 - Epoch [18/1000], Val metric average : -0.0266
2024-09-22 20:58:02,498 - Epoch [19/1000], Train Loss: 0.6695
2024-09-22 20:58:02,498 - Epoch [19/1000], Train metric average : 0.0041
2024-09-22 20:58:02,498 - Epoch [19/1000], Val Loss: 0.7361
2024-09-22 20:58:02,498 - Epoch [19/1000], Val metric average : -0.0170
2024-09-22 20:58:22,828 - Epoch [20/1000], Train Loss: 0.6700
2024-09-22 20:58:22,828 - Epoch [20/1000], Train metric average : 0.0035
2024-09-22 20:58:22,828 - Epoch [20/1000], Val Loss: 0.7179
2024-09-22 20:58:22,828 - Epoch [20/1000], Val metric average : -0.0398
2024-09-22 20:58:42,957 - Epoch [21/1000], Train Loss: 0.6693
2024-09-22 20:58:42,958 - Epoch [21/1000], Train metric average : 0.0083
2024-09-22 20:58:42,958 - Epoch [21/1000], Val Loss: 0.7243
2024-09-22 20:58:42,958 - Epoch [21/1000], Val metric average : 0.0207
2024-09-22 20:59:03,442 - Epoch [22/1000], Train Loss: 0.6689
2024-09-22 20:59:03,443 - Epoch [22/1000], Train metric average : 0.0107
2024-09-22 20:59:03,443 - Epoch [22/1000], Val Loss: 0.7389
2024-09-22 20:59:03,443 - Epoch [22/1000], Val metric average : 0.0041
2024-09-22 20:59:23,779 - Epoch [23/1000], Train Loss: 0.6695
2024-09-22 20:59:23,779 - Epoch [23/1000], Train metric average : 0.0170
2024-09-22 20:59:23,779 - Epoch [23/1000], Val Loss: 0.7138
2024-09-22 20:59:23,779 - Epoch [23/1000], Val metric average : 0.0073
2024-09-22 20:59:44,176 - Epoch [24/1000], Train Loss: 0.6683
2024-09-22 20:59:44,176 - Epoch [24/1000], Train metric average : 0.0201
2024-09-22 20:59:44,177 - Epoch [24/1000], Val Loss: 0.7297
2024-09-22 20:59:44,177 - Epoch [24/1000], Val metric average : 0.0045
2024-09-22 21:00:04,427 - Epoch [25/1000], Train Loss: 0.6696
2024-09-22 21:00:04,427 - Epoch [25/1000], Train metric average : -0.0120
2024-09-22 21:00:04,427 - Epoch [25/1000], Val Loss: 0.7371
2024-09-22 21:00:04,428 - Epoch [25/1000], Val metric average : -0.0485
2024-09-22 21:00:24,867 - Epoch [26/1000], Train Loss: 0.6701
2024-09-22 21:00:24,867 - Epoch [26/1000], Train metric average : 0.0018
2024-09-22 21:00:24,868 - Epoch [26/1000], Val Loss: 0.7196
2024-09-22 21:00:24,868 - Epoch [26/1000], Val metric average : -0.0218
2024-09-22 21:00:45,287 - Epoch [27/1000], Train Loss: 0.6695
2024-09-22 21:00:45,287 - Epoch [27/1000], Train metric average : -0.0020
2024-09-22 21:00:45,287 - Epoch [27/1000], Val Loss: 0.7095
2024-09-22 21:00:45,287 - Epoch [27/1000], Val metric average : -0.0366
2024-09-22 21:01:05,550 - Epoch [28/1000], Train Loss: 0.6693
2024-09-22 21:01:05,551 - Epoch [28/1000], Train metric average : 0.0050
2024-09-22 21:01:05,551 - Epoch [28/1000], Val Loss: 0.7209
2024-09-22 21:01:05,551 - Epoch [28/1000], Val metric average : -0.0330
2024-09-22 21:01:51,118 - Epoch [1/1000], Train Loss: 0.8678
2024-09-22 21:01:51,118 - Epoch [1/1000], Train metric average : 0.0048
2024-09-22 21:01:51,118 - Epoch [1/1000], Val Loss: 0.7170
2024-09-22 21:01:51,118 - Epoch [1/1000], Val metric average : -0.1107
2024-09-22 21:01:54,363 - Saved best model with Val Loss: 0.7170
2024-09-22 21:02:14,710 - Epoch [2/1000], Train Loss: 0.6716
2024-09-22 21:02:14,710 - Epoch [2/1000], Train metric average : 0.0130
2024-09-22 21:02:14,711 - Epoch [2/1000], Val Loss: 0.7308
2024-09-22 21:02:14,711 - Epoch [2/1000], Val metric average : 0.0288
2024-09-22 21:04:37,087 - Epoch [1/1000], Train Loss: 4.7377
2024-09-22 21:04:37,087 - Epoch [1/1000], Train metric average : -0.0177
2024-09-22 21:04:37,088 - Epoch [1/1000], Val Loss: 2.6283
2024-09-22 21:04:37,088 - Epoch [1/1000], Val metric average : -0.0968
2024-09-22 21:04:40,090 - Saved best model with Val Loss: 2.6283
2024-09-22 21:05:00,253 - Epoch [2/1000], Train Loss: 2.6156
2024-09-22 21:05:00,253 - Epoch [2/1000], Train metric average : 0.0013
2024-09-22 21:05:00,253 - Epoch [2/1000], Val Loss: 2.6002
2024-09-22 21:05:00,253 - Epoch [2/1000], Val metric average : 0.0292
2024-09-22 21:05:03,420 - Saved best model with Val Loss: 2.6002
2024-09-22 21:05:23,627 - Epoch [3/1000], Train Loss: 2.6083
2024-09-22 21:05:23,627 - Epoch [3/1000], Train metric average : 0.0006
2024-09-22 21:05:23,627 - Epoch [3/1000], Val Loss: 2.8226
2024-09-22 21:05:23,627 - Epoch [3/1000], Val metric average : -0.0993
2024-09-22 21:05:43,629 - Epoch [4/1000], Train Loss: 2.6003
2024-09-22 21:05:43,629 - Epoch [4/1000], Train metric average : 0.0017
2024-09-22 21:05:43,630 - Epoch [4/1000], Val Loss: 2.4888
2024-09-22 21:05:43,630 - Epoch [4/1000], Val metric average : -0.0344
2024-09-22 21:05:46,903 - Saved best model with Val Loss: 2.4888
2024-09-22 21:06:28,233 - Epoch [1/1000], Train Loss: 3.6387
2024-09-22 21:06:28,234 - Epoch [1/1000], Train metric average : -0.0002
2024-09-22 21:06:28,234 - Epoch [1/1000], Val Loss: 2.7466
2024-09-22 21:06:28,234 - Epoch [1/1000], Val metric average : 0.0057
2024-09-22 21:06:31,742 - Saved best model with Val Loss: 2.7466
2024-09-22 21:06:42,393 - Epoch [2/1000], Train Loss: 2.6116
2024-09-22 21:06:42,393 - Epoch [2/1000], Train metric average : 0.0051
2024-09-22 21:06:42,393 - Epoch [2/1000], Val Loss: 2.5962
2024-09-22 21:06:42,393 - Epoch [2/1000], Val metric average : -0.1140
2024-09-22 21:06:45,715 - Saved best model with Val Loss: 2.5962
2024-09-22 21:06:56,241 - Epoch [3/1000], Train Loss: 2.6133
2024-09-22 21:06:56,241 - Epoch [3/1000], Train metric average : 0.0041
2024-09-22 21:06:56,241 - Epoch [3/1000], Val Loss: 2.4832
2024-09-22 21:06:56,241 - Epoch [3/1000], Val metric average : -0.1395
2024-09-22 21:06:59,707 - Saved best model with Val Loss: 2.4832
2024-09-22 21:07:10,135 - Epoch [4/1000], Train Loss: 2.5982
2024-09-22 21:07:10,135 - Epoch [4/1000], Train metric average : -0.0066
2024-09-22 21:07:10,135 - Epoch [4/1000], Val Loss: 2.8568
2024-09-22 21:07:10,135 - Epoch [4/1000], Val metric average : 0.0059
2024-09-22 21:07:20,622 - Epoch [5/1000], Train Loss: 2.6024
2024-09-22 21:07:20,623 - Epoch [5/1000], Train metric average : 0.0099
2024-09-22 21:07:20,623 - Epoch [5/1000], Val Loss: 2.5048
2024-09-22 21:07:20,623 - Epoch [5/1000], Val metric average : -0.0562
2024-09-22 21:07:31,115 - Epoch [6/1000], Train Loss: 2.5888
2024-09-22 21:07:31,115 - Epoch [6/1000], Train metric average : -0.0136
2024-09-22 21:07:31,115 - Epoch [6/1000], Val Loss: 2.7309
2024-09-22 21:07:31,115 - Epoch [6/1000], Val metric average : 0.0376
2024-09-22 21:07:41,647 - Epoch [7/1000], Train Loss: 2.5915
2024-09-22 21:07:41,647 - Epoch [7/1000], Train metric average : -0.0163
2024-09-22 21:07:41,647 - Epoch [7/1000], Val Loss: 2.8576
2024-09-22 21:07:41,647 - Epoch [7/1000], Val metric average : 0.0540
2024-09-22 21:07:51,957 - Epoch [8/1000], Train Loss: 2.5864
2024-09-22 21:07:51,957 - Epoch [8/1000], Train metric average : 0.0034
2024-09-22 21:07:51,958 - Epoch [8/1000], Val Loss: 2.7316
2024-09-22 21:07:51,958 - Epoch [8/1000], Val metric average : 0.0724
2024-09-22 21:08:02,452 - Epoch [9/1000], Train Loss: 2.5873
2024-09-22 21:08:02,452 - Epoch [9/1000], Train metric average : 0.0049
2024-09-22 21:08:02,452 - Epoch [9/1000], Val Loss: 2.7595
2024-09-22 21:08:02,452 - Epoch [9/1000], Val metric average : 0.0803
2024-09-22 21:08:12,792 - Epoch [10/1000], Train Loss: 2.5853
2024-09-22 21:08:12,792 - Epoch [10/1000], Train metric average : -0.0124
2024-09-22 21:08:12,792 - Epoch [10/1000], Val Loss: 2.8794
2024-09-22 21:08:12,792 - Epoch [10/1000], Val metric average : 0.0190
2024-09-22 21:08:23,419 - Epoch [11/1000], Train Loss: 2.5846
2024-09-22 21:08:23,419 - Epoch [11/1000], Train metric average : -0.0015
2024-09-22 21:08:23,419 - Epoch [11/1000], Val Loss: 2.5941
2024-09-22 21:08:23,419 - Epoch [11/1000], Val metric average : -0.0616
2024-09-22 21:08:34,043 - Epoch [12/1000], Train Loss: 2.5859
2024-09-22 21:08:34,043 - Epoch [12/1000], Train metric average : 0.0310
2024-09-22 21:08:34,043 - Epoch [12/1000], Val Loss: 2.7822
2024-09-22 21:08:34,044 - Epoch [12/1000], Val metric average : 0.0021
2024-09-22 21:08:44,557 - Epoch [13/1000], Train Loss: 2.5813
2024-09-22 21:08:44,558 - Epoch [13/1000], Train metric average : 0.0046
2024-09-22 21:08:44,558 - Epoch [13/1000], Val Loss: 2.6927
2024-09-22 21:08:44,558 - Epoch [13/1000], Val metric average : 0.0318
2024-09-22 21:08:54,896 - Epoch [14/1000], Train Loss: 2.6047
2024-09-22 21:08:54,897 - Epoch [14/1000], Train metric average : -0.0145
2024-09-22 21:08:54,897 - Epoch [14/1000], Val Loss: 2.6201
2024-09-22 21:08:54,897 - Epoch [14/1000], Val metric average : 0.1204
2024-09-22 21:09:05,370 - Epoch [15/1000], Train Loss: 2.5880
2024-09-22 21:09:05,370 - Epoch [15/1000], Train metric average : 0.0092
2024-09-22 21:09:05,370 - Epoch [15/1000], Val Loss: 2.4051
2024-09-22 21:09:05,370 - Epoch [15/1000], Val metric average : 0.1777
2024-09-22 21:09:08,706 - Saved best model with Val Loss: 2.4051
2024-09-22 21:09:18,957 - Epoch [16/1000], Train Loss: 2.5879
2024-09-22 21:09:18,957 - Epoch [16/1000], Train metric average : -0.0153
2024-09-22 21:09:18,957 - Epoch [16/1000], Val Loss: 2.4603
2024-09-22 21:09:18,957 - Epoch [16/1000], Val metric average : 0.1796
2024-09-22 21:09:29,508 - Epoch [17/1000], Train Loss: 2.5860
2024-09-22 21:09:29,508 - Epoch [17/1000], Train metric average : 0.0138
2024-09-22 21:09:29,508 - Epoch [17/1000], Val Loss: 2.6289
2024-09-22 21:09:29,508 - Epoch [17/1000], Val metric average : 0.1383
2024-09-22 21:09:40,021 - Epoch [18/1000], Train Loss: 2.5804
2024-09-22 21:09:40,021 - Epoch [18/1000], Train metric average : 0.0128
2024-09-22 21:09:40,021 - Epoch [18/1000], Val Loss: 2.5655
2024-09-22 21:09:40,021 - Epoch [18/1000], Val metric average : 0.1480
2024-09-22 21:09:50,566 - Epoch [19/1000], Train Loss: 2.5803
2024-09-22 21:09:50,567 - Epoch [19/1000], Train metric average : -0.0223
2024-09-22 21:09:50,567 - Epoch [19/1000], Val Loss: 2.4858
2024-09-22 21:09:50,567 - Epoch [19/1000], Val metric average : 0.1221
2024-09-22 21:10:01,037 - Epoch [20/1000], Train Loss: 2.5835
2024-09-22 21:10:01,037 - Epoch [20/1000], Train metric average : 0.0025
2024-09-22 21:10:01,037 - Epoch [20/1000], Val Loss: 2.7766
2024-09-22 21:10:01,037 - Epoch [20/1000], Val metric average : 0.1537
2024-09-22 21:10:11,559 - Epoch [21/1000], Train Loss: 2.5836
2024-09-22 21:10:11,559 - Epoch [21/1000], Train metric average : 0.0124
2024-09-22 21:10:11,559 - Epoch [21/1000], Val Loss: 2.5531
2024-09-22 21:10:11,559 - Epoch [21/1000], Val metric average : 0.1390
2024-09-22 21:10:22,393 - Epoch [22/1000], Train Loss: 2.5793
2024-09-22 21:10:22,393 - Epoch [22/1000], Train metric average : -0.0074
2024-09-22 21:10:22,394 - Epoch [22/1000], Val Loss: 2.4672
2024-09-22 21:10:22,394 - Epoch [22/1000], Val metric average : 0.1550
2024-09-22 21:10:32,925 - Epoch [23/1000], Train Loss: 2.5903
2024-09-22 21:10:32,925 - Epoch [23/1000], Train metric average : -0.0084
2024-09-22 21:10:32,925 - Epoch [23/1000], Val Loss: 2.5237
2024-09-22 21:10:32,925 - Epoch [23/1000], Val metric average : 0.1732
2024-09-22 21:10:43,321 - Epoch [24/1000], Train Loss: 2.5783
2024-09-22 21:10:43,321 - Epoch [24/1000], Train metric average : 0.0020
2024-09-22 21:10:43,321 - Epoch [24/1000], Val Loss: 2.7052
2024-09-22 21:10:43,321 - Epoch [24/1000], Val metric average : 0.1621
2024-09-22 21:10:53,918 - Epoch [25/1000], Train Loss: 2.5810
2024-09-22 21:10:53,918 - Epoch [25/1000], Train metric average : 0.0111
2024-09-22 21:10:53,918 - Epoch [25/1000], Val Loss: 2.6760
2024-09-22 21:10:53,918 - Epoch [25/1000], Val metric average : 0.2226
2024-09-22 21:11:04,314 - Epoch [26/1000], Train Loss: 2.5790
2024-09-22 21:11:04,314 - Epoch [26/1000], Train metric average : -0.0104
2024-09-22 21:11:04,314 - Epoch [26/1000], Val Loss: 2.5318
2024-09-22 21:11:04,314 - Epoch [26/1000], Val metric average : 0.2015
2024-09-22 21:11:14,741 - Epoch [27/1000], Train Loss: 2.5781
2024-09-22 21:11:14,741 - Epoch [27/1000], Train metric average : -0.0049
2024-09-22 21:11:14,741 - Epoch [27/1000], Val Loss: 2.7545
2024-09-22 21:11:14,741 - Epoch [27/1000], Val metric average : 0.2106
2024-09-22 21:11:25,061 - Epoch [28/1000], Train Loss: 2.5782
2024-09-22 21:11:25,061 - Epoch [28/1000], Train metric average : -0.0080
2024-09-22 21:11:25,061 - Epoch [28/1000], Val Loss: 2.7318
2024-09-22 21:11:25,061 - Epoch [28/1000], Val metric average : 0.1750
2024-09-22 21:11:35,531 - Epoch [29/1000], Train Loss: 2.5731
2024-09-22 21:11:35,531 - Epoch [29/1000], Train metric average : -0.0235
2024-09-22 21:11:35,532 - Epoch [29/1000], Val Loss: 2.3711
2024-09-22 21:11:35,532 - Epoch [29/1000], Val metric average : 0.2936
2024-09-22 21:11:39,000 - Saved best model with Val Loss: 2.3711
2024-09-22 21:11:49,510 - Epoch [30/1000], Train Loss: 2.5763
2024-09-22 21:11:49,510 - Epoch [30/1000], Train metric average : -0.0031
2024-09-22 21:11:49,510 - Epoch [30/1000], Val Loss: 2.5638
2024-09-22 21:11:49,510 - Epoch [30/1000], Val metric average : 0.1927
2024-09-22 21:11:59,835 - Epoch [31/1000], Train Loss: 2.5722
2024-09-22 21:11:59,835 - Epoch [31/1000], Train metric average : -0.0082
2024-09-22 21:11:59,835 - Epoch [31/1000], Val Loss: 2.5164
2024-09-22 21:11:59,835 - Epoch [31/1000], Val metric average : 0.1444
2024-09-22 21:12:10,414 - Epoch [32/1000], Train Loss: 2.5675
2024-09-22 21:12:10,415 - Epoch [32/1000], Train metric average : 0.0000
2024-09-22 21:12:10,415 - Epoch [32/1000], Val Loss: 2.7518
2024-09-22 21:12:10,415 - Epoch [32/1000], Val metric average : 0.1614
2024-09-22 21:12:20,886 - Epoch [33/1000], Train Loss: 2.5860
2024-09-22 21:12:20,887 - Epoch [33/1000], Train metric average : 0.0081
2024-09-22 21:12:20,887 - Epoch [33/1000], Val Loss: 2.5542
2024-09-22 21:12:20,887 - Epoch [33/1000], Val metric average : 0.1489
2024-09-22 21:12:31,254 - Epoch [34/1000], Train Loss: 2.5826
2024-09-22 21:12:31,254 - Epoch [34/1000], Train metric average : -0.0044
2024-09-22 21:12:31,254 - Epoch [34/1000], Val Loss: 2.6108
2024-09-22 21:12:31,254 - Epoch [34/1000], Val metric average : 0.2105
2024-09-22 21:12:41,569 - Epoch [35/1000], Train Loss: 2.5729
2024-09-22 21:12:41,569 - Epoch [35/1000], Train metric average : 0.0070
2024-09-22 21:12:41,570 - Epoch [35/1000], Val Loss: 2.4307
2024-09-22 21:12:41,570 - Epoch [35/1000], Val metric average : 0.1676
2024-09-22 21:12:51,918 - Epoch [36/1000], Train Loss: 2.5776
2024-09-22 21:12:51,919 - Epoch [36/1000], Train metric average : 0.0062
2024-09-22 21:12:51,919 - Epoch [36/1000], Val Loss: 2.6300
2024-09-22 21:12:51,919 - Epoch [36/1000], Val metric average : 0.2301
2024-09-22 21:13:02,444 - Epoch [37/1000], Train Loss: 2.5788
2024-09-22 21:13:02,444 - Epoch [37/1000], Train metric average : -0.0145
2024-09-22 21:13:02,444 - Epoch [37/1000], Val Loss: 2.4869
2024-09-22 21:13:02,444 - Epoch [37/1000], Val metric average : 0.2050
2024-09-22 21:13:12,878 - Epoch [38/1000], Train Loss: 2.5781
2024-09-22 21:13:12,878 - Epoch [38/1000], Train metric average : -0.0166
2024-09-22 21:13:12,881 - Epoch [38/1000], Val Loss: 2.6074
2024-09-22 21:13:12,881 - Epoch [38/1000], Val metric average : 0.0956
2024-09-22 21:13:23,337 - Epoch [39/1000], Train Loss: 2.5723
2024-09-22 21:13:23,338 - Epoch [39/1000], Train metric average : 0.0174
2024-09-22 21:13:23,338 - Epoch [39/1000], Val Loss: 2.7751
2024-09-22 21:13:23,338 - Epoch [39/1000], Val metric average : 0.0059
2024-09-22 21:13:33,608 - Epoch [40/1000], Train Loss: 2.5713
2024-09-22 21:13:33,608 - Epoch [40/1000], Train metric average : -0.0023
2024-09-22 21:13:33,608 - Epoch [40/1000], Val Loss: 2.7102
2024-09-22 21:13:33,608 - Epoch [40/1000], Val metric average : -0.1146
2024-09-22 21:13:44,072 - Epoch [41/1000], Train Loss: 2.5752
2024-09-22 21:13:44,072 - Epoch [41/1000], Train metric average : 0.0055
2024-09-22 21:13:44,072 - Epoch [41/1000], Val Loss: 2.7783
2024-09-22 21:13:44,072 - Epoch [41/1000], Val metric average : -0.0707
2024-09-22 21:13:54,655 - Epoch [42/1000], Train Loss: 2.5786
2024-09-22 21:13:54,655 - Epoch [42/1000], Train metric average : 0.0008
2024-09-22 21:13:54,655 - Epoch [42/1000], Val Loss: 2.5828
2024-09-22 21:13:54,655 - Epoch [42/1000], Val metric average : 0.1641
2024-09-22 21:14:05,002 - Epoch [43/1000], Train Loss: 2.5732
2024-09-22 21:14:05,002 - Epoch [43/1000], Train metric average : -0.0064
2024-09-22 21:14:05,002 - Epoch [43/1000], Val Loss: 2.4358
2024-09-22 21:14:05,002 - Epoch [43/1000], Val metric average : -0.0983
2024-09-22 21:14:15,600 - Epoch [44/1000], Train Loss: 2.5750
2024-09-22 21:14:15,600 - Epoch [44/1000], Train metric average : 0.0053
2024-09-22 21:14:15,600 - Epoch [44/1000], Val Loss: 2.3820
2024-09-22 21:14:15,600 - Epoch [44/1000], Val metric average : 0.1214
2024-09-22 21:14:25,893 - Epoch [45/1000], Train Loss: 2.5737
2024-09-22 21:14:25,893 - Epoch [45/1000], Train metric average : 0.0045
2024-09-22 21:14:25,894 - Epoch [45/1000], Val Loss: 2.8648
2024-09-22 21:14:25,894 - Epoch [45/1000], Val metric average : 0.2551
2024-09-22 21:15:53,494 - Epoch [1/1000], Train Loss: -0.3591
2024-09-22 21:15:53,495 - Epoch [1/1000], Train metric average : 0.3591
2024-09-22 21:15:53,495 - Epoch [1/1000], Val Loss: -0.5393
2024-09-22 21:15:53,495 - Epoch [1/1000], Val metric average : 0.5393
2024-09-22 21:15:56,685 - Saved best model with Val Loss: -0.5393
2024-09-22 21:16:07,476 - Epoch [2/1000], Train Loss: -0.5445
2024-09-22 21:16:07,476 - Epoch [2/1000], Train metric average : 0.5445
2024-09-22 21:16:07,476 - Epoch [2/1000], Val Loss: -0.5175
2024-09-22 21:16:07,477 - Epoch [2/1000], Val metric average : 0.5175
2024-09-22 21:16:17,800 - Epoch [3/1000], Train Loss: -0.5862
2024-09-22 21:16:17,800 - Epoch [3/1000], Train metric average : 0.5862
2024-09-22 21:16:17,800 - Epoch [3/1000], Val Loss: -0.5671
2024-09-22 21:16:17,801 - Epoch [3/1000], Val metric average : 0.5671
2024-09-22 21:16:20,954 - Saved best model with Val Loss: -0.5671
2024-09-22 21:16:31,457 - Epoch [4/1000], Train Loss: -0.5986
2024-09-22 21:16:31,457 - Epoch [4/1000], Train metric average : 0.5986
2024-09-22 21:16:31,457 - Epoch [4/1000], Val Loss: -0.5087
2024-09-22 21:16:31,457 - Epoch [4/1000], Val metric average : 0.5087
2024-09-22 21:16:42,001 - Epoch [5/1000], Train Loss: -0.6042
2024-09-22 21:16:42,001 - Epoch [5/1000], Train metric average : 0.6042
2024-09-22 21:16:42,001 - Epoch [5/1000], Val Loss: -0.5799
2024-09-22 21:16:42,001 - Epoch [5/1000], Val metric average : 0.5799
2024-09-22 21:16:45,214 - Saved best model with Val Loss: -0.5799
2024-09-22 21:16:55,808 - Epoch [6/1000], Train Loss: -0.6220
2024-09-22 21:16:55,808 - Epoch [6/1000], Train metric average : 0.6220
2024-09-22 21:16:55,808 - Epoch [6/1000], Val Loss: -0.5560
2024-09-22 21:16:55,808 - Epoch [6/1000], Val metric average : 0.5560
2024-09-22 21:17:06,091 - Epoch [7/1000], Train Loss: -0.6246
2024-09-22 21:17:06,092 - Epoch [7/1000], Train metric average : 0.6246
2024-09-22 21:17:06,092 - Epoch [7/1000], Val Loss: -0.4588
2024-09-22 21:17:06,092 - Epoch [7/1000], Val metric average : 0.4588
2024-09-22 21:17:16,558 - Epoch [8/1000], Train Loss: -0.6269
2024-09-22 21:17:16,559 - Epoch [8/1000], Train metric average : 0.6269
2024-09-22 21:17:16,559 - Epoch [8/1000], Val Loss: -0.5102
2024-09-22 21:17:16,559 - Epoch [8/1000], Val metric average : 0.5102
2024-09-22 21:17:26,952 - Epoch [9/1000], Train Loss: -0.6355
2024-09-22 21:17:26,952 - Epoch [9/1000], Train metric average : 0.6355
2024-09-22 21:17:26,952 - Epoch [9/1000], Val Loss: -0.5558
2024-09-22 21:17:26,952 - Epoch [9/1000], Val metric average : 0.5558
2024-09-22 21:17:37,602 - Epoch [10/1000], Train Loss: -0.6511
2024-09-22 21:17:37,603 - Epoch [10/1000], Train metric average : 0.6511
2024-09-22 21:17:37,603 - Epoch [10/1000], Val Loss: -0.5917
2024-09-22 21:17:37,603 - Epoch [10/1000], Val metric average : 0.5917
2024-09-22 21:17:40,994 - Saved best model with Val Loss: -0.5917
2024-09-22 21:17:51,507 - Epoch [11/1000], Train Loss: -0.6453
2024-09-22 21:17:51,507 - Epoch [11/1000], Train metric average : 0.6453
2024-09-22 21:17:51,507 - Epoch [11/1000], Val Loss: -0.5463
2024-09-22 21:17:51,507 - Epoch [11/1000], Val metric average : 0.5463
2024-09-22 21:18:02,279 - Epoch [12/1000], Train Loss: -0.6453
2024-09-22 21:18:02,280 - Epoch [12/1000], Train metric average : 0.6453
2024-09-22 21:18:02,280 - Epoch [12/1000], Val Loss: -0.5310
2024-09-22 21:18:02,280 - Epoch [12/1000], Val metric average : 0.5310
2024-09-22 21:18:12,751 - Epoch [13/1000], Train Loss: -0.6528
2024-09-22 21:18:12,751 - Epoch [13/1000], Train metric average : 0.6528
2024-09-22 21:18:12,751 - Epoch [13/1000], Val Loss: -0.5670
2024-09-22 21:18:12,751 - Epoch [13/1000], Val metric average : 0.5670
2024-09-22 21:18:23,340 - Epoch [14/1000], Train Loss: -0.6366
2024-09-22 21:18:23,340 - Epoch [14/1000], Train metric average : 0.6366
2024-09-22 21:18:23,340 - Epoch [14/1000], Val Loss: -0.5924
2024-09-22 21:18:23,340 - Epoch [14/1000], Val metric average : 0.5924
2024-09-22 21:18:26,804 - Saved best model with Val Loss: -0.5924
2024-09-22 21:18:37,374 - Epoch [15/1000], Train Loss: -0.6520
2024-09-22 21:18:37,375 - Epoch [15/1000], Train metric average : 0.6520
2024-09-22 21:18:37,375 - Epoch [15/1000], Val Loss: -0.5930
2024-09-22 21:18:37,375 - Epoch [15/1000], Val metric average : 0.5930
2024-09-22 21:18:40,605 - Saved best model with Val Loss: -0.5930
2024-09-22 21:18:51,233 - Epoch [16/1000], Train Loss: -0.6637
2024-09-22 21:18:51,234 - Epoch [16/1000], Train metric average : 0.6637
2024-09-22 21:18:51,234 - Epoch [16/1000], Val Loss: -0.6017
2024-09-22 21:18:51,234 - Epoch [16/1000], Val metric average : 0.6017
2024-09-22 21:18:54,428 - Saved best model with Val Loss: -0.6017
2024-09-22 21:19:05,061 - Epoch [17/1000], Train Loss: -0.6609
2024-09-22 21:19:05,061 - Epoch [17/1000], Train metric average : 0.6609
2024-09-22 21:19:05,061 - Epoch [17/1000], Val Loss: -0.5518
2024-09-22 21:19:05,061 - Epoch [17/1000], Val metric average : 0.5518
2024-09-22 21:19:15,644 - Epoch [18/1000], Train Loss: -0.6593
2024-09-22 21:19:15,644 - Epoch [18/1000], Train metric average : 0.6593
2024-09-22 21:19:15,644 - Epoch [18/1000], Val Loss: -0.5904
2024-09-22 21:19:15,644 - Epoch [18/1000], Val metric average : 0.5904
2024-09-22 21:19:26,261 - Epoch [19/1000], Train Loss: -0.6806
2024-09-22 21:19:26,261 - Epoch [19/1000], Train metric average : 0.6806
2024-09-22 21:19:26,261 - Epoch [19/1000], Val Loss: -0.5853
2024-09-22 21:19:26,261 - Epoch [19/1000], Val metric average : 0.5853
2024-09-22 21:19:36,787 - Epoch [20/1000], Train Loss: -0.6655
2024-09-22 21:19:36,787 - Epoch [20/1000], Train metric average : 0.6655
2024-09-22 21:19:36,787 - Epoch [20/1000], Val Loss: -0.5839
2024-09-22 21:19:36,787 - Epoch [20/1000], Val metric average : 0.5839
