2024-09-24 00:51:51,096 - Epoch [1/1000], Train Loss: 2.9004
2024-09-24 00:51:51,096 - Epoch [1/1000], Train metric : 0.3133
2024-09-24 00:51:51,096 - Epoch [1/1000], Val Loss: 2.9524
2024-09-24 00:51:51,096 - Epoch [1/1000], Val metric : 0.3360
2024-09-24 00:51:53,219 - Saved best model with Val Loss: 2.9524
2024-09-24 00:53:02,351 - Epoch [2/1000], Train Loss: 2.5197
2024-09-24 00:53:02,351 - Epoch [2/1000], Train metric : 0.4705
2024-09-24 00:53:02,351 - Epoch [2/1000], Val Loss: 2.5693
2024-09-24 00:53:02,351 - Epoch [2/1000], Val metric : 0.3558
2024-09-24 00:53:11,943 - Saved best model with Val Loss: 2.5693
2024-09-24 00:54:20,807 - Epoch [3/1000], Train Loss: 2.3986
2024-09-24 00:54:20,808 - Epoch [3/1000], Train metric : 0.5093
2024-09-24 00:54:20,808 - Epoch [3/1000], Val Loss: 2.4388
2024-09-24 00:54:20,808 - Epoch [3/1000], Val metric : 0.4483
2024-09-24 00:54:29,766 - Saved best model with Val Loss: 2.4388
2024-09-24 00:55:38,762 - Epoch [4/1000], Train Loss: 2.3557
2024-09-24 00:55:38,762 - Epoch [4/1000], Train metric : 0.5267
2024-09-24 00:55:38,762 - Epoch [4/1000], Val Loss: 2.3446
2024-09-24 00:55:38,762 - Epoch [4/1000], Val metric : 0.4576
2024-09-24 00:55:47,274 - Saved best model with Val Loss: 2.3446
2024-09-24 00:56:56,143 - Epoch [5/1000], Train Loss: 2.2977
2024-09-24 00:56:56,143 - Epoch [5/1000], Train metric : 0.5464
2024-09-24 00:56:56,143 - Epoch [5/1000], Val Loss: 2.9249
2024-09-24 00:56:56,143 - Epoch [5/1000], Val metric : 0.4692
2024-09-24 00:58:05,196 - Epoch [6/1000], Train Loss: 2.2578
2024-09-24 00:58:05,196 - Epoch [6/1000], Train metric : 0.5604
2024-09-24 00:58:05,196 - Epoch [6/1000], Val Loss: 3.1950
2024-09-24 00:58:05,196 - Epoch [6/1000], Val metric : 0.4604
2024-09-24 00:59:14,196 - Epoch [7/1000], Train Loss: 2.2484
2024-09-24 00:59:14,196 - Epoch [7/1000], Train metric : 0.5642
2024-09-24 00:59:14,196 - Epoch [7/1000], Val Loss: 2.2583
2024-09-24 00:59:14,196 - Epoch [7/1000], Val metric : 0.5033
2024-09-24 00:59:22,960 - Saved best model with Val Loss: 2.2583
2024-09-24 01:00:31,824 - Epoch [8/1000], Train Loss: 2.2204
2024-09-24 01:00:31,825 - Epoch [8/1000], Train metric : 0.5688
2024-09-24 01:00:31,825 - Epoch [8/1000], Val Loss: 2.5493
2024-09-24 01:00:31,825 - Epoch [8/1000], Val metric : 0.4717
2024-09-24 01:01:40,868 - Epoch [9/1000], Train Loss: 2.2032
2024-09-24 01:01:40,869 - Epoch [9/1000], Train metric : 0.5755
2024-09-24 01:01:40,869 - Epoch [9/1000], Val Loss: 2.8402
2024-09-24 01:01:40,869 - Epoch [9/1000], Val metric : 0.4762
2024-09-24 01:02:49,904 - Epoch [10/1000], Train Loss: 2.1968
2024-09-24 01:02:49,904 - Epoch [10/1000], Train metric : 0.5777
2024-09-24 01:02:49,904 - Epoch [10/1000], Val Loss: 2.3966
2024-09-24 01:02:49,904 - Epoch [10/1000], Val metric : 0.4842
2024-09-24 01:03:58,962 - Epoch [11/1000], Train Loss: 2.1787
2024-09-24 01:03:58,962 - Epoch [11/1000], Train metric : 0.5833
2024-09-24 01:03:58,962 - Epoch [11/1000], Val Loss: 2.2932
2024-09-24 01:03:58,962 - Epoch [11/1000], Val metric : 0.4517
2024-09-24 01:05:07,976 - Epoch [12/1000], Train Loss: 2.1560
2024-09-24 01:05:07,977 - Epoch [12/1000], Train metric : 0.5871
2024-09-24 01:05:07,977 - Epoch [12/1000], Val Loss: 2.1506
2024-09-24 01:05:07,977 - Epoch [12/1000], Val metric : 0.4896
2024-09-24 01:05:18,348 - Saved best model with Val Loss: 2.1506
2024-09-24 01:06:27,382 - Epoch [13/1000], Train Loss: 2.1531
2024-09-24 01:06:27,382 - Epoch [13/1000], Train metric : 0.5908
2024-09-24 01:06:27,382 - Epoch [13/1000], Val Loss: 2.1583
2024-09-24 01:06:27,382 - Epoch [13/1000], Val metric : 0.5107
2024-09-24 01:07:36,371 - Epoch [14/1000], Train Loss: 2.1414
2024-09-24 01:07:36,372 - Epoch [14/1000], Train metric : 0.5928
2024-09-24 01:07:36,372 - Epoch [14/1000], Val Loss: 2.3240
2024-09-24 01:07:36,372 - Epoch [14/1000], Val metric : 0.4994
2024-09-24 01:08:45,365 - Epoch [15/1000], Train Loss: 2.1309
2024-09-24 01:08:45,366 - Epoch [15/1000], Train metric : 0.5964
2024-09-24 01:08:45,366 - Epoch [15/1000], Val Loss: 2.3472
2024-09-24 01:08:45,366 - Epoch [15/1000], Val metric : 0.5169
2024-09-24 01:09:54,448 - Epoch [16/1000], Train Loss: 2.1212
2024-09-24 01:09:54,448 - Epoch [16/1000], Train metric : 0.6001
2024-09-24 01:09:54,448 - Epoch [16/1000], Val Loss: 2.1148
2024-09-24 01:09:54,449 - Epoch [16/1000], Val metric : 0.5293
2024-09-24 01:10:04,596 - Saved best model with Val Loss: 2.1148
2024-09-24 01:11:13,460 - Epoch [17/1000], Train Loss: 2.1165
2024-09-24 01:11:13,460 - Epoch [17/1000], Train metric : 0.5996
2024-09-24 01:11:13,461 - Epoch [17/1000], Val Loss: 2.5120
2024-09-24 01:11:13,461 - Epoch [17/1000], Val metric : 0.5088
2024-09-24 01:12:22,501 - Epoch [18/1000], Train Loss: 2.0929
2024-09-24 01:12:22,501 - Epoch [18/1000], Train metric : 0.6069
2024-09-24 01:12:22,501 - Epoch [18/1000], Val Loss: 2.3507
2024-09-24 01:12:22,501 - Epoch [18/1000], Val metric : 0.5240
2024-09-24 01:13:31,530 - Epoch [19/1000], Train Loss: 2.1220
2024-09-24 01:13:31,531 - Epoch [19/1000], Train metric : 0.6016
2024-09-24 01:13:31,531 - Epoch [19/1000], Val Loss: 2.1268
2024-09-24 01:13:31,531 - Epoch [19/1000], Val metric : 0.5224
2024-09-24 01:14:40,576 - Epoch [20/1000], Train Loss: 2.1092
2024-09-24 01:14:40,577 - Epoch [20/1000], Train metric : 0.6024
2024-09-24 01:14:40,577 - Epoch [20/1000], Val Loss: 2.3007
2024-09-24 01:14:40,577 - Epoch [20/1000], Val metric : 0.4938
2024-09-24 01:15:49,764 - Epoch [21/1000], Train Loss: 2.0983
2024-09-24 01:15:49,764 - Epoch [21/1000], Train metric : 0.6076
2024-09-24 01:15:49,764 - Epoch [21/1000], Val Loss: 2.3920
2024-09-24 01:15:49,765 - Epoch [21/1000], Val metric : 0.4851
2024-09-24 01:16:59,076 - Epoch [22/1000], Train Loss: 2.0852
2024-09-24 01:16:59,076 - Epoch [22/1000], Train metric : 0.6091
2024-09-24 01:16:59,076 - Epoch [22/1000], Val Loss: 2.1189
2024-09-24 01:16:59,076 - Epoch [22/1000], Val metric : 0.5225
2024-09-24 01:18:08,111 - Epoch [23/1000], Train Loss: 2.0686
2024-09-24 01:18:08,111 - Epoch [23/1000], Train metric : 0.6167
2024-09-24 01:18:08,111 - Epoch [23/1000], Val Loss: 2.2867
2024-09-24 01:18:08,111 - Epoch [23/1000], Val metric : 0.5238
2024-09-24 01:19:17,185 - Epoch [24/1000], Train Loss: 2.0744
2024-09-24 01:19:17,185 - Epoch [24/1000], Train metric : 0.6124
2024-09-24 01:19:17,185 - Epoch [24/1000], Val Loss: 2.1646
2024-09-24 01:19:17,186 - Epoch [24/1000], Val metric : 0.5222
2024-09-24 01:20:26,247 - Epoch [25/1000], Train Loss: 2.0569
2024-09-24 01:20:26,248 - Epoch [25/1000], Train metric : 0.6175
2024-09-24 01:20:26,248 - Epoch [25/1000], Val Loss: 2.3088
2024-09-24 01:20:26,248 - Epoch [25/1000], Val metric : 0.5353
2024-09-24 01:21:35,302 - Epoch [26/1000], Train Loss: 2.0621
2024-09-24 01:21:35,302 - Epoch [26/1000], Train metric : 0.6153
2024-09-24 01:21:35,302 - Epoch [26/1000], Val Loss: 2.2481
2024-09-24 01:21:35,303 - Epoch [26/1000], Val metric : 0.5325
2024-09-24 01:22:44,336 - Epoch [27/1000], Train Loss: 2.0471
2024-09-24 01:22:44,336 - Epoch [27/1000], Train metric : 0.6196
2024-09-24 01:22:44,336 - Epoch [27/1000], Val Loss: 2.0147
2024-09-24 01:22:44,336 - Epoch [27/1000], Val metric : 0.5518
2024-09-24 01:22:55,383 - Saved best model with Val Loss: 2.0147
2024-09-24 01:24:04,327 - Epoch [28/1000], Train Loss: 2.0664
2024-09-24 01:24:04,328 - Epoch [28/1000], Train metric : 0.6167
2024-09-24 01:24:04,328 - Epoch [28/1000], Val Loss: 2.2037
2024-09-24 01:24:04,328 - Epoch [28/1000], Val metric : 0.5187
2024-09-24 01:25:13,339 - Epoch [29/1000], Train Loss: 2.0325
2024-09-24 01:25:13,340 - Epoch [29/1000], Train metric : 0.6250
2024-09-24 01:25:13,340 - Epoch [29/1000], Val Loss: 2.2395
2024-09-24 01:25:13,340 - Epoch [29/1000], Val metric : 0.4937
2024-09-24 01:26:22,307 - Epoch [30/1000], Train Loss: 2.0361
2024-09-24 01:26:22,308 - Epoch [30/1000], Train metric : 0.6240
2024-09-24 01:26:22,308 - Epoch [30/1000], Val Loss: 2.0558
2024-09-24 01:26:22,308 - Epoch [30/1000], Val metric : 0.5406
2024-09-24 01:27:31,335 - Epoch [31/1000], Train Loss: 2.0348
2024-09-24 01:27:31,335 - Epoch [31/1000], Train metric : 0.6244
2024-09-24 01:27:31,336 - Epoch [31/1000], Val Loss: 2.1926
2024-09-24 01:27:31,336 - Epoch [31/1000], Val metric : 0.5153
2024-09-24 01:28:40,381 - Epoch [32/1000], Train Loss: 2.0626
2024-09-24 01:28:40,382 - Epoch [32/1000], Train metric : 0.6178
2024-09-24 01:28:40,382 - Epoch [32/1000], Val Loss: 2.0972
2024-09-24 01:28:40,382 - Epoch [32/1000], Val metric : 0.5357
2024-09-24 01:29:49,381 - Epoch [33/1000], Train Loss: 2.0404
2024-09-24 01:29:49,381 - Epoch [33/1000], Train metric : 0.6214
2024-09-24 01:29:49,381 - Epoch [33/1000], Val Loss: 2.3316
2024-09-24 01:29:49,381 - Epoch [33/1000], Val metric : 0.5036
2024-09-24 01:30:58,372 - Epoch [34/1000], Train Loss: 2.0228
2024-09-24 01:30:58,372 - Epoch [34/1000], Train metric : 0.6285
2024-09-24 01:30:58,372 - Epoch [34/1000], Val Loss: 2.0729
2024-09-24 01:30:58,372 - Epoch [34/1000], Val metric : 0.5574
2024-09-24 01:32:07,368 - Epoch [35/1000], Train Loss: 2.0182
2024-09-24 01:32:07,368 - Epoch [35/1000], Train metric : 0.6276
2024-09-24 01:32:07,369 - Epoch [35/1000], Val Loss: 2.3039
2024-09-24 01:32:07,369 - Epoch [35/1000], Val metric : 0.5264
2024-09-24 01:33:16,537 - Epoch [36/1000], Train Loss: 2.0462
2024-09-24 01:33:16,537 - Epoch [36/1000], Train metric : 0.6196
2024-09-24 01:33:16,537 - Epoch [36/1000], Val Loss: 2.4589
2024-09-24 01:33:16,537 - Epoch [36/1000], Val metric : 0.4823
2024-09-24 01:34:25,606 - Epoch [37/1000], Train Loss: 2.0100
2024-09-24 01:34:25,606 - Epoch [37/1000], Train metric : 0.6305
2024-09-24 01:34:25,606 - Epoch [37/1000], Val Loss: 2.1178
2024-09-24 01:34:25,606 - Epoch [37/1000], Val metric : 0.5268
2024-09-24 01:35:34,674 - Epoch [38/1000], Train Loss: 2.0211
2024-09-24 01:35:34,674 - Epoch [38/1000], Train metric : 0.6262
2024-09-24 01:35:34,675 - Epoch [38/1000], Val Loss: 2.2822
2024-09-24 01:35:34,675 - Epoch [38/1000], Val metric : 0.5330
2024-09-24 01:36:43,709 - Epoch [39/1000], Train Loss: 2.0033
2024-09-24 01:36:43,709 - Epoch [39/1000], Train metric : 0.6324
2024-09-24 01:36:43,710 - Epoch [39/1000], Val Loss: 2.1745
2024-09-24 01:36:43,710 - Epoch [39/1000], Val metric : 0.5489
2024-09-24 01:37:52,687 - Epoch [40/1000], Train Loss: 2.0068
2024-09-24 01:37:52,688 - Epoch [40/1000], Train metric : 0.6320
2024-09-24 01:37:52,688 - Epoch [40/1000], Val Loss: 2.1124
2024-09-24 01:37:52,688 - Epoch [40/1000], Val metric : 0.5341
2024-09-24 01:39:01,692 - Epoch [41/1000], Train Loss: 2.0014
2024-09-24 01:39:01,693 - Epoch [41/1000], Train metric : 0.6317
2024-09-24 01:39:01,693 - Epoch [41/1000], Val Loss: 2.1363
2024-09-24 01:39:01,693 - Epoch [41/1000], Val metric : 0.5248
2024-09-24 01:40:10,979 - Epoch [42/1000], Train Loss: 2.0170
2024-09-24 01:40:10,980 - Epoch [42/1000], Train metric : 0.6292
2024-09-24 01:40:10,980 - Epoch [42/1000], Val Loss: 2.3228
2024-09-24 01:40:10,980 - Epoch [42/1000], Val metric : 0.5498
2024-09-24 01:41:20,007 - Epoch [43/1000], Train Loss: 1.9987
2024-09-24 01:41:20,007 - Epoch [43/1000], Train metric : 0.6342
2024-09-24 01:41:20,007 - Epoch [43/1000], Val Loss: 2.2148
2024-09-24 01:41:20,007 - Epoch [43/1000], Val metric : 0.5145
2024-09-24 01:42:29,217 - Epoch [44/1000], Train Loss: 1.9934
2024-09-24 01:42:29,218 - Epoch [44/1000], Train metric : 0.6365
2024-09-24 01:42:29,218 - Epoch [44/1000], Val Loss: 2.0484
2024-09-24 01:42:29,218 - Epoch [44/1000], Val metric : 0.5435
2024-09-24 01:43:38,271 - Epoch [45/1000], Train Loss: 1.9955
2024-09-24 01:43:38,271 - Epoch [45/1000], Train metric : 0.6345
2024-09-24 01:43:38,271 - Epoch [45/1000], Val Loss: 2.0924
2024-09-24 01:43:38,271 - Epoch [45/1000], Val metric : 0.5092
2024-09-24 01:44:47,342 - Epoch [46/1000], Train Loss: 2.0097
2024-09-24 01:44:47,342 - Epoch [46/1000], Train metric : 0.6320
2024-09-24 01:44:47,342 - Epoch [46/1000], Val Loss: 2.1614
2024-09-24 01:44:47,343 - Epoch [46/1000], Val metric : 0.4973
2024-09-24 01:45:56,409 - Epoch [47/1000], Train Loss: 1.9979
2024-09-24 01:45:56,409 - Epoch [47/1000], Train metric : 0.6351
2024-09-24 01:45:56,409 - Epoch [47/1000], Val Loss: 2.2202
2024-09-24 01:45:56,409 - Epoch [47/1000], Val metric : 0.5054
2024-09-24 01:47:05,455 - Epoch [48/1000], Train Loss: 1.9817
2024-09-24 01:47:05,455 - Epoch [48/1000], Train metric : 0.6378
2024-09-24 01:47:05,456 - Epoch [48/1000], Val Loss: 2.1008
2024-09-24 01:47:05,456 - Epoch [48/1000], Val metric : 0.5297
2024-09-24 01:48:14,494 - Epoch [49/1000], Train Loss: 2.0064
2024-09-24 01:48:14,494 - Epoch [49/1000], Train metric : 0.6317
2024-09-24 01:48:14,495 - Epoch [49/1000], Val Loss: 1.9571
2024-09-24 01:48:14,495 - Epoch [49/1000], Val metric : 0.5580
2024-09-24 01:48:23,524 - Saved best model with Val Loss: 1.9571
2024-09-24 01:49:32,389 - Epoch [50/1000], Train Loss: 1.9851
2024-09-24 01:49:32,389 - Epoch [50/1000], Train metric : 0.6375
2024-09-24 01:49:32,389 - Epoch [50/1000], Val Loss: 2.3565
2024-09-24 01:49:32,389 - Epoch [50/1000], Val metric : 0.5025
2024-09-24 01:50:41,390 - Epoch [51/1000], Train Loss: 2.0024
2024-09-24 01:50:41,391 - Epoch [51/1000], Train metric : 0.6313
2024-09-24 01:50:41,391 - Epoch [51/1000], Val Loss: 2.2511
2024-09-24 01:50:41,391 - Epoch [51/1000], Val metric : 0.5376
2024-09-24 01:51:50,628 - Epoch [52/1000], Train Loss: 2.0059
2024-09-24 01:51:50,628 - Epoch [52/1000], Train metric : 0.6334
2024-09-24 01:51:50,628 - Epoch [52/1000], Val Loss: 2.4041
2024-09-24 01:51:50,628 - Epoch [52/1000], Val metric : 0.5606
2024-09-24 01:52:59,696 - Epoch [53/1000], Train Loss: 1.9876
2024-09-24 01:52:59,696 - Epoch [53/1000], Train metric : 0.6368
2024-09-24 01:52:59,696 - Epoch [53/1000], Val Loss: 2.5417
2024-09-24 01:52:59,697 - Epoch [53/1000], Val metric : 0.5182
2024-09-24 01:54:08,707 - Epoch [54/1000], Train Loss: 1.9888
2024-09-24 01:54:08,707 - Epoch [54/1000], Train metric : 0.6368
2024-09-24 01:54:08,707 - Epoch [54/1000], Val Loss: 2.0882
2024-09-24 01:54:08,707 - Epoch [54/1000], Val metric : 0.5152
2024-09-24 01:55:17,765 - Epoch [55/1000], Train Loss: 1.9762
2024-09-24 01:55:17,765 - Epoch [55/1000], Train metric : 0.6400
2024-09-24 01:55:17,765 - Epoch [55/1000], Val Loss: 2.1752
2024-09-24 01:55:17,765 - Epoch [55/1000], Val metric : 0.5264
2024-09-24 01:56:26,821 - Epoch [56/1000], Train Loss: 1.9780
2024-09-24 01:56:26,821 - Epoch [56/1000], Train metric : 0.6382
2024-09-24 01:56:26,821 - Epoch [56/1000], Val Loss: 2.2655
2024-09-24 01:56:26,821 - Epoch [56/1000], Val metric : 0.5427
2024-09-24 01:57:35,854 - Epoch [57/1000], Train Loss: 1.9720
2024-09-24 01:57:35,855 - Epoch [57/1000], Train metric : 0.6419
2024-09-24 01:57:35,855 - Epoch [57/1000], Val Loss: 2.0337
2024-09-24 01:57:35,855 - Epoch [57/1000], Val metric : 0.5898
2024-09-24 01:58:44,886 - Epoch [58/1000], Train Loss: 2.0046
2024-09-24 01:58:44,886 - Epoch [58/1000], Train metric : 0.6344
2024-09-24 01:58:44,886 - Epoch [58/1000], Val Loss: 2.2025
2024-09-24 01:58:44,886 - Epoch [58/1000], Val metric : 0.5185
2024-09-24 01:59:53,904 - Epoch [59/1000], Train Loss: 1.9827
2024-09-24 01:59:53,904 - Epoch [59/1000], Train metric : 0.6375
2024-09-24 01:59:53,905 - Epoch [59/1000], Val Loss: 2.1039
2024-09-24 01:59:53,905 - Epoch [59/1000], Val metric : 0.4956
2024-09-24 02:01:02,916 - Epoch [60/1000], Train Loss: 1.9994
2024-09-24 02:01:02,917 - Epoch [60/1000], Train metric : 0.6370
2024-09-24 02:01:02,917 - Epoch [60/1000], Val Loss: 1.9827
2024-09-24 02:01:02,917 - Epoch [60/1000], Val metric : 0.5371
2024-09-24 02:02:12,080 - Epoch [61/1000], Train Loss: 1.9717
2024-09-24 02:02:12,081 - Epoch [61/1000], Train metric : 0.6410
2024-09-24 02:02:12,081 - Epoch [61/1000], Val Loss: 2.3543
2024-09-24 02:02:12,081 - Epoch [61/1000], Val metric : 0.5165
2024-09-24 02:03:21,389 - Epoch [62/1000], Train Loss: 1.9834
2024-09-24 02:03:21,389 - Epoch [62/1000], Train metric : 0.6385
2024-09-24 02:03:21,389 - Epoch [62/1000], Val Loss: 2.3765
2024-09-24 02:03:21,389 - Epoch [62/1000], Val metric : 0.5084
2024-09-24 02:04:30,418 - Epoch [63/1000], Train Loss: 1.9748
2024-09-24 02:04:30,419 - Epoch [63/1000], Train metric : 0.6405
2024-09-24 02:04:30,419 - Epoch [63/1000], Val Loss: 2.2340
2024-09-24 02:04:30,419 - Epoch [63/1000], Val metric : 0.5200
2024-09-24 02:05:39,453 - Epoch [64/1000], Train Loss: 1.9735
2024-09-24 02:05:39,453 - Epoch [64/1000], Train metric : 0.6427
2024-09-24 02:05:39,453 - Epoch [64/1000], Val Loss: 2.3813
2024-09-24 02:05:39,454 - Epoch [64/1000], Val metric : 0.5120
2024-09-24 02:06:48,504 - Epoch [65/1000], Train Loss: 1.9701
2024-09-24 02:06:48,504 - Epoch [65/1000], Train metric : 0.6416
2024-09-24 02:06:48,504 - Epoch [65/1000], Val Loss: 2.0796
2024-09-24 02:06:48,504 - Epoch [65/1000], Val metric : 0.5301
2024-09-24 02:07:57,549 - Epoch [66/1000], Train Loss: 1.9580
2024-09-24 02:07:57,549 - Epoch [66/1000], Train metric : 0.6442
2024-09-24 02:07:57,549 - Epoch [66/1000], Val Loss: 2.2430
2024-09-24 02:07:57,549 - Epoch [66/1000], Val metric : 0.5514
2024-09-24 02:09:06,572 - Epoch [67/1000], Train Loss: 1.9440
2024-09-24 02:09:06,572 - Epoch [67/1000], Train metric : 0.6491
2024-09-24 02:09:06,573 - Epoch [67/1000], Val Loss: 2.2442
2024-09-24 02:09:06,573 - Epoch [67/1000], Val metric : 0.5238
2024-09-24 02:10:15,753 - Epoch [68/1000], Train Loss: 1.9846
2024-09-24 02:10:15,753 - Epoch [68/1000], Train metric : 0.6419
2024-09-24 02:10:15,753 - Epoch [68/1000], Val Loss: 2.3655
2024-09-24 02:10:15,753 - Epoch [68/1000], Val metric : 0.5303
2024-09-24 02:11:24,760 - Epoch [69/1000], Train Loss: 1.9550
2024-09-24 02:11:24,761 - Epoch [69/1000], Train metric : 0.6477
2024-09-24 02:11:24,761 - Epoch [69/1000], Val Loss: 2.1253
2024-09-24 02:11:24,761 - Epoch [69/1000], Val metric : 0.5271
2024-09-24 02:12:33,796 - Epoch [70/1000], Train Loss: 1.9767
2024-09-24 02:12:33,796 - Epoch [70/1000], Train metric : 0.6396
2024-09-24 02:12:33,796 - Epoch [70/1000], Val Loss: 2.1631
2024-09-24 02:12:33,796 - Epoch [70/1000], Val metric : 0.5233
2024-09-24 02:13:42,854 - Epoch [71/1000], Train Loss: 1.9488
2024-09-24 02:13:42,855 - Epoch [71/1000], Train metric : 0.6469
2024-09-24 02:13:42,855 - Epoch [71/1000], Val Loss: 2.2148
2024-09-24 02:13:42,855 - Epoch [71/1000], Val metric : 0.4924
2024-09-24 02:14:51,913 - Epoch [72/1000], Train Loss: 1.9794
2024-09-24 02:14:51,914 - Epoch [72/1000], Train metric : 0.6406
2024-09-24 02:14:51,914 - Epoch [72/1000], Val Loss: 2.2035
2024-09-24 02:14:51,914 - Epoch [72/1000], Val metric : 0.5336
2024-09-24 02:16:00,976 - Epoch [73/1000], Train Loss: 1.9520
2024-09-24 02:16:00,976 - Epoch [73/1000], Train metric : 0.6477
2024-09-24 02:16:00,977 - Epoch [73/1000], Val Loss: 2.3663
2024-09-24 02:16:00,977 - Epoch [73/1000], Val metric : 0.5048
2024-09-24 02:17:10,042 - Epoch [74/1000], Train Loss: 1.9585
2024-09-24 02:17:10,042 - Epoch [74/1000], Train metric : 0.6472
2024-09-24 02:17:10,042 - Epoch [74/1000], Val Loss: 2.2209
2024-09-24 02:17:10,042 - Epoch [74/1000], Val metric : 0.5141
2024-09-24 02:18:19,039 - Epoch [75/1000], Train Loss: 1.9588
2024-09-24 02:18:19,039 - Epoch [75/1000], Train metric : 0.6461
2024-09-24 02:18:19,039 - Epoch [75/1000], Val Loss: 2.1883
2024-09-24 02:18:19,039 - Epoch [75/1000], Val metric : 0.5114
2024-09-24 02:19:28,049 - Epoch [76/1000], Train Loss: 1.9680
2024-09-24 02:19:28,049 - Epoch [76/1000], Train metric : 0.6439
2024-09-24 02:19:28,049 - Epoch [76/1000], Val Loss: 2.4359
2024-09-24 02:19:28,049 - Epoch [76/1000], Val metric : 0.5570
2024-09-24 02:20:37,226 - Epoch [77/1000], Train Loss: 1.9612
2024-09-24 02:20:37,227 - Epoch [77/1000], Train metric : 0.6457
2024-09-24 02:20:37,227 - Epoch [77/1000], Val Loss: 2.1110
2024-09-24 02:20:37,227 - Epoch [77/1000], Val metric : 0.5160
2024-09-24 02:21:46,214 - Epoch [78/1000], Train Loss: 1.9735
2024-09-24 02:21:46,215 - Epoch [78/1000], Train metric : 0.6421
2024-09-24 02:21:46,215 - Epoch [78/1000], Val Loss: 2.1612
2024-09-24 02:21:46,215 - Epoch [78/1000], Val metric : 0.5483
2024-09-24 02:22:55,168 - Epoch [79/1000], Train Loss: 1.9868
2024-09-24 02:22:55,168 - Epoch [79/1000], Train metric : 0.6382
2024-09-24 02:22:55,168 - Epoch [79/1000], Val Loss: 2.3496
2024-09-24 02:22:55,168 - Epoch [79/1000], Val metric : 0.5305
2024-09-24 02:24:04,132 - Epoch [80/1000], Train Loss: 1.9655
2024-09-24 02:24:04,133 - Epoch [80/1000], Train metric : 0.6428
2024-09-24 02:24:04,133 - Epoch [80/1000], Val Loss: 2.0898
2024-09-24 02:24:04,133 - Epoch [80/1000], Val metric : 0.5532
2024-09-24 02:25:13,087 - Epoch [81/1000], Train Loss: 1.9549
2024-09-24 02:25:13,088 - Epoch [81/1000], Train metric : 0.6467
2024-09-24 02:25:13,088 - Epoch [81/1000], Val Loss: 2.3146
2024-09-24 02:25:13,088 - Epoch [81/1000], Val metric : 0.4729
2024-09-24 02:26:22,343 - Epoch [82/1000], Train Loss: 1.9644
2024-09-24 02:26:22,343 - Epoch [82/1000], Train metric : 0.6444
2024-09-24 02:26:22,343 - Epoch [82/1000], Val Loss: 2.2431
2024-09-24 02:26:22,343 - Epoch [82/1000], Val metric : 0.5664
2024-09-24 02:27:31,403 - Epoch [83/1000], Train Loss: 1.9604
2024-09-24 02:27:31,403 - Epoch [83/1000], Train metric : 0.6437
2024-09-24 02:27:31,403 - Epoch [83/1000], Val Loss: 2.3719
2024-09-24 02:27:31,403 - Epoch [83/1000], Val metric : 0.5150
2024-09-24 02:28:40,572 - Epoch [84/1000], Train Loss: 1.9688
2024-09-24 02:28:40,572 - Epoch [84/1000], Train metric : 0.6443
2024-09-24 02:28:40,572 - Epoch [84/1000], Val Loss: 2.3238
2024-09-24 02:28:40,572 - Epoch [84/1000], Val metric : 0.5136
2024-09-24 02:29:49,606 - Epoch [85/1000], Train Loss: 1.9606
2024-09-24 02:29:49,606 - Epoch [85/1000], Train metric : 0.6464
2024-09-24 02:29:49,606 - Epoch [85/1000], Val Loss: 2.4540
2024-09-24 02:29:49,606 - Epoch [85/1000], Val metric : 0.5292
2024-09-24 02:30:58,671 - Epoch [86/1000], Train Loss: 1.9492
2024-09-24 02:30:58,671 - Epoch [86/1000], Train metric : 0.6482
2024-09-24 02:30:58,671 - Epoch [86/1000], Val Loss: 2.4894
2024-09-24 02:30:58,671 - Epoch [86/1000], Val metric : 0.4729
2024-09-24 02:32:07,636 - Epoch [87/1000], Train Loss: 1.9505
2024-09-24 02:32:07,636 - Epoch [87/1000], Train metric : 0.6486
2024-09-24 02:32:07,637 - Epoch [87/1000], Val Loss: 2.4568
2024-09-24 02:32:07,637 - Epoch [87/1000], Val metric : 0.5308
2024-09-24 02:33:16,627 - Epoch [88/1000], Train Loss: 1.9825
2024-09-24 02:33:16,627 - Epoch [88/1000], Train metric : 0.6412
2024-09-24 02:33:16,627 - Epoch [88/1000], Val Loss: 2.3209
2024-09-24 02:33:16,627 - Epoch [88/1000], Val metric : 0.5583
2024-09-24 02:34:25,643 - Epoch [89/1000], Train Loss: 1.9489
2024-09-24 02:34:25,643 - Epoch [89/1000], Train metric : 0.6487
2024-09-24 02:34:25,643 - Epoch [89/1000], Val Loss: 2.1540
2024-09-24 02:34:25,643 - Epoch [89/1000], Val metric : 0.5478
2024-09-24 02:35:34,615 - Epoch [90/1000], Train Loss: 1.9335
2024-09-24 02:35:34,616 - Epoch [90/1000], Train metric : 0.6512
2024-09-24 02:35:34,616 - Epoch [90/1000], Val Loss: 2.3756
2024-09-24 02:35:34,616 - Epoch [90/1000], Val metric : 0.5166
2024-09-24 02:36:43,604 - Epoch [91/1000], Train Loss: 1.9651
2024-09-24 02:36:43,604 - Epoch [91/1000], Train metric : 0.6437
2024-09-24 02:36:43,604 - Epoch [91/1000], Val Loss: 2.3275
2024-09-24 02:36:43,604 - Epoch [91/1000], Val metric : 0.5036
2024-09-24 02:37:52,699 - Epoch [92/1000], Train Loss: 1.9398
2024-09-24 02:37:52,699 - Epoch [92/1000], Train metric : 0.6502
2024-09-24 02:37:52,699 - Epoch [92/1000], Val Loss: 2.0594
2024-09-24 02:37:52,699 - Epoch [92/1000], Val metric : 0.5449
2024-09-24 02:39:01,656 - Epoch [93/1000], Train Loss: 1.9319
2024-09-24 02:39:01,656 - Epoch [93/1000], Train metric : 0.6528
2024-09-24 02:39:01,656 - Epoch [93/1000], Val Loss: 2.0274
2024-09-24 02:39:01,656 - Epoch [93/1000], Val metric : 0.5437
2024-09-24 02:40:10,598 - Epoch [94/1000], Train Loss: 1.9422
2024-09-24 02:40:10,598 - Epoch [94/1000], Train metric : 0.6498
2024-09-24 02:40:10,598 - Epoch [94/1000], Val Loss: 2.4220
2024-09-24 02:40:10,599 - Epoch [94/1000], Val metric : 0.5069
2024-09-24 02:41:19,566 - Epoch [95/1000], Train Loss: 1.9568
2024-09-24 02:41:19,566 - Epoch [95/1000], Train metric : 0.6470
2024-09-24 02:41:19,567 - Epoch [95/1000], Val Loss: 2.1739
2024-09-24 02:41:19,567 - Epoch [95/1000], Val metric : 0.5415
2024-09-24 02:42:28,527 - Epoch [96/1000], Train Loss: 1.9595
2024-09-24 02:42:28,527 - Epoch [96/1000], Train metric : 0.6459
2024-09-24 02:42:28,527 - Epoch [96/1000], Val Loss: 2.0291
2024-09-24 02:42:28,527 - Epoch [96/1000], Val metric : 0.5472
2024-09-24 02:43:37,460 - Epoch [97/1000], Train Loss: 1.9531
2024-09-24 02:43:37,460 - Epoch [97/1000], Train metric : 0.6469
2024-09-24 02:43:37,461 - Epoch [97/1000], Val Loss: 2.2571
2024-09-24 02:43:37,461 - Epoch [97/1000], Val metric : 0.4956
2024-09-24 02:44:46,483 - Epoch [98/1000], Train Loss: 1.9465
2024-09-24 02:44:46,484 - Epoch [98/1000], Train metric : 0.6493
2024-09-24 02:44:46,484 - Epoch [98/1000], Val Loss: 2.2614
2024-09-24 02:44:46,484 - Epoch [98/1000], Val metric : 0.5407
2024-09-24 02:45:55,486 - Epoch [99/1000], Train Loss: 1.9299
2024-09-24 02:45:55,487 - Epoch [99/1000], Train metric : 0.6527
2024-09-24 02:45:55,487 - Epoch [99/1000], Val Loss: 2.1975
2024-09-24 02:45:55,487 - Epoch [99/1000], Val metric : 0.5508
2024-09-24 02:47:04,507 - Epoch [100/1000], Train Loss: 1.9586
2024-09-24 02:47:04,508 - Epoch [100/1000], Train metric : 0.6459
2024-09-24 02:47:04,508 - Epoch [100/1000], Val Loss: 2.2945
2024-09-24 02:47:04,508 - Epoch [100/1000], Val metric : 0.4772
2024-09-24 02:48:13,632 - Epoch [101/1000], Train Loss: 1.8541
2024-09-24 02:48:13,632 - Epoch [101/1000], Train metric : 0.6734
2024-09-24 02:48:13,632 - Epoch [101/1000], Val Loss: 2.2807
2024-09-24 02:48:13,632 - Epoch [101/1000], Val metric : 0.5039
2024-09-24 02:49:22,863 - Epoch [102/1000], Train Loss: 1.7927
2024-09-24 02:49:22,863 - Epoch [102/1000], Train metric : 0.6871
2024-09-24 02:49:22,863 - Epoch [102/1000], Val Loss: 2.2826
2024-09-24 02:49:22,863 - Epoch [102/1000], Val metric : 0.5000
2024-09-24 02:50:31,902 - Epoch [103/1000], Train Loss: 1.7538
2024-09-24 02:50:31,902 - Epoch [103/1000], Train metric : 0.6985
2024-09-24 02:50:31,902 - Epoch [103/1000], Val Loss: 2.3244
2024-09-24 02:50:31,902 - Epoch [103/1000], Val metric : 0.4923
2024-09-24 02:51:40,844 - Epoch [104/1000], Train Loss: 1.7468
2024-09-24 02:51:40,844 - Epoch [104/1000], Train metric : 0.7003
2024-09-24 02:51:40,844 - Epoch [104/1000], Val Loss: 2.1676
2024-09-24 02:51:40,844 - Epoch [104/1000], Val metric : 0.5575
2024-09-24 02:52:49,785 - Epoch [105/1000], Train Loss: 1.7100
2024-09-24 02:52:49,785 - Epoch [105/1000], Train metric : 0.7090
2024-09-24 02:52:49,785 - Epoch [105/1000], Val Loss: 2.1564
2024-09-24 02:52:49,785 - Epoch [105/1000], Val metric : 0.5333
2024-09-24 02:53:58,785 - Epoch [106/1000], Train Loss: 1.7055
2024-09-24 02:53:58,786 - Epoch [106/1000], Train metric : 0.7109
2024-09-24 02:53:58,786 - Epoch [106/1000], Val Loss: 2.1372
2024-09-24 02:53:58,786 - Epoch [106/1000], Val metric : 0.5250
2024-09-24 02:55:07,786 - Epoch [107/1000], Train Loss: 1.7037
2024-09-24 02:55:07,786 - Epoch [107/1000], Train metric : 0.7118
2024-09-24 02:55:07,787 - Epoch [107/1000], Val Loss: 2.3542
2024-09-24 02:55:07,787 - Epoch [107/1000], Val metric : 0.5151
2024-09-24 02:56:16,894 - Epoch [108/1000], Train Loss: 1.7011
2024-09-24 02:56:16,894 - Epoch [108/1000], Train metric : 0.7120
2024-09-24 02:56:16,894 - Epoch [108/1000], Val Loss: 2.2081
2024-09-24 02:56:16,894 - Epoch [108/1000], Val metric : 0.5373
2024-09-24 02:57:25,863 - Epoch [109/1000], Train Loss: 1.6712
2024-09-24 02:57:25,863 - Epoch [109/1000], Train metric : 0.7199
2024-09-24 02:57:25,863 - Epoch [109/1000], Val Loss: 2.1532
2024-09-24 02:57:25,863 - Epoch [109/1000], Val metric : 0.5600
2024-09-24 02:58:34,809 - Epoch [110/1000], Train Loss: 1.6723
2024-09-24 02:58:34,809 - Epoch [110/1000], Train metric : 0.7197
2024-09-24 02:58:34,810 - Epoch [110/1000], Val Loss: 2.2633
2024-09-24 02:58:34,810 - Epoch [110/1000], Val metric : 0.5125
2024-09-24 02:59:43,778 - Epoch [111/1000], Train Loss: 1.6676
2024-09-24 02:59:43,779 - Epoch [111/1000], Train metric : 0.7204
2024-09-24 02:59:43,779 - Epoch [111/1000], Val Loss: 2.1679
2024-09-24 02:59:43,779 - Epoch [111/1000], Val metric : 0.5388
2024-09-24 03:00:52,804 - Epoch [112/1000], Train Loss: 1.6596
2024-09-24 03:00:52,804 - Epoch [112/1000], Train metric : 0.7222
2024-09-24 03:00:52,804 - Epoch [112/1000], Val Loss: 2.2707
2024-09-24 03:00:52,804 - Epoch [112/1000], Val metric : 0.5176
2024-09-24 03:02:01,818 - Epoch [113/1000], Train Loss: 1.6643
2024-09-24 03:02:01,818 - Epoch [113/1000], Train metric : 0.7210
2024-09-24 03:02:01,818 - Epoch [113/1000], Val Loss: 2.3252
2024-09-24 03:02:01,818 - Epoch [113/1000], Val metric : 0.4896
2024-09-24 03:03:10,848 - Epoch [114/1000], Train Loss: 1.6533
2024-09-24 03:03:10,848 - Epoch [114/1000], Train metric : 0.7240
2024-09-24 03:03:10,849 - Epoch [114/1000], Val Loss: 2.2122
2024-09-24 03:03:10,849 - Epoch [114/1000], Val metric : 0.5351
2024-09-24 03:04:19,860 - Epoch [115/1000], Train Loss: 1.6352
2024-09-24 03:04:19,861 - Epoch [115/1000], Train metric : 0.7286
2024-09-24 03:04:19,861 - Epoch [115/1000], Val Loss: 2.2868
2024-09-24 03:04:19,861 - Epoch [115/1000], Val metric : 0.5075
2024-09-24 03:05:29,004 - Epoch [116/1000], Train Loss: 1.6448
2024-09-24 03:05:29,004 - Epoch [116/1000], Train metric : 0.7268
2024-09-24 03:05:29,005 - Epoch [116/1000], Val Loss: 2.2643
2024-09-24 03:05:29,005 - Epoch [116/1000], Val metric : 0.5229
2024-09-24 03:06:38,011 - Epoch [117/1000], Train Loss: 1.6328
2024-09-24 03:06:38,012 - Epoch [117/1000], Train metric : 0.7287
2024-09-24 03:06:38,012 - Epoch [117/1000], Val Loss: 2.2814
2024-09-24 03:06:38,012 - Epoch [117/1000], Val metric : 0.5095
2024-09-24 03:07:46,980 - Epoch [118/1000], Train Loss: 1.6104
2024-09-24 03:07:46,980 - Epoch [118/1000], Train metric : 0.7361
2024-09-24 03:07:46,980 - Epoch [118/1000], Val Loss: 2.1486
2024-09-24 03:07:46,980 - Epoch [118/1000], Val metric : 0.5442
2024-09-24 03:08:55,980 - Epoch [119/1000], Train Loss: 1.6237
2024-09-24 03:08:55,980 - Epoch [119/1000], Train metric : 0.7312
2024-09-24 03:08:55,980 - Epoch [119/1000], Val Loss: 2.3928
2024-09-24 03:08:55,980 - Epoch [119/1000], Val metric : 0.4940
2024-09-24 03:10:04,923 - Epoch [120/1000], Train Loss: 1.6209
2024-09-24 03:10:04,923 - Epoch [120/1000], Train metric : 0.7317
2024-09-24 03:10:04,923 - Epoch [120/1000], Val Loss: 2.1759
2024-09-24 03:10:04,923 - Epoch [120/1000], Val metric : 0.5413
2024-09-24 03:11:13,902 - Epoch [121/1000], Train Loss: 1.6138
2024-09-24 03:11:13,903 - Epoch [121/1000], Train metric : 0.7343
2024-09-24 03:11:13,903 - Epoch [121/1000], Val Loss: 2.2471
2024-09-24 03:11:13,903 - Epoch [121/1000], Val metric : 0.5114
2024-09-24 03:12:23,118 - Epoch [122/1000], Train Loss: 1.6135
2024-09-24 03:12:23,118 - Epoch [122/1000], Train metric : 0.7346
2024-09-24 03:12:23,118 - Epoch [122/1000], Val Loss: 2.2867
2024-09-24 03:12:23,118 - Epoch [122/1000], Val metric : 0.5002
2024-09-24 03:13:32,073 - Epoch [123/1000], Train Loss: 1.6154
2024-09-24 03:13:32,073 - Epoch [123/1000], Train metric : 0.7346
2024-09-24 03:13:32,074 - Epoch [123/1000], Val Loss: 2.2342
2024-09-24 03:13:32,074 - Epoch [123/1000], Val metric : 0.5227
2024-09-24 03:14:41,186 - Epoch [124/1000], Train Loss: 1.5976
2024-09-24 03:14:41,186 - Epoch [124/1000], Train metric : 0.7369
2024-09-24 03:14:41,186 - Epoch [124/1000], Val Loss: 2.1927
2024-09-24 03:14:41,186 - Epoch [124/1000], Val metric : 0.5277
2024-09-24 03:15:50,222 - Epoch [125/1000], Train Loss: 1.5943
2024-09-24 03:15:50,223 - Epoch [125/1000], Train metric : 0.7390
2024-09-24 03:15:50,223 - Epoch [125/1000], Val Loss: 2.2429
2024-09-24 03:15:50,223 - Epoch [125/1000], Val metric : 0.5196
2024-09-24 03:16:59,207 - Epoch [126/1000], Train Loss: 1.5922
2024-09-24 03:16:59,207 - Epoch [126/1000], Train metric : 0.7388
2024-09-24 03:16:59,207 - Epoch [126/1000], Val Loss: 2.4163
2024-09-24 03:16:59,207 - Epoch [126/1000], Val metric : 0.5006
2024-09-24 03:18:08,250 - Epoch [127/1000], Train Loss: 1.5859
2024-09-24 03:18:08,250 - Epoch [127/1000], Train metric : 0.7407
2024-09-24 03:18:08,251 - Epoch [127/1000], Val Loss: 2.2926
2024-09-24 03:18:08,251 - Epoch [127/1000], Val metric : 0.5113
2024-09-24 03:19:17,259 - Epoch [128/1000], Train Loss: 1.5929
2024-09-24 03:19:17,260 - Epoch [128/1000], Train metric : 0.7392
2024-09-24 03:19:17,260 - Epoch [128/1000], Val Loss: 2.2864
2024-09-24 03:19:17,260 - Epoch [128/1000], Val metric : 0.5113
2024-09-24 03:20:26,293 - Epoch [129/1000], Train Loss: 1.5835
2024-09-24 03:20:26,294 - Epoch [129/1000], Train metric : 0.7417
2024-09-24 03:20:26,294 - Epoch [129/1000], Val Loss: 2.2428
2024-09-24 03:20:26,294 - Epoch [129/1000], Val metric : 0.5376
2024-09-24 03:21:35,329 - Epoch [130/1000], Train Loss: 1.5801
2024-09-24 03:21:35,329 - Epoch [130/1000], Train metric : 0.7428
2024-09-24 03:21:35,329 - Epoch [130/1000], Val Loss: 2.2813
2024-09-24 03:21:35,329 - Epoch [130/1000], Val metric : 0.5354
2024-09-24 03:22:44,337 - Epoch [131/1000], Train Loss: 1.5851
2024-09-24 03:22:44,337 - Epoch [131/1000], Train metric : 0.7412
2024-09-24 03:22:44,337 - Epoch [131/1000], Val Loss: 2.3737
2024-09-24 03:22:44,337 - Epoch [131/1000], Val metric : 0.5119
2024-09-24 03:23:53,510 - Epoch [132/1000], Train Loss: 1.5735
2024-09-24 03:23:53,510 - Epoch [132/1000], Train metric : 0.7442
2024-09-24 03:23:53,510 - Epoch [132/1000], Val Loss: 2.2313
2024-09-24 03:23:53,510 - Epoch [132/1000], Val metric : 0.5329
2024-09-24 03:25:02,553 - Epoch [133/1000], Train Loss: 1.5788
2024-09-24 03:25:02,554 - Epoch [133/1000], Train metric : 0.7428
2024-09-24 03:25:02,554 - Epoch [133/1000], Val Loss: 2.3333
2024-09-24 03:25:02,554 - Epoch [133/1000], Val metric : 0.4934
2024-09-24 03:26:11,499 - Epoch [134/1000], Train Loss: 1.5846
2024-09-24 03:26:11,499 - Epoch [134/1000], Train metric : 0.7414
2024-09-24 03:26:11,499 - Epoch [134/1000], Val Loss: 2.2813
2024-09-24 03:26:11,500 - Epoch [134/1000], Val metric : 0.5100
2024-09-24 03:27:20,438 - Epoch [135/1000], Train Loss: 1.5569
2024-09-24 03:27:20,438 - Epoch [135/1000], Train metric : 0.7489
2024-09-24 03:27:20,438 - Epoch [135/1000], Val Loss: 2.5040
2024-09-24 03:27:20,438 - Epoch [135/1000], Val metric : 0.4645
2024-09-24 03:28:29,335 - Epoch [136/1000], Train Loss: 1.5495
2024-09-24 03:28:29,335 - Epoch [136/1000], Train metric : 0.7490
2024-09-24 03:28:29,336 - Epoch [136/1000], Val Loss: 2.3346
2024-09-24 03:28:29,336 - Epoch [136/1000], Val metric : 0.5042
2024-09-24 03:29:38,264 - Epoch [137/1000], Train Loss: 1.5630
2024-09-24 03:29:38,264 - Epoch [137/1000], Train metric : 0.7478
2024-09-24 03:29:38,264 - Epoch [137/1000], Val Loss: 2.3115
2024-09-24 03:29:38,264 - Epoch [137/1000], Val metric : 0.5130
2024-09-24 03:30:47,141 - Epoch [138/1000], Train Loss: 1.5610
2024-09-24 03:30:47,142 - Epoch [138/1000], Train metric : 0.7481
2024-09-24 03:30:47,142 - Epoch [138/1000], Val Loss: 2.2537
2024-09-24 03:30:47,142 - Epoch [138/1000], Val metric : 0.5521
2024-09-24 03:31:56,054 - Epoch [139/1000], Train Loss: 1.5593
2024-09-24 03:31:56,054 - Epoch [139/1000], Train metric : 0.7479
2024-09-24 03:31:56,054 - Epoch [139/1000], Val Loss: 2.3346
2024-09-24 03:31:56,054 - Epoch [139/1000], Val metric : 0.5103
2024-09-24 03:33:04,974 - Epoch [140/1000], Train Loss: 1.5427
2024-09-24 03:33:04,974 - Epoch [140/1000], Train metric : 0.7521
2024-09-24 03:33:04,974 - Epoch [140/1000], Val Loss: 2.2416
2024-09-24 03:33:04,974 - Epoch [140/1000], Val metric : 0.5256
2024-09-24 03:34:14,027 - Epoch [141/1000], Train Loss: 1.5566
2024-09-24 03:34:14,028 - Epoch [141/1000], Train metric : 0.7483
2024-09-24 03:34:14,028 - Epoch [141/1000], Val Loss: 2.3594
2024-09-24 03:34:14,028 - Epoch [141/1000], Val metric : 0.5049
2024-09-24 03:35:23,216 - Epoch [142/1000], Train Loss: 1.5507
2024-09-24 03:35:23,216 - Epoch [142/1000], Train metric : 0.7500
2024-09-24 03:35:23,216 - Epoch [142/1000], Val Loss: 2.3133
2024-09-24 03:35:23,216 - Epoch [142/1000], Val metric : 0.5120
2024-09-24 03:36:32,132 - Epoch [143/1000], Train Loss: 1.5421
2024-09-24 03:36:32,132 - Epoch [143/1000], Train metric : 0.7519
2024-09-24 03:36:32,132 - Epoch [143/1000], Val Loss: 2.4791
2024-09-24 03:36:32,132 - Epoch [143/1000], Val metric : 0.4828
2024-09-24 03:37:41,018 - Epoch [144/1000], Train Loss: 1.5493
2024-09-24 03:37:41,018 - Epoch [144/1000], Train metric : 0.7505
2024-09-24 03:37:41,018 - Epoch [144/1000], Val Loss: 2.2661
2024-09-24 03:37:41,018 - Epoch [144/1000], Val metric : 0.5147
2024-09-24 03:38:49,964 - Epoch [145/1000], Train Loss: 1.5428
2024-09-24 03:38:49,964 - Epoch [145/1000], Train metric : 0.7512
2024-09-24 03:38:49,964 - Epoch [145/1000], Val Loss: 2.3423
2024-09-24 03:38:49,964 - Epoch [145/1000], Val metric : 0.5204
2024-09-24 03:39:58,852 - Epoch [146/1000], Train Loss: 1.5490
2024-09-24 03:39:58,852 - Epoch [146/1000], Train metric : 0.7503
2024-09-24 03:39:58,853 - Epoch [146/1000], Val Loss: 2.3408
2024-09-24 03:39:58,853 - Epoch [146/1000], Val metric : 0.5136
2024-09-24 03:41:07,766 - Epoch [147/1000], Train Loss: 1.5358
2024-09-24 03:41:07,766 - Epoch [147/1000], Train metric : 0.7530
2024-09-24 03:41:07,766 - Epoch [147/1000], Val Loss: 2.2481
2024-09-24 03:41:07,767 - Epoch [147/1000], Val metric : 0.5097
2024-09-24 03:42:16,801 - Epoch [148/1000], Train Loss: 1.5329
2024-09-24 03:42:16,801 - Epoch [148/1000], Train metric : 0.7542
2024-09-24 03:42:16,801 - Epoch [148/1000], Val Loss: 2.2409
2024-09-24 03:42:16,801 - Epoch [148/1000], Val metric : 0.5283
2024-09-24 03:43:25,658 - Epoch [149/1000], Train Loss: 1.5283
2024-09-24 03:43:25,659 - Epoch [149/1000], Train metric : 0.7550
2024-09-24 03:43:25,659 - Epoch [149/1000], Val Loss: 2.4509
2024-09-24 03:43:25,659 - Epoch [149/1000], Val metric : 0.4925
2024-09-24 03:43:25,659 - Ealry stopping!!
Epoch [149/1000], Val Loss: 2.4509
