2024-09-23 17:32:10,590 - Epoch [1/1000], Train Loss: 3.4983
2024-09-23 17:32:10,590 - Epoch [1/1000], Train metric : -0.0206
2024-09-23 17:32:10,590 - Epoch [1/1000], Val Loss: 2.9205
2024-09-23 17:32:10,590 - Epoch [1/1000], Val metric : 0.1198
2024-09-23 17:32:12,750 - Saved best model with Val Loss: 2.9205
2024-09-23 17:32:48,502 - Epoch [2/1000], Train Loss: 3.0300
2024-09-23 17:32:48,502 - Epoch [2/1000], Train metric : 0.0463
2024-09-23 17:32:48,502 - Epoch [2/1000], Val Loss: 2.8772
2024-09-23 17:32:48,502 - Epoch [2/1000], Val metric : 0.2404
2024-09-23 17:32:55,767 - Saved best model with Val Loss: 2.8772
2024-09-23 17:33:31,276 - Epoch [3/1000], Train Loss: 2.8587
2024-09-23 17:33:31,276 - Epoch [3/1000], Train metric : 0.2398
2024-09-23 17:33:31,276 - Epoch [3/1000], Val Loss: 2.3756
2024-09-23 17:33:31,276 - Epoch [3/1000], Val metric : 0.4157
2024-09-23 17:33:38,657 - Saved best model with Val Loss: 2.3756
2024-09-23 17:34:14,169 - Epoch [4/1000], Train Loss: 2.5805
2024-09-23 17:34:14,170 - Epoch [4/1000], Train metric : 0.4218
2024-09-23 17:34:14,170 - Epoch [4/1000], Val Loss: 2.0611
2024-09-23 17:34:14,170 - Epoch [4/1000], Val metric : 0.5036
2024-09-23 17:34:21,216 - Saved best model with Val Loss: 2.0611
2024-09-23 17:34:56,890 - Epoch [5/1000], Train Loss: 2.3733
2024-09-23 17:34:56,890 - Epoch [5/1000], Train metric : 0.4879
2024-09-23 17:34:56,890 - Epoch [5/1000], Val Loss: 2.0470
2024-09-23 17:34:56,890 - Epoch [5/1000], Val metric : 0.5646
2024-09-23 17:35:03,489 - Saved best model with Val Loss: 2.0470
2024-09-23 17:35:39,005 - Epoch [6/1000], Train Loss: 2.3178
2024-09-23 17:35:39,005 - Epoch [6/1000], Train metric : 0.5188
2024-09-23 17:35:39,005 - Epoch [6/1000], Val Loss: 2.2068
2024-09-23 17:35:39,005 - Epoch [6/1000], Val metric : 0.5360
2024-09-23 17:36:14,632 - Epoch [7/1000], Train Loss: 2.1700
2024-09-23 17:36:14,632 - Epoch [7/1000], Train metric : 0.5560
2024-09-23 17:36:14,632 - Epoch [7/1000], Val Loss: 1.9368
2024-09-23 17:36:14,632 - Epoch [7/1000], Val metric : 0.5356
2024-09-23 17:36:21,851 - Saved best model with Val Loss: 1.9368
2024-09-23 17:36:57,361 - Epoch [8/1000], Train Loss: 2.1249
2024-09-23 17:36:57,362 - Epoch [8/1000], Train metric : 0.5739
2024-09-23 17:36:57,362 - Epoch [8/1000], Val Loss: 2.1848
2024-09-23 17:36:57,362 - Epoch [8/1000], Val metric : 0.4988
2024-09-23 17:37:32,941 - Epoch [9/1000], Train Loss: 2.0988
2024-09-23 17:37:32,942 - Epoch [9/1000], Train metric : 0.5855
2024-09-23 17:37:32,942 - Epoch [9/1000], Val Loss: 2.0380
2024-09-23 17:37:32,942 - Epoch [9/1000], Val metric : 0.5358
2024-09-23 17:38:08,566 - Epoch [10/1000], Train Loss: 2.0311
2024-09-23 17:38:08,566 - Epoch [10/1000], Train metric : 0.5998
2024-09-23 17:38:08,566 - Epoch [10/1000], Val Loss: 1.9274
2024-09-23 17:38:08,566 - Epoch [10/1000], Val metric : 0.5299
2024-09-23 17:38:15,831 - Saved best model with Val Loss: 1.9274
2024-09-23 17:38:51,367 - Epoch [11/1000], Train Loss: 1.9664
2024-09-23 17:38:51,368 - Epoch [11/1000], Train metric : 0.6161
2024-09-23 17:38:51,368 - Epoch [11/1000], Val Loss: 1.9611
2024-09-23 17:38:51,368 - Epoch [11/1000], Val metric : 0.5589
2024-09-23 17:39:26,995 - Epoch [12/1000], Train Loss: 1.9648
2024-09-23 17:39:26,996 - Epoch [12/1000], Train metric : 0.6254
2024-09-23 17:39:26,996 - Epoch [12/1000], Val Loss: 1.9376
2024-09-23 17:39:26,996 - Epoch [12/1000], Val metric : 0.5972
2024-09-23 17:40:02,607 - Epoch [13/1000], Train Loss: 1.8726
2024-09-23 17:40:02,608 - Epoch [13/1000], Train metric : 0.6479
2024-09-23 17:40:02,608 - Epoch [13/1000], Val Loss: 1.9146
2024-09-23 17:40:02,608 - Epoch [13/1000], Val metric : 0.5482
2024-09-23 17:40:11,403 - Saved best model with Val Loss: 1.9146
2024-09-23 17:40:46,907 - Epoch [14/1000], Train Loss: 1.8723
2024-09-23 17:40:46,907 - Epoch [14/1000], Train metric : 0.6508
2024-09-23 17:40:46,907 - Epoch [14/1000], Val Loss: 1.8486
2024-09-23 17:40:46,907 - Epoch [14/1000], Val metric : 0.5798
2024-09-23 17:40:54,824 - Saved best model with Val Loss: 1.8486
2024-09-23 17:41:30,303 - Epoch [15/1000], Train Loss: 1.8114
2024-09-23 17:41:30,303 - Epoch [15/1000], Train metric : 0.6661
2024-09-23 17:41:30,303 - Epoch [15/1000], Val Loss: 2.0193
2024-09-23 17:41:30,303 - Epoch [15/1000], Val metric : 0.4927
2024-09-23 17:42:05,862 - Epoch [16/1000], Train Loss: 1.7531
2024-09-23 17:42:05,862 - Epoch [16/1000], Train metric : 0.6771
2024-09-23 17:42:05,862 - Epoch [16/1000], Val Loss: 2.2145
2024-09-23 17:42:05,862 - Epoch [16/1000], Val metric : 0.5579
2024-09-23 17:42:41,486 - Epoch [17/1000], Train Loss: 1.7451
2024-09-23 17:42:41,486 - Epoch [17/1000], Train metric : 0.6826
2024-09-23 17:42:41,486 - Epoch [17/1000], Val Loss: 1.9784
2024-09-23 17:42:41,486 - Epoch [17/1000], Val metric : 0.5373
2024-09-23 17:43:17,068 - Epoch [18/1000], Train Loss: 1.7035
2024-09-23 17:43:17,068 - Epoch [18/1000], Train metric : 0.6941
2024-09-23 17:43:17,068 - Epoch [18/1000], Val Loss: 2.1797
2024-09-23 17:43:17,068 - Epoch [18/1000], Val metric : 0.5407
2024-09-23 17:43:52,643 - Epoch [19/1000], Train Loss: 1.7078
2024-09-23 17:43:52,643 - Epoch [19/1000], Train metric : 0.6982
2024-09-23 17:43:52,643 - Epoch [19/1000], Val Loss: 1.9196
2024-09-23 17:43:52,643 - Epoch [19/1000], Val metric : 0.5592
2024-09-23 17:44:28,357 - Epoch [20/1000], Train Loss: 1.6488
2024-09-23 17:44:28,358 - Epoch [20/1000], Train metric : 0.7061
2024-09-23 17:44:28,358 - Epoch [20/1000], Val Loss: 2.0173
2024-09-23 17:44:28,359 - Epoch [20/1000], Val metric : 0.5516
2024-09-23 17:45:03,974 - Epoch [21/1000], Train Loss: 1.6171
2024-09-23 17:45:03,975 - Epoch [21/1000], Train metric : 0.7150
2024-09-23 17:45:03,975 - Epoch [21/1000], Val Loss: 1.9655
2024-09-23 17:45:03,975 - Epoch [21/1000], Val metric : 0.5854
2024-09-23 17:45:39,810 - Epoch [22/1000], Train Loss: 1.6174
2024-09-23 17:45:39,810 - Epoch [22/1000], Train metric : 0.7205
2024-09-23 17:45:39,810 - Epoch [22/1000], Val Loss: 1.9100
2024-09-23 17:45:39,810 - Epoch [22/1000], Val metric : 0.5558
2024-09-23 17:46:15,395 - Epoch [23/1000], Train Loss: 1.5521
2024-09-23 17:46:15,395 - Epoch [23/1000], Train metric : 0.7302
2024-09-23 17:46:15,395 - Epoch [23/1000], Val Loss: 2.0572
2024-09-23 17:46:15,395 - Epoch [23/1000], Val metric : 0.5736
2024-09-23 17:46:51,005 - Epoch [24/1000], Train Loss: 1.5101
2024-09-23 17:46:51,005 - Epoch [24/1000], Train metric : 0.7411
2024-09-23 17:46:51,005 - Epoch [24/1000], Val Loss: 2.2722
2024-09-23 17:46:51,005 - Epoch [24/1000], Val metric : 0.5697
2024-09-23 17:47:26,604 - Epoch [25/1000], Train Loss: 1.4935
2024-09-23 17:47:26,605 - Epoch [25/1000], Train metric : 0.7460
2024-09-23 17:47:26,605 - Epoch [25/1000], Val Loss: 2.1964
2024-09-23 17:47:26,605 - Epoch [25/1000], Val metric : 0.5179
2024-09-23 17:48:02,203 - Epoch [26/1000], Train Loss: 1.5463
2024-09-23 17:48:02,204 - Epoch [26/1000], Train metric : 0.7386
2024-09-23 17:48:02,204 - Epoch [26/1000], Val Loss: 2.0513
2024-09-23 17:48:02,204 - Epoch [26/1000], Val metric : 0.5563
2024-09-23 17:48:37,768 - Epoch [27/1000], Train Loss: 1.4672
2024-09-23 17:48:37,769 - Epoch [27/1000], Train metric : 0.7550
2024-09-23 17:48:37,769 - Epoch [27/1000], Val Loss: 2.0594
2024-09-23 17:48:37,769 - Epoch [27/1000], Val metric : 0.5360
2024-09-23 17:49:13,378 - Epoch [28/1000], Train Loss: 1.4455
2024-09-23 17:49:13,378 - Epoch [28/1000], Train metric : 0.7602
2024-09-23 17:49:13,378 - Epoch [28/1000], Val Loss: 2.0525
2024-09-23 17:49:13,378 - Epoch [28/1000], Val metric : 0.5275
2024-09-23 17:49:48,985 - Epoch [29/1000], Train Loss: 1.4104
2024-09-23 17:49:48,985 - Epoch [29/1000], Train metric : 0.7699
2024-09-23 17:49:48,985 - Epoch [29/1000], Val Loss: 2.0741
2024-09-23 17:49:48,985 - Epoch [29/1000], Val metric : 0.5492
2024-09-23 17:50:24,612 - Epoch [30/1000], Train Loss: 1.4215
2024-09-23 17:50:24,613 - Epoch [30/1000], Train metric : 0.7639
2024-09-23 17:50:24,613 - Epoch [30/1000], Val Loss: 2.1720
2024-09-23 17:50:24,613 - Epoch [30/1000], Val metric : 0.5516
2024-09-23 17:51:00,217 - Epoch [31/1000], Train Loss: 1.4119
2024-09-23 17:51:00,217 - Epoch [31/1000], Train metric : 0.7700
2024-09-23 17:51:00,217 - Epoch [31/1000], Val Loss: 1.8756
2024-09-23 17:51:00,217 - Epoch [31/1000], Val metric : 0.5767
2024-09-23 17:51:35,802 - Epoch [32/1000], Train Loss: 1.3736
2024-09-23 17:51:35,802 - Epoch [32/1000], Train metric : 0.7766
2024-09-23 17:51:35,802 - Epoch [32/1000], Val Loss: 2.1545
2024-09-23 17:51:35,802 - Epoch [32/1000], Val metric : 0.5469
2024-09-23 17:52:11,380 - Epoch [33/1000], Train Loss: 1.3319
2024-09-23 17:52:11,380 - Epoch [33/1000], Train metric : 0.7837
2024-09-23 17:52:11,380 - Epoch [33/1000], Val Loss: 1.9704
2024-09-23 17:52:11,380 - Epoch [33/1000], Val metric : 0.5876
2024-09-23 17:52:46,981 - Epoch [34/1000], Train Loss: 1.3090
2024-09-23 17:52:46,981 - Epoch [34/1000], Train metric : 0.7892
2024-09-23 17:52:46,981 - Epoch [34/1000], Val Loss: 1.9221
2024-09-23 17:52:46,981 - Epoch [34/1000], Val metric : 0.5808
2024-09-23 17:53:22,692 - Epoch [35/1000], Train Loss: 1.2740
2024-09-23 17:53:22,693 - Epoch [35/1000], Train metric : 0.7992
2024-09-23 17:53:22,693 - Epoch [35/1000], Val Loss: 2.0174
2024-09-23 17:53:22,693 - Epoch [35/1000], Val metric : 0.5769
2024-09-23 17:53:58,237 - Epoch [36/1000], Train Loss: 1.2928
2024-09-23 17:53:58,237 - Epoch [36/1000], Train metric : 0.7957
2024-09-23 17:53:58,237 - Epoch [36/1000], Val Loss: 2.1120
2024-09-23 17:53:58,237 - Epoch [36/1000], Val metric : 0.5707
2024-09-23 17:54:33,829 - Epoch [37/1000], Train Loss: 1.2649
2024-09-23 17:54:33,830 - Epoch [37/1000], Train metric : 0.7986
2024-09-23 17:54:33,830 - Epoch [37/1000], Val Loss: 2.3121
2024-09-23 17:54:33,830 - Epoch [37/1000], Val metric : 0.5839
2024-09-23 17:55:09,438 - Epoch [38/1000], Train Loss: 1.2572
2024-09-23 17:55:09,439 - Epoch [38/1000], Train metric : 0.8028
2024-09-23 17:55:09,439 - Epoch [38/1000], Val Loss: 1.9831
2024-09-23 17:55:09,439 - Epoch [38/1000], Val metric : 0.5709
2024-09-23 17:55:45,053 - Epoch [39/1000], Train Loss: 1.2415
2024-09-23 17:55:45,053 - Epoch [39/1000], Train metric : 0.8090
2024-09-23 17:55:45,053 - Epoch [39/1000], Val Loss: 2.0977
2024-09-23 17:55:45,053 - Epoch [39/1000], Val metric : 0.5642
2024-09-23 17:56:20,609 - Epoch [40/1000], Train Loss: 1.1978
2024-09-23 17:56:20,609 - Epoch [40/1000], Train metric : 0.8151
2024-09-23 17:56:20,609 - Epoch [40/1000], Val Loss: 2.1800
2024-09-23 17:56:20,609 - Epoch [40/1000], Val metric : 0.5704
2024-09-23 17:56:56,189 - Epoch [41/1000], Train Loss: 1.2074
2024-09-23 17:56:56,189 - Epoch [41/1000], Train metric : 0.8106
2024-09-23 17:56:56,189 - Epoch [41/1000], Val Loss: 2.2267
2024-09-23 17:56:56,189 - Epoch [41/1000], Val metric : 0.5382
2024-09-23 17:57:32,013 - Epoch [42/1000], Train Loss: 1.1927
2024-09-23 17:57:32,013 - Epoch [42/1000], Train metric : 0.8148
2024-09-23 17:57:32,013 - Epoch [42/1000], Val Loss: 2.3165
2024-09-23 17:57:32,014 - Epoch [42/1000], Val metric : 0.5495
2024-09-23 17:58:07,620 - Epoch [43/1000], Train Loss: 1.1874
2024-09-23 17:58:07,620 - Epoch [43/1000], Train metric : 0.8175
2024-09-23 17:58:07,620 - Epoch [43/1000], Val Loss: 2.2342
2024-09-23 17:58:07,620 - Epoch [43/1000], Val metric : 0.5038
2024-09-23 17:58:43,215 - Epoch [44/1000], Train Loss: 1.1758
2024-09-23 17:58:43,215 - Epoch [44/1000], Train metric : 0.8192
2024-09-23 17:58:43,215 - Epoch [44/1000], Val Loss: 2.2241
2024-09-23 17:58:43,215 - Epoch [44/1000], Val metric : 0.5494
2024-09-23 17:59:18,812 - Epoch [45/1000], Train Loss: 1.1754
2024-09-23 17:59:18,812 - Epoch [45/1000], Train metric : 0.8236
2024-09-23 17:59:18,812 - Epoch [45/1000], Val Loss: 2.1160
2024-09-23 17:59:18,812 - Epoch [45/1000], Val metric : 0.5432
2024-09-23 17:59:54,394 - Epoch [46/1000], Train Loss: 1.1729
2024-09-23 17:59:54,395 - Epoch [46/1000], Train metric : 0.8246
2024-09-23 17:59:54,395 - Epoch [46/1000], Val Loss: 2.2569
2024-09-23 17:59:54,395 - Epoch [46/1000], Val metric : 0.5393
2024-09-23 18:00:29,999 - Epoch [47/1000], Train Loss: 1.1200
2024-09-23 18:00:30,000 - Epoch [47/1000], Train metric : 0.8311
2024-09-23 18:00:30,000 - Epoch [47/1000], Val Loss: 2.3905
2024-09-23 18:00:30,000 - Epoch [47/1000], Val metric : 0.4884
2024-09-23 18:01:05,578 - Epoch [48/1000], Train Loss: 1.1168
2024-09-23 18:01:05,578 - Epoch [48/1000], Train metric : 0.8325
2024-09-23 18:01:05,578 - Epoch [48/1000], Val Loss: 2.1198
2024-09-23 18:01:05,578 - Epoch [48/1000], Val metric : 0.6002
2024-09-23 18:01:41,185 - Epoch [49/1000], Train Loss: 1.0735
2024-09-23 18:01:41,186 - Epoch [49/1000], Train metric : 0.8419
2024-09-23 18:01:41,186 - Epoch [49/1000], Val Loss: 2.2381
2024-09-23 18:01:41,186 - Epoch [49/1000], Val metric : 0.4699
2024-09-23 18:02:16,888 - Epoch [50/1000], Train Loss: 1.0957
2024-09-23 18:02:16,889 - Epoch [50/1000], Train metric : 0.8380
2024-09-23 18:02:16,889 - Epoch [50/1000], Val Loss: 2.0618
2024-09-23 18:02:16,889 - Epoch [50/1000], Val metric : 0.5648
2024-09-23 18:02:52,487 - Epoch [51/1000], Train Loss: 1.0793
2024-09-23 18:02:52,487 - Epoch [51/1000], Train metric : 0.8399
2024-09-23 18:02:52,487 - Epoch [51/1000], Val Loss: 2.3184
2024-09-23 18:02:52,487 - Epoch [51/1000], Val metric : 0.5408
2024-09-23 18:03:28,068 - Epoch [52/1000], Train Loss: 1.1133
2024-09-23 18:03:28,068 - Epoch [52/1000], Train metric : 0.8384
2024-09-23 18:03:28,068 - Epoch [52/1000], Val Loss: 2.2548
2024-09-23 18:03:28,068 - Epoch [52/1000], Val metric : 0.5403
2024-09-23 18:04:03,635 - Epoch [53/1000], Train Loss: 1.0875
2024-09-23 18:04:03,636 - Epoch [53/1000], Train metric : 0.8411
2024-09-23 18:04:03,636 - Epoch [53/1000], Val Loss: 2.0499
2024-09-23 18:04:03,636 - Epoch [53/1000], Val metric : 0.5603
2024-09-23 18:04:39,181 - Epoch [54/1000], Train Loss: 1.0554
2024-09-23 18:04:39,181 - Epoch [54/1000], Train metric : 0.8455
2024-09-23 18:04:39,181 - Epoch [54/1000], Val Loss: 2.1900
2024-09-23 18:04:39,181 - Epoch [54/1000], Val metric : 0.5468
2024-09-23 18:05:14,724 - Epoch [55/1000], Train Loss: 1.0243
2024-09-23 18:05:14,724 - Epoch [55/1000], Train metric : 0.8530
2024-09-23 18:05:14,724 - Epoch [55/1000], Val Loss: 2.2149
2024-09-23 18:05:14,724 - Epoch [55/1000], Val metric : 0.5377
2024-09-23 18:05:50,278 - Epoch [56/1000], Train Loss: 1.0461
2024-09-23 18:05:50,278 - Epoch [56/1000], Train metric : 0.8485
2024-09-23 18:05:50,278 - Epoch [56/1000], Val Loss: 2.0645
2024-09-23 18:05:50,278 - Epoch [56/1000], Val metric : 0.5791
2024-09-23 18:06:25,809 - Epoch [57/1000], Train Loss: 1.0332
2024-09-23 18:06:25,809 - Epoch [57/1000], Train metric : 0.8518
2024-09-23 18:06:25,809 - Epoch [57/1000], Val Loss: 2.2423
2024-09-23 18:06:25,809 - Epoch [57/1000], Val metric : 0.5515
2024-09-23 18:07:01,397 - Epoch [58/1000], Train Loss: 1.0260
2024-09-23 18:07:01,397 - Epoch [58/1000], Train metric : 0.8526
2024-09-23 18:07:01,397 - Epoch [58/1000], Val Loss: 2.0665
2024-09-23 18:07:01,397 - Epoch [58/1000], Val metric : 0.5657
2024-09-23 18:07:36,994 - Epoch [59/1000], Train Loss: 1.0103
2024-09-23 18:07:36,995 - Epoch [59/1000], Train metric : 0.8562
2024-09-23 18:07:36,995 - Epoch [59/1000], Val Loss: 2.1926
2024-09-23 18:07:36,995 - Epoch [59/1000], Val metric : 0.5649
2024-09-23 18:08:12,566 - Epoch [60/1000], Train Loss: 0.9876
2024-09-23 18:08:12,566 - Epoch [60/1000], Train metric : 0.8615
2024-09-23 18:08:12,567 - Epoch [60/1000], Val Loss: 2.1533
2024-09-23 18:08:12,567 - Epoch [60/1000], Val metric : 0.5533
2024-09-23 18:08:48,133 - Epoch [61/1000], Train Loss: 0.9978
2024-09-23 18:08:48,133 - Epoch [61/1000], Train metric : 0.8582
2024-09-23 18:08:48,133 - Epoch [61/1000], Val Loss: 2.0817
2024-09-23 18:08:48,133 - Epoch [61/1000], Val metric : 0.5571
2024-09-23 18:09:23,913 - Epoch [62/1000], Train Loss: 0.9990
2024-09-23 18:09:23,913 - Epoch [62/1000], Train metric : 0.8609
2024-09-23 18:09:23,913 - Epoch [62/1000], Val Loss: 2.1349
2024-09-23 18:09:23,914 - Epoch [62/1000], Val metric : 0.5804
2024-09-23 18:09:59,489 - Epoch [63/1000], Train Loss: 0.9778
2024-09-23 18:09:59,489 - Epoch [63/1000], Train metric : 0.8640
2024-09-23 18:09:59,489 - Epoch [63/1000], Val Loss: 2.1239
2024-09-23 18:09:59,489 - Epoch [63/1000], Val metric : 0.5557
2024-09-23 18:10:35,050 - Epoch [64/1000], Train Loss: 0.9720
2024-09-23 18:10:35,050 - Epoch [64/1000], Train metric : 0.8640
2024-09-23 18:10:35,050 - Epoch [64/1000], Val Loss: 2.0836
2024-09-23 18:10:35,050 - Epoch [64/1000], Val metric : 0.5723
2024-09-23 18:11:10,744 - Epoch [65/1000], Train Loss: 0.9742
2024-09-23 18:11:10,744 - Epoch [65/1000], Train metric : 0.8653
2024-09-23 18:11:10,744 - Epoch [65/1000], Val Loss: 1.9990
2024-09-23 18:11:10,744 - Epoch [65/1000], Val metric : 0.5495
2024-09-23 18:11:46,342 - Epoch [66/1000], Train Loss: 1.0049
2024-09-23 18:11:46,342 - Epoch [66/1000], Train metric : 0.8591
2024-09-23 18:11:46,342 - Epoch [66/1000], Val Loss: 2.3423
2024-09-23 18:11:46,342 - Epoch [66/1000], Val metric : 0.5193
2024-09-23 18:12:21,931 - Epoch [67/1000], Train Loss: 0.9654
2024-09-23 18:12:21,931 - Epoch [67/1000], Train metric : 0.8667
2024-09-23 18:12:21,931 - Epoch [67/1000], Val Loss: 2.0785
2024-09-23 18:12:21,931 - Epoch [67/1000], Val metric : 0.5725
2024-09-23 18:12:57,548 - Epoch [68/1000], Train Loss: 0.9301
2024-09-23 18:12:57,548 - Epoch [68/1000], Train metric : 0.8717
2024-09-23 18:12:57,548 - Epoch [68/1000], Val Loss: 2.2313
2024-09-23 18:12:57,548 - Epoch [68/1000], Val metric : 0.5530
2024-09-23 18:13:33,146 - Epoch [69/1000], Train Loss: 0.9722
2024-09-23 18:13:33,146 - Epoch [69/1000], Train metric : 0.8658
2024-09-23 18:13:33,146 - Epoch [69/1000], Val Loss: 2.1725
2024-09-23 18:13:33,146 - Epoch [69/1000], Val metric : 0.5436
2024-09-23 18:14:08,715 - Epoch [70/1000], Train Loss: 0.9405
2024-09-23 18:14:08,715 - Epoch [70/1000], Train metric : 0.8706
2024-09-23 18:14:08,715 - Epoch [70/1000], Val Loss: 2.2472
2024-09-23 18:14:08,715 - Epoch [70/1000], Val metric : 0.5507
2024-09-23 18:14:44,310 - Epoch [71/1000], Train Loss: 0.9292
2024-09-23 18:14:44,311 - Epoch [71/1000], Train metric : 0.8712
2024-09-23 18:14:44,311 - Epoch [71/1000], Val Loss: 2.2375
2024-09-23 18:14:44,311 - Epoch [71/1000], Val metric : 0.5498
2024-09-23 18:15:19,912 - Epoch [72/1000], Train Loss: 0.9198
2024-09-23 18:15:19,912 - Epoch [72/1000], Train metric : 0.8746
2024-09-23 18:15:19,912 - Epoch [72/1000], Val Loss: 2.2282
2024-09-23 18:15:19,912 - Epoch [72/1000], Val metric : 0.5307
2024-09-23 18:15:55,504 - Epoch [73/1000], Train Loss: 0.9030
2024-09-23 18:15:55,504 - Epoch [73/1000], Train metric : 0.8795
2024-09-23 18:15:55,504 - Epoch [73/1000], Val Loss: 2.1296
2024-09-23 18:15:55,504 - Epoch [73/1000], Val metric : 0.5655
2024-09-23 18:16:31,078 - Epoch [74/1000], Train Loss: 0.9333
2024-09-23 18:16:31,079 - Epoch [74/1000], Train metric : 0.8733
2024-09-23 18:16:31,079 - Epoch [74/1000], Val Loss: 2.2041
2024-09-23 18:16:31,079 - Epoch [74/1000], Val metric : 0.5706
2024-09-23 18:17:06,638 - Epoch [75/1000], Train Loss: 0.9220
2024-09-23 18:17:06,638 - Epoch [75/1000], Train metric : 0.8738
2024-09-23 18:17:06,639 - Epoch [75/1000], Val Loss: 2.2703
2024-09-23 18:17:06,639 - Epoch [75/1000], Val metric : 0.5283
2024-09-23 18:17:42,209 - Epoch [76/1000], Train Loss: 0.9098
2024-09-23 18:17:42,209 - Epoch [76/1000], Train metric : 0.8788
2024-09-23 18:17:42,209 - Epoch [76/1000], Val Loss: 2.2817
2024-09-23 18:17:42,209 - Epoch [76/1000], Val metric : 0.5595
2024-09-23 18:18:17,789 - Epoch [77/1000], Train Loss: 0.9077
2024-09-23 18:18:17,790 - Epoch [77/1000], Train metric : 0.8786
2024-09-23 18:18:17,790 - Epoch [77/1000], Val Loss: 2.2006
2024-09-23 18:18:17,790 - Epoch [77/1000], Val metric : 0.5425
2024-09-23 18:18:53,361 - Epoch [78/1000], Train Loss: 0.8709
2024-09-23 18:18:53,361 - Epoch [78/1000], Train metric : 0.8847
2024-09-23 18:18:53,361 - Epoch [78/1000], Val Loss: 2.0690
2024-09-23 18:18:53,361 - Epoch [78/1000], Val metric : 0.5779
2024-09-23 18:19:28,938 - Epoch [79/1000], Train Loss: 0.8952
2024-09-23 18:19:28,938 - Epoch [79/1000], Train metric : 0.8807
2024-09-23 18:19:28,938 - Epoch [79/1000], Val Loss: 2.2704
2024-09-23 18:19:28,939 - Epoch [79/1000], Val metric : 0.5240
2024-09-23 18:20:04,502 - Epoch [80/1000], Train Loss: 0.8726
2024-09-23 18:20:04,503 - Epoch [80/1000], Train metric : 0.8859
2024-09-23 18:20:04,503 - Epoch [80/1000], Val Loss: 2.3633
2024-09-23 18:20:04,503 - Epoch [80/1000], Val metric : 0.5486
2024-09-23 18:20:40,266 - Epoch [81/1000], Train Loss: 0.8881
2024-09-23 18:20:40,267 - Epoch [81/1000], Train metric : 0.8845
2024-09-23 18:20:40,267 - Epoch [81/1000], Val Loss: 2.2223
2024-09-23 18:20:40,267 - Epoch [81/1000], Val metric : 0.5556
2024-09-23 18:21:16,101 - Epoch [82/1000], Train Loss: 0.8790
2024-09-23 18:21:16,101 - Epoch [82/1000], Train metric : 0.8837
2024-09-23 18:21:16,101 - Epoch [82/1000], Val Loss: 1.9968
2024-09-23 18:21:16,101 - Epoch [82/1000], Val metric : 0.5639
2024-09-23 18:21:51,699 - Epoch [83/1000], Train Loss: 0.8790
2024-09-23 18:21:51,699 - Epoch [83/1000], Train metric : 0.8835
2024-09-23 18:21:51,699 - Epoch [83/1000], Val Loss: 2.0849
2024-09-23 18:21:51,699 - Epoch [83/1000], Val metric : 0.5626
2024-09-23 18:22:27,309 - Epoch [84/1000], Train Loss: 0.8450
2024-09-23 18:22:27,309 - Epoch [84/1000], Train metric : 0.8891
2024-09-23 18:22:27,309 - Epoch [84/1000], Val Loss: 2.1642
2024-09-23 18:22:27,309 - Epoch [84/1000], Val metric : 0.5584
2024-09-23 18:23:02,916 - Epoch [85/1000], Train Loss: 0.8540
2024-09-23 18:23:02,917 - Epoch [85/1000], Train metric : 0.8878
2024-09-23 18:23:02,917 - Epoch [85/1000], Val Loss: 2.1970
2024-09-23 18:23:02,917 - Epoch [85/1000], Val metric : 0.5651
2024-09-23 18:23:38,510 - Epoch [86/1000], Train Loss: 0.8478
2024-09-23 18:23:38,510 - Epoch [86/1000], Train metric : 0.8918
2024-09-23 18:23:38,510 - Epoch [86/1000], Val Loss: 2.2528
2024-09-23 18:23:38,510 - Epoch [86/1000], Val metric : 0.5264
2024-09-23 18:24:14,116 - Epoch [87/1000], Train Loss: 0.8929
2024-09-23 18:24:14,116 - Epoch [87/1000], Train metric : 0.8846
2024-09-23 18:24:14,116 - Epoch [87/1000], Val Loss: 2.1310
2024-09-23 18:24:14,116 - Epoch [87/1000], Val metric : 0.5380
2024-09-23 18:24:49,741 - Epoch [88/1000], Train Loss: 0.8546
2024-09-23 18:24:49,742 - Epoch [88/1000], Train metric : 0.8884
2024-09-23 18:24:49,742 - Epoch [88/1000], Val Loss: 2.2481
2024-09-23 18:24:49,742 - Epoch [88/1000], Val metric : 0.5569
2024-09-23 18:25:25,298 - Epoch [89/1000], Train Loss: 0.8519
2024-09-23 18:25:25,298 - Epoch [89/1000], Train metric : 0.8895
2024-09-23 18:25:25,298 - Epoch [89/1000], Val Loss: 2.1473
2024-09-23 18:25:25,298 - Epoch [89/1000], Val metric : 0.5669
2024-09-23 18:26:00,884 - Epoch [90/1000], Train Loss: 0.8575
2024-09-23 18:26:00,884 - Epoch [90/1000], Train metric : 0.8878
2024-09-23 18:26:00,884 - Epoch [90/1000], Val Loss: 2.4403
2024-09-23 18:26:00,884 - Epoch [90/1000], Val metric : 0.4812
2024-09-23 18:26:36,459 - Epoch [91/1000], Train Loss: 0.8275
2024-09-23 18:26:36,459 - Epoch [91/1000], Train metric : 0.8936
2024-09-23 18:26:36,459 - Epoch [91/1000], Val Loss: 2.2067
2024-09-23 18:26:36,460 - Epoch [91/1000], Val metric : 0.5473
2024-09-23 18:27:12,061 - Epoch [92/1000], Train Loss: 0.8347
2024-09-23 18:27:12,061 - Epoch [92/1000], Train metric : 0.8932
2024-09-23 18:27:12,061 - Epoch [92/1000], Val Loss: 2.0850
2024-09-23 18:27:12,061 - Epoch [92/1000], Val metric : 0.5620
2024-09-23 18:27:47,659 - Epoch [93/1000], Train Loss: 0.8331
2024-09-23 18:27:47,659 - Epoch [93/1000], Train metric : 0.8930
2024-09-23 18:27:47,659 - Epoch [93/1000], Val Loss: 2.2313
2024-09-23 18:27:47,659 - Epoch [93/1000], Val metric : 0.5565
2024-09-23 18:28:23,222 - Epoch [94/1000], Train Loss: 0.8236
2024-09-23 18:28:23,223 - Epoch [94/1000], Train metric : 0.8942
2024-09-23 18:28:23,223 - Epoch [94/1000], Val Loss: 2.4126
2024-09-23 18:28:23,223 - Epoch [94/1000], Val metric : 0.5172
2024-09-23 18:28:58,793 - Epoch [95/1000], Train Loss: 0.8024
2024-09-23 18:28:58,793 - Epoch [95/1000], Train metric : 0.9002
2024-09-23 18:28:58,793 - Epoch [95/1000], Val Loss: 2.0912
2024-09-23 18:28:58,793 - Epoch [95/1000], Val metric : 0.5490
2024-09-23 18:29:34,516 - Epoch [96/1000], Train Loss: 0.8002
2024-09-23 18:29:34,517 - Epoch [96/1000], Train metric : 0.8993
2024-09-23 18:29:34,517 - Epoch [96/1000], Val Loss: 2.1976
2024-09-23 18:29:34,517 - Epoch [96/1000], Val metric : 0.5574
2024-09-23 18:30:10,054 - Epoch [97/1000], Train Loss: 0.8186
2024-09-23 18:30:10,054 - Epoch [97/1000], Train metric : 0.8974
2024-09-23 18:30:10,054 - Epoch [97/1000], Val Loss: 2.1314
2024-09-23 18:30:10,054 - Epoch [97/1000], Val metric : 0.5791
2024-09-23 18:30:45,628 - Epoch [98/1000], Train Loss: 0.8355
2024-09-23 18:30:45,628 - Epoch [98/1000], Train metric : 0.8947
2024-09-23 18:30:45,628 - Epoch [98/1000], Val Loss: 2.2617
2024-09-23 18:30:45,628 - Epoch [98/1000], Val metric : 0.5434
2024-09-23 18:31:21,192 - Epoch [99/1000], Train Loss: 0.8051
2024-09-23 18:31:21,192 - Epoch [99/1000], Train metric : 0.8986
2024-09-23 18:31:21,192 - Epoch [99/1000], Val Loss: 2.0827
2024-09-23 18:31:21,192 - Epoch [99/1000], Val metric : 0.5634
2024-09-23 18:31:56,761 - Epoch [100/1000], Train Loss: 0.7986
2024-09-23 18:31:56,762 - Epoch [100/1000], Train metric : 0.9008
2024-09-23 18:31:56,762 - Epoch [100/1000], Val Loss: 2.4515
2024-09-23 18:31:56,762 - Epoch [100/1000], Val metric : 0.4848
2024-09-23 18:32:32,288 - Epoch [101/1000], Train Loss: 0.7396
2024-09-23 18:32:32,288 - Epoch [101/1000], Train metric : 0.9104
2024-09-23 18:32:32,288 - Epoch [101/1000], Val Loss: 2.1800
2024-09-23 18:32:32,288 - Epoch [101/1000], Val metric : 0.5447
2024-09-23 18:33:08,028 - Epoch [102/1000], Train Loss: 0.6942
2024-09-23 18:33:08,028 - Epoch [102/1000], Train metric : 0.9196
2024-09-23 18:33:08,028 - Epoch [102/1000], Val Loss: 2.1605
2024-09-23 18:33:08,028 - Epoch [102/1000], Val metric : 0.5618
2024-09-23 18:33:43,613 - Epoch [103/1000], Train Loss: 0.6858
2024-09-23 18:33:43,614 - Epoch [103/1000], Train metric : 0.9210
2024-09-23 18:33:43,614 - Epoch [103/1000], Val Loss: 2.2137
2024-09-23 18:33:43,614 - Epoch [103/1000], Val metric : 0.5502
2024-09-23 18:34:19,214 - Epoch [104/1000], Train Loss: 0.6808
2024-09-23 18:34:19,214 - Epoch [104/1000], Train metric : 0.9219
2024-09-23 18:34:19,214 - Epoch [104/1000], Val Loss: 2.2746
2024-09-23 18:34:19,214 - Epoch [104/1000], Val metric : 0.5305
2024-09-23 18:34:54,831 - Epoch [105/1000], Train Loss: 0.6661
2024-09-23 18:34:54,831 - Epoch [105/1000], Train metric : 0.9250
2024-09-23 18:34:54,831 - Epoch [105/1000], Val Loss: 2.4211
2024-09-23 18:34:54,831 - Epoch [105/1000], Val metric : 0.5098
2024-09-23 18:35:30,425 - Epoch [106/1000], Train Loss: 0.6638
2024-09-23 18:35:30,425 - Epoch [106/1000], Train metric : 0.9255
2024-09-23 18:35:30,425 - Epoch [106/1000], Val Loss: 2.2383
2024-09-23 18:35:30,425 - Epoch [106/1000], Val metric : 0.5546
2024-09-23 18:36:06,000 - Epoch [107/1000], Train Loss: 0.6636
2024-09-23 18:36:06,000 - Epoch [107/1000], Train metric : 0.9254
2024-09-23 18:36:06,000 - Epoch [107/1000], Val Loss: 2.3174
2024-09-23 18:36:06,000 - Epoch [107/1000], Val metric : 0.5390
2024-09-23 18:36:41,586 - Epoch [108/1000], Train Loss: 0.6531
2024-09-23 18:36:41,586 - Epoch [108/1000], Train metric : 0.9275
2024-09-23 18:36:41,586 - Epoch [108/1000], Val Loss: 2.1651
2024-09-23 18:36:41,586 - Epoch [108/1000], Val metric : 0.5468
2024-09-23 18:37:17,206 - Epoch [109/1000], Train Loss: 0.6553
2024-09-23 18:37:17,206 - Epoch [109/1000], Train metric : 0.9274
2024-09-23 18:37:17,206 - Epoch [109/1000], Val Loss: 2.2499
2024-09-23 18:37:17,206 - Epoch [109/1000], Val metric : 0.5356
2024-09-23 18:37:52,797 - Epoch [110/1000], Train Loss: 0.6413
2024-09-23 18:37:52,797 - Epoch [110/1000], Train metric : 0.9302
2024-09-23 18:37:52,797 - Epoch [110/1000], Val Loss: 2.2078
2024-09-23 18:37:52,797 - Epoch [110/1000], Val metric : 0.5549
2024-09-23 18:38:28,569 - Epoch [111/1000], Train Loss: 0.6314
2024-09-23 18:38:28,569 - Epoch [111/1000], Train metric : 0.9315
2024-09-23 18:38:28,569 - Epoch [111/1000], Val Loss: 2.0635
2024-09-23 18:38:28,569 - Epoch [111/1000], Val metric : 0.5853
2024-09-23 18:39:04,169 - Epoch [112/1000], Train Loss: 0.6363
2024-09-23 18:39:04,170 - Epoch [112/1000], Train metric : 0.9309
2024-09-23 18:39:04,170 - Epoch [112/1000], Val Loss: 2.3511
2024-09-23 18:39:04,170 - Epoch [112/1000], Val metric : 0.5274
2024-09-23 18:39:39,759 - Epoch [113/1000], Train Loss: 0.6428
2024-09-23 18:39:39,759 - Epoch [113/1000], Train metric : 0.9298
2024-09-23 18:39:39,759 - Epoch [113/1000], Val Loss: 2.0906
2024-09-23 18:39:39,760 - Epoch [113/1000], Val metric : 0.5719
2024-09-23 18:40:15,328 - Epoch [114/1000], Train Loss: 0.6294
2024-09-23 18:40:15,328 - Epoch [114/1000], Train metric : 0.9327
2024-09-23 18:40:15,328 - Epoch [114/1000], Val Loss: 2.1932
2024-09-23 18:40:15,328 - Epoch [114/1000], Val metric : 0.5403
2024-09-23 18:40:50,934 - Epoch [115/1000], Train Loss: 0.6440
2024-09-23 18:40:50,934 - Epoch [115/1000], Train metric : 0.9295
2024-09-23 18:40:50,934 - Epoch [115/1000], Val Loss: 2.1981
2024-09-23 18:40:50,935 - Epoch [115/1000], Val metric : 0.5616
2024-09-23 18:41:26,541 - Epoch [116/1000], Train Loss: 0.6235
2024-09-23 18:41:26,541 - Epoch [116/1000], Train metric : 0.9333
2024-09-23 18:41:26,541 - Epoch [116/1000], Val Loss: 2.2591
2024-09-23 18:41:26,541 - Epoch [116/1000], Val metric : 0.5492
2024-09-23 18:42:02,151 - Epoch [117/1000], Train Loss: 0.6373
2024-09-23 18:42:02,151 - Epoch [117/1000], Train metric : 0.9308
2024-09-23 18:42:02,151 - Epoch [117/1000], Val Loss: 2.1441
2024-09-23 18:42:02,151 - Epoch [117/1000], Val metric : 0.5668
2024-09-23 18:42:37,776 - Epoch [118/1000], Train Loss: 0.6342
2024-09-23 18:42:37,776 - Epoch [118/1000], Train metric : 0.9315
2024-09-23 18:42:37,776 - Epoch [118/1000], Val Loss: 2.2304
2024-09-23 18:42:37,776 - Epoch [118/1000], Val metric : 0.5421
2024-09-23 18:43:13,348 - Epoch [119/1000], Train Loss: 0.6234
2024-09-23 18:43:13,349 - Epoch [119/1000], Train metric : 0.9336
2024-09-23 18:43:13,349 - Epoch [119/1000], Val Loss: 2.0360
2024-09-23 18:43:13,349 - Epoch [119/1000], Val metric : 0.5816
2024-09-23 18:43:48,960 - Epoch [120/1000], Train Loss: 0.6349
2024-09-23 18:43:48,960 - Epoch [120/1000], Train metric : 0.9311
2024-09-23 18:43:48,960 - Epoch [120/1000], Val Loss: 2.0820
2024-09-23 18:43:48,960 - Epoch [120/1000], Val metric : 0.5775
2024-09-23 18:44:24,556 - Epoch [121/1000], Train Loss: 0.6259
2024-09-23 18:44:24,556 - Epoch [121/1000], Train metric : 0.9332
2024-09-23 18:44:24,556 - Epoch [121/1000], Val Loss: 2.3063
2024-09-23 18:44:24,556 - Epoch [121/1000], Val metric : 0.5228
2024-09-23 18:45:00,374 - Epoch [122/1000], Train Loss: 0.6184
2024-09-23 18:45:00,374 - Epoch [122/1000], Train metric : 0.9345
2024-09-23 18:45:00,374 - Epoch [122/1000], Val Loss: 2.3010
2024-09-23 18:45:00,374 - Epoch [122/1000], Val metric : 0.5271
2024-09-23 18:45:35,973 - Epoch [123/1000], Train Loss: 0.6141
2024-09-23 18:45:35,973 - Epoch [123/1000], Train metric : 0.9352
2024-09-23 18:45:35,974 - Epoch [123/1000], Val Loss: 2.1605
2024-09-23 18:45:35,974 - Epoch [123/1000], Val metric : 0.5535
2024-09-23 18:46:11,574 - Epoch [124/1000], Train Loss: 0.6258
2024-09-23 18:46:11,575 - Epoch [124/1000], Train metric : 0.9330
2024-09-23 18:46:11,575 - Epoch [124/1000], Val Loss: 2.1774
2024-09-23 18:46:11,575 - Epoch [124/1000], Val metric : 0.5312
2024-09-23 18:46:47,178 - Epoch [125/1000], Train Loss: 0.6218
2024-09-23 18:46:47,179 - Epoch [125/1000], Train metric : 0.9338
2024-09-23 18:46:47,179 - Epoch [125/1000], Val Loss: 2.0878
2024-09-23 18:46:47,179 - Epoch [125/1000], Val metric : 0.5669
2024-09-23 18:47:22,918 - Epoch [126/1000], Train Loss: 0.6197
2024-09-23 18:47:22,918 - Epoch [126/1000], Train metric : 0.9346
2024-09-23 18:47:22,918 - Epoch [126/1000], Val Loss: 2.0997
2024-09-23 18:47:22,918 - Epoch [126/1000], Val metric : 0.5745
2024-09-23 18:47:58,512 - Epoch [127/1000], Train Loss: 0.6197
2024-09-23 18:47:58,512 - Epoch [127/1000], Train metric : 0.9344
2024-09-23 18:47:58,512 - Epoch [127/1000], Val Loss: 2.1224
2024-09-23 18:47:58,512 - Epoch [127/1000], Val metric : 0.5782
2024-09-23 18:48:34,096 - Epoch [128/1000], Train Loss: 0.6094
2024-09-23 18:48:34,096 - Epoch [128/1000], Train metric : 0.9365
2024-09-23 18:48:34,096 - Epoch [128/1000], Val Loss: 2.2273
2024-09-23 18:48:34,096 - Epoch [128/1000], Val metric : 0.5481
2024-09-23 18:49:09,666 - Epoch [129/1000], Train Loss: 0.6133
2024-09-23 18:49:09,666 - Epoch [129/1000], Train metric : 0.9354
2024-09-23 18:49:09,666 - Epoch [129/1000], Val Loss: 2.2496
2024-09-23 18:49:09,666 - Epoch [129/1000], Val metric : 0.5475
2024-09-23 18:49:45,235 - Epoch [130/1000], Train Loss: 0.6223
2024-09-23 18:49:45,235 - Epoch [130/1000], Train metric : 0.9335
2024-09-23 18:49:45,235 - Epoch [130/1000], Val Loss: 2.1386
2024-09-23 18:49:45,235 - Epoch [130/1000], Val metric : 0.5557
2024-09-23 18:50:20,818 - Epoch [131/1000], Train Loss: 0.6096
2024-09-23 18:50:20,818 - Epoch [131/1000], Train metric : 0.9366
2024-09-23 18:50:20,818 - Epoch [131/1000], Val Loss: 2.1328
2024-09-23 18:50:20,818 - Epoch [131/1000], Val metric : 0.5635
2024-09-23 18:50:56,416 - Epoch [132/1000], Train Loss: 0.6079
2024-09-23 18:50:56,417 - Epoch [132/1000], Train metric : 0.9367
2024-09-23 18:50:56,417 - Epoch [132/1000], Val Loss: 2.1881
2024-09-23 18:50:56,417 - Epoch [132/1000], Val metric : 0.5673
2024-09-23 18:51:31,979 - Epoch [133/1000], Train Loss: 0.6096
2024-09-23 18:51:31,979 - Epoch [133/1000], Train metric : 0.9366
2024-09-23 18:51:31,979 - Epoch [133/1000], Val Loss: 2.1697
2024-09-23 18:51:31,979 - Epoch [133/1000], Val metric : 0.5554
2024-09-23 18:52:07,514 - Epoch [134/1000], Train Loss: 0.6059
2024-09-23 18:52:07,515 - Epoch [134/1000], Train metric : 0.9368
2024-09-23 18:52:07,515 - Epoch [134/1000], Val Loss: 2.1145
2024-09-23 18:52:07,515 - Epoch [134/1000], Val metric : 0.5601
2024-09-23 18:52:43,068 - Epoch [135/1000], Train Loss: 0.6107
2024-09-23 18:52:43,069 - Epoch [135/1000], Train metric : 0.9362
2024-09-23 18:52:43,069 - Epoch [135/1000], Val Loss: 2.1713
2024-09-23 18:52:43,069 - Epoch [135/1000], Val metric : 0.5535
2024-09-23 18:53:18,607 - Epoch [136/1000], Train Loss: 0.6097
2024-09-23 18:53:18,608 - Epoch [136/1000], Train metric : 0.9359
2024-09-23 18:53:18,608 - Epoch [136/1000], Val Loss: 2.1217
2024-09-23 18:53:18,608 - Epoch [136/1000], Val metric : 0.5693
2024-09-23 18:53:54,161 - Epoch [137/1000], Train Loss: 0.5972
2024-09-23 18:53:54,161 - Epoch [137/1000], Train metric : 0.9385
2024-09-23 18:53:54,161 - Epoch [137/1000], Val Loss: 2.2649
2024-09-23 18:53:54,161 - Epoch [137/1000], Val metric : 0.5697
2024-09-23 18:54:29,704 - Epoch [138/1000], Train Loss: 0.6067
2024-09-23 18:54:29,704 - Epoch [138/1000], Train metric : 0.9371
2024-09-23 18:54:29,704 - Epoch [138/1000], Val Loss: 2.3346
2024-09-23 18:54:29,704 - Epoch [138/1000], Val metric : 0.4914
2024-09-23 18:55:05,273 - Epoch [139/1000], Train Loss: 0.6008
2024-09-23 18:55:05,273 - Epoch [139/1000], Train metric : 0.9381
2024-09-23 18:55:05,273 - Epoch [139/1000], Val Loss: 2.1985
2024-09-23 18:55:05,273 - Epoch [139/1000], Val metric : 0.5243
2024-09-23 18:55:40,847 - Epoch [140/1000], Train Loss: 0.6050
2024-09-23 18:55:40,847 - Epoch [140/1000], Train metric : 0.9373
2024-09-23 18:55:40,847 - Epoch [140/1000], Val Loss: 2.1531
2024-09-23 18:55:40,847 - Epoch [140/1000], Val metric : 0.5575
2024-09-23 18:56:16,615 - Epoch [141/1000], Train Loss: 0.6009
2024-09-23 18:56:16,615 - Epoch [141/1000], Train metric : 0.9382
2024-09-23 18:56:16,615 - Epoch [141/1000], Val Loss: 2.2537
2024-09-23 18:56:16,615 - Epoch [141/1000], Val metric : 0.5488
2024-09-23 18:56:52,479 - Epoch [142/1000], Train Loss: 0.6055
2024-09-23 18:56:52,479 - Epoch [142/1000], Train metric : 0.9372
2024-09-23 18:56:52,479 - Epoch [142/1000], Val Loss: 2.3244
2024-09-23 18:56:52,479 - Epoch [142/1000], Val metric : 0.5257
2024-09-23 18:57:28,069 - Epoch [143/1000], Train Loss: 0.5980
2024-09-23 18:57:28,069 - Epoch [143/1000], Train metric : 0.9387
2024-09-23 18:57:28,069 - Epoch [143/1000], Val Loss: 2.2127
2024-09-23 18:57:28,069 - Epoch [143/1000], Val metric : 0.5630
2024-09-23 18:58:03,657 - Epoch [144/1000], Train Loss: 0.5892
2024-09-23 18:58:03,657 - Epoch [144/1000], Train metric : 0.9404
2024-09-23 18:58:03,657 - Epoch [144/1000], Val Loss: 2.0913
2024-09-23 18:58:03,657 - Epoch [144/1000], Val metric : 0.5805
2024-09-23 18:58:39,257 - Epoch [145/1000], Train Loss: 0.5982
2024-09-23 18:58:39,257 - Epoch [145/1000], Train metric : 0.9384
2024-09-23 18:58:39,257 - Epoch [145/1000], Val Loss: 2.1862
2024-09-23 18:58:39,258 - Epoch [145/1000], Val metric : 0.5591
2024-09-23 18:59:14,837 - Epoch [146/1000], Train Loss: 0.5933
2024-09-23 18:59:14,837 - Epoch [146/1000], Train metric : 0.9397
2024-09-23 18:59:14,837 - Epoch [146/1000], Val Loss: 2.1796
2024-09-23 18:59:14,837 - Epoch [146/1000], Val metric : 0.5643
2024-09-23 18:59:50,435 - Epoch [147/1000], Train Loss: 0.5938
2024-09-23 18:59:50,435 - Epoch [147/1000], Train metric : 0.9393
2024-09-23 18:59:50,435 - Epoch [147/1000], Val Loss: 2.1060
2024-09-23 18:59:50,435 - Epoch [147/1000], Val metric : 0.5566
2024-09-23 19:00:26,013 - Epoch [148/1000], Train Loss: 0.5972
2024-09-23 19:00:26,013 - Epoch [148/1000], Train metric : 0.9387
2024-09-23 19:00:26,013 - Epoch [148/1000], Val Loss: 2.0785
2024-09-23 19:00:26,013 - Epoch [148/1000], Val metric : 0.5772
2024-09-23 19:01:01,620 - Epoch [149/1000], Train Loss: 0.5948
2024-09-23 19:01:01,620 - Epoch [149/1000], Train metric : 0.9393
2024-09-23 19:01:01,620 - Epoch [149/1000], Val Loss: 2.1279
2024-09-23 19:01:01,620 - Epoch [149/1000], Val metric : 0.5697
2024-09-23 19:01:37,179 - Epoch [150/1000], Train Loss: 0.5977
2024-09-23 19:01:37,180 - Epoch [150/1000], Train metric : 0.9388
2024-09-23 19:01:37,180 - Epoch [150/1000], Val Loss: 2.1614
2024-09-23 19:01:37,180 - Epoch [150/1000], Val metric : 0.5399
2024-09-23 19:02:12,738 - Epoch [151/1000], Train Loss: 0.5901
2024-09-23 19:02:12,738 - Epoch [151/1000], Train metric : 0.9405
2024-09-23 19:02:12,738 - Epoch [151/1000], Val Loss: 2.1426
2024-09-23 19:02:12,739 - Epoch [151/1000], Val metric : 0.5640
2024-09-23 19:02:48,309 - Epoch [152/1000], Train Loss: 0.5866
2024-09-23 19:02:48,309 - Epoch [152/1000], Train metric : 0.9409
2024-09-23 19:02:48,309 - Epoch [152/1000], Val Loss: 2.1542
2024-09-23 19:02:48,309 - Epoch [152/1000], Val metric : 0.5504
2024-09-23 19:03:23,856 - Epoch [153/1000], Train Loss: 0.5852
2024-09-23 19:03:23,857 - Epoch [153/1000], Train metric : 0.9410
2024-09-23 19:03:23,857 - Epoch [153/1000], Val Loss: 2.1462
2024-09-23 19:03:23,857 - Epoch [153/1000], Val metric : 0.5794
2024-09-23 19:03:59,442 - Epoch [154/1000], Train Loss: 0.5780
2024-09-23 19:03:59,442 - Epoch [154/1000], Train metric : 0.9424
2024-09-23 19:03:59,443 - Epoch [154/1000], Val Loss: 2.1382
2024-09-23 19:03:59,443 - Epoch [154/1000], Val metric : 0.5477
2024-09-23 19:04:34,990 - Epoch [155/1000], Train Loss: 0.5852
2024-09-23 19:04:34,991 - Epoch [155/1000], Train metric : 0.9416
2024-09-23 19:04:34,991 - Epoch [155/1000], Val Loss: 2.1800
2024-09-23 19:04:34,991 - Epoch [155/1000], Val metric : 0.5568
2024-09-23 19:05:10,570 - Epoch [156/1000], Train Loss: 0.5823
2024-09-23 19:05:10,570 - Epoch [156/1000], Train metric : 0.9420
2024-09-23 19:05:10,570 - Epoch [156/1000], Val Loss: 2.1030
2024-09-23 19:05:10,570 - Epoch [156/1000], Val metric : 0.5682
2024-09-23 19:05:46,269 - Epoch [157/1000], Train Loss: 0.5871
2024-09-23 19:05:46,269 - Epoch [157/1000], Train metric : 0.9410
2024-09-23 19:05:46,269 - Epoch [157/1000], Val Loss: 2.0287
2024-09-23 19:05:46,269 - Epoch [157/1000], Val metric : 0.5901
2024-09-23 19:06:21,876 - Epoch [158/1000], Train Loss: 0.5883
2024-09-23 19:06:21,876 - Epoch [158/1000], Train metric : 0.9407
2024-09-23 19:06:21,876 - Epoch [158/1000], Val Loss: 2.1904
2024-09-23 19:06:21,876 - Epoch [158/1000], Val metric : 0.5466
2024-09-23 19:06:57,470 - Epoch [159/1000], Train Loss: 0.5816
2024-09-23 19:06:57,470 - Epoch [159/1000], Train metric : 0.9421
2024-09-23 19:06:57,470 - Epoch [159/1000], Val Loss: 2.1538
2024-09-23 19:06:57,470 - Epoch [159/1000], Val metric : 0.5528
2024-09-23 19:07:33,086 - Epoch [160/1000], Train Loss: 0.5776
2024-09-23 19:07:33,086 - Epoch [160/1000], Train metric : 0.9426
2024-09-23 19:07:33,086 - Epoch [160/1000], Val Loss: 2.3071
2024-09-23 19:07:33,086 - Epoch [160/1000], Val metric : 0.5156
2024-09-23 19:08:08,685 - Epoch [161/1000], Train Loss: 0.5723
2024-09-23 19:08:08,685 - Epoch [161/1000], Train metric : 0.9440
2024-09-23 19:08:08,686 - Epoch [161/1000], Val Loss: 2.2541
2024-09-23 19:08:08,686 - Epoch [161/1000], Val metric : 0.5305
2024-09-23 19:08:44,524 - Epoch [162/1000], Train Loss: 0.5761
2024-09-23 19:08:44,525 - Epoch [162/1000], Train metric : 0.9431
2024-09-23 19:08:44,525 - Epoch [162/1000], Val Loss: 2.1074
2024-09-23 19:08:44,525 - Epoch [162/1000], Val metric : 0.5810
2024-09-23 19:09:20,112 - Epoch [163/1000], Train Loss: 0.5863
2024-09-23 19:09:20,113 - Epoch [163/1000], Train metric : 0.9412
2024-09-23 19:09:20,113 - Epoch [163/1000], Val Loss: 2.2522
2024-09-23 19:09:20,113 - Epoch [163/1000], Val metric : 0.5564
2024-09-23 19:09:55,700 - Epoch [164/1000], Train Loss: 0.5778
2024-09-23 19:09:55,700 - Epoch [164/1000], Train metric : 0.9428
2024-09-23 19:09:55,700 - Epoch [164/1000], Val Loss: 2.2106
2024-09-23 19:09:55,700 - Epoch [164/1000], Val metric : 0.5527
2024-09-23 19:10:31,269 - Epoch [165/1000], Train Loss: 0.5743
2024-09-23 19:10:31,269 - Epoch [165/1000], Train metric : 0.9431
2024-09-23 19:10:31,269 - Epoch [165/1000], Val Loss: 2.2190
2024-09-23 19:10:31,269 - Epoch [165/1000], Val metric : 0.5130
2024-09-23 19:11:06,860 - Epoch [166/1000], Train Loss: 0.5777
2024-09-23 19:11:06,860 - Epoch [166/1000], Train metric : 0.9426
2024-09-23 19:11:06,860 - Epoch [166/1000], Val Loss: 2.2044
2024-09-23 19:11:06,861 - Epoch [166/1000], Val metric : 0.5490
2024-09-23 19:11:42,423 - Epoch [167/1000], Train Loss: 0.5720
2024-09-23 19:11:42,423 - Epoch [167/1000], Train metric : 0.9437
2024-09-23 19:11:42,423 - Epoch [167/1000], Val Loss: 2.0983
2024-09-23 19:11:42,423 - Epoch [167/1000], Val metric : 0.5679
2024-09-23 19:12:18,019 - Epoch [168/1000], Train Loss: 0.5742
2024-09-23 19:12:18,019 - Epoch [168/1000], Train metric : 0.9434
2024-09-23 19:12:18,019 - Epoch [168/1000], Val Loss: 2.2108
2024-09-23 19:12:18,019 - Epoch [168/1000], Val metric : 0.5333
2024-09-23 19:12:53,628 - Epoch [169/1000], Train Loss: 0.5757
2024-09-23 19:12:53,628 - Epoch [169/1000], Train metric : 0.9430
2024-09-23 19:12:53,628 - Epoch [169/1000], Val Loss: 2.1176
2024-09-23 19:12:53,628 - Epoch [169/1000], Val metric : 0.5540
2024-09-23 19:13:29,206 - Epoch [170/1000], Train Loss: 0.5715
2024-09-23 19:13:29,206 - Epoch [170/1000], Train metric : 0.9440
2024-09-23 19:13:29,206 - Epoch [170/1000], Val Loss: 2.0439
2024-09-23 19:13:29,206 - Epoch [170/1000], Val metric : 0.5884
2024-09-23 19:14:04,942 - Epoch [171/1000], Train Loss: 0.5773
2024-09-23 19:14:04,942 - Epoch [171/1000], Train metric : 0.9427
2024-09-23 19:14:04,942 - Epoch [171/1000], Val Loss: 2.1087
2024-09-23 19:14:04,942 - Epoch [171/1000], Val metric : 0.5602
2024-09-23 19:14:40,517 - Epoch [172/1000], Train Loss: 0.5775
2024-09-23 19:14:40,517 - Epoch [172/1000], Train metric : 0.9427
2024-09-23 19:14:40,517 - Epoch [172/1000], Val Loss: 2.1619
2024-09-23 19:14:40,517 - Epoch [172/1000], Val metric : 0.5778
2024-09-23 19:15:16,095 - Epoch [173/1000], Train Loss: 0.5744
2024-09-23 19:15:16,095 - Epoch [173/1000], Train metric : 0.9434
2024-09-23 19:15:16,095 - Epoch [173/1000], Val Loss: 2.0982
2024-09-23 19:15:16,095 - Epoch [173/1000], Val metric : 0.5580
2024-09-23 19:15:51,666 - Epoch [174/1000], Train Loss: 0.5685
2024-09-23 19:15:51,667 - Epoch [174/1000], Train metric : 0.9443
2024-09-23 19:15:51,667 - Epoch [174/1000], Val Loss: 2.0559
2024-09-23 19:15:51,667 - Epoch [174/1000], Val metric : 0.5805
2024-09-23 19:16:27,260 - Epoch [175/1000], Train Loss: 0.5634
2024-09-23 19:16:27,260 - Epoch [175/1000], Train metric : 0.9453
2024-09-23 19:16:27,260 - Epoch [175/1000], Val Loss: 2.1809
2024-09-23 19:16:27,260 - Epoch [175/1000], Val metric : 0.5603
2024-09-23 19:17:02,803 - Epoch [176/1000], Train Loss: 0.5629
2024-09-23 19:17:02,803 - Epoch [176/1000], Train metric : 0.9453
2024-09-23 19:17:02,803 - Epoch [176/1000], Val Loss: 2.2092
2024-09-23 19:17:02,803 - Epoch [176/1000], Val metric : 0.5535
2024-09-23 19:17:38,372 - Epoch [177/1000], Train Loss: 0.5706
2024-09-23 19:17:38,372 - Epoch [177/1000], Train metric : 0.9441
2024-09-23 19:17:38,372 - Epoch [177/1000], Val Loss: 2.1472
2024-09-23 19:17:38,372 - Epoch [177/1000], Val metric : 0.5565
2024-09-23 19:18:13,935 - Epoch [178/1000], Train Loss: 0.5641
2024-09-23 19:18:13,936 - Epoch [178/1000], Train metric : 0.9455
2024-09-23 19:18:13,936 - Epoch [178/1000], Val Loss: 2.1344
2024-09-23 19:18:13,936 - Epoch [178/1000], Val metric : 0.5508
2024-09-23 19:18:49,518 - Epoch [179/1000], Train Loss: 0.5745
2024-09-23 19:18:49,518 - Epoch [179/1000], Train metric : 0.9438
2024-09-23 19:18:49,518 - Epoch [179/1000], Val Loss: 2.2360
2024-09-23 19:18:49,518 - Epoch [179/1000], Val metric : 0.5494
2024-09-23 19:19:25,097 - Epoch [180/1000], Train Loss: 0.5681
2024-09-23 19:19:25,097 - Epoch [180/1000], Train metric : 0.9446
2024-09-23 19:19:25,098 - Epoch [180/1000], Val Loss: 2.1601
2024-09-23 19:19:25,098 - Epoch [180/1000], Val metric : 0.5806
2024-09-23 19:20:00,676 - Epoch [181/1000], Train Loss: 0.5607
2024-09-23 19:20:00,676 - Epoch [181/1000], Train metric : 0.9459
2024-09-23 19:20:00,676 - Epoch [181/1000], Val Loss: 2.1531
2024-09-23 19:20:00,676 - Epoch [181/1000], Val metric : 0.5682
2024-09-23 19:20:36,494 - Epoch [182/1000], Train Loss: 0.5674
2024-09-23 19:20:36,494 - Epoch [182/1000], Train metric : 0.9447
2024-09-23 19:20:36,495 - Epoch [182/1000], Val Loss: 2.0263
2024-09-23 19:20:36,495 - Epoch [182/1000], Val metric : 0.5827
2024-09-23 19:21:12,107 - Epoch [183/1000], Train Loss: 0.5702
2024-09-23 19:21:12,107 - Epoch [183/1000], Train metric : 0.9440
2024-09-23 19:21:12,107 - Epoch [183/1000], Val Loss: 2.1014
2024-09-23 19:21:12,107 - Epoch [183/1000], Val metric : 0.5714
2024-09-23 19:21:47,733 - Epoch [184/1000], Train Loss: 0.5601
2024-09-23 19:21:47,733 - Epoch [184/1000], Train metric : 0.9463
2024-09-23 19:21:47,734 - Epoch [184/1000], Val Loss: 2.1085
2024-09-23 19:21:47,734 - Epoch [184/1000], Val metric : 0.5612
2024-09-23 19:22:23,325 - Epoch [185/1000], Train Loss: 0.5689
2024-09-23 19:22:23,325 - Epoch [185/1000], Train metric : 0.9443
2024-09-23 19:22:23,325 - Epoch [185/1000], Val Loss: 2.1793
2024-09-23 19:22:23,325 - Epoch [185/1000], Val metric : 0.5592
2024-09-23 19:22:59,072 - Epoch [186/1000], Train Loss: 0.5773
2024-09-23 19:22:59,072 - Epoch [186/1000], Train metric : 0.9428
2024-09-23 19:22:59,072 - Epoch [186/1000], Val Loss: 2.2342
2024-09-23 19:22:59,072 - Epoch [186/1000], Val metric : 0.5465
2024-09-23 19:23:34,684 - Epoch [187/1000], Train Loss: 0.5649
2024-09-23 19:23:34,684 - Epoch [187/1000], Train metric : 0.9451
2024-09-23 19:23:34,684 - Epoch [187/1000], Val Loss: 2.1505
2024-09-23 19:23:34,684 - Epoch [187/1000], Val metric : 0.5604
2024-09-23 19:24:10,294 - Epoch [188/1000], Train Loss: 0.5481
2024-09-23 19:24:10,294 - Epoch [188/1000], Train metric : 0.9483
2024-09-23 19:24:10,294 - Epoch [188/1000], Val Loss: 2.2587
2024-09-23 19:24:10,294 - Epoch [188/1000], Val metric : 0.5395
2024-09-23 19:24:45,874 - Epoch [189/1000], Train Loss: 0.5650
2024-09-23 19:24:45,874 - Epoch [189/1000], Train metric : 0.9449
2024-09-23 19:24:45,875 - Epoch [189/1000], Val Loss: 2.1310
2024-09-23 19:24:45,875 - Epoch [189/1000], Val metric : 0.5674
2024-09-23 19:25:21,470 - Epoch [190/1000], Train Loss: 0.5514
2024-09-23 19:25:21,470 - Epoch [190/1000], Train metric : 0.9479
2024-09-23 19:25:21,470 - Epoch [190/1000], Val Loss: 2.1107
2024-09-23 19:25:21,470 - Epoch [190/1000], Val metric : 0.5775
2024-09-23 19:25:57,046 - Epoch [191/1000], Train Loss: 0.5612
2024-09-23 19:25:57,046 - Epoch [191/1000], Train metric : 0.9459
2024-09-23 19:25:57,046 - Epoch [191/1000], Val Loss: 2.0325
2024-09-23 19:25:57,046 - Epoch [191/1000], Val metric : 0.5821
2024-09-23 19:26:32,628 - Epoch [192/1000], Train Loss: 0.5633
2024-09-23 19:26:32,628 - Epoch [192/1000], Train metric : 0.9456
2024-09-23 19:26:32,628 - Epoch [192/1000], Val Loss: 2.2671
2024-09-23 19:26:32,628 - Epoch [192/1000], Val metric : 0.5290
2024-09-23 19:27:08,223 - Epoch [193/1000], Train Loss: 0.5580
2024-09-23 19:27:08,224 - Epoch [193/1000], Train metric : 0.9464
2024-09-23 19:27:08,224 - Epoch [193/1000], Val Loss: 2.3046
2024-09-23 19:27:08,224 - Epoch [193/1000], Val metric : 0.5458
2024-09-23 19:27:43,824 - Epoch [194/1000], Train Loss: 0.5593
2024-09-23 19:27:43,824 - Epoch [194/1000], Train metric : 0.9463
2024-09-23 19:27:43,824 - Epoch [194/1000], Val Loss: 2.1637
2024-09-23 19:27:43,824 - Epoch [194/1000], Val metric : 0.5654
2024-09-23 19:28:19,391 - Epoch [195/1000], Train Loss: 0.5521
2024-09-23 19:28:19,391 - Epoch [195/1000], Train metric : 0.9478
2024-09-23 19:28:19,391 - Epoch [195/1000], Val Loss: 2.2207
2024-09-23 19:28:19,391 - Epoch [195/1000], Val metric : 0.4968
2024-09-23 19:28:54,993 - Epoch [196/1000], Train Loss: 0.5563
2024-09-23 19:28:54,993 - Epoch [196/1000], Train metric : 0.9470
2024-09-23 19:28:54,993 - Epoch [196/1000], Val Loss: 2.2266
2024-09-23 19:28:54,993 - Epoch [196/1000], Val metric : 0.5408
2024-09-23 19:29:30,598 - Epoch [197/1000], Train Loss: 0.5529
2024-09-23 19:29:30,598 - Epoch [197/1000], Train metric : 0.9476
2024-09-23 19:29:30,598 - Epoch [197/1000], Val Loss: 2.2522
2024-09-23 19:29:30,598 - Epoch [197/1000], Val metric : 0.5265
2024-09-23 19:30:06,202 - Epoch [198/1000], Train Loss: 0.5524
2024-09-23 19:30:06,202 - Epoch [198/1000], Train metric : 0.9478
2024-09-23 19:30:06,202 - Epoch [198/1000], Val Loss: 2.1499
2024-09-23 19:30:06,202 - Epoch [198/1000], Val metric : 0.5703
2024-09-23 19:30:41,778 - Epoch [199/1000], Train Loss: 0.5487
2024-09-23 19:30:41,778 - Epoch [199/1000], Train metric : 0.9484
2024-09-23 19:30:41,778 - Epoch [199/1000], Val Loss: 2.0896
2024-09-23 19:30:41,778 - Epoch [199/1000], Val metric : 0.5616
2024-09-23 19:31:17,376 - Epoch [200/1000], Train Loss: 0.5546
2024-09-23 19:31:17,376 - Epoch [200/1000], Train metric : 0.9472
2024-09-23 19:31:17,376 - Epoch [200/1000], Val Loss: 2.2372
2024-09-23 19:31:17,377 - Epoch [200/1000], Val metric : 0.5615
2024-09-23 19:31:52,983 - Epoch [201/1000], Train Loss: 0.5521
2024-09-23 19:31:52,984 - Epoch [201/1000], Train metric : 0.9472
2024-09-23 19:31:52,984 - Epoch [201/1000], Val Loss: 2.2133
2024-09-23 19:31:52,984 - Epoch [201/1000], Val metric : 0.5496
2024-09-23 19:32:28,959 - Epoch [202/1000], Train Loss: 0.5508
2024-09-23 19:32:28,960 - Epoch [202/1000], Train metric : 0.9475
2024-09-23 19:32:28,960 - Epoch [202/1000], Val Loss: 2.0979
2024-09-23 19:32:28,960 - Epoch [202/1000], Val metric : 0.5788
2024-09-23 19:33:04,574 - Epoch [203/1000], Train Loss: 0.5569
2024-09-23 19:33:04,574 - Epoch [203/1000], Train metric : 0.9466
2024-09-23 19:33:04,574 - Epoch [203/1000], Val Loss: 2.2466
2024-09-23 19:33:04,574 - Epoch [203/1000], Val metric : 0.5411
2024-09-23 19:33:40,168 - Epoch [204/1000], Train Loss: 0.5397
2024-09-23 19:33:40,168 - Epoch [204/1000], Train metric : 0.9498
2024-09-23 19:33:40,168 - Epoch [204/1000], Val Loss: 2.1280
2024-09-23 19:33:40,168 - Epoch [204/1000], Val metric : 0.5712
2024-09-23 19:34:15,757 - Epoch [205/1000], Train Loss: 0.5492
2024-09-23 19:34:15,757 - Epoch [205/1000], Train metric : 0.9481
2024-09-23 19:34:15,757 - Epoch [205/1000], Val Loss: 2.1546
2024-09-23 19:34:15,757 - Epoch [205/1000], Val metric : 0.5488
2024-09-23 19:34:51,324 - Epoch [206/1000], Train Loss: 0.5448
2024-09-23 19:34:51,324 - Epoch [206/1000], Train metric : 0.9489
2024-09-23 19:34:51,324 - Epoch [206/1000], Val Loss: 2.1185
2024-09-23 19:34:51,324 - Epoch [206/1000], Val metric : 0.5606
2024-09-23 19:35:26,927 - Epoch [207/1000], Train Loss: 0.5485
2024-09-23 19:35:26,928 - Epoch [207/1000], Train metric : 0.9482
2024-09-23 19:35:26,928 - Epoch [207/1000], Val Loss: 2.1320
2024-09-23 19:35:26,928 - Epoch [207/1000], Val metric : 0.5683
2024-09-23 19:36:02,489 - Epoch [208/1000], Train Loss: 0.5486
2024-09-23 19:36:02,489 - Epoch [208/1000], Train metric : 0.9479
2024-09-23 19:36:02,489 - Epoch [208/1000], Val Loss: 2.0685
2024-09-23 19:36:02,489 - Epoch [208/1000], Val metric : 0.5800
2024-09-23 19:36:38,079 - Epoch [209/1000], Train Loss: 0.5389
2024-09-23 19:36:38,080 - Epoch [209/1000], Train metric : 0.9503
2024-09-23 19:36:38,080 - Epoch [209/1000], Val Loss: 2.2477
2024-09-23 19:36:38,080 - Epoch [209/1000], Val metric : 0.5404
2024-09-23 19:37:13,690 - Epoch [210/1000], Train Loss: 0.5454
2024-09-23 19:37:13,690 - Epoch [210/1000], Train metric : 0.9486
2024-09-23 19:37:13,690 - Epoch [210/1000], Val Loss: 2.1936
2024-09-23 19:37:13,691 - Epoch [210/1000], Val metric : 0.5612
2024-09-23 19:37:49,286 - Epoch [211/1000], Train Loss: 0.5460
2024-09-23 19:37:49,287 - Epoch [211/1000], Train metric : 0.9488
2024-09-23 19:37:49,287 - Epoch [211/1000], Val Loss: 2.3261
2024-09-23 19:37:49,287 - Epoch [211/1000], Val metric : 0.4961
2024-09-23 19:38:24,853 - Epoch [212/1000], Train Loss: 0.5399
2024-09-23 19:38:24,853 - Epoch [212/1000], Train metric : 0.9499
2024-09-23 19:38:24,853 - Epoch [212/1000], Val Loss: 2.1864
2024-09-23 19:38:24,853 - Epoch [212/1000], Val metric : 0.5430
2024-09-23 19:39:00,435 - Epoch [213/1000], Train Loss: 0.5419
2024-09-23 19:39:00,435 - Epoch [213/1000], Train metric : 0.9496
2024-09-23 19:39:00,435 - Epoch [213/1000], Val Loss: 2.2121
2024-09-23 19:39:00,435 - Epoch [213/1000], Val metric : 0.5457
2024-09-23 19:39:36,016 - Epoch [214/1000], Train Loss: 0.5408
2024-09-23 19:39:36,016 - Epoch [214/1000], Train metric : 0.9492
2024-09-23 19:39:36,016 - Epoch [214/1000], Val Loss: 2.1975
2024-09-23 19:39:36,016 - Epoch [214/1000], Val metric : 0.5534
2024-09-23 19:39:36,016 - Ealry stopping!!
Epoch [214/1000], Val Loss: 2.1975
