2024-09-25 16:48:35,869 - Epoch [1/1000], Train Loss: 3.4249
2024-09-25 16:48:35,870 - Epoch [1/1000], Train metric : -0.0052
2024-09-25 16:48:35,870 - Epoch [1/1000], Val Loss: 3.3530
2024-09-25 16:48:35,870 - Epoch [1/1000], Val metric : -0.0044
2024-09-25 16:48:38,036 - Saved best model with Val Loss: 3.3530
2024-09-25 16:49:41,405 - Epoch [1/1000], Train Loss: 3.0981
2024-09-25 16:49:41,405 - Epoch [1/1000], Train metric : 0.2032
2024-09-25 16:49:41,405 - Epoch [1/1000], Val Loss: 2.7138
2024-09-25 16:49:41,406 - Epoch [1/1000], Val metric : 0.4622
2024-09-25 16:49:48,576 - Saved best model with Val Loss: 2.7138
2024-09-25 16:50:22,959 - Epoch [2/1000], Train Loss: 2.5979
2024-09-25 16:50:22,959 - Epoch [2/1000], Train metric : 0.4110
2024-09-25 16:50:22,960 - Epoch [2/1000], Val Loss: 2.2078
2024-09-25 16:50:22,960 - Epoch [2/1000], Val metric : 0.5193
2024-09-25 16:50:30,237 - Saved best model with Val Loss: 2.2078
2024-09-25 16:51:04,341 - Epoch [3/1000], Train Loss: 2.4559
2024-09-25 16:51:04,342 - Epoch [3/1000], Train metric : 0.4743
2024-09-25 16:51:04,342 - Epoch [3/1000], Val Loss: 2.0758
2024-09-25 16:51:04,342 - Epoch [3/1000], Val metric : 0.5329
2024-09-25 16:51:11,497 - Saved best model with Val Loss: 2.0758
2024-09-25 16:51:45,518 - Epoch [4/1000], Train Loss: 2.3356
2024-09-25 16:51:45,518 - Epoch [4/1000], Train metric : 0.5095
2024-09-25 16:51:45,519 - Epoch [4/1000], Val Loss: 1.9161
2024-09-25 16:51:45,519 - Epoch [4/1000], Val metric : 0.5540
2024-09-25 16:51:52,505 - Saved best model with Val Loss: 1.9161
2024-09-25 16:52:26,650 - Epoch [5/1000], Train Loss: 2.2688
2024-09-25 16:52:26,650 - Epoch [5/1000], Train metric : 0.5373
2024-09-25 16:52:26,650 - Epoch [5/1000], Val Loss: 2.3610
2024-09-25 16:52:26,650 - Epoch [5/1000], Val metric : 0.5481
2024-09-25 16:53:00,956 - Epoch [6/1000], Train Loss: 2.1744
2024-09-25 16:53:00,956 - Epoch [6/1000], Train metric : 0.5677
2024-09-25 16:53:00,956 - Epoch [6/1000], Val Loss: 1.8693
2024-09-25 16:53:00,956 - Epoch [6/1000], Val metric : 0.5822
2024-09-25 16:53:08,440 - Saved best model with Val Loss: 1.8693
2024-09-25 16:53:42,549 - Epoch [7/1000], Train Loss: 2.1318
2024-09-25 16:53:42,550 - Epoch [7/1000], Train metric : 0.5803
2024-09-25 16:53:42,550 - Epoch [7/1000], Val Loss: 1.9021
2024-09-25 16:53:42,550 - Epoch [7/1000], Val metric : 0.5993
2024-09-25 16:54:16,782 - Epoch [8/1000], Train Loss: 2.0594
2024-09-25 16:54:16,782 - Epoch [8/1000], Train metric : 0.6033
2024-09-25 16:54:16,782 - Epoch [8/1000], Val Loss: 1.8414
2024-09-25 16:54:16,782 - Epoch [8/1000], Val metric : 0.6028
2024-09-25 16:54:24,447 - Saved best model with Val Loss: 1.8414
2024-09-25 16:54:58,676 - Epoch [9/1000], Train Loss: 2.0195
2024-09-25 16:54:58,677 - Epoch [9/1000], Train metric : 0.6126
2024-09-25 16:54:58,677 - Epoch [9/1000], Val Loss: 1.9654
2024-09-25 16:54:58,677 - Epoch [9/1000], Val metric : 0.5911
2024-09-25 16:55:32,925 - Epoch [10/1000], Train Loss: 1.9676
2024-09-25 16:55:32,925 - Epoch [10/1000], Train metric : 0.6266
2024-09-25 16:55:32,926 - Epoch [10/1000], Val Loss: 2.0419
2024-09-25 16:55:32,926 - Epoch [10/1000], Val metric : 0.5799
2024-09-25 16:56:07,215 - Epoch [11/1000], Train Loss: 1.9387
2024-09-25 16:56:07,215 - Epoch [11/1000], Train metric : 0.6346
2024-09-25 16:56:07,215 - Epoch [11/1000], Val Loss: 1.8411
2024-09-25 16:56:07,215 - Epoch [11/1000], Val metric : 0.6177
2024-09-25 16:56:14,129 - Saved best model with Val Loss: 1.8411
2024-09-25 16:56:48,352 - Epoch [12/1000], Train Loss: 1.8770
2024-09-25 16:56:48,353 - Epoch [12/1000], Train metric : 0.6519
2024-09-25 16:56:48,353 - Epoch [12/1000], Val Loss: 1.9897
2024-09-25 16:56:48,353 - Epoch [12/1000], Val metric : 0.5688
2024-09-25 16:57:22,512 - Epoch [13/1000], Train Loss: 1.8729
2024-09-25 16:57:22,512 - Epoch [13/1000], Train metric : 0.6543
2024-09-25 16:57:22,513 - Epoch [13/1000], Val Loss: 1.9511
2024-09-25 16:57:22,513 - Epoch [13/1000], Val metric : 0.5863
2024-09-25 16:57:56,719 - Epoch [14/1000], Train Loss: 1.8096
2024-09-25 16:57:56,719 - Epoch [14/1000], Train metric : 0.6706
2024-09-25 16:57:56,719 - Epoch [14/1000], Val Loss: 2.0805
2024-09-25 16:57:56,719 - Epoch [14/1000], Val metric : 0.6002
2024-09-25 16:58:31,043 - Epoch [15/1000], Train Loss: 1.7839
2024-09-25 16:58:31,044 - Epoch [15/1000], Train metric : 0.6770
2024-09-25 16:58:31,044 - Epoch [15/1000], Val Loss: 1.8912
2024-09-25 16:58:31,044 - Epoch [15/1000], Val metric : 0.6033
2024-09-25 16:59:05,316 - Epoch [16/1000], Train Loss: 1.7669
2024-09-25 16:59:05,316 - Epoch [16/1000], Train metric : 0.6813
2024-09-25 16:59:05,316 - Epoch [16/1000], Val Loss: 1.9621
2024-09-25 16:59:05,316 - Epoch [16/1000], Val metric : 0.5793
2024-09-25 16:59:39,800 - Epoch [17/1000], Train Loss: 1.7342
2024-09-25 16:59:39,801 - Epoch [17/1000], Train metric : 0.6914
2024-09-25 16:59:39,801 - Epoch [17/1000], Val Loss: 1.8935
2024-09-25 16:59:39,801 - Epoch [17/1000], Val metric : 0.5920
2024-09-25 17:00:14,151 - Epoch [18/1000], Train Loss: 1.7013
2024-09-25 17:00:14,151 - Epoch [18/1000], Train metric : 0.6989
2024-09-25 17:00:14,151 - Epoch [18/1000], Val Loss: 2.0386
2024-09-25 17:00:14,151 - Epoch [18/1000], Val metric : 0.5681
2024-09-25 17:00:48,376 - Epoch [19/1000], Train Loss: 1.6755
2024-09-25 17:00:48,376 - Epoch [19/1000], Train metric : 0.7068
2024-09-25 17:00:48,376 - Epoch [19/1000], Val Loss: 2.0380
2024-09-25 17:00:48,376 - Epoch [19/1000], Val metric : 0.5917
2024-09-25 17:01:22,588 - Epoch [20/1000], Train Loss: 1.6689
2024-09-25 17:01:22,588 - Epoch [20/1000], Train metric : 0.7074
2024-09-25 17:01:22,588 - Epoch [20/1000], Val Loss: 1.9141
2024-09-25 17:01:22,588 - Epoch [20/1000], Val metric : 0.6011
2024-09-25 17:01:56,731 - Epoch [21/1000], Train Loss: 1.6721
2024-09-25 17:01:56,731 - Epoch [21/1000], Train metric : 0.7068
2024-09-25 17:01:56,731 - Epoch [21/1000], Val Loss: 1.9869
2024-09-25 17:01:56,731 - Epoch [21/1000], Val metric : 0.5839
2024-09-25 17:02:31,197 - Epoch [22/1000], Train Loss: 1.6330
2024-09-25 17:02:31,198 - Epoch [22/1000], Train metric : 0.7169
2024-09-25 17:02:31,198 - Epoch [22/1000], Val Loss: 1.8044
2024-09-25 17:02:31,198 - Epoch [22/1000], Val metric : 0.6053
2024-09-25 17:02:38,098 - Saved best model with Val Loss: 1.8044
2024-09-25 17:03:12,185 - Epoch [23/1000], Train Loss: 1.6173
2024-09-25 17:03:12,186 - Epoch [23/1000], Train metric : 0.7204
2024-09-25 17:03:12,186 - Epoch [23/1000], Val Loss: 1.8497
2024-09-25 17:03:12,186 - Epoch [23/1000], Val metric : 0.6073
2024-09-25 17:03:46,394 - Epoch [24/1000], Train Loss: 1.6136
2024-09-25 17:03:46,394 - Epoch [24/1000], Train metric : 0.7221
2024-09-25 17:03:46,394 - Epoch [24/1000], Val Loss: 1.9833
2024-09-25 17:03:46,394 - Epoch [24/1000], Val metric : 0.5940
2024-09-25 17:04:20,758 - Epoch [25/1000], Train Loss: 1.5922
2024-09-25 17:04:20,758 - Epoch [25/1000], Train metric : 0.7273
2024-09-25 17:04:20,758 - Epoch [25/1000], Val Loss: 1.9466
2024-09-25 17:04:20,758 - Epoch [25/1000], Val metric : 0.5933
2024-09-25 17:04:55,070 - Epoch [26/1000], Train Loss: 1.5830
2024-09-25 17:04:55,070 - Epoch [26/1000], Train metric : 0.7287
2024-09-25 17:04:55,071 - Epoch [26/1000], Val Loss: 1.9527
2024-09-25 17:04:55,071 - Epoch [26/1000], Val metric : 0.5768
2024-09-25 17:05:29,416 - Epoch [27/1000], Train Loss: 1.5792
2024-09-25 17:05:29,416 - Epoch [27/1000], Train metric : 0.7308
2024-09-25 17:05:29,416 - Epoch [27/1000], Val Loss: 1.9189
2024-09-25 17:05:29,416 - Epoch [27/1000], Val metric : 0.6097
2024-09-25 17:06:03,723 - Epoch [28/1000], Train Loss: 1.5575
2024-09-25 17:06:03,723 - Epoch [28/1000], Train metric : 0.7352
2024-09-25 17:06:03,723 - Epoch [28/1000], Val Loss: 1.8941
2024-09-25 17:06:03,723 - Epoch [28/1000], Val metric : 0.5980
2024-09-25 17:06:37,932 - Epoch [29/1000], Train Loss: 1.5487
2024-09-25 17:06:37,933 - Epoch [29/1000], Train metric : 0.7372
2024-09-25 17:06:37,933 - Epoch [29/1000], Val Loss: 2.1354
2024-09-25 17:06:37,933 - Epoch [29/1000], Val metric : 0.5582
2024-09-25 17:07:12,213 - Epoch [30/1000], Train Loss: 1.5443
2024-09-25 17:07:12,213 - Epoch [30/1000], Train metric : 0.7387
2024-09-25 17:07:12,213 - Epoch [30/1000], Val Loss: 2.0530
2024-09-25 17:07:12,213 - Epoch [30/1000], Val metric : 0.5678
2024-09-25 17:07:46,475 - Epoch [31/1000], Train Loss: 1.5468
2024-09-25 17:07:46,475 - Epoch [31/1000], Train metric : 0.7378
2024-09-25 17:07:46,475 - Epoch [31/1000], Val Loss: 1.9812
2024-09-25 17:07:46,475 - Epoch [31/1000], Val metric : 0.5789
2024-09-25 17:08:20,744 - Epoch [32/1000], Train Loss: 1.5273
2024-09-25 17:08:20,745 - Epoch [32/1000], Train metric : 0.7428
2024-09-25 17:08:20,745 - Epoch [32/1000], Val Loss: 2.0055
2024-09-25 17:08:20,745 - Epoch [32/1000], Val metric : 0.5931
2024-09-25 17:08:55,115 - Epoch [33/1000], Train Loss: 1.5359
2024-09-25 17:08:55,115 - Epoch [33/1000], Train metric : 0.7408
2024-09-25 17:08:55,115 - Epoch [33/1000], Val Loss: 1.9232
2024-09-25 17:08:55,115 - Epoch [33/1000], Val metric : 0.6041
2024-09-25 17:09:29,309 - Epoch [34/1000], Train Loss: 1.5168
2024-09-25 17:09:29,309 - Epoch [34/1000], Train metric : 0.7451
2024-09-25 17:09:29,309 - Epoch [34/1000], Val Loss: 1.9613
2024-09-25 17:09:29,309 - Epoch [34/1000], Val metric : 0.5920
2024-09-25 17:10:03,550 - Epoch [35/1000], Train Loss: 1.5258
2024-09-25 17:10:03,550 - Epoch [35/1000], Train metric : 0.7432
2024-09-25 17:10:03,550 - Epoch [35/1000], Val Loss: 1.9748
2024-09-25 17:10:03,550 - Epoch [35/1000], Val metric : 0.6113
2024-09-25 17:10:37,748 - Epoch [36/1000], Train Loss: 1.5178
2024-09-25 17:10:37,748 - Epoch [36/1000], Train metric : 0.7446
2024-09-25 17:10:37,749 - Epoch [36/1000], Val Loss: 2.0145
2024-09-25 17:10:37,749 - Epoch [36/1000], Val metric : 0.5940
2024-09-25 17:11:12,131 - Epoch [37/1000], Train Loss: 1.5109
2024-09-25 17:11:12,131 - Epoch [37/1000], Train metric : 0.7467
2024-09-25 17:11:12,131 - Epoch [37/1000], Val Loss: 1.9290
2024-09-25 17:11:12,131 - Epoch [37/1000], Val metric : 0.6030
2024-09-25 17:11:46,508 - Epoch [38/1000], Train Loss: 1.5178
2024-09-25 17:11:46,508 - Epoch [38/1000], Train metric : 0.7450
2024-09-25 17:11:46,509 - Epoch [38/1000], Val Loss: 1.9186
2024-09-25 17:11:46,509 - Epoch [38/1000], Val metric : 0.6142
2024-09-25 17:12:20,861 - Epoch [39/1000], Train Loss: 1.5113
2024-09-25 17:12:20,861 - Epoch [39/1000], Train metric : 0.7470
2024-09-25 17:12:20,861 - Epoch [39/1000], Val Loss: 1.8485
2024-09-25 17:12:20,861 - Epoch [39/1000], Val metric : 0.6242
2024-09-25 17:12:55,226 - Epoch [40/1000], Train Loss: 1.5069
2024-09-25 17:12:55,226 - Epoch [40/1000], Train metric : 0.7481
2024-09-25 17:12:55,226 - Epoch [40/1000], Val Loss: 1.9794
2024-09-25 17:12:55,226 - Epoch [40/1000], Val metric : 0.5836
2024-09-25 17:13:29,596 - Epoch [41/1000], Train Loss: 1.5021
2024-09-25 17:13:29,596 - Epoch [41/1000], Train metric : 0.7483
2024-09-25 17:13:29,596 - Epoch [41/1000], Val Loss: 1.9716
2024-09-25 17:13:29,596 - Epoch [41/1000], Val metric : 0.5770
2024-09-25 17:14:04,277 - Epoch [42/1000], Train Loss: 1.5063
2024-09-25 17:14:04,277 - Epoch [42/1000], Train metric : 0.7474
2024-09-25 17:14:04,277 - Epoch [42/1000], Val Loss: 1.9970
2024-09-25 17:14:04,277 - Epoch [42/1000], Val metric : 0.5805
2024-09-25 17:14:38,583 - Epoch [43/1000], Train Loss: 1.5032
2024-09-25 17:14:38,583 - Epoch [43/1000], Train metric : 0.7482
2024-09-25 17:14:38,584 - Epoch [43/1000], Val Loss: 1.9395
2024-09-25 17:14:38,584 - Epoch [43/1000], Val metric : 0.5978
2024-09-25 17:15:12,873 - Epoch [44/1000], Train Loss: 1.4840
2024-09-25 17:15:12,873 - Epoch [44/1000], Train metric : 0.7530
2024-09-25 17:15:12,873 - Epoch [44/1000], Val Loss: 2.0310
2024-09-25 17:15:12,873 - Epoch [44/1000], Val metric : 0.5941
2024-09-25 17:15:47,158 - Epoch [45/1000], Train Loss: 1.4932
2024-09-25 17:15:47,159 - Epoch [45/1000], Train metric : 0.7499
2024-09-25 17:15:47,159 - Epoch [45/1000], Val Loss: 1.9433
2024-09-25 17:15:47,159 - Epoch [45/1000], Val metric : 0.5878
2024-09-25 17:16:21,493 - Epoch [46/1000], Train Loss: 1.4971
2024-09-25 17:16:21,493 - Epoch [46/1000], Train metric : 0.7493
2024-09-25 17:16:21,493 - Epoch [46/1000], Val Loss: 2.0060
2024-09-25 17:16:21,493 - Epoch [46/1000], Val metric : 0.5986
2024-09-25 17:16:55,863 - Epoch [47/1000], Train Loss: 1.5047
2024-09-25 17:16:55,864 - Epoch [47/1000], Train metric : 0.7483
2024-09-25 17:16:55,864 - Epoch [47/1000], Val Loss: 2.0561
2024-09-25 17:16:55,864 - Epoch [47/1000], Val metric : 0.5880
2024-09-25 17:17:30,256 - Epoch [48/1000], Train Loss: 1.4795
2024-09-25 17:17:30,256 - Epoch [48/1000], Train metric : 0.7550
2024-09-25 17:17:30,256 - Epoch [48/1000], Val Loss: 2.0327
2024-09-25 17:17:30,256 - Epoch [48/1000], Val metric : 0.5514
2024-09-25 17:18:04,740 - Epoch [49/1000], Train Loss: 1.4861
2024-09-25 17:18:04,741 - Epoch [49/1000], Train metric : 0.7517
2024-09-25 17:18:04,741 - Epoch [49/1000], Val Loss: 1.9196
2024-09-25 17:18:04,741 - Epoch [49/1000], Val metric : 0.5984
2024-09-25 17:18:38,994 - Epoch [50/1000], Train Loss: 1.4984
2024-09-25 17:18:38,994 - Epoch [50/1000], Train metric : 0.7499
2024-09-25 17:18:38,994 - Epoch [50/1000], Val Loss: 1.9737
2024-09-25 17:18:38,995 - Epoch [50/1000], Val metric : 0.5653
2024-09-25 17:19:13,275 - Epoch [51/1000], Train Loss: 1.4940
2024-09-25 17:19:13,276 - Epoch [51/1000], Train metric : 0.7506
2024-09-25 17:19:13,276 - Epoch [51/1000], Val Loss: 2.0063
2024-09-25 17:19:13,276 - Epoch [51/1000], Val metric : 0.5812
2024-09-25 17:19:47,494 - Epoch [52/1000], Train Loss: 1.4919
2024-09-25 17:19:47,494 - Epoch [52/1000], Train metric : 0.7515
2024-09-25 17:19:47,494 - Epoch [52/1000], Val Loss: 1.9297
2024-09-25 17:19:47,494 - Epoch [52/1000], Val metric : 0.5833
2024-09-25 17:20:21,775 - Epoch [53/1000], Train Loss: 1.5032
2024-09-25 17:20:21,775 - Epoch [53/1000], Train metric : 0.7483
2024-09-25 17:20:21,775 - Epoch [53/1000], Val Loss: 1.9130
2024-09-25 17:20:21,775 - Epoch [53/1000], Val metric : 0.6123
2024-09-25 17:20:55,992 - Epoch [54/1000], Train Loss: 1.4836
2024-09-25 17:20:55,992 - Epoch [54/1000], Train metric : 0.7529
2024-09-25 17:20:55,992 - Epoch [54/1000], Val Loss: 2.0078
2024-09-25 17:20:55,992 - Epoch [54/1000], Val metric : 0.5930
2024-09-25 17:21:30,181 - Epoch [55/1000], Train Loss: 1.4772
2024-09-25 17:21:30,182 - Epoch [55/1000], Train metric : 0.7545
2024-09-25 17:21:30,182 - Epoch [55/1000], Val Loss: 1.9130
2024-09-25 17:21:30,182 - Epoch [55/1000], Val metric : 0.6017
2024-09-25 17:22:04,417 - Epoch [56/1000], Train Loss: 1.4852
2024-09-25 17:22:04,417 - Epoch [56/1000], Train metric : 0.7526
2024-09-25 17:22:04,417 - Epoch [56/1000], Val Loss: 1.9798
2024-09-25 17:22:04,417 - Epoch [56/1000], Val metric : 0.5736
2024-09-25 17:22:38,763 - Epoch [57/1000], Train Loss: 1.4821
2024-09-25 17:22:38,763 - Epoch [57/1000], Train metric : 0.7535
2024-09-25 17:22:38,763 - Epoch [57/1000], Val Loss: 1.9748
2024-09-25 17:22:38,763 - Epoch [57/1000], Val metric : 0.5853
2024-09-25 17:23:12,950 - Epoch [58/1000], Train Loss: 1.4898
2024-09-25 17:23:12,950 - Epoch [58/1000], Train metric : 0.7511
2024-09-25 17:23:12,950 - Epoch [58/1000], Val Loss: 2.0789
2024-09-25 17:23:12,950 - Epoch [58/1000], Val metric : 0.5507
2024-09-25 17:23:47,129 - Epoch [59/1000], Train Loss: 1.4817
2024-09-25 17:23:47,129 - Epoch [59/1000], Train metric : 0.7542
2024-09-25 17:23:47,129 - Epoch [59/1000], Val Loss: 1.9241
2024-09-25 17:23:47,129 - Epoch [59/1000], Val metric : 0.6017
2024-09-25 17:24:21,376 - Epoch [60/1000], Train Loss: 1.4892
2024-09-25 17:24:21,377 - Epoch [60/1000], Train metric : 0.7519
2024-09-25 17:24:21,377 - Epoch [60/1000], Val Loss: 1.8952
2024-09-25 17:24:21,377 - Epoch [60/1000], Val metric : 0.6090
2024-09-25 17:24:55,774 - Epoch [61/1000], Train Loss: 1.4865
2024-09-25 17:24:55,775 - Epoch [61/1000], Train metric : 0.7520
2024-09-25 17:24:55,775 - Epoch [61/1000], Val Loss: 2.0670
2024-09-25 17:24:55,775 - Epoch [61/1000], Val metric : 0.5708
2024-09-25 17:25:30,332 - Epoch [62/1000], Train Loss: 1.4768
2024-09-25 17:25:30,332 - Epoch [62/1000], Train metric : 0.7555
2024-09-25 17:25:30,332 - Epoch [62/1000], Val Loss: 1.9615
2024-09-25 17:25:30,332 - Epoch [62/1000], Val metric : 0.6043
2024-09-25 17:26:04,673 - Epoch [63/1000], Train Loss: 1.4863
2024-09-25 17:26:04,673 - Epoch [63/1000], Train metric : 0.7522
2024-09-25 17:26:04,673 - Epoch [63/1000], Val Loss: 2.0427
2024-09-25 17:26:04,673 - Epoch [63/1000], Val metric : 0.5993
2024-09-25 17:26:38,944 - Epoch [64/1000], Train Loss: 1.4948
2024-09-25 17:26:38,944 - Epoch [64/1000], Train metric : 0.7498
2024-09-25 17:26:38,944 - Epoch [64/1000], Val Loss: 2.0593
2024-09-25 17:26:38,944 - Epoch [64/1000], Val metric : 0.5853
2024-09-25 17:27:13,308 - Epoch [65/1000], Train Loss: 1.4924
2024-09-25 17:27:13,308 - Epoch [65/1000], Train metric : 0.7505
2024-09-25 17:27:13,308 - Epoch [65/1000], Val Loss: 2.0249
2024-09-25 17:27:13,308 - Epoch [65/1000], Val metric : 0.5765
2024-09-25 17:27:47,644 - Epoch [66/1000], Train Loss: 1.4960
2024-09-25 17:27:47,645 - Epoch [66/1000], Train metric : 0.7492
2024-09-25 17:27:47,645 - Epoch [66/1000], Val Loss: 1.9687
2024-09-25 17:27:47,645 - Epoch [66/1000], Val metric : 0.6039
2024-09-25 17:28:22,044 - Epoch [67/1000], Train Loss: 1.4810
2024-09-25 17:28:22,045 - Epoch [67/1000], Train metric : 0.7536
2024-09-25 17:28:22,045 - Epoch [67/1000], Val Loss: 1.9801
2024-09-25 17:28:22,045 - Epoch [67/1000], Val metric : 0.5893
2024-09-25 17:28:56,404 - Epoch [68/1000], Train Loss: 1.4918
2024-09-25 17:28:56,404 - Epoch [68/1000], Train metric : 0.7506
2024-09-25 17:28:56,404 - Epoch [68/1000], Val Loss: 1.9283
2024-09-25 17:28:56,404 - Epoch [68/1000], Val metric : 0.6081
2024-09-25 17:29:30,780 - Epoch [69/1000], Train Loss: 1.4793
2024-09-25 17:29:30,780 - Epoch [69/1000], Train metric : 0.7543
2024-09-25 17:29:30,780 - Epoch [69/1000], Val Loss: 1.9460
2024-09-25 17:29:30,780 - Epoch [69/1000], Val metric : 0.5954
2024-09-25 17:30:05,003 - Epoch [70/1000], Train Loss: 1.4889
2024-09-25 17:30:05,003 - Epoch [70/1000], Train metric : 0.7515
2024-09-25 17:30:05,003 - Epoch [70/1000], Val Loss: 2.0014
2024-09-25 17:30:05,003 - Epoch [70/1000], Val metric : 0.5914
2024-09-25 17:30:39,279 - Epoch [71/1000], Train Loss: 1.4864
2024-09-25 17:30:39,279 - Epoch [71/1000], Train metric : 0.7518
2024-09-25 17:30:39,279 - Epoch [71/1000], Val Loss: 1.9678
2024-09-25 17:30:39,279 - Epoch [71/1000], Val metric : 0.5826
2024-09-25 17:31:13,494 - Epoch [72/1000], Train Loss: 1.4904
2024-09-25 17:31:13,494 - Epoch [72/1000], Train metric : 0.7511
2024-09-25 17:31:13,494 - Epoch [72/1000], Val Loss: 1.9726
2024-09-25 17:31:13,494 - Epoch [72/1000], Val metric : 0.5851
2024-09-25 17:31:13,494 - Ealry stopping!!
Epoch [72/1000], Val Loss: 1.9726
