2024-09-24 15:51:37,800 - Epoch [1/1000], Train Loss: 4.9153
2024-09-24 15:51:37,800 - Epoch [1/1000], Train metric : 0.0147
2024-09-24 15:51:37,800 - Epoch [1/1000], Val Loss: 3.1809
2024-09-24 15:51:37,800 - Epoch [1/1000], Val metric : 0.1556
2024-09-24 15:51:39,973 - Saved best model with Val Loss: 3.1809
2024-09-24 15:53:56,994 - Epoch [2/1000], Train Loss: 2.8522
2024-09-24 15:53:56,995 - Epoch [2/1000], Train metric : 0.2587
2024-09-24 15:53:56,995 - Epoch [2/1000], Val Loss: 2.7965
2024-09-24 15:53:56,995 - Epoch [2/1000], Val metric : 0.4729
2024-09-24 15:54:03,964 - Saved best model with Val Loss: 2.7965
2024-09-24 15:56:23,488 - Epoch [3/1000], Train Loss: 2.5245
2024-09-24 15:56:23,488 - Epoch [3/1000], Train metric : 0.4481
2024-09-24 15:56:23,488 - Epoch [3/1000], Val Loss: 2.1605
2024-09-24 15:56:23,488 - Epoch [3/1000], Val metric : 0.5202
2024-09-24 15:56:30,868 - Saved best model with Val Loss: 2.1605
2024-09-24 15:58:47,633 - Epoch [4/1000], Train Loss: 2.3958
2024-09-24 15:58:47,634 - Epoch [4/1000], Train metric : 0.4942
2024-09-24 15:58:47,634 - Epoch [4/1000], Val Loss: 2.5412
2024-09-24 15:58:47,634 - Epoch [4/1000], Val metric : 0.5343
2024-09-24 16:01:04,345 - Epoch [5/1000], Train Loss: 2.3760
2024-09-24 16:01:04,345 - Epoch [5/1000], Train metric : 0.5161
2024-09-24 16:01:04,345 - Epoch [5/1000], Val Loss: 1.9383
2024-09-24 16:01:04,345 - Epoch [5/1000], Val metric : 0.5957
2024-09-24 16:01:12,282 - Saved best model with Val Loss: 1.9383
2024-09-24 16:03:21,646 - Epoch [6/1000], Train Loss: 2.3055
2024-09-24 16:03:21,646 - Epoch [6/1000], Train metric : 0.5318
2024-09-24 16:03:21,646 - Epoch [6/1000], Val Loss: 2.9583
2024-09-24 16:03:21,646 - Epoch [6/1000], Val metric : 0.4976
2024-09-24 16:05:30,044 - Epoch [7/1000], Train Loss: 2.2606
2024-09-24 16:05:30,044 - Epoch [7/1000], Train metric : 0.5459
2024-09-24 16:05:30,045 - Epoch [7/1000], Val Loss: 2.0121
2024-09-24 16:05:30,045 - Epoch [7/1000], Val metric : 0.5745
2024-09-24 16:07:47,166 - Epoch [8/1000], Train Loss: 2.2173
2024-09-24 16:07:47,167 - Epoch [8/1000], Train metric : 0.5584
2024-09-24 16:07:47,167 - Epoch [8/1000], Val Loss: 2.0340
2024-09-24 16:07:47,167 - Epoch [8/1000], Val metric : 0.5951
2024-09-24 16:10:04,009 - Epoch [9/1000], Train Loss: 2.1270
2024-09-24 16:10:04,010 - Epoch [9/1000], Train metric : 0.5820
2024-09-24 16:10:04,010 - Epoch [9/1000], Val Loss: 1.9182
2024-09-24 16:10:04,010 - Epoch [9/1000], Val metric : 0.6300
2024-09-24 16:10:11,446 - Saved best model with Val Loss: 1.9182
2024-09-24 16:12:28,218 - Epoch [10/1000], Train Loss: 2.1300
2024-09-24 16:12:28,218 - Epoch [10/1000], Train metric : 0.5827
2024-09-24 16:12:28,218 - Epoch [10/1000], Val Loss: 2.0714
2024-09-24 16:12:28,218 - Epoch [10/1000], Val metric : 0.6205
2024-09-24 16:14:45,176 - Epoch [11/1000], Train Loss: 2.0992
2024-09-24 16:14:45,177 - Epoch [11/1000], Train metric : 0.5925
2024-09-24 16:14:45,177 - Epoch [11/1000], Val Loss: 2.0705
2024-09-24 16:14:45,178 - Epoch [11/1000], Val metric : 0.5484
2024-09-24 16:17:05,183 - Epoch [12/1000], Train Loss: 2.0561
2024-09-24 16:17:05,184 - Epoch [12/1000], Train metric : 0.6025
2024-09-24 16:17:05,184 - Epoch [12/1000], Val Loss: 1.8491
2024-09-24 16:17:05,184 - Epoch [12/1000], Val metric : 0.5825
2024-09-24 16:17:13,745 - Saved best model with Val Loss: 1.8491
2024-09-24 16:19:30,033 - Epoch [13/1000], Train Loss: 2.0376
2024-09-24 16:19:30,033 - Epoch [13/1000], Train metric : 0.6110
2024-09-24 16:19:30,033 - Epoch [13/1000], Val Loss: 1.9798
2024-09-24 16:19:30,033 - Epoch [13/1000], Val metric : 0.6209
2024-09-24 16:21:46,458 - Epoch [14/1000], Train Loss: 1.9770
2024-09-24 16:21:46,459 - Epoch [14/1000], Train metric : 0.6274
2024-09-24 16:21:46,459 - Epoch [14/1000], Val Loss: 1.8503
2024-09-24 16:21:46,459 - Epoch [14/1000], Val metric : 0.6155
2024-09-24 16:24:03,540 - Epoch [15/1000], Train Loss: 1.9362
2024-09-24 16:24:03,540 - Epoch [15/1000], Train metric : 0.6438
2024-09-24 16:24:03,540 - Epoch [15/1000], Val Loss: 2.0478
2024-09-24 16:24:03,540 - Epoch [15/1000], Val metric : 0.5903
2024-09-24 16:26:12,637 - Epoch [16/1000], Train Loss: 1.9005
2024-09-24 16:26:12,638 - Epoch [16/1000], Train metric : 0.6489
2024-09-24 16:26:12,638 - Epoch [16/1000], Val Loss: 1.9405
2024-09-24 16:26:12,638 - Epoch [16/1000], Val metric : 0.6124
2024-09-24 16:28:29,457 - Epoch [17/1000], Train Loss: 1.8767
2024-09-24 16:28:29,457 - Epoch [17/1000], Train metric : 0.6557
2024-09-24 16:28:29,457 - Epoch [17/1000], Val Loss: 1.8155
2024-09-24 16:28:29,458 - Epoch [17/1000], Val metric : 0.6148
2024-09-24 16:28:36,939 - Saved best model with Val Loss: 1.8155
2024-09-24 16:30:57,601 - Epoch [18/1000], Train Loss: 1.8454
2024-09-24 16:30:57,601 - Epoch [18/1000], Train metric : 0.6692
2024-09-24 16:30:57,602 - Epoch [18/1000], Val Loss: 1.8431
2024-09-24 16:30:57,602 - Epoch [18/1000], Val metric : 0.5980
2024-09-24 16:33:18,720 - Epoch [19/1000], Train Loss: 1.7945
2024-09-24 16:33:18,721 - Epoch [19/1000], Train metric : 0.6776
2024-09-24 16:33:18,721 - Epoch [19/1000], Val Loss: 1.8973
2024-09-24 16:33:18,721 - Epoch [19/1000], Val metric : 0.6322
2024-09-24 16:35:37,332 - Epoch [20/1000], Train Loss: 1.7784
2024-09-24 16:35:37,332 - Epoch [20/1000], Train metric : 0.6827
2024-09-24 16:35:37,332 - Epoch [20/1000], Val Loss: 1.8620
2024-09-24 16:35:37,332 - Epoch [20/1000], Val metric : 0.5928
2024-09-24 16:37:54,224 - Epoch [21/1000], Train Loss: 1.7273
2024-09-24 16:37:54,224 - Epoch [21/1000], Train metric : 0.6963
2024-09-24 16:37:54,224 - Epoch [21/1000], Val Loss: 1.8510
2024-09-24 16:37:54,224 - Epoch [21/1000], Val metric : 0.6307
2024-09-24 16:40:13,148 - Epoch [22/1000], Train Loss: 1.7095
2024-09-24 16:40:13,148 - Epoch [22/1000], Train metric : 0.7012
2024-09-24 16:40:13,148 - Epoch [22/1000], Val Loss: 1.7757
2024-09-24 16:40:13,148 - Epoch [22/1000], Val metric : 0.6391
2024-09-24 16:40:20,793 - Saved best model with Val Loss: 1.7757
