2024-09-19 02:46:30,299 - Epoch [1/1000], Train Loss: -0.0006
2024-09-19 02:46:30,299 - Epoch [1/1000], Train metric average : 0.0006
2024-09-19 02:46:30,299 - Epoch [1/1000], Val Loss: -0.0420
2024-09-19 02:46:30,299 - Epoch [1/1000], Val metric average : 0.0437
2024-09-19 02:46:30,834 - Saved best model with Val Loss: -0.0420
2024-09-19 02:47:07,371 - Epoch [2/1000], Train Loss: 0.0158
2024-09-19 02:47:07,371 - Epoch [2/1000], Train metric average : -0.0159
2024-09-19 02:47:07,371 - Epoch [2/1000], Val Loss: 0.0113
2024-09-19 02:47:07,371 - Epoch [2/1000], Val metric average : -0.0104
2024-09-19 02:47:43,618 - Epoch [3/1000], Train Loss: -0.0041
2024-09-19 02:47:43,618 - Epoch [3/1000], Train metric average : 0.0041
2024-09-19 02:47:43,618 - Epoch [3/1000], Val Loss: 0.0189
2024-09-19 02:47:43,618 - Epoch [3/1000], Val metric average : -0.0200
2024-09-19 02:48:19,667 - Epoch [4/1000], Train Loss: 0.0051
2024-09-19 02:48:19,668 - Epoch [4/1000], Train metric average : -0.0051
2024-09-19 02:48:19,668 - Epoch [4/1000], Val Loss: -0.0626
2024-09-19 02:48:19,668 - Epoch [4/1000], Val metric average : 0.0704
2024-09-19 02:48:21,811 - Saved best model with Val Loss: -0.0626
2024-09-19 02:48:57,947 - Epoch [5/1000], Train Loss: 0.0038
2024-09-19 02:48:57,948 - Epoch [5/1000], Train metric average : -0.0038
2024-09-19 02:48:57,948 - Epoch [5/1000], Val Loss: -0.0464
2024-09-19 02:48:57,948 - Epoch [5/1000], Val metric average : 0.0479
2024-09-19 02:49:34,302 - Epoch [6/1000], Train Loss: -0.0106
2024-09-19 02:49:34,302 - Epoch [6/1000], Train metric average : 0.0107
2024-09-19 02:49:34,302 - Epoch [6/1000], Val Loss: 0.0003
2024-09-19 02:49:34,303 - Epoch [6/1000], Val metric average : -0.0003
2024-09-19 02:50:10,476 - Epoch [7/1000], Train Loss: -0.0005
2024-09-19 02:50:10,477 - Epoch [7/1000], Train metric average : 0.0005
2024-09-19 02:50:10,477 - Epoch [7/1000], Val Loss: -0.0001
2024-09-19 02:50:10,477 - Epoch [7/1000], Val metric average : -0.0016
2024-09-19 02:50:46,502 - Epoch [8/1000], Train Loss: 0.0010
2024-09-19 02:50:46,502 - Epoch [8/1000], Train metric average : -0.0010
2024-09-19 02:50:46,503 - Epoch [8/1000], Val Loss: 0.0054
2024-09-19 02:50:46,503 - Epoch [8/1000], Val metric average : -0.0081
2024-09-19 02:51:22,426 - Epoch [9/1000], Train Loss: -0.0096
2024-09-19 02:51:22,426 - Epoch [9/1000], Train metric average : 0.0097
2024-09-19 02:51:22,426 - Epoch [9/1000], Val Loss: nan
2024-09-19 02:51:22,427 - Epoch [9/1000], Val metric average : nan
2024-09-19 02:51:58,969 - Epoch [10/1000], Train Loss: -0.0383
2024-09-19 02:51:58,970 - Epoch [10/1000], Train metric average : 0.0386
2024-09-19 02:51:58,970 - Epoch [10/1000], Val Loss: nan
2024-09-19 02:51:58,970 - Epoch [10/1000], Val metric average : nan
2024-09-19 02:52:35,066 - Epoch [11/1000], Train Loss: -0.0449
2024-09-19 02:52:35,066 - Epoch [11/1000], Train metric average : 0.0453
2024-09-19 02:52:35,067 - Epoch [11/1000], Val Loss: 0.0564
2024-09-19 02:52:35,067 - Epoch [11/1000], Val metric average : -0.0570
2024-09-19 02:53:11,327 - Epoch [12/1000], Train Loss: -0.0076
2024-09-19 02:53:11,327 - Epoch [12/1000], Train metric average : 0.0076
2024-09-19 02:53:11,328 - Epoch [12/1000], Val Loss: nan
2024-09-19 02:53:11,328 - Epoch [12/1000], Val metric average : nan
2024-09-19 02:53:47,443 - Epoch [13/1000], Train Loss: -0.0045
2024-09-19 02:53:47,443 - Epoch [13/1000], Train metric average : 0.0046
2024-09-19 02:53:47,443 - Epoch [13/1000], Val Loss: -0.0902
2024-09-19 02:53:47,443 - Epoch [13/1000], Val metric average : 0.0913
2024-09-19 02:53:49,804 - Saved best model with Val Loss: -0.0902
2024-09-19 02:54:25,835 - Epoch [14/1000], Train Loss: -0.0880
2024-09-19 02:54:25,835 - Epoch [14/1000], Train metric average : 0.0887
2024-09-19 02:54:25,836 - Epoch [14/1000], Val Loss: -0.1526
2024-09-19 02:54:25,836 - Epoch [14/1000], Val metric average : 0.1548
2024-09-19 02:54:28,255 - Saved best model with Val Loss: -0.1526
2024-09-19 02:55:04,332 - Epoch [15/1000], Train Loss: -0.1251
2024-09-19 02:55:04,332 - Epoch [15/1000], Train metric average : 0.1261
2024-09-19 02:55:04,332 - Epoch [15/1000], Val Loss: -0.1347
2024-09-19 02:55:04,333 - Epoch [15/1000], Val metric average : 0.1366
2024-09-19 02:55:40,431 - Epoch [16/1000], Train Loss: -0.1391
2024-09-19 02:55:40,431 - Epoch [16/1000], Train metric average : 0.1402
2024-09-19 02:55:40,431 - Epoch [16/1000], Val Loss: -0.1059
2024-09-19 02:55:40,431 - Epoch [16/1000], Val metric average : 0.1074
2024-09-19 02:56:16,794 - Epoch [17/1000], Train Loss: -0.1294
2024-09-19 02:56:16,794 - Epoch [17/1000], Train metric average : 0.1305
2024-09-19 02:56:16,794 - Epoch [17/1000], Val Loss: -0.1207
2024-09-19 02:56:16,794 - Epoch [17/1000], Val metric average : 0.1219
2024-09-19 02:56:53,130 - Epoch [18/1000], Train Loss: -0.1345
2024-09-19 02:56:53,131 - Epoch [18/1000], Train metric average : 0.1355
2024-09-19 02:56:53,131 - Epoch [18/1000], Val Loss: -0.1151
2024-09-19 02:56:53,131 - Epoch [18/1000], Val metric average : 0.1163
2024-09-19 02:57:29,376 - Epoch [19/1000], Train Loss: -0.1268
2024-09-19 02:57:29,376 - Epoch [19/1000], Train metric average : 0.1278
2024-09-19 02:57:29,377 - Epoch [19/1000], Val Loss: -0.1407
2024-09-19 02:57:29,377 - Epoch [19/1000], Val metric average : 0.1425
2024-09-19 02:58:05,300 - Epoch [20/1000], Train Loss: -0.1282
2024-09-19 02:58:05,300 - Epoch [20/1000], Train metric average : 0.1292
2024-09-19 02:58:05,300 - Epoch [20/1000], Val Loss: -0.1378
2024-09-19 02:58:05,300 - Epoch [20/1000], Val metric average : 0.1396
2024-09-19 02:58:41,548 - Epoch [21/1000], Train Loss: -0.1285
2024-09-19 02:58:41,549 - Epoch [21/1000], Train metric average : 0.1295
2024-09-19 02:58:41,549 - Epoch [21/1000], Val Loss: -0.1093
2024-09-19 02:58:41,549 - Epoch [21/1000], Val metric average : 0.1102
2024-09-19 02:59:17,683 - Epoch [22/1000], Train Loss: -0.1306
2024-09-19 02:59:17,683 - Epoch [22/1000], Train metric average : 0.1317
2024-09-19 02:59:17,683 - Epoch [22/1000], Val Loss: -0.1238
2024-09-19 02:59:17,684 - Epoch [22/1000], Val metric average : 0.1250
2024-09-19 02:59:53,556 - Epoch [23/1000], Train Loss: -0.1379
2024-09-19 02:59:53,556 - Epoch [23/1000], Train metric average : 0.1390
2024-09-19 02:59:53,556 - Epoch [23/1000], Val Loss: -0.1513
2024-09-19 02:59:53,556 - Epoch [23/1000], Val metric average : 0.1534
2024-09-19 03:00:29,840 - Epoch [24/1000], Train Loss: -0.1417
2024-09-19 03:00:29,840 - Epoch [24/1000], Train metric average : 0.1428
2024-09-19 03:00:29,840 - Epoch [24/1000], Val Loss: -0.0737
2024-09-19 03:00:29,841 - Epoch [24/1000], Val metric average : 0.0737
2024-09-19 03:01:05,801 - Epoch [25/1000], Train Loss: -0.1278
2024-09-19 03:01:05,801 - Epoch [25/1000], Train metric average : 0.1289
2024-09-19 03:01:05,801 - Epoch [25/1000], Val Loss: -0.1610
2024-09-19 03:01:05,801 - Epoch [25/1000], Val metric average : 0.1636
2024-09-19 03:01:08,436 - Saved best model with Val Loss: -0.1610
2024-09-19 03:01:44,539 - Epoch [26/1000], Train Loss: -0.1273
2024-09-19 03:01:44,539 - Epoch [26/1000], Train metric average : 0.1283
2024-09-19 03:01:44,539 - Epoch [26/1000], Val Loss: -0.0895
2024-09-19 03:01:44,539 - Epoch [26/1000], Val metric average : 0.0901
2024-09-19 03:02:20,587 - Epoch [27/1000], Train Loss: -0.1296
2024-09-19 03:02:20,587 - Epoch [27/1000], Train metric average : 0.1306
2024-09-19 03:02:20,587 - Epoch [27/1000], Val Loss: 0.1005
2024-09-19 03:02:20,587 - Epoch [27/1000], Val metric average : -0.1013
2024-09-19 03:02:56,590 - Epoch [28/1000], Train Loss: 0.0004
2024-09-19 03:02:56,590 - Epoch [28/1000], Train metric average : -0.0004
2024-09-19 03:02:56,590 - Epoch [28/1000], Val Loss: -0.0784
2024-09-19 03:02:56,591 - Epoch [28/1000], Val metric average : 0.0793
2024-09-19 03:03:32,560 - Epoch [29/1000], Train Loss: -0.0129
2024-09-19 03:03:32,561 - Epoch [29/1000], Train metric average : 0.0130
2024-09-19 03:03:32,561 - Epoch [29/1000], Val Loss: 0.0140
2024-09-19 03:03:32,561 - Epoch [29/1000], Val metric average : -0.0148
2024-09-19 03:04:08,326 - Epoch [30/1000], Train Loss: 0.0013
2024-09-19 03:04:08,326 - Epoch [30/1000], Train metric average : -0.0013
2024-09-19 03:04:08,326 - Epoch [30/1000], Val Loss: -0.0398
2024-09-19 03:04:08,326 - Epoch [30/1000], Val metric average : 0.0403
2024-09-19 03:04:44,244 - Epoch [31/1000], Train Loss: -0.0086
2024-09-19 03:04:44,245 - Epoch [31/1000], Train metric average : 0.0087
2024-09-19 03:04:44,245 - Epoch [31/1000], Val Loss: -0.0188
2024-09-19 03:04:44,245 - Epoch [31/1000], Val metric average : 0.0190
2024-09-19 03:05:20,323 - Epoch [32/1000], Train Loss: 0.0003
2024-09-19 03:05:20,323 - Epoch [32/1000], Train metric average : -0.0003
2024-09-19 03:05:20,324 - Epoch [32/1000], Val Loss: -0.0196
2024-09-19 03:05:20,324 - Epoch [32/1000], Val metric average : 0.0199
2024-09-19 03:05:56,363 - Epoch [33/1000], Train Loss: -0.0043
2024-09-19 03:05:56,364 - Epoch [33/1000], Train metric average : 0.0043
2024-09-19 03:05:56,364 - Epoch [33/1000], Val Loss: 0.0152
2024-09-19 03:05:56,364 - Epoch [33/1000], Val metric average : -0.0155
2024-09-19 03:06:32,155 - Epoch [34/1000], Train Loss: -0.0086
2024-09-19 03:06:32,155 - Epoch [34/1000], Train metric average : 0.0086
2024-09-19 03:06:32,155 - Epoch [34/1000], Val Loss: -0.0155
2024-09-19 03:06:32,155 - Epoch [34/1000], Val metric average : 0.0152
2024-09-19 03:07:07,994 - Epoch [35/1000], Train Loss: 0.0080
2024-09-19 03:07:07,995 - Epoch [35/1000], Train metric average : -0.0081
2024-09-19 03:07:07,995 - Epoch [35/1000], Val Loss: -0.0069
2024-09-19 03:07:07,995 - Epoch [35/1000], Val metric average : 0.0061
2024-09-19 03:07:43,577 - Epoch [36/1000], Train Loss: 0.0007
2024-09-19 03:07:43,577 - Epoch [36/1000], Train metric average : -0.0007
2024-09-19 03:07:43,577 - Epoch [36/1000], Val Loss: -0.0521
2024-09-19 03:07:43,577 - Epoch [36/1000], Val metric average : 0.0529
2024-09-19 03:08:19,213 - Epoch [37/1000], Train Loss: -0.0092
2024-09-19 03:08:19,213 - Epoch [37/1000], Train metric average : 0.0093
2024-09-19 03:08:19,213 - Epoch [37/1000], Val Loss: -0.0321
2024-09-19 03:08:19,213 - Epoch [37/1000], Val metric average : 0.0328
2024-09-19 03:08:55,116 - Epoch [38/1000], Train Loss: -0.0026
2024-09-19 03:08:55,116 - Epoch [38/1000], Train metric average : 0.0026
2024-09-19 03:08:55,116 - Epoch [38/1000], Val Loss: -0.0267
2024-09-19 03:08:55,116 - Epoch [38/1000], Val metric average : 0.0272
2024-09-19 03:09:30,505 - Epoch [39/1000], Train Loss: 0.0038
2024-09-19 03:09:30,505 - Epoch [39/1000], Train metric average : -0.0039
2024-09-19 03:09:30,505 - Epoch [39/1000], Val Loss: -0.0168
2024-09-19 03:09:30,505 - Epoch [39/1000], Val metric average : 0.0167
2024-09-19 03:10:06,061 - Epoch [40/1000], Train Loss: 0.0134
2024-09-19 03:10:06,062 - Epoch [40/1000], Train metric average : -0.0135
2024-09-19 03:10:06,062 - Epoch [40/1000], Val Loss: -0.0685
2024-09-19 03:10:06,062 - Epoch [40/1000], Val metric average : 0.0721
2024-09-19 03:10:41,895 - Epoch [41/1000], Train Loss: 0.0182
2024-09-19 03:10:41,895 - Epoch [41/1000], Train metric average : -0.0184
2024-09-19 03:10:41,895 - Epoch [41/1000], Val Loss: 0.0050
2024-09-19 03:10:41,895 - Epoch [41/1000], Val metric average : -0.0052
2024-09-19 03:11:17,523 - Epoch [42/1000], Train Loss: 0.0037
2024-09-19 03:11:17,523 - Epoch [42/1000], Train metric average : -0.0037
2024-09-19 03:11:17,523 - Epoch [42/1000], Val Loss: -0.0046
2024-09-19 03:11:17,523 - Epoch [42/1000], Val metric average : 0.0049
2024-09-19 03:11:53,191 - Epoch [43/1000], Train Loss: -0.0069
2024-09-19 03:11:53,191 - Epoch [43/1000], Train metric average : 0.0069
2024-09-19 03:11:53,191 - Epoch [43/1000], Val Loss: -0.0373
2024-09-19 03:11:53,191 - Epoch [43/1000], Val metric average : 0.0372
2024-09-19 03:12:28,615 - Epoch [44/1000], Train Loss: 0.0108
2024-09-19 03:12:28,615 - Epoch [44/1000], Train metric average : -0.0109
2024-09-19 03:12:28,615 - Epoch [44/1000], Val Loss: -0.0556
2024-09-19 03:12:28,615 - Epoch [44/1000], Val metric average : 0.0581
2024-09-19 03:13:04,431 - Epoch [45/1000], Train Loss: 0.0186
2024-09-19 03:13:04,432 - Epoch [45/1000], Train metric average : -0.0187
2024-09-19 03:13:04,432 - Epoch [45/1000], Val Loss: 0.0200
2024-09-19 03:13:04,432 - Epoch [45/1000], Val metric average : -0.0254
2024-09-19 03:13:40,150 - Epoch [46/1000], Train Loss: 0.0012
2024-09-19 03:13:40,150 - Epoch [46/1000], Train metric average : -0.0012
2024-09-19 03:13:40,150 - Epoch [46/1000], Val Loss: 0.0187
2024-09-19 03:13:40,150 - Epoch [46/1000], Val metric average : -0.0207
2024-09-19 03:14:15,812 - Epoch [47/1000], Train Loss: 0.0173
2024-09-19 03:14:15,813 - Epoch [47/1000], Train metric average : -0.0175
2024-09-19 03:14:15,813 - Epoch [47/1000], Val Loss: 0.0203
2024-09-19 03:14:15,813 - Epoch [47/1000], Val metric average : -0.0210
2024-09-19 03:14:51,367 - Epoch [48/1000], Train Loss: -0.0023
2024-09-19 03:14:51,367 - Epoch [48/1000], Train metric average : 0.0024
2024-09-19 03:14:51,367 - Epoch [48/1000], Val Loss: nan
2024-09-19 03:14:51,367 - Epoch [48/1000], Val metric average : nan
2024-09-19 03:15:27,018 - Epoch [49/1000], Train Loss: 0.0086
2024-09-19 03:15:27,018 - Epoch [49/1000], Train metric average : -0.0086
2024-09-19 03:15:27,018 - Epoch [49/1000], Val Loss: nan
2024-09-19 03:15:27,018 - Epoch [49/1000], Val metric average : nan
2024-09-19 03:16:02,394 - Epoch [50/1000], Train Loss: -0.0011
2024-09-19 03:16:02,394 - Epoch [50/1000], Train metric average : 0.0011
2024-09-19 03:16:02,395 - Epoch [50/1000], Val Loss: nan
2024-09-19 03:16:02,395 - Epoch [50/1000], Val metric average : nan
2024-09-19 03:16:37,846 - Epoch [51/1000], Train Loss: -0.0200
2024-09-19 03:16:37,846 - Epoch [51/1000], Train metric average : 0.0202
2024-09-19 03:16:37,846 - Epoch [51/1000], Val Loss: nan
2024-09-19 03:16:37,846 - Epoch [51/1000], Val metric average : nan
2024-09-19 03:17:13,703 - Epoch [52/1000], Train Loss: 0.0071
2024-09-19 03:17:13,703 - Epoch [52/1000], Train metric average : -0.0071
2024-09-19 03:17:13,703 - Epoch [52/1000], Val Loss: nan
2024-09-19 03:17:13,703 - Epoch [52/1000], Val metric average : nan
2024-09-19 03:17:49,118 - Epoch [53/1000], Train Loss: -0.0028
2024-09-19 03:17:49,118 - Epoch [53/1000], Train metric average : 0.0028
2024-09-19 03:17:49,118 - Epoch [53/1000], Val Loss: nan
2024-09-19 03:17:49,118 - Epoch [53/1000], Val metric average : nan
2024-09-19 03:18:24,481 - Epoch [54/1000], Train Loss: -0.0002
2024-09-19 03:18:24,482 - Epoch [54/1000], Train metric average : 0.0002
2024-09-19 03:18:24,482 - Epoch [54/1000], Val Loss: nan
2024-09-19 03:18:24,482 - Epoch [54/1000], Val metric average : nan
2024-09-19 03:19:00,125 - Epoch [55/1000], Train Loss: -0.0135
2024-09-19 03:19:00,125 - Epoch [55/1000], Train metric average : 0.0136
2024-09-19 03:19:00,125 - Epoch [55/1000], Val Loss: nan
2024-09-19 03:19:00,125 - Epoch [55/1000], Val metric average : nan
2024-09-19 03:19:35,383 - Epoch [56/1000], Train Loss: -0.0069
2024-09-19 03:19:35,383 - Epoch [56/1000], Train metric average : 0.0069
2024-09-19 03:19:35,383 - Epoch [56/1000], Val Loss: nan
2024-09-19 03:19:35,383 - Epoch [56/1000], Val metric average : nan
2024-09-19 03:20:10,934 - Epoch [57/1000], Train Loss: 0.0008
2024-09-19 03:20:10,934 - Epoch [57/1000], Train metric average : -0.0008
2024-09-19 03:20:10,935 - Epoch [57/1000], Val Loss: nan
2024-09-19 03:20:10,935 - Epoch [57/1000], Val metric average : nan
2024-09-19 03:20:46,198 - Epoch [58/1000], Train Loss: -0.0084
2024-09-19 03:20:46,198 - Epoch [58/1000], Train metric average : 0.0084
2024-09-19 03:20:46,198 - Epoch [58/1000], Val Loss: nan
2024-09-19 03:20:46,199 - Epoch [58/1000], Val metric average : nan
2024-09-19 03:21:21,677 - Epoch [59/1000], Train Loss: 0.0055
2024-09-19 03:21:21,678 - Epoch [59/1000], Train metric average : -0.0055
2024-09-19 03:21:21,678 - Epoch [59/1000], Val Loss: nan
2024-09-19 03:21:21,678 - Epoch [59/1000], Val metric average : nan
2024-09-19 03:21:57,029 - Epoch [60/1000], Train Loss: 0.0200
2024-09-19 03:21:57,029 - Epoch [60/1000], Train metric average : -0.0202
2024-09-19 03:21:57,029 - Epoch [60/1000], Val Loss: nan
2024-09-19 03:21:57,029 - Epoch [60/1000], Val metric average : nan
2024-09-19 03:22:32,800 - Epoch [61/1000], Train Loss: 0.0000
2024-09-19 03:22:32,800 - Epoch [61/1000], Train metric average : -0.0000
2024-09-19 03:22:32,800 - Epoch [61/1000], Val Loss: nan
2024-09-19 03:22:32,800 - Epoch [61/1000], Val metric average : nan
2024-09-19 03:23:08,740 - Epoch [62/1000], Train Loss: -0.0117
2024-09-19 03:23:08,740 - Epoch [62/1000], Train metric average : 0.0118
2024-09-19 03:23:08,740 - Epoch [62/1000], Val Loss: nan
2024-09-19 03:23:08,740 - Epoch [62/1000], Val metric average : nan
2024-09-19 03:23:44,297 - Epoch [63/1000], Train Loss: 0.0089
2024-09-19 03:23:44,298 - Epoch [63/1000], Train metric average : -0.0089
2024-09-19 03:23:44,298 - Epoch [63/1000], Val Loss: nan
2024-09-19 03:23:44,298 - Epoch [63/1000], Val metric average : nan
2024-09-19 03:24:19,686 - Epoch [64/1000], Train Loss: 0.0157
2024-09-19 03:24:19,687 - Epoch [64/1000], Train metric average : -0.0159
2024-09-19 03:24:19,687 - Epoch [64/1000], Val Loss: nan
2024-09-19 03:24:19,687 - Epoch [64/1000], Val metric average : nan
2024-09-19 03:24:55,441 - Epoch [65/1000], Train Loss: -0.0156
2024-09-19 03:24:55,441 - Epoch [65/1000], Train metric average : 0.0157
2024-09-19 03:24:55,443 - Epoch [65/1000], Val Loss: nan
2024-09-19 03:24:55,443 - Epoch [65/1000], Val metric average : nan
2024-09-19 03:25:30,961 - Epoch [66/1000], Train Loss: -0.0046
2024-09-19 03:25:30,961 - Epoch [66/1000], Train metric average : 0.0046
2024-09-19 03:25:30,961 - Epoch [66/1000], Val Loss: nan
2024-09-19 03:25:30,961 - Epoch [66/1000], Val metric average : nan
2024-09-19 03:26:06,799 - Epoch [67/1000], Train Loss: 0.0025
2024-09-19 03:26:06,799 - Epoch [67/1000], Train metric average : -0.0025
2024-09-19 03:26:06,799 - Epoch [67/1000], Val Loss: nan
2024-09-19 03:26:06,799 - Epoch [67/1000], Val metric average : nan
2024-09-19 03:26:42,114 - Epoch [68/1000], Train Loss: 0.0089
2024-09-19 03:26:42,115 - Epoch [68/1000], Train metric average : -0.0090
2024-09-19 03:26:42,115 - Epoch [68/1000], Val Loss: nan
2024-09-19 03:26:42,115 - Epoch [68/1000], Val metric average : nan
2024-09-19 03:27:17,708 - Epoch [69/1000], Train Loss: -0.0258
2024-09-19 03:27:17,709 - Epoch [69/1000], Train metric average : 0.0260
2024-09-19 03:27:17,709 - Epoch [69/1000], Val Loss: nan
2024-09-19 03:27:17,709 - Epoch [69/1000], Val metric average : nan
2024-09-19 03:27:53,311 - Epoch [70/1000], Train Loss: 0.0095
2024-09-19 03:27:53,311 - Epoch [70/1000], Train metric average : -0.0096
2024-09-19 03:27:53,311 - Epoch [70/1000], Val Loss: nan
2024-09-19 03:27:53,311 - Epoch [70/1000], Val metric average : nan
2024-09-19 03:28:28,992 - Epoch [71/1000], Train Loss: 0.0075
2024-09-19 03:28:28,992 - Epoch [71/1000], Train metric average : -0.0075
2024-09-19 03:28:28,992 - Epoch [71/1000], Val Loss: nan
2024-09-19 03:28:28,992 - Epoch [71/1000], Val metric average : nan
2024-09-19 03:29:04,398 - Epoch [72/1000], Train Loss: 0.0160
2024-09-19 03:29:04,398 - Epoch [72/1000], Train metric average : -0.0161
2024-09-19 03:29:04,398 - Epoch [72/1000], Val Loss: nan
2024-09-19 03:29:04,399 - Epoch [72/1000], Val metric average : nan
2024-09-19 03:29:39,740 - Epoch [73/1000], Train Loss: 0.0210
2024-09-19 03:29:39,740 - Epoch [73/1000], Train metric average : -0.0211
2024-09-19 03:29:39,740 - Epoch [73/1000], Val Loss: nan
2024-09-19 03:29:39,740 - Epoch [73/1000], Val metric average : nan
2024-09-19 03:30:15,097 - Epoch [74/1000], Train Loss: -0.0095
2024-09-19 03:30:15,097 - Epoch [74/1000], Train metric average : 0.0096
2024-09-19 03:30:15,097 - Epoch [74/1000], Val Loss: nan
2024-09-19 03:30:15,097 - Epoch [74/1000], Val metric average : nan
2024-09-19 03:30:50,742 - Epoch [75/1000], Train Loss: -0.0070
2024-09-19 03:30:50,742 - Epoch [75/1000], Train metric average : 0.0070
2024-09-19 03:30:50,742 - Epoch [75/1000], Val Loss: nan
2024-09-19 03:30:50,742 - Epoch [75/1000], Val metric average : nan
2024-09-19 03:31:26,001 - Epoch [76/1000], Train Loss: 0.0065
2024-09-19 03:31:26,001 - Epoch [76/1000], Train metric average : -0.0065
2024-09-19 03:31:26,001 - Epoch [76/1000], Val Loss: nan
2024-09-19 03:31:26,001 - Epoch [76/1000], Val metric average : nan
2024-09-19 03:32:01,316 - Epoch [77/1000], Train Loss: -0.0147
2024-09-19 03:32:01,316 - Epoch [77/1000], Train metric average : 0.0148
2024-09-19 03:32:01,316 - Epoch [77/1000], Val Loss: nan
2024-09-19 03:32:01,316 - Epoch [77/1000], Val metric average : nan
2024-09-19 03:32:36,496 - Epoch [78/1000], Train Loss: 0.0008
2024-09-19 03:32:36,496 - Epoch [78/1000], Train metric average : -0.0008
2024-09-19 03:32:36,496 - Epoch [78/1000], Val Loss: nan
2024-09-19 03:32:36,496 - Epoch [78/1000], Val metric average : nan
2024-09-19 03:33:11,918 - Epoch [79/1000], Train Loss: 0.0094
2024-09-19 03:33:11,918 - Epoch [79/1000], Train metric average : -0.0095
2024-09-19 03:33:11,918 - Epoch [79/1000], Val Loss: nan
2024-09-19 03:33:11,918 - Epoch [79/1000], Val metric average : nan
2024-09-19 03:33:47,377 - Epoch [80/1000], Train Loss: 0.0061
2024-09-19 03:33:47,377 - Epoch [80/1000], Train metric average : -0.0061
2024-09-19 03:33:47,377 - Epoch [80/1000], Val Loss: nan
2024-09-19 03:33:47,378 - Epoch [80/1000], Val metric average : nan
2024-09-19 03:34:22,996 - Epoch [81/1000], Train Loss: 0.0117
2024-09-19 03:34:22,997 - Epoch [81/1000], Train metric average : -0.0118
2024-09-19 03:34:22,997 - Epoch [81/1000], Val Loss: nan
2024-09-19 03:34:22,997 - Epoch [81/1000], Val metric average : nan
2024-09-19 03:34:58,829 - Epoch [82/1000], Train Loss: 0.0039
2024-09-19 03:34:58,829 - Epoch [82/1000], Train metric average : -0.0039
2024-09-19 03:34:58,829 - Epoch [82/1000], Val Loss: nan
2024-09-19 03:34:58,829 - Epoch [82/1000], Val metric average : nan
2024-09-19 03:35:34,377 - Epoch [83/1000], Train Loss: -0.0089
2024-09-19 03:35:34,377 - Epoch [83/1000], Train metric average : 0.0089
2024-09-19 03:35:34,377 - Epoch [83/1000], Val Loss: nan
2024-09-19 03:35:34,377 - Epoch [83/1000], Val metric average : nan
2024-09-19 03:36:09,977 - Epoch [84/1000], Train Loss: -0.0004
2024-09-19 03:36:09,977 - Epoch [84/1000], Train metric average : 0.0004
2024-09-19 03:36:09,977 - Epoch [84/1000], Val Loss: nan
2024-09-19 03:36:09,978 - Epoch [84/1000], Val metric average : nan
2024-09-19 03:36:45,458 - Epoch [85/1000], Train Loss: 0.0087
2024-09-19 03:36:45,458 - Epoch [85/1000], Train metric average : -0.0087
2024-09-19 03:36:45,459 - Epoch [85/1000], Val Loss: nan
2024-09-19 03:36:45,459 - Epoch [85/1000], Val metric average : nan
2024-09-19 03:37:21,248 - Epoch [86/1000], Train Loss: 0.0018
2024-09-19 03:37:21,248 - Epoch [86/1000], Train metric average : -0.0018
2024-09-19 03:37:21,248 - Epoch [86/1000], Val Loss: nan
2024-09-19 03:37:21,249 - Epoch [86/1000], Val metric average : nan
2024-09-19 03:37:56,984 - Epoch [87/1000], Train Loss: -0.0147
2024-09-19 03:37:56,984 - Epoch [87/1000], Train metric average : 0.0148
2024-09-19 03:37:56,985 - Epoch [87/1000], Val Loss: nan
2024-09-19 03:37:56,985 - Epoch [87/1000], Val metric average : nan
2024-09-19 03:38:32,481 - Epoch [88/1000], Train Loss: 0.0077
2024-09-19 03:38:32,481 - Epoch [88/1000], Train metric average : -0.0077
2024-09-19 03:38:32,481 - Epoch [88/1000], Val Loss: nan
2024-09-19 03:38:32,481 - Epoch [88/1000], Val metric average : nan
2024-09-19 03:39:07,882 - Epoch [89/1000], Train Loss: -0.0056
2024-09-19 03:39:07,882 - Epoch [89/1000], Train metric average : 0.0057
2024-09-19 03:39:07,882 - Epoch [89/1000], Val Loss: nan
2024-09-19 03:39:07,883 - Epoch [89/1000], Val metric average : nan
2024-09-19 03:39:43,681 - Epoch [90/1000], Train Loss: 0.0076
2024-09-19 03:39:43,681 - Epoch [90/1000], Train metric average : -0.0077
2024-09-19 03:39:43,681 - Epoch [90/1000], Val Loss: nan
2024-09-19 03:39:43,681 - Epoch [90/1000], Val metric average : nan
2024-09-19 03:40:19,200 - Epoch [91/1000], Train Loss: 0.0071
2024-09-19 03:40:19,200 - Epoch [91/1000], Train metric average : -0.0071
2024-09-19 03:40:19,200 - Epoch [91/1000], Val Loss: nan
2024-09-19 03:40:19,200 - Epoch [91/1000], Val metric average : nan
2024-09-19 03:40:54,812 - Epoch [92/1000], Train Loss: 0.0009
2024-09-19 03:40:54,813 - Epoch [92/1000], Train metric average : -0.0009
2024-09-19 03:40:54,813 - Epoch [92/1000], Val Loss: nan
2024-09-19 03:40:54,813 - Epoch [92/1000], Val metric average : nan
2024-09-19 03:41:30,172 - Epoch [93/1000], Train Loss: 0.0067
2024-09-19 03:41:30,172 - Epoch [93/1000], Train metric average : -0.0068
2024-09-19 03:41:30,172 - Epoch [93/1000], Val Loss: nan
2024-09-19 03:41:30,172 - Epoch [93/1000], Val metric average : nan
2024-09-19 03:42:05,995 - Epoch [94/1000], Train Loss: -0.0110
2024-09-19 03:42:05,995 - Epoch [94/1000], Train metric average : 0.0111
2024-09-19 03:42:05,996 - Epoch [94/1000], Val Loss: nan
2024-09-19 03:42:05,996 - Epoch [94/1000], Val metric average : nan
2024-09-19 03:42:41,572 - Epoch [95/1000], Train Loss: 0.0075
2024-09-19 03:42:41,572 - Epoch [95/1000], Train metric average : -0.0075
2024-09-19 03:42:41,572 - Epoch [95/1000], Val Loss: nan
2024-09-19 03:42:41,572 - Epoch [95/1000], Val metric average : nan
2024-09-19 03:43:16,874 - Epoch [96/1000], Train Loss: 0.0006
2024-09-19 03:43:16,874 - Epoch [96/1000], Train metric average : -0.0006
2024-09-19 03:43:16,874 - Epoch [96/1000], Val Loss: nan
2024-09-19 03:43:16,874 - Epoch [96/1000], Val metric average : nan
2024-09-19 03:43:52,765 - Epoch [97/1000], Train Loss: -0.0054
2024-09-19 03:43:52,765 - Epoch [97/1000], Train metric average : 0.0055
2024-09-19 03:43:52,765 - Epoch [97/1000], Val Loss: nan
2024-09-19 03:43:52,765 - Epoch [97/1000], Val metric average : nan
2024-09-19 03:44:28,159 - Epoch [98/1000], Train Loss: 0.0063
2024-09-19 03:44:28,159 - Epoch [98/1000], Train metric average : -0.0064
2024-09-19 03:44:28,159 - Epoch [98/1000], Val Loss: nan
2024-09-19 03:44:28,159 - Epoch [98/1000], Val metric average : nan
2024-09-19 03:45:03,664 - Epoch [99/1000], Train Loss: -0.0065
2024-09-19 03:45:03,664 - Epoch [99/1000], Train metric average : 0.0066
2024-09-19 03:45:03,664 - Epoch [99/1000], Val Loss: nan
2024-09-19 03:45:03,664 - Epoch [99/1000], Val metric average : nan
2024-09-19 03:45:39,430 - Epoch [100/1000], Train Loss: -0.0001
2024-09-19 03:45:39,431 - Epoch [100/1000], Train metric average : 0.0001
2024-09-19 03:45:39,431 - Epoch [100/1000], Val Loss: nan
2024-09-19 03:45:39,431 - Epoch [100/1000], Val metric average : nan
2024-09-19 03:46:14,951 - Epoch [101/1000], Train Loss: -0.0099
2024-09-19 03:46:14,951 - Epoch [101/1000], Train metric average : 0.0099
2024-09-19 03:46:14,951 - Epoch [101/1000], Val Loss: nan
2024-09-19 03:46:14,951 - Epoch [101/1000], Val metric average : nan
2024-09-19 03:46:51,149 - Epoch [102/1000], Train Loss: -0.0106
2024-09-19 03:46:51,149 - Epoch [102/1000], Train metric average : 0.0106
2024-09-19 03:46:51,150 - Epoch [102/1000], Val Loss: nan
2024-09-19 03:46:51,150 - Epoch [102/1000], Val metric average : nan
2024-09-19 03:47:26,233 - Epoch [103/1000], Train Loss: 0.0025
2024-09-19 03:47:26,233 - Epoch [103/1000], Train metric average : -0.0025
2024-09-19 03:47:26,233 - Epoch [103/1000], Val Loss: nan
2024-09-19 03:47:26,233 - Epoch [103/1000], Val metric average : nan
2024-09-19 03:48:01,987 - Epoch [104/1000], Train Loss: -0.0060
2024-09-19 03:48:01,988 - Epoch [104/1000], Train metric average : 0.0061
2024-09-19 03:48:01,988 - Epoch [104/1000], Val Loss: nan
2024-09-19 03:48:01,988 - Epoch [104/1000], Val metric average : nan
2024-09-19 03:48:37,677 - Epoch [105/1000], Train Loss: 0.0141
2024-09-19 03:48:37,677 - Epoch [105/1000], Train metric average : -0.0142
2024-09-19 03:48:37,677 - Epoch [105/1000], Val Loss: nan
2024-09-19 03:48:37,677 - Epoch [105/1000], Val metric average : nan
2024-09-19 03:49:13,618 - Epoch [106/1000], Train Loss: -0.0109
2024-09-19 03:49:13,618 - Epoch [106/1000], Train metric average : 0.0109
2024-09-19 03:49:13,620 - Epoch [106/1000], Val Loss: nan
2024-09-19 03:49:13,620 - Epoch [106/1000], Val metric average : nan
2024-09-19 03:49:49,479 - Epoch [107/1000], Train Loss: 0.0024
2024-09-19 03:49:49,480 - Epoch [107/1000], Train metric average : -0.0024
2024-09-19 03:49:49,480 - Epoch [107/1000], Val Loss: nan
2024-09-19 03:49:49,480 - Epoch [107/1000], Val metric average : nan
2024-09-19 03:50:25,077 - Epoch [108/1000], Train Loss: 0.0152
2024-09-19 03:50:25,077 - Epoch [108/1000], Train metric average : -0.0153
2024-09-19 03:50:25,077 - Epoch [108/1000], Val Loss: nan
2024-09-19 03:50:25,078 - Epoch [108/1000], Val metric average : nan
2024-09-19 03:51:01,014 - Epoch [109/1000], Train Loss: -0.0163
2024-09-19 03:51:01,014 - Epoch [109/1000], Train metric average : 0.0165
2024-09-19 03:51:01,014 - Epoch [109/1000], Val Loss: nan
2024-09-19 03:51:01,014 - Epoch [109/1000], Val metric average : nan
2024-09-19 03:51:36,483 - Epoch [110/1000], Train Loss: 0.0029
2024-09-19 03:51:36,483 - Epoch [110/1000], Train metric average : -0.0030
2024-09-19 03:51:36,483 - Epoch [110/1000], Val Loss: nan
2024-09-19 03:51:36,483 - Epoch [110/1000], Val metric average : nan
2024-09-19 03:52:12,051 - Epoch [111/1000], Train Loss: -0.0135
2024-09-19 03:52:12,051 - Epoch [111/1000], Train metric average : 0.0136
2024-09-19 03:52:12,051 - Epoch [111/1000], Val Loss: nan
2024-09-19 03:52:12,051 - Epoch [111/1000], Val metric average : nan
2024-09-19 03:52:47,875 - Epoch [112/1000], Train Loss: 0.0005
2024-09-19 03:52:47,875 - Epoch [112/1000], Train metric average : -0.0005
2024-09-19 03:52:47,875 - Epoch [112/1000], Val Loss: nan
2024-09-19 03:52:47,875 - Epoch [112/1000], Val metric average : nan
2024-09-19 03:53:23,694 - Epoch [113/1000], Train Loss: -0.0026
2024-09-19 03:53:23,695 - Epoch [113/1000], Train metric average : 0.0026
2024-09-19 03:53:23,696 - Epoch [113/1000], Val Loss: nan
2024-09-19 03:53:23,696 - Epoch [113/1000], Val metric average : nan
2024-09-19 03:53:59,511 - Epoch [114/1000], Train Loss: -0.0066
2024-09-19 03:53:59,511 - Epoch [114/1000], Train metric average : 0.0067
2024-09-19 03:53:59,511 - Epoch [114/1000], Val Loss: nan
2024-09-19 03:53:59,512 - Epoch [114/1000], Val metric average : nan
2024-09-19 03:54:35,263 - Epoch [115/1000], Train Loss: -0.0058
2024-09-19 03:54:35,263 - Epoch [115/1000], Train metric average : 0.0059
2024-09-19 03:54:35,264 - Epoch [115/1000], Val Loss: nan
2024-09-19 03:54:35,264 - Epoch [115/1000], Val metric average : nan
2024-09-19 03:55:11,188 - Epoch [116/1000], Train Loss: 0.0067
2024-09-19 03:55:11,188 - Epoch [116/1000], Train metric average : -0.0067
2024-09-19 03:55:11,189 - Epoch [116/1000], Val Loss: nan
2024-09-19 03:55:11,189 - Epoch [116/1000], Val metric average : nan
2024-09-19 03:55:47,059 - Epoch [117/1000], Train Loss: -0.0056
2024-09-19 03:55:47,059 - Epoch [117/1000], Train metric average : 0.0056
2024-09-19 03:55:47,060 - Epoch [117/1000], Val Loss: nan
2024-09-19 03:55:47,060 - Epoch [117/1000], Val metric average : nan
2024-09-19 03:56:22,590 - Epoch [118/1000], Train Loss: -0.0087
2024-09-19 03:56:22,591 - Epoch [118/1000], Train metric average : 0.0087
2024-09-19 03:56:22,591 - Epoch [118/1000], Val Loss: nan
2024-09-19 03:56:22,591 - Epoch [118/1000], Val metric average : nan
2024-09-19 03:56:58,017 - Epoch [119/1000], Train Loss: -0.0053
2024-09-19 03:56:58,017 - Epoch [119/1000], Train metric average : 0.0053
2024-09-19 03:56:58,017 - Epoch [119/1000], Val Loss: nan
2024-09-19 03:56:58,017 - Epoch [119/1000], Val metric average : nan
2024-09-19 03:57:33,862 - Epoch [120/1000], Train Loss: 0.0072
2024-09-19 03:57:33,863 - Epoch [120/1000], Train metric average : -0.0073
2024-09-19 03:57:33,863 - Epoch [120/1000], Val Loss: nan
2024-09-19 03:57:33,863 - Epoch [120/1000], Val metric average : nan
2024-09-19 03:58:09,577 - Epoch [121/1000], Train Loss: -0.0134
2024-09-19 03:58:09,577 - Epoch [121/1000], Train metric average : 0.0135
2024-09-19 03:58:09,577 - Epoch [121/1000], Val Loss: nan
2024-09-19 03:58:09,577 - Epoch [121/1000], Val metric average : nan
2024-09-19 03:58:45,492 - Epoch [122/1000], Train Loss: 0.0018
2024-09-19 03:58:45,492 - Epoch [122/1000], Train metric average : -0.0019
2024-09-19 03:58:45,493 - Epoch [122/1000], Val Loss: nan
2024-09-19 03:58:45,493 - Epoch [122/1000], Val metric average : nan
2024-09-19 03:59:21,247 - Epoch [123/1000], Train Loss: -0.0166
2024-09-19 03:59:21,247 - Epoch [123/1000], Train metric average : 0.0167
2024-09-19 03:59:21,247 - Epoch [123/1000], Val Loss: nan
2024-09-19 03:59:21,247 - Epoch [123/1000], Val metric average : nan
2024-09-19 03:59:57,032 - Epoch [124/1000], Train Loss: -0.0051
2024-09-19 03:59:57,033 - Epoch [124/1000], Train metric average : 0.0052
2024-09-19 03:59:57,033 - Epoch [124/1000], Val Loss: nan
2024-09-19 03:59:57,033 - Epoch [124/1000], Val metric average : nan
2024-09-19 04:00:32,923 - Epoch [125/1000], Train Loss: 0.0112
2024-09-19 04:00:32,923 - Epoch [125/1000], Train metric average : -0.0112
2024-09-19 04:00:32,924 - Epoch [125/1000], Val Loss: nan
2024-09-19 04:00:32,924 - Epoch [125/1000], Val metric average : nan
2024-09-19 04:01:08,375 - Epoch [126/1000], Train Loss: 0.0031
2024-09-19 04:01:08,375 - Epoch [126/1000], Train metric average : -0.0031
2024-09-19 04:01:08,375 - Epoch [126/1000], Val Loss: nan
2024-09-19 04:01:08,375 - Epoch [126/1000], Val metric average : nan
2024-09-19 04:01:43,872 - Epoch [127/1000], Train Loss: -0.0061
2024-09-19 04:01:43,872 - Epoch [127/1000], Train metric average : 0.0061
2024-09-19 04:01:43,873 - Epoch [127/1000], Val Loss: nan
2024-09-19 04:01:43,873 - Epoch [127/1000], Val metric average : nan
2024-09-19 04:02:19,677 - Epoch [128/1000], Train Loss: -0.0095
2024-09-19 04:02:19,677 - Epoch [128/1000], Train metric average : 0.0095
2024-09-19 04:02:19,677 - Epoch [128/1000], Val Loss: nan
2024-09-19 04:02:19,677 - Epoch [128/1000], Val metric average : nan
2024-09-19 04:02:55,296 - Epoch [129/1000], Train Loss: -0.0031
2024-09-19 04:02:55,297 - Epoch [129/1000], Train metric average : 0.0032
2024-09-19 04:02:55,297 - Epoch [129/1000], Val Loss: nan
2024-09-19 04:02:55,297 - Epoch [129/1000], Val metric average : nan
2024-09-19 04:03:31,413 - Epoch [130/1000], Train Loss: 0.0050
2024-09-19 04:03:31,413 - Epoch [130/1000], Train metric average : -0.0051
2024-09-19 04:03:31,414 - Epoch [130/1000], Val Loss: nan
2024-09-19 04:03:31,414 - Epoch [130/1000], Val metric average : nan
2024-09-19 04:04:07,234 - Epoch [131/1000], Train Loss: 0.0120
2024-09-19 04:04:07,234 - Epoch [131/1000], Train metric average : -0.0121
2024-09-19 04:04:07,235 - Epoch [131/1000], Val Loss: nan
2024-09-19 04:04:07,235 - Epoch [131/1000], Val metric average : nan
2024-09-19 04:04:43,123 - Epoch [132/1000], Train Loss: -0.0111
2024-09-19 04:04:43,123 - Epoch [132/1000], Train metric average : 0.0112
2024-09-19 04:04:43,124 - Epoch [132/1000], Val Loss: nan
2024-09-19 04:04:43,124 - Epoch [132/1000], Val metric average : nan
2024-09-19 04:05:18,961 - Epoch [133/1000], Train Loss: 0.0079
2024-09-19 04:05:18,961 - Epoch [133/1000], Train metric average : -0.0080
2024-09-19 04:05:18,962 - Epoch [133/1000], Val Loss: nan
2024-09-19 04:05:18,962 - Epoch [133/1000], Val metric average : nan
2024-09-19 04:05:54,613 - Epoch [134/1000], Train Loss: -0.0005
2024-09-19 04:05:54,613 - Epoch [134/1000], Train metric average : 0.0005
2024-09-19 04:05:54,613 - Epoch [134/1000], Val Loss: nan
2024-09-19 04:05:54,613 - Epoch [134/1000], Val metric average : nan
2024-09-19 04:06:30,371 - Epoch [135/1000], Train Loss: 0.0070
2024-09-19 04:06:30,371 - Epoch [135/1000], Train metric average : -0.0070
2024-09-19 04:06:30,371 - Epoch [135/1000], Val Loss: nan
2024-09-19 04:06:30,371 - Epoch [135/1000], Val metric average : nan
2024-09-19 04:07:06,190 - Epoch [136/1000], Train Loss: -0.0125
2024-09-19 04:07:06,191 - Epoch [136/1000], Train metric average : 0.0126
2024-09-19 04:07:06,191 - Epoch [136/1000], Val Loss: nan
2024-09-19 04:07:06,191 - Epoch [136/1000], Val metric average : nan
2024-09-19 04:07:41,858 - Epoch [137/1000], Train Loss: 0.0004
2024-09-19 04:07:41,858 - Epoch [137/1000], Train metric average : -0.0004
2024-09-19 04:07:41,858 - Epoch [137/1000], Val Loss: nan
2024-09-19 04:07:41,858 - Epoch [137/1000], Val metric average : nan
2024-09-19 04:08:17,622 - Epoch [138/1000], Train Loss: -0.0096
2024-09-19 04:08:17,623 - Epoch [138/1000], Train metric average : 0.0096
2024-09-19 04:08:17,624 - Epoch [138/1000], Val Loss: nan
2024-09-19 04:08:17,624 - Epoch [138/1000], Val metric average : nan
2024-09-19 04:08:53,291 - Epoch [139/1000], Train Loss: -0.0170
2024-09-19 04:08:53,291 - Epoch [139/1000], Train metric average : 0.0171
2024-09-19 04:08:53,291 - Epoch [139/1000], Val Loss: nan
2024-09-19 04:08:53,291 - Epoch [139/1000], Val metric average : nan
2024-09-19 04:09:28,748 - Epoch [140/1000], Train Loss: -0.0080
2024-09-19 04:09:28,748 - Epoch [140/1000], Train metric average : 0.0081
2024-09-19 04:09:28,748 - Epoch [140/1000], Val Loss: nan
2024-09-19 04:09:28,748 - Epoch [140/1000], Val metric average : nan
2024-09-19 04:10:04,418 - Epoch [141/1000], Train Loss: -0.0006
2024-09-19 04:10:04,418 - Epoch [141/1000], Train metric average : 0.0006
2024-09-19 04:10:04,419 - Epoch [141/1000], Val Loss: nan
2024-09-19 04:10:04,419 - Epoch [141/1000], Val metric average : nan
2024-09-19 04:10:40,067 - Epoch [142/1000], Train Loss: 0.0114
2024-09-19 04:10:40,067 - Epoch [142/1000], Train metric average : -0.0115
2024-09-19 04:10:40,068 - Epoch [142/1000], Val Loss: nan
2024-09-19 04:10:40,068 - Epoch [142/1000], Val metric average : nan
2024-09-19 04:11:15,837 - Epoch [143/1000], Train Loss: -0.0135
2024-09-19 04:11:15,838 - Epoch [143/1000], Train metric average : 0.0136
2024-09-19 04:11:15,838 - Epoch [143/1000], Val Loss: nan
2024-09-19 04:11:15,838 - Epoch [143/1000], Val metric average : nan
2024-09-19 04:11:51,745 - Epoch [144/1000], Train Loss: 0.0090
2024-09-19 04:11:51,745 - Epoch [144/1000], Train metric average : -0.0090
2024-09-19 04:11:51,746 - Epoch [144/1000], Val Loss: nan
2024-09-19 04:11:51,746 - Epoch [144/1000], Val metric average : nan
2024-09-19 04:12:27,733 - Epoch [145/1000], Train Loss: 0.0049
2024-09-19 04:12:27,733 - Epoch [145/1000], Train metric average : -0.0050
2024-09-19 04:12:27,733 - Epoch [145/1000], Val Loss: nan
2024-09-19 04:12:27,733 - Epoch [145/1000], Val metric average : nan
2024-09-19 04:13:03,254 - Epoch [146/1000], Train Loss: -0.0019
2024-09-19 04:13:03,254 - Epoch [146/1000], Train metric average : 0.0019
2024-09-19 04:13:03,254 - Epoch [146/1000], Val Loss: nan
2024-09-19 04:13:03,254 - Epoch [146/1000], Val metric average : nan
2024-09-19 04:13:38,853 - Epoch [147/1000], Train Loss: -0.0084
2024-09-19 04:13:38,853 - Epoch [147/1000], Train metric average : 0.0085
2024-09-19 04:13:38,854 - Epoch [147/1000], Val Loss: nan
2024-09-19 04:13:38,854 - Epoch [147/1000], Val metric average : nan
2024-09-19 04:14:14,797 - Epoch [148/1000], Train Loss: -0.0087
2024-09-19 04:14:14,798 - Epoch [148/1000], Train metric average : 0.0087
2024-09-19 04:14:14,801 - Epoch [148/1000], Val Loss: nan
2024-09-19 04:14:14,801 - Epoch [148/1000], Val metric average : nan
2024-09-19 04:14:50,922 - Epoch [149/1000], Train Loss: 0.0140
2024-09-19 04:14:50,925 - Epoch [149/1000], Train metric average : -0.0141
2024-09-19 04:14:50,925 - Epoch [149/1000], Val Loss: nan
2024-09-19 04:14:50,925 - Epoch [149/1000], Val metric average : nan
2024-09-19 04:15:26,627 - Epoch [150/1000], Train Loss: 0.0018
2024-09-19 04:15:26,627 - Epoch [150/1000], Train metric average : -0.0018
2024-09-19 04:15:26,627 - Epoch [150/1000], Val Loss: nan
2024-09-19 04:15:26,627 - Epoch [150/1000], Val metric average : nan
2024-09-19 04:16:02,307 - Epoch [151/1000], Train Loss: -0.0027
2024-09-19 04:16:02,307 - Epoch [151/1000], Train metric average : 0.0027
2024-09-19 04:16:02,308 - Epoch [151/1000], Val Loss: nan
2024-09-19 04:16:02,308 - Epoch [151/1000], Val metric average : nan
2024-09-19 04:16:38,098 - Epoch [152/1000], Train Loss: -0.0011
2024-09-19 04:16:38,098 - Epoch [152/1000], Train metric average : 0.0011
2024-09-19 04:16:38,099 - Epoch [152/1000], Val Loss: nan
2024-09-19 04:16:38,099 - Epoch [152/1000], Val metric average : nan
2024-09-19 04:17:13,613 - Epoch [153/1000], Train Loss: -0.0089
2024-09-19 04:17:13,613 - Epoch [153/1000], Train metric average : 0.0090
2024-09-19 04:17:13,613 - Epoch [153/1000], Val Loss: nan
2024-09-19 04:17:13,613 - Epoch [153/1000], Val metric average : nan
2024-09-19 04:17:49,492 - Epoch [154/1000], Train Loss: -0.0116
2024-09-19 04:17:49,492 - Epoch [154/1000], Train metric average : 0.0117
2024-09-19 04:17:49,492 - Epoch [154/1000], Val Loss: nan
2024-09-19 04:17:49,492 - Epoch [154/1000], Val metric average : nan
2024-09-19 04:18:25,336 - Epoch [155/1000], Train Loss: -0.0062
2024-09-19 04:18:25,337 - Epoch [155/1000], Train metric average : 0.0062
2024-09-19 04:18:25,337 - Epoch [155/1000], Val Loss: nan
2024-09-19 04:18:25,337 - Epoch [155/1000], Val metric average : nan
2024-09-19 04:19:00,805 - Epoch [156/1000], Train Loss: 0.0014
2024-09-19 04:19:00,805 - Epoch [156/1000], Train metric average : -0.0014
2024-09-19 04:19:00,805 - Epoch [156/1000], Val Loss: nan
2024-09-19 04:19:00,805 - Epoch [156/1000], Val metric average : nan
2024-09-19 04:19:36,769 - Epoch [157/1000], Train Loss: 0.0025
2024-09-19 04:19:36,769 - Epoch [157/1000], Train metric average : -0.0025
2024-09-19 04:19:36,770 - Epoch [157/1000], Val Loss: nan
2024-09-19 04:19:36,770 - Epoch [157/1000], Val metric average : nan
2024-09-19 04:20:12,258 - Epoch [158/1000], Train Loss: 0.0103
2024-09-19 04:20:12,258 - Epoch [158/1000], Train metric average : -0.0104
2024-09-19 04:20:12,258 - Epoch [158/1000], Val Loss: nan
2024-09-19 04:20:12,258 - Epoch [158/1000], Val metric average : nan
2024-09-19 04:20:48,117 - Epoch [159/1000], Train Loss: -0.0210
2024-09-19 04:20:48,118 - Epoch [159/1000], Train metric average : 0.0211
2024-09-19 04:20:48,118 - Epoch [159/1000], Val Loss: nan
2024-09-19 04:20:48,118 - Epoch [159/1000], Val metric average : nan
2024-09-19 04:21:23,646 - Epoch [160/1000], Train Loss: -0.0130
2024-09-19 04:21:23,646 - Epoch [160/1000], Train metric average : 0.0132
2024-09-19 04:21:23,646 - Epoch [160/1000], Val Loss: nan
2024-09-19 04:21:23,646 - Epoch [160/1000], Val metric average : nan
2024-09-19 04:21:59,272 - Epoch [161/1000], Train Loss: 0.0115
2024-09-19 04:21:59,272 - Epoch [161/1000], Train metric average : -0.0116
2024-09-19 04:21:59,273 - Epoch [161/1000], Val Loss: nan
2024-09-19 04:21:59,273 - Epoch [161/1000], Val metric average : nan
2024-09-19 04:22:34,894 - Epoch [162/1000], Train Loss: -0.0095
2024-09-19 04:22:34,894 - Epoch [162/1000], Train metric average : 0.0095
2024-09-19 04:22:34,894 - Epoch [162/1000], Val Loss: nan
2024-09-19 04:22:34,894 - Epoch [162/1000], Val metric average : nan
2024-09-19 04:23:10,714 - Epoch [163/1000], Train Loss: 0.0091
2024-09-19 04:23:10,715 - Epoch [163/1000], Train metric average : -0.0091
2024-09-19 04:23:10,715 - Epoch [163/1000], Val Loss: nan
2024-09-19 04:23:10,715 - Epoch [163/1000], Val metric average : nan
2024-09-19 04:23:46,181 - Epoch [164/1000], Train Loss: -0.0021
2024-09-19 04:23:46,181 - Epoch [164/1000], Train metric average : 0.0021
2024-09-19 04:23:46,181 - Epoch [164/1000], Val Loss: nan
2024-09-19 04:23:46,181 - Epoch [164/1000], Val metric average : nan
2024-09-19 04:24:21,764 - Epoch [165/1000], Train Loss: -0.0029
2024-09-19 04:24:21,764 - Epoch [165/1000], Train metric average : 0.0029
2024-09-19 04:24:21,765 - Epoch [165/1000], Val Loss: nan
2024-09-19 04:24:21,765 - Epoch [165/1000], Val metric average : nan
2024-09-19 04:24:57,212 - Epoch [166/1000], Train Loss: 0.0028
2024-09-19 04:24:57,213 - Epoch [166/1000], Train metric average : -0.0028
2024-09-19 04:24:57,213 - Epoch [166/1000], Val Loss: nan
2024-09-19 04:24:57,213 - Epoch [166/1000], Val metric average : nan
2024-09-19 04:25:32,869 - Epoch [167/1000], Train Loss: 0.0206
2024-09-19 04:25:32,869 - Epoch [167/1000], Train metric average : -0.0207
2024-09-19 04:25:32,869 - Epoch [167/1000], Val Loss: nan
2024-09-19 04:25:32,869 - Epoch [167/1000], Val metric average : nan
2024-09-19 04:26:08,644 - Epoch [168/1000], Train Loss: -0.0031
2024-09-19 04:26:08,644 - Epoch [168/1000], Train metric average : 0.0031
2024-09-19 04:26:08,644 - Epoch [168/1000], Val Loss: nan
2024-09-19 04:26:08,645 - Epoch [168/1000], Val metric average : nan
2024-09-19 04:26:44,130 - Epoch [169/1000], Train Loss: -0.0055
2024-09-19 04:26:44,130 - Epoch [169/1000], Train metric average : 0.0056
2024-09-19 04:26:44,130 - Epoch [169/1000], Val Loss: nan
2024-09-19 04:26:44,131 - Epoch [169/1000], Val metric average : nan
2024-09-19 14:45:42,706 - Epoch [1/1000], Train Loss: -0.0030
2024-09-19 14:45:42,706 - Epoch [1/1000], Train metric average : 0.0030
2024-09-19 14:45:42,706 - Epoch [1/1000], Val Loss: 0.0802
2024-09-19 14:45:42,706 - Epoch [1/1000], Val metric average : -0.0807
2024-09-19 14:45:45,150 - Saved best model with Val Loss: 0.0802
2024-09-19 14:46:34,226 - Epoch [2/1000], Train Loss: -0.0054
2024-09-19 14:46:34,226 - Epoch [2/1000], Train metric average : 0.0054
2024-09-19 14:46:34,226 - Epoch [2/1000], Val Loss: -0.0102
2024-09-19 14:46:34,226 - Epoch [2/1000], Val metric average : 0.0094
2024-09-19 14:46:36,593 - Saved best model with Val Loss: -0.0102
2024-09-19 14:47:25,679 - Epoch [3/1000], Train Loss: -0.0097
2024-09-19 14:47:25,679 - Epoch [3/1000], Train metric average : 0.0098
2024-09-19 14:47:25,679 - Epoch [3/1000], Val Loss: 0.0952
2024-09-19 14:47:25,680 - Epoch [3/1000], Val metric average : -0.0971
2024-09-19 14:48:14,826 - Epoch [4/1000], Train Loss: 0.0020
2024-09-19 14:48:14,827 - Epoch [4/1000], Train metric average : -0.0020
2024-09-19 14:48:14,827 - Epoch [4/1000], Val Loss: 0.0062
2024-09-19 14:48:14,827 - Epoch [4/1000], Val metric average : -0.0058
2024-09-19 14:49:03,436 - Epoch [5/1000], Train Loss: -0.0082
2024-09-19 14:49:03,437 - Epoch [5/1000], Train metric average : 0.0082
2024-09-19 14:49:03,437 - Epoch [5/1000], Val Loss: 0.0597
2024-09-19 14:49:03,437 - Epoch [5/1000], Val metric average : -0.0603
2024-09-19 14:49:52,129 - Epoch [6/1000], Train Loss: -0.0135
2024-09-19 14:49:52,129 - Epoch [6/1000], Train metric average : 0.0136
2024-09-19 14:49:52,129 - Epoch [6/1000], Val Loss: -0.0834
2024-09-19 14:49:52,129 - Epoch [6/1000], Val metric average : 0.0843
2024-09-19 14:49:54,564 - Saved best model with Val Loss: -0.0834
2024-09-19 14:50:43,100 - Epoch [7/1000], Train Loss: -0.0037
2024-09-19 14:50:43,100 - Epoch [7/1000], Train metric average : 0.0037
2024-09-19 14:50:43,100 - Epoch [7/1000], Val Loss: -0.1085
2024-09-19 14:50:43,100 - Epoch [7/1000], Val metric average : 0.1101
2024-09-19 14:50:45,542 - Saved best model with Val Loss: -0.1085
2024-09-19 14:51:34,303 - Epoch [8/1000], Train Loss: 0.0195
2024-09-19 14:51:34,304 - Epoch [8/1000], Train metric average : -0.0197
2024-09-19 14:51:34,304 - Epoch [8/1000], Val Loss: -0.0205
2024-09-19 14:51:34,304 - Epoch [8/1000], Val metric average : 0.0207
2024-09-19 14:52:23,632 - Epoch [9/1000], Train Loss: 0.0118
2024-09-19 14:52:23,632 - Epoch [9/1000], Train metric average : -0.0119
2024-09-19 14:52:23,632 - Epoch [9/1000], Val Loss: 0.0454
2024-09-19 14:52:23,633 - Epoch [9/1000], Val metric average : -0.0461
2024-09-19 14:53:12,588 - Epoch [10/1000], Train Loss: 0.0031
2024-09-19 14:53:12,588 - Epoch [10/1000], Train metric average : -0.0031
2024-09-19 14:53:12,588 - Epoch [10/1000], Val Loss: -0.0178
2024-09-19 14:53:12,588 - Epoch [10/1000], Val metric average : 0.0183
2024-09-19 14:54:01,002 - Epoch [11/1000], Train Loss: -0.0007
2024-09-19 14:54:01,002 - Epoch [11/1000], Train metric average : 0.0007
2024-09-19 14:54:01,002 - Epoch [11/1000], Val Loss: -0.0706
2024-09-19 14:54:01,002 - Epoch [11/1000], Val metric average : 0.0711
2024-09-19 14:54:49,688 - Epoch [12/1000], Train Loss: 0.0122
2024-09-19 14:54:49,688 - Epoch [12/1000], Train metric average : -0.0123
2024-09-19 14:54:49,688 - Epoch [12/1000], Val Loss: -0.0464
2024-09-19 14:54:49,689 - Epoch [12/1000], Val metric average : 0.0690
2024-09-19 14:55:38,482 - Epoch [13/1000], Train Loss: -0.0015
2024-09-19 14:55:38,482 - Epoch [13/1000], Train metric average : 0.0015
2024-09-19 14:55:38,482 - Epoch [13/1000], Val Loss: -0.0378
2024-09-19 14:55:38,482 - Epoch [13/1000], Val metric average : 0.0390
2024-09-19 14:56:27,679 - Epoch [14/1000], Train Loss: -0.0081
2024-09-19 14:56:27,679 - Epoch [14/1000], Train metric average : 0.0082
2024-09-19 14:56:27,679 - Epoch [14/1000], Val Loss: 0.0005
2024-09-19 14:56:27,679 - Epoch [14/1000], Val metric average : -0.0039
2024-09-19 14:57:16,662 - Epoch [15/1000], Train Loss: 0.0050
2024-09-19 14:57:16,662 - Epoch [15/1000], Train metric average : -0.0050
2024-09-19 14:57:16,662 - Epoch [15/1000], Val Loss: 0.0187
2024-09-19 14:57:16,663 - Epoch [15/1000], Val metric average : -0.0206
2024-09-19 14:58:05,828 - Epoch [16/1000], Train Loss: 0.0086
2024-09-19 14:58:05,828 - Epoch [16/1000], Train metric average : -0.0086
2024-09-19 14:58:05,828 - Epoch [16/1000], Val Loss: 0.0296
2024-09-19 14:58:05,828 - Epoch [16/1000], Val metric average : -0.0297
2024-09-19 14:58:55,007 - Epoch [17/1000], Train Loss: -0.0057
2024-09-19 14:58:55,007 - Epoch [17/1000], Train metric average : 0.0058
2024-09-19 14:58:55,007 - Epoch [17/1000], Val Loss: -0.0111
2024-09-19 14:58:55,007 - Epoch [17/1000], Val metric average : 0.0105
2024-09-19 14:59:43,497 - Epoch [18/1000], Train Loss: -0.0074
2024-09-19 14:59:43,498 - Epoch [18/1000], Train metric average : 0.0075
2024-09-19 14:59:43,498 - Epoch [18/1000], Val Loss: -0.0416
2024-09-19 14:59:43,498 - Epoch [18/1000], Val metric average : 0.0422
2024-09-19 15:00:32,228 - Epoch [19/1000], Train Loss: -0.0107
2024-09-19 15:00:32,229 - Epoch [19/1000], Train metric average : 0.0108
2024-09-19 15:00:32,229 - Epoch [19/1000], Val Loss: nan
2024-09-19 15:00:32,229 - Epoch [19/1000], Val metric average : nan
2024-09-19 15:01:21,662 - Epoch [20/1000], Train Loss: -0.0124
2024-09-19 15:01:21,662 - Epoch [20/1000], Train metric average : 0.0125
2024-09-19 15:01:21,662 - Epoch [20/1000], Val Loss: nan
2024-09-19 15:01:21,662 - Epoch [20/1000], Val metric average : nan
