2024-09-23 11:27:20,886 - Epoch [1/1000], Train Loss: -0.1077
2024-09-23 11:27:20,886 - Epoch [1/1000], Train metric average : 0.1077
2024-09-23 11:27:20,886 - Epoch [1/1000], Val Loss: -0.2626
2024-09-23 11:27:20,886 - Epoch [1/1000], Val metric average : 0.2626
2024-09-23 11:27:21,849 - Saved best model with Val Loss: -0.2626
2024-09-23 11:27:32,434 - Epoch [2/1000], Train Loss: -0.2311
2024-09-23 11:27:32,434 - Epoch [2/1000], Train metric average : 0.2311
2024-09-23 11:27:32,434 - Epoch [2/1000], Val Loss: -0.3769
2024-09-23 11:27:32,434 - Epoch [2/1000], Val metric average : 0.3769
2024-09-23 11:27:36,384 - Saved best model with Val Loss: -0.3769
2024-09-23 11:27:46,663 - Epoch [3/1000], Train Loss: -0.3020
2024-09-23 11:27:46,663 - Epoch [3/1000], Train metric average : 0.3020
2024-09-23 11:27:46,663 - Epoch [3/1000], Val Loss: -0.4461
2024-09-23 11:27:46,663 - Epoch [3/1000], Val metric average : 0.4461
2024-09-23 11:27:49,718 - Saved best model with Val Loss: -0.4461
2024-09-23 11:28:00,002 - Epoch [4/1000], Train Loss: -0.3375
2024-09-23 11:28:00,002 - Epoch [4/1000], Train metric average : 0.3375
2024-09-23 11:28:00,002 - Epoch [4/1000], Val Loss: -0.4263
2024-09-23 11:28:00,002 - Epoch [4/1000], Val metric average : 0.4263
2024-09-23 11:28:10,284 - Epoch [5/1000], Train Loss: -0.3909
2024-09-23 11:28:10,284 - Epoch [5/1000], Train metric average : 0.3909
2024-09-23 11:28:10,284 - Epoch [5/1000], Val Loss: -0.5191
2024-09-23 11:28:10,284 - Epoch [5/1000], Val metric average : 0.5191
2024-09-23 11:28:13,689 - Saved best model with Val Loss: -0.5191
2024-09-23 11:28:24,003 - Epoch [6/1000], Train Loss: -0.4192
2024-09-23 11:28:24,003 - Epoch [6/1000], Train metric average : 0.4192
2024-09-23 11:28:24,003 - Epoch [6/1000], Val Loss: -0.4916
2024-09-23 11:28:24,003 - Epoch [6/1000], Val metric average : 0.4916
2024-09-23 11:28:34,298 - Epoch [7/1000], Train Loss: -0.4276
2024-09-23 11:28:34,298 - Epoch [7/1000], Train metric average : 0.4276
2024-09-23 11:28:34,298 - Epoch [7/1000], Val Loss: -0.5477
2024-09-23 11:28:34,298 - Epoch [7/1000], Val metric average : 0.5477
2024-09-23 11:28:37,545 - Saved best model with Val Loss: -0.5477
2024-09-23 11:28:47,850 - Epoch [8/1000], Train Loss: -0.4549
2024-09-23 11:28:47,850 - Epoch [8/1000], Train metric average : 0.4549
2024-09-23 11:28:47,850 - Epoch [8/1000], Val Loss: -0.5805
2024-09-23 11:28:47,850 - Epoch [8/1000], Val metric average : 0.5805
2024-09-23 11:28:50,815 - Saved best model with Val Loss: -0.5805
2024-09-23 11:29:01,032 - Epoch [9/1000], Train Loss: -0.4795
2024-09-23 11:29:01,032 - Epoch [9/1000], Train metric average : 0.4795
2024-09-23 11:29:01,032 - Epoch [9/1000], Val Loss: -0.5083
2024-09-23 11:29:01,032 - Epoch [9/1000], Val metric average : 0.5083
2024-09-23 11:29:11,334 - Epoch [10/1000], Train Loss: -0.4997
2024-09-23 11:29:11,334 - Epoch [10/1000], Train metric average : 0.4997
2024-09-23 11:29:11,334 - Epoch [10/1000], Val Loss: -0.4689
2024-09-23 11:29:11,334 - Epoch [10/1000], Val metric average : 0.4689
2024-09-23 11:29:21,581 - Epoch [11/1000], Train Loss: -0.5060
2024-09-23 11:29:21,581 - Epoch [11/1000], Train metric average : 0.5060
2024-09-23 11:29:21,581 - Epoch [11/1000], Val Loss: -0.5504
2024-09-23 11:29:21,581 - Epoch [11/1000], Val metric average : 0.5504
2024-09-23 11:29:31,955 - Epoch [12/1000], Train Loss: -0.5074
2024-09-23 11:29:31,955 - Epoch [12/1000], Train metric average : 0.5074
2024-09-23 11:29:31,955 - Epoch [12/1000], Val Loss: -0.5299
2024-09-23 11:29:31,955 - Epoch [12/1000], Val metric average : 0.5299
2024-09-23 11:29:42,309 - Epoch [13/1000], Train Loss: -0.5225
2024-09-23 11:29:42,309 - Epoch [13/1000], Train metric average : 0.5225
2024-09-23 11:29:42,309 - Epoch [13/1000], Val Loss: -0.5213
2024-09-23 11:29:42,309 - Epoch [13/1000], Val metric average : 0.5213
2024-09-23 11:29:52,606 - Epoch [14/1000], Train Loss: -0.5293
2024-09-23 11:29:52,606 - Epoch [14/1000], Train metric average : 0.5293
2024-09-23 11:29:52,606 - Epoch [14/1000], Val Loss: -0.5518
2024-09-23 11:29:52,606 - Epoch [14/1000], Val metric average : 0.5518
2024-09-23 11:30:02,752 - Epoch [15/1000], Train Loss: -0.5408
2024-09-23 11:30:02,752 - Epoch [15/1000], Train metric average : 0.5408
2024-09-23 11:30:02,752 - Epoch [15/1000], Val Loss: -0.6013
2024-09-23 11:30:02,752 - Epoch [15/1000], Val metric average : 0.6013
2024-09-23 11:30:05,679 - Saved best model with Val Loss: -0.6013
2024-09-23 11:30:16,003 - Epoch [16/1000], Train Loss: -0.5455
2024-09-23 11:30:16,003 - Epoch [16/1000], Train metric average : 0.5455
2024-09-23 11:30:16,003 - Epoch [16/1000], Val Loss: -0.5189
2024-09-23 11:30:16,003 - Epoch [16/1000], Val metric average : 0.5189
2024-09-23 11:30:26,279 - Epoch [17/1000], Train Loss: -0.5469
2024-09-23 11:30:26,280 - Epoch [17/1000], Train metric average : 0.5469
2024-09-23 11:30:26,280 - Epoch [17/1000], Val Loss: -0.4794
2024-09-23 11:30:26,280 - Epoch [17/1000], Val metric average : 0.4794
2024-09-23 11:30:36,440 - Epoch [18/1000], Train Loss: -0.5632
2024-09-23 11:30:36,441 - Epoch [18/1000], Train metric average : 0.5632
2024-09-23 11:30:36,441 - Epoch [18/1000], Val Loss: -0.5606
2024-09-23 11:30:36,441 - Epoch [18/1000], Val metric average : 0.5606
2024-09-23 11:30:46,798 - Epoch [19/1000], Train Loss: -0.5650
2024-09-23 11:30:46,798 - Epoch [19/1000], Train metric average : 0.5650
2024-09-23 11:30:46,799 - Epoch [19/1000], Val Loss: -0.5695
2024-09-23 11:30:46,799 - Epoch [19/1000], Val metric average : 0.5695
2024-09-23 11:30:56,945 - Epoch [20/1000], Train Loss: -0.5828
2024-09-23 11:30:56,945 - Epoch [20/1000], Train metric average : 0.5828
2024-09-23 11:30:56,946 - Epoch [20/1000], Val Loss: -0.5865
2024-09-23 11:30:56,946 - Epoch [20/1000], Val metric average : 0.5865
2024-09-23 11:31:07,227 - Epoch [21/1000], Train Loss: -0.5855
2024-09-23 11:31:07,228 - Epoch [21/1000], Train metric average : 0.5855
2024-09-23 11:31:07,228 - Epoch [21/1000], Val Loss: -0.5981
2024-09-23 11:31:07,228 - Epoch [21/1000], Val metric average : 0.5981
2024-09-23 11:31:17,442 - Epoch [22/1000], Train Loss: -0.5936
2024-09-23 11:31:17,443 - Epoch [22/1000], Train metric average : 0.5936
2024-09-23 11:31:17,443 - Epoch [22/1000], Val Loss: -0.6170
2024-09-23 11:31:17,443 - Epoch [22/1000], Val metric average : 0.6170
2024-09-23 11:31:20,724 - Saved best model with Val Loss: -0.6170
2024-09-23 11:31:31,033 - Epoch [23/1000], Train Loss: -0.5907
2024-09-23 11:31:31,033 - Epoch [23/1000], Train metric average : 0.5907
2024-09-23 11:31:31,033 - Epoch [23/1000], Val Loss: -0.5525
2024-09-23 11:31:31,033 - Epoch [23/1000], Val metric average : 0.5525
2024-09-23 11:31:41,308 - Epoch [24/1000], Train Loss: -0.5921
2024-09-23 11:31:41,309 - Epoch [24/1000], Train metric average : 0.5921
2024-09-23 11:31:41,309 - Epoch [24/1000], Val Loss: -0.5997
2024-09-23 11:31:41,309 - Epoch [24/1000], Val metric average : 0.5997
2024-09-23 11:31:51,476 - Epoch [25/1000], Train Loss: -0.6071
2024-09-23 11:31:51,476 - Epoch [25/1000], Train metric average : 0.6071
2024-09-23 11:31:51,476 - Epoch [25/1000], Val Loss: -0.5699
2024-09-23 11:31:51,476 - Epoch [25/1000], Val metric average : 0.5699
2024-09-23 11:32:01,805 - Epoch [26/1000], Train Loss: -0.6053
2024-09-23 11:32:01,805 - Epoch [26/1000], Train metric average : 0.6053
2024-09-23 11:32:01,805 - Epoch [26/1000], Val Loss: -0.6366
2024-09-23 11:32:01,805 - Epoch [26/1000], Val metric average : 0.6366
2024-09-23 11:32:04,837 - Saved best model with Val Loss: -0.6366
2024-09-23 11:32:15,148 - Epoch [27/1000], Train Loss: -0.6031
2024-09-23 11:32:15,148 - Epoch [27/1000], Train metric average : 0.6031
2024-09-23 11:32:15,148 - Epoch [27/1000], Val Loss: -0.5563
2024-09-23 11:32:15,148 - Epoch [27/1000], Val metric average : 0.5563
2024-09-23 11:32:25,263 - Epoch [28/1000], Train Loss: -0.6121
2024-09-23 11:32:25,263 - Epoch [28/1000], Train metric average : 0.6121
2024-09-23 11:32:25,263 - Epoch [28/1000], Val Loss: -0.5809
2024-09-23 11:32:25,263 - Epoch [28/1000], Val metric average : 0.5809
2024-09-23 11:32:35,558 - Epoch [29/1000], Train Loss: -0.6046
2024-09-23 11:32:35,558 - Epoch [29/1000], Train metric average : 0.6046
2024-09-23 11:32:35,558 - Epoch [29/1000], Val Loss: -0.5864
2024-09-23 11:32:35,558 - Epoch [29/1000], Val metric average : 0.5864
2024-09-23 11:32:45,759 - Epoch [30/1000], Train Loss: -0.6171
2024-09-23 11:32:45,759 - Epoch [30/1000], Train metric average : 0.6171
2024-09-23 11:32:45,762 - Epoch [30/1000], Val Loss: -0.5522
2024-09-23 11:32:45,762 - Epoch [30/1000], Val metric average : 0.5522
2024-09-23 11:32:55,988 - Epoch [31/1000], Train Loss: -0.6141
2024-09-23 11:32:55,988 - Epoch [31/1000], Train metric average : 0.6141
2024-09-23 11:32:55,988 - Epoch [31/1000], Val Loss: -0.6266
2024-09-23 11:32:55,989 - Epoch [31/1000], Val metric average : 0.6266
2024-09-23 11:33:06,175 - Epoch [32/1000], Train Loss: -0.6223
2024-09-23 11:33:06,175 - Epoch [32/1000], Train metric average : 0.6223
2024-09-23 11:33:06,176 - Epoch [32/1000], Val Loss: -0.5584
2024-09-23 11:33:06,176 - Epoch [32/1000], Val metric average : 0.5584
2024-09-23 11:33:16,535 - Epoch [33/1000], Train Loss: -0.6339
2024-09-23 11:33:16,535 - Epoch [33/1000], Train metric average : 0.6339
2024-09-23 11:33:16,535 - Epoch [33/1000], Val Loss: -0.5458
2024-09-23 11:33:16,535 - Epoch [33/1000], Val metric average : 0.5458
2024-09-23 11:33:26,707 - Epoch [34/1000], Train Loss: -0.6318
2024-09-23 11:33:26,707 - Epoch [34/1000], Train metric average : 0.6318
2024-09-23 11:33:26,707 - Epoch [34/1000], Val Loss: -0.6123
2024-09-23 11:33:26,707 - Epoch [34/1000], Val metric average : 0.6123
2024-09-23 11:33:36,993 - Epoch [35/1000], Train Loss: -0.6364
2024-09-23 11:33:36,994 - Epoch [35/1000], Train metric average : 0.6364
2024-09-23 11:33:36,994 - Epoch [35/1000], Val Loss: -0.6167
2024-09-23 11:33:36,994 - Epoch [35/1000], Val metric average : 0.6167
2024-09-23 11:33:47,187 - Epoch [36/1000], Train Loss: -0.6497
2024-09-23 11:33:47,187 - Epoch [36/1000], Train metric average : 0.6497
2024-09-23 11:33:47,187 - Epoch [36/1000], Val Loss: -0.5769
2024-09-23 11:33:47,187 - Epoch [36/1000], Val metric average : 0.5769
2024-09-23 11:33:57,514 - Epoch [37/1000], Train Loss: -0.6347
2024-09-23 11:33:57,515 - Epoch [37/1000], Train metric average : 0.6347
2024-09-23 11:33:57,515 - Epoch [37/1000], Val Loss: -0.6156
2024-09-23 11:33:57,515 - Epoch [37/1000], Val metric average : 0.6156
2024-09-23 11:34:07,751 - Epoch [38/1000], Train Loss: -0.6400
2024-09-23 11:34:07,751 - Epoch [38/1000], Train metric average : 0.6400
2024-09-23 11:34:07,751 - Epoch [38/1000], Val Loss: -0.5746
2024-09-23 11:34:07,751 - Epoch [38/1000], Val metric average : 0.5746
2024-09-23 11:34:18,044 - Epoch [39/1000], Train Loss: -0.6430
2024-09-23 11:34:18,045 - Epoch [39/1000], Train metric average : 0.6430
2024-09-23 11:34:18,045 - Epoch [39/1000], Val Loss: -0.6149
2024-09-23 11:34:18,045 - Epoch [39/1000], Val metric average : 0.6149
2024-09-23 11:34:28,211 - Epoch [40/1000], Train Loss: -0.6432
2024-09-23 11:34:28,211 - Epoch [40/1000], Train metric average : 0.6432
2024-09-23 11:34:28,211 - Epoch [40/1000], Val Loss: -0.5793
2024-09-23 11:34:28,211 - Epoch [40/1000], Val metric average : 0.5793
2024-09-23 11:34:38,585 - Epoch [41/1000], Train Loss: -0.6520
2024-09-23 11:34:38,585 - Epoch [41/1000], Train metric average : 0.6520
2024-09-23 11:34:38,585 - Epoch [41/1000], Val Loss: -0.5973
2024-09-23 11:34:38,585 - Epoch [41/1000], Val metric average : 0.5973
2024-09-23 11:34:48,799 - Epoch [42/1000], Train Loss: -0.6512
2024-09-23 11:34:48,799 - Epoch [42/1000], Train metric average : 0.6512
2024-09-23 11:34:48,800 - Epoch [42/1000], Val Loss: -0.5860
2024-09-23 11:34:48,800 - Epoch [42/1000], Val metric average : 0.5860
2024-09-23 11:34:59,109 - Epoch [43/1000], Train Loss: -0.6547
2024-09-23 11:34:59,110 - Epoch [43/1000], Train metric average : 0.6547
2024-09-23 11:34:59,110 - Epoch [43/1000], Val Loss: -0.5484
2024-09-23 11:34:59,110 - Epoch [43/1000], Val metric average : 0.5484
2024-09-23 11:35:09,311 - Epoch [44/1000], Train Loss: -0.6590
2024-09-23 11:35:09,311 - Epoch [44/1000], Train metric average : 0.6590
2024-09-23 11:35:09,312 - Epoch [44/1000], Val Loss: -0.6025
2024-09-23 11:35:09,312 - Epoch [44/1000], Val metric average : 0.6025
2024-09-23 11:35:19,609 - Epoch [45/1000], Train Loss: -0.6623
2024-09-23 11:35:19,609 - Epoch [45/1000], Train metric average : 0.6623
2024-09-23 11:35:19,609 - Epoch [45/1000], Val Loss: -0.5727
2024-09-23 11:35:19,609 - Epoch [45/1000], Val metric average : 0.5727
2024-09-23 11:35:29,791 - Epoch [46/1000], Train Loss: -0.6639
2024-09-23 11:35:29,791 - Epoch [46/1000], Train metric average : 0.6639
2024-09-23 11:35:29,791 - Epoch [46/1000], Val Loss: -0.5912
2024-09-23 11:35:29,791 - Epoch [46/1000], Val metric average : 0.5912
2024-09-23 11:35:40,079 - Epoch [47/1000], Train Loss: -0.6595
2024-09-23 11:35:40,079 - Epoch [47/1000], Train metric average : 0.6595
2024-09-23 11:35:40,079 - Epoch [47/1000], Val Loss: -0.5562
2024-09-23 11:35:40,079 - Epoch [47/1000], Val metric average : 0.5562
2024-09-23 11:35:50,208 - Epoch [48/1000], Train Loss: -0.6664
2024-09-23 11:35:50,208 - Epoch [48/1000], Train metric average : 0.6664
2024-09-23 11:35:50,208 - Epoch [48/1000], Val Loss: -0.6037
2024-09-23 11:35:50,208 - Epoch [48/1000], Val metric average : 0.6037
2024-09-23 11:36:00,500 - Epoch [49/1000], Train Loss: -0.6727
2024-09-23 11:36:00,500 - Epoch [49/1000], Train metric average : 0.6727
2024-09-23 11:36:00,500 - Epoch [49/1000], Val Loss: -0.5918
2024-09-23 11:36:00,500 - Epoch [49/1000], Val metric average : 0.5918
2024-09-23 11:36:10,602 - Epoch [50/1000], Train Loss: -0.6668
2024-09-23 11:36:10,602 - Epoch [50/1000], Train metric average : 0.6668
2024-09-23 11:36:10,602 - Epoch [50/1000], Val Loss: -0.5750
2024-09-23 11:36:10,602 - Epoch [50/1000], Val metric average : 0.5750
2024-09-23 11:36:20,906 - Epoch [51/1000], Train Loss: -0.6603
2024-09-23 11:36:20,906 - Epoch [51/1000], Train metric average : 0.6603
2024-09-23 11:36:20,906 - Epoch [51/1000], Val Loss: -0.6216
2024-09-23 11:36:20,906 - Epoch [51/1000], Val metric average : 0.6216
2024-09-23 11:36:31,368 - Epoch [52/1000], Train Loss: -0.6674
2024-09-23 11:36:31,368 - Epoch [52/1000], Train metric average : 0.6674
2024-09-23 11:36:31,368 - Epoch [52/1000], Val Loss: -0.5891
2024-09-23 11:36:31,368 - Epoch [52/1000], Val metric average : 0.5891
2024-09-23 11:36:41,656 - Epoch [53/1000], Train Loss: -0.6818
2024-09-23 11:36:41,656 - Epoch [53/1000], Train metric average : 0.6818
2024-09-23 11:36:41,657 - Epoch [53/1000], Val Loss: -0.5913
2024-09-23 11:36:41,657 - Epoch [53/1000], Val metric average : 0.5913
2024-09-23 11:36:51,895 - Epoch [54/1000], Train Loss: -0.6707
2024-09-23 11:36:51,895 - Epoch [54/1000], Train metric average : 0.6707
2024-09-23 11:36:51,895 - Epoch [54/1000], Val Loss: -0.5231
2024-09-23 11:36:51,895 - Epoch [54/1000], Val metric average : 0.5231
2024-09-23 11:37:02,264 - Epoch [55/1000], Train Loss: -0.6810
2024-09-23 11:37:02,264 - Epoch [55/1000], Train metric average : 0.6810
2024-09-23 11:37:02,264 - Epoch [55/1000], Val Loss: -0.6157
2024-09-23 11:37:02,265 - Epoch [55/1000], Val metric average : 0.6157
2024-09-23 11:37:12,472 - Epoch [56/1000], Train Loss: -0.6734
2024-09-23 11:37:12,472 - Epoch [56/1000], Train metric average : 0.6734
2024-09-23 11:37:12,472 - Epoch [56/1000], Val Loss: -0.5550
2024-09-23 11:37:12,472 - Epoch [56/1000], Val metric average : 0.5550
2024-09-23 11:37:22,780 - Epoch [57/1000], Train Loss: -0.6805
2024-09-23 11:37:22,781 - Epoch [57/1000], Train metric average : 0.6805
2024-09-23 11:37:22,781 - Epoch [57/1000], Val Loss: -0.5653
2024-09-23 11:37:22,781 - Epoch [57/1000], Val metric average : 0.5653
2024-09-23 11:37:32,969 - Epoch [58/1000], Train Loss: -0.6827
2024-09-23 11:37:32,969 - Epoch [58/1000], Train metric average : 0.6827
2024-09-23 11:37:32,970 - Epoch [58/1000], Val Loss: -0.6210
2024-09-23 11:37:32,970 - Epoch [58/1000], Val metric average : 0.6210
2024-09-23 11:37:43,316 - Epoch [59/1000], Train Loss: -0.6813
2024-09-23 11:37:43,316 - Epoch [59/1000], Train metric average : 0.6813
2024-09-23 11:37:43,316 - Epoch [59/1000], Val Loss: -0.5456
2024-09-23 11:37:43,316 - Epoch [59/1000], Val metric average : 0.5456
2024-09-23 11:37:53,451 - Epoch [60/1000], Train Loss: -0.6872
2024-09-23 11:37:53,451 - Epoch [60/1000], Train metric average : 0.6872
2024-09-23 11:37:53,451 - Epoch [60/1000], Val Loss: -0.6149
2024-09-23 11:37:53,451 - Epoch [60/1000], Val metric average : 0.6149
2024-09-23 11:38:03,685 - Epoch [61/1000], Train Loss: -0.6877
2024-09-23 11:38:03,685 - Epoch [61/1000], Train metric average : 0.6877
2024-09-23 11:38:03,685 - Epoch [61/1000], Val Loss: -0.5758
2024-09-23 11:38:03,685 - Epoch [61/1000], Val metric average : 0.5758
2024-09-23 11:38:13,976 - Epoch [62/1000], Train Loss: -0.6902
2024-09-23 11:38:13,977 - Epoch [62/1000], Train metric average : 0.6902
2024-09-23 11:38:13,977 - Epoch [62/1000], Val Loss: -0.5750
2024-09-23 11:38:13,977 - Epoch [62/1000], Val metric average : 0.5750
2024-09-23 11:38:24,105 - Epoch [63/1000], Train Loss: -0.6945
2024-09-23 11:38:24,105 - Epoch [63/1000], Train metric average : 0.6945
2024-09-23 11:38:24,105 - Epoch [63/1000], Val Loss: -0.6034
2024-09-23 11:38:24,106 - Epoch [63/1000], Val metric average : 0.6034
2024-09-23 11:38:34,431 - Epoch [64/1000], Train Loss: -0.6935
2024-09-23 11:38:34,431 - Epoch [64/1000], Train metric average : 0.6935
2024-09-23 11:38:34,431 - Epoch [64/1000], Val Loss: -0.5498
2024-09-23 11:38:34,431 - Epoch [64/1000], Val metric average : 0.5498
2024-09-23 11:38:44,645 - Epoch [65/1000], Train Loss: -0.6895
2024-09-23 11:38:44,645 - Epoch [65/1000], Train metric average : 0.6895
2024-09-23 11:38:44,645 - Epoch [65/1000], Val Loss: -0.6231
2024-09-23 11:38:44,645 - Epoch [65/1000], Val metric average : 0.6231
2024-09-23 11:38:54,865 - Epoch [66/1000], Train Loss: -0.6902
2024-09-23 11:38:54,865 - Epoch [66/1000], Train metric average : 0.6902
2024-09-23 11:38:54,865 - Epoch [66/1000], Val Loss: -0.5836
2024-09-23 11:38:54,865 - Epoch [66/1000], Val metric average : 0.5836
2024-09-23 11:39:05,211 - Epoch [67/1000], Train Loss: -0.6971
2024-09-23 11:39:05,211 - Epoch [67/1000], Train metric average : 0.6971
2024-09-23 11:39:05,211 - Epoch [67/1000], Val Loss: -0.5630
2024-09-23 11:39:05,211 - Epoch [67/1000], Val metric average : 0.5630
2024-09-23 11:39:15,545 - Epoch [68/1000], Train Loss: -0.6964
2024-09-23 11:39:15,545 - Epoch [68/1000], Train metric average : 0.6964
2024-09-23 11:39:15,545 - Epoch [68/1000], Val Loss: -0.5813
2024-09-23 11:39:15,545 - Epoch [68/1000], Val metric average : 0.5813
2024-09-23 11:39:25,670 - Epoch [69/1000], Train Loss: -0.6964
2024-09-23 11:39:25,671 - Epoch [69/1000], Train metric average : 0.6964
2024-09-23 11:39:25,671 - Epoch [69/1000], Val Loss: -0.6381
2024-09-23 11:39:25,671 - Epoch [69/1000], Val metric average : 0.6381
2024-09-23 11:39:29,343 - Saved best model with Val Loss: -0.6381
2024-09-23 11:39:39,637 - Epoch [70/1000], Train Loss: -0.6977
2024-09-23 11:39:39,638 - Epoch [70/1000], Train metric average : 0.6977
2024-09-23 11:39:39,638 - Epoch [70/1000], Val Loss: -0.6025
2024-09-23 11:39:39,638 - Epoch [70/1000], Val metric average : 0.6025
2024-09-23 11:39:49,933 - Epoch [71/1000], Train Loss: -0.7112
2024-09-23 11:39:49,934 - Epoch [71/1000], Train metric average : 0.7112
2024-09-23 11:39:49,934 - Epoch [71/1000], Val Loss: -0.5660
2024-09-23 11:39:49,934 - Epoch [71/1000], Val metric average : 0.5660
2024-09-23 11:40:00,182 - Epoch [72/1000], Train Loss: -0.7031
2024-09-23 11:40:00,182 - Epoch [72/1000], Train metric average : 0.7031
2024-09-23 11:40:00,182 - Epoch [72/1000], Val Loss: -0.6020
2024-09-23 11:40:00,182 - Epoch [72/1000], Val metric average : 0.6020
2024-09-23 11:40:10,484 - Epoch [73/1000], Train Loss: -0.7022
2024-09-23 11:40:10,484 - Epoch [73/1000], Train metric average : 0.7022
2024-09-23 11:40:10,485 - Epoch [73/1000], Val Loss: -0.5516
2024-09-23 11:40:10,485 - Epoch [73/1000], Val metric average : 0.5516
2024-09-23 11:40:20,656 - Epoch [74/1000], Train Loss: -0.6978
2024-09-23 11:40:20,656 - Epoch [74/1000], Train metric average : 0.6978
2024-09-23 11:40:20,657 - Epoch [74/1000], Val Loss: -0.6014
2024-09-23 11:40:20,657 - Epoch [74/1000], Val metric average : 0.6014
2024-09-23 11:40:30,959 - Epoch [75/1000], Train Loss: -0.7034
2024-09-23 11:40:30,960 - Epoch [75/1000], Train metric average : 0.7034
2024-09-23 11:40:30,960 - Epoch [75/1000], Val Loss: -0.5860
2024-09-23 11:40:30,960 - Epoch [75/1000], Val metric average : 0.5860
2024-09-23 11:40:41,147 - Epoch [76/1000], Train Loss: -0.7082
2024-09-23 11:40:41,148 - Epoch [76/1000], Train metric average : 0.7082
2024-09-23 11:40:41,148 - Epoch [76/1000], Val Loss: -0.5760
2024-09-23 11:40:41,148 - Epoch [76/1000], Val metric average : 0.5760
2024-09-23 11:40:51,448 - Epoch [77/1000], Train Loss: -0.7041
2024-09-23 11:40:51,448 - Epoch [77/1000], Train metric average : 0.7041
2024-09-23 11:40:51,448 - Epoch [77/1000], Val Loss: -0.6099
2024-09-23 11:40:51,448 - Epoch [77/1000], Val metric average : 0.6099
2024-09-23 11:41:01,777 - Epoch [78/1000], Train Loss: -0.7123
2024-09-23 11:41:01,777 - Epoch [78/1000], Train metric average : 0.7123
2024-09-23 11:41:01,777 - Epoch [78/1000], Val Loss: -0.5686
2024-09-23 11:41:01,778 - Epoch [78/1000], Val metric average : 0.5686
2024-09-23 11:41:11,897 - Epoch [79/1000], Train Loss: -0.7047
2024-09-23 11:41:11,898 - Epoch [79/1000], Train metric average : 0.7047
2024-09-23 11:41:11,898 - Epoch [79/1000], Val Loss: -0.5539
2024-09-23 11:41:11,898 - Epoch [79/1000], Val metric average : 0.5539
2024-09-23 11:41:22,175 - Epoch [80/1000], Train Loss: -0.7058
2024-09-23 11:41:22,175 - Epoch [80/1000], Train metric average : 0.7058
2024-09-23 11:41:22,175 - Epoch [80/1000], Val Loss: -0.5548
2024-09-23 11:41:22,175 - Epoch [80/1000], Val metric average : 0.5548
2024-09-23 11:41:32,338 - Epoch [81/1000], Train Loss: -0.7083
2024-09-23 11:41:32,339 - Epoch [81/1000], Train metric average : 0.7083
2024-09-23 11:41:32,339 - Epoch [81/1000], Val Loss: -0.5554
2024-09-23 11:41:32,339 - Epoch [81/1000], Val metric average : 0.5554
2024-09-23 11:41:42,642 - Epoch [82/1000], Train Loss: -0.7077
2024-09-23 11:41:42,642 - Epoch [82/1000], Train metric average : 0.7077
2024-09-23 11:41:42,642 - Epoch [82/1000], Val Loss: -0.5684
2024-09-23 11:41:42,642 - Epoch [82/1000], Val metric average : 0.5684
2024-09-23 11:41:52,916 - Epoch [83/1000], Train Loss: -0.7151
2024-09-23 11:41:52,917 - Epoch [83/1000], Train metric average : 0.7151
2024-09-23 11:41:52,917 - Epoch [83/1000], Val Loss: -0.5056
2024-09-23 11:41:52,917 - Epoch [83/1000], Val metric average : 0.5056
2024-09-23 11:42:03,221 - Epoch [84/1000], Train Loss: -0.7106
2024-09-23 11:42:03,221 - Epoch [84/1000], Train metric average : 0.7106
2024-09-23 11:42:03,221 - Epoch [84/1000], Val Loss: -0.5947
2024-09-23 11:42:03,221 - Epoch [84/1000], Val metric average : 0.5947
2024-09-23 11:42:13,304 - Epoch [85/1000], Train Loss: -0.7118
2024-09-23 11:42:13,304 - Epoch [85/1000], Train metric average : 0.7118
2024-09-23 11:42:13,304 - Epoch [85/1000], Val Loss: -0.5838
2024-09-23 11:42:13,304 - Epoch [85/1000], Val metric average : 0.5838
2024-09-23 11:42:23,549 - Epoch [86/1000], Train Loss: -0.7214
2024-09-23 11:42:23,549 - Epoch [86/1000], Train metric average : 0.7214
2024-09-23 11:42:23,549 - Epoch [86/1000], Val Loss: -0.5969
2024-09-23 11:42:23,549 - Epoch [86/1000], Val metric average : 0.5969
2024-09-23 11:42:33,717 - Epoch [87/1000], Train Loss: -0.7190
2024-09-23 11:42:33,717 - Epoch [87/1000], Train metric average : 0.7190
2024-09-23 11:42:33,717 - Epoch [87/1000], Val Loss: -0.5034
2024-09-23 11:42:33,717 - Epoch [87/1000], Val metric average : 0.5034
2024-09-23 11:42:44,002 - Epoch [88/1000], Train Loss: -0.7156
2024-09-23 11:42:44,002 - Epoch [88/1000], Train metric average : 0.7156
2024-09-23 11:42:44,002 - Epoch [88/1000], Val Loss: -0.5565
2024-09-23 11:42:44,003 - Epoch [88/1000], Val metric average : 0.5565
2024-09-23 11:42:54,172 - Epoch [89/1000], Train Loss: -0.7097
2024-09-23 11:42:54,172 - Epoch [89/1000], Train metric average : 0.7097
2024-09-23 11:42:54,172 - Epoch [89/1000], Val Loss: -0.5764
2024-09-23 11:42:54,172 - Epoch [89/1000], Val metric average : 0.5764
2024-09-23 11:43:04,439 - Epoch [90/1000], Train Loss: -0.7124
2024-09-23 11:43:04,440 - Epoch [90/1000], Train metric average : 0.7124
2024-09-23 11:43:04,440 - Epoch [90/1000], Val Loss: -0.5891
2024-09-23 11:43:04,440 - Epoch [90/1000], Val metric average : 0.5891
2024-09-23 11:43:14,743 - Epoch [91/1000], Train Loss: -0.7237
2024-09-23 11:43:14,744 - Epoch [91/1000], Train metric average : 0.7237
2024-09-23 11:43:14,744 - Epoch [91/1000], Val Loss: -0.6124
2024-09-23 11:43:14,744 - Epoch [91/1000], Val metric average : 0.6124
2024-09-23 11:43:24,879 - Epoch [92/1000], Train Loss: -0.7194
2024-09-23 11:43:24,879 - Epoch [92/1000], Train metric average : 0.7194
2024-09-23 11:43:24,879 - Epoch [92/1000], Val Loss: -0.6004
2024-09-23 11:43:24,879 - Epoch [92/1000], Val metric average : 0.6004
2024-09-23 11:43:35,050 - Epoch [93/1000], Train Loss: -0.7164
2024-09-23 11:43:35,050 - Epoch [93/1000], Train metric average : 0.7164
2024-09-23 11:43:35,050 - Epoch [93/1000], Val Loss: -0.5247
2024-09-23 11:43:35,050 - Epoch [93/1000], Val metric average : 0.5247
2024-09-23 11:43:45,296 - Epoch [94/1000], Train Loss: -0.7139
2024-09-23 11:43:45,296 - Epoch [94/1000], Train metric average : 0.7139
2024-09-23 11:43:45,296 - Epoch [94/1000], Val Loss: -0.5664
2024-09-23 11:43:45,296 - Epoch [94/1000], Val metric average : 0.5664
2024-09-23 11:43:55,406 - Epoch [95/1000], Train Loss: -0.7143
2024-09-23 11:43:55,406 - Epoch [95/1000], Train metric average : 0.7143
2024-09-23 11:43:55,406 - Epoch [95/1000], Val Loss: -0.6404
2024-09-23 11:43:55,406 - Epoch [95/1000], Val metric average : 0.6404
2024-09-23 11:43:59,078 - Saved best model with Val Loss: -0.6404
2024-09-23 11:44:09,439 - Epoch [96/1000], Train Loss: -0.7167
2024-09-23 11:44:09,439 - Epoch [96/1000], Train metric average : 0.7167
2024-09-23 11:44:09,440 - Epoch [96/1000], Val Loss: -0.6158
2024-09-23 11:44:09,440 - Epoch [96/1000], Val metric average : 0.6158
2024-09-23 11:44:19,635 - Epoch [97/1000], Train Loss: -0.7281
2024-09-23 11:44:19,635 - Epoch [97/1000], Train metric average : 0.7281
2024-09-23 11:44:19,635 - Epoch [97/1000], Val Loss: -0.6227
2024-09-23 11:44:19,635 - Epoch [97/1000], Val metric average : 0.6227
2024-09-23 11:44:29,847 - Epoch [98/1000], Train Loss: -0.7209
2024-09-23 11:44:29,847 - Epoch [98/1000], Train metric average : 0.7209
2024-09-23 11:44:29,847 - Epoch [98/1000], Val Loss: -0.5719
2024-09-23 11:44:29,847 - Epoch [98/1000], Val metric average : 0.5719
2024-09-23 11:44:40,176 - Epoch [99/1000], Train Loss: -0.7143
2024-09-23 11:44:40,176 - Epoch [99/1000], Train metric average : 0.7143
2024-09-23 11:44:40,177 - Epoch [99/1000], Val Loss: -0.5607
2024-09-23 11:44:40,177 - Epoch [99/1000], Val metric average : 0.5607
2024-09-23 11:44:50,392 - Epoch [100/1000], Train Loss: -0.7266
2024-09-23 11:44:50,393 - Epoch [100/1000], Train metric average : 0.7266
2024-09-23 11:44:50,393 - Epoch [100/1000], Val Loss: -0.6117
2024-09-23 11:44:50,393 - Epoch [100/1000], Val metric average : 0.6117
2024-09-23 11:45:00,692 - Epoch [101/1000], Train Loss: -0.7260
2024-09-23 11:45:00,692 - Epoch [101/1000], Train metric average : 0.7260
2024-09-23 11:45:00,692 - Epoch [101/1000], Val Loss: -0.5749
2024-09-23 11:45:00,692 - Epoch [101/1000], Val metric average : 0.5749
2024-09-23 11:45:11,109 - Epoch [102/1000], Train Loss: -0.7294
2024-09-23 11:45:11,109 - Epoch [102/1000], Train metric average : 0.7294
2024-09-23 11:45:11,110 - Epoch [102/1000], Val Loss: -0.5831
2024-09-23 11:45:11,110 - Epoch [102/1000], Val metric average : 0.5831
2024-09-23 11:45:21,401 - Epoch [103/1000], Train Loss: -0.7278
2024-09-23 11:45:21,401 - Epoch [103/1000], Train metric average : 0.7278
2024-09-23 11:45:21,402 - Epoch [103/1000], Val Loss: -0.5883
2024-09-23 11:45:21,402 - Epoch [103/1000], Val metric average : 0.5883
2024-09-23 11:45:31,779 - Epoch [104/1000], Train Loss: -0.7220
2024-09-23 11:45:31,779 - Epoch [104/1000], Train metric average : 0.7220
2024-09-23 11:45:31,779 - Epoch [104/1000], Val Loss: -0.5738
2024-09-23 11:45:31,779 - Epoch [104/1000], Val metric average : 0.5738
2024-09-23 11:45:42,126 - Epoch [105/1000], Train Loss: -0.7391
2024-09-23 11:45:42,126 - Epoch [105/1000], Train metric average : 0.7391
2024-09-23 11:45:42,127 - Epoch [105/1000], Val Loss: -0.6042
2024-09-23 11:45:42,127 - Epoch [105/1000], Val metric average : 0.6042
2024-09-23 11:45:52,302 - Epoch [106/1000], Train Loss: -0.7284
2024-09-23 11:45:52,302 - Epoch [106/1000], Train metric average : 0.7284
2024-09-23 11:45:52,302 - Epoch [106/1000], Val Loss: -0.5530
2024-09-23 11:45:52,302 - Epoch [106/1000], Val metric average : 0.5530
2024-09-23 11:46:02,445 - Epoch [107/1000], Train Loss: -0.7310
2024-09-23 11:46:02,445 - Epoch [107/1000], Train metric average : 0.7310
2024-09-23 11:46:02,445 - Epoch [107/1000], Val Loss: -0.5434
2024-09-23 11:46:02,445 - Epoch [107/1000], Val metric average : 0.5434
2024-09-23 11:46:12,754 - Epoch [108/1000], Train Loss: -0.7332
2024-09-23 11:46:12,754 - Epoch [108/1000], Train metric average : 0.7332
2024-09-23 11:46:12,754 - Epoch [108/1000], Val Loss: -0.6146
2024-09-23 11:46:12,754 - Epoch [108/1000], Val metric average : 0.6146
2024-09-23 11:46:22,935 - Epoch [109/1000], Train Loss: -0.7290
2024-09-23 11:46:22,935 - Epoch [109/1000], Train metric average : 0.7290
2024-09-23 11:46:22,936 - Epoch [109/1000], Val Loss: -0.5581
2024-09-23 11:46:22,936 - Epoch [109/1000], Val metric average : 0.5581
2024-09-23 11:46:33,287 - Epoch [110/1000], Train Loss: -0.7309
2024-09-23 11:46:33,287 - Epoch [110/1000], Train metric average : 0.7309
2024-09-23 11:46:33,288 - Epoch [110/1000], Val Loss: -0.5483
2024-09-23 11:46:33,288 - Epoch [110/1000], Val metric average : 0.5483
2024-09-23 11:46:43,510 - Epoch [111/1000], Train Loss: -0.7355
2024-09-23 11:46:43,510 - Epoch [111/1000], Train metric average : 0.7355
2024-09-23 11:46:43,510 - Epoch [111/1000], Val Loss: -0.5715
2024-09-23 11:46:43,510 - Epoch [111/1000], Val metric average : 0.5715
2024-09-23 11:46:53,877 - Epoch [112/1000], Train Loss: -0.7328
2024-09-23 11:46:53,877 - Epoch [112/1000], Train metric average : 0.7328
2024-09-23 11:46:53,877 - Epoch [112/1000], Val Loss: -0.5948
2024-09-23 11:46:53,878 - Epoch [112/1000], Val metric average : 0.5948
2024-09-23 11:47:04,033 - Epoch [113/1000], Train Loss: -0.7370
2024-09-23 11:47:04,033 - Epoch [113/1000], Train metric average : 0.7370
2024-09-23 11:47:04,033 - Epoch [113/1000], Val Loss: -0.6288
2024-09-23 11:47:04,033 - Epoch [113/1000], Val metric average : 0.6288
2024-09-23 11:47:14,332 - Epoch [114/1000], Train Loss: -0.7291
2024-09-23 11:47:14,333 - Epoch [114/1000], Train metric average : 0.7291
2024-09-23 11:47:14,333 - Epoch [114/1000], Val Loss: -0.5198
2024-09-23 11:47:14,333 - Epoch [114/1000], Val metric average : 0.5198
2024-09-23 11:47:24,454 - Epoch [115/1000], Train Loss: -0.7451
2024-09-23 11:47:24,454 - Epoch [115/1000], Train metric average : 0.7451
2024-09-23 11:47:24,454 - Epoch [115/1000], Val Loss: -0.5311
2024-09-23 11:47:24,454 - Epoch [115/1000], Val metric average : 0.5311
2024-09-23 11:47:34,808 - Epoch [116/1000], Train Loss: -0.7366
2024-09-23 11:47:34,808 - Epoch [116/1000], Train metric average : 0.7366
2024-09-23 11:47:34,808 - Epoch [116/1000], Val Loss: -0.5941
2024-09-23 11:47:34,808 - Epoch [116/1000], Val metric average : 0.5941
2024-09-23 11:47:45,033 - Epoch [117/1000], Train Loss: -0.7274
2024-09-23 11:47:45,033 - Epoch [117/1000], Train metric average : 0.7274
2024-09-23 11:47:45,034 - Epoch [117/1000], Val Loss: -0.6024
2024-09-23 11:47:45,034 - Epoch [117/1000], Val metric average : 0.6024
2024-09-23 11:47:55,383 - Epoch [118/1000], Train Loss: -0.7421
2024-09-23 11:47:55,383 - Epoch [118/1000], Train metric average : 0.7421
2024-09-23 11:47:55,383 - Epoch [118/1000], Val Loss: -0.5675
2024-09-23 11:47:55,383 - Epoch [118/1000], Val metric average : 0.5675
2024-09-23 11:48:05,616 - Epoch [119/1000], Train Loss: -0.7380
2024-09-23 11:48:05,617 - Epoch [119/1000], Train metric average : 0.7380
2024-09-23 11:48:05,617 - Epoch [119/1000], Val Loss: -0.6032
2024-09-23 11:48:05,617 - Epoch [119/1000], Val metric average : 0.6032
2024-09-23 11:48:15,939 - Epoch [120/1000], Train Loss: -0.7339
2024-09-23 11:48:15,939 - Epoch [120/1000], Train metric average : 0.7339
2024-09-23 11:48:15,939 - Epoch [120/1000], Val Loss: -0.5725
2024-09-23 11:48:15,939 - Epoch [120/1000], Val metric average : 0.5725
2024-09-23 11:48:26,162 - Epoch [121/1000], Train Loss: -0.7407
2024-09-23 11:48:26,162 - Epoch [121/1000], Train metric average : 0.7407
2024-09-23 11:48:26,162 - Epoch [121/1000], Val Loss: -0.5824
2024-09-23 11:48:26,162 - Epoch [121/1000], Val metric average : 0.5824
2024-09-23 11:48:36,410 - Epoch [122/1000], Train Loss: -0.7360
2024-09-23 11:48:36,410 - Epoch [122/1000], Train metric average : 0.7360
2024-09-23 11:48:36,410 - Epoch [122/1000], Val Loss: -0.5892
2024-09-23 11:48:36,411 - Epoch [122/1000], Val metric average : 0.5892
2024-09-23 11:48:46,645 - Epoch [123/1000], Train Loss: -0.7375
2024-09-23 11:48:46,646 - Epoch [123/1000], Train metric average : 0.7375
2024-09-23 11:48:46,646 - Epoch [123/1000], Val Loss: -0.6093
2024-09-23 11:48:46,646 - Epoch [123/1000], Val metric average : 0.6093
2024-09-23 11:48:56,937 - Epoch [124/1000], Train Loss: -0.7444
2024-09-23 11:48:56,937 - Epoch [124/1000], Train metric average : 0.7444
2024-09-23 11:48:56,937 - Epoch [124/1000], Val Loss: -0.5239
2024-09-23 11:48:56,937 - Epoch [124/1000], Val metric average : 0.5239
2024-09-23 11:49:07,060 - Epoch [125/1000], Train Loss: -0.7434
2024-09-23 11:49:07,060 - Epoch [125/1000], Train metric average : 0.7434
2024-09-23 11:49:07,060 - Epoch [125/1000], Val Loss: -0.6127
2024-09-23 11:49:07,060 - Epoch [125/1000], Val metric average : 0.6127
2024-09-23 11:49:17,343 - Epoch [126/1000], Train Loss: -0.7451
2024-09-23 11:49:17,344 - Epoch [126/1000], Train metric average : 0.7451
2024-09-23 11:49:17,344 - Epoch [126/1000], Val Loss: -0.6001
2024-09-23 11:49:17,344 - Epoch [126/1000], Val metric average : 0.6001
2024-09-23 11:49:27,550 - Epoch [127/1000], Train Loss: -0.7369
2024-09-23 11:49:27,551 - Epoch [127/1000], Train metric average : 0.7369
2024-09-23 11:49:27,551 - Epoch [127/1000], Val Loss: -0.5627
2024-09-23 11:49:27,551 - Epoch [127/1000], Val metric average : 0.5627
2024-09-23 11:49:37,887 - Epoch [128/1000], Train Loss: -0.7380
2024-09-23 11:49:37,887 - Epoch [128/1000], Train metric average : 0.7380
2024-09-23 11:49:37,887 - Epoch [128/1000], Val Loss: -0.6408
2024-09-23 11:49:37,887 - Epoch [128/1000], Val metric average : 0.6408
2024-09-23 11:49:40,859 - Saved best model with Val Loss: -0.6408
2024-09-23 11:49:51,069 - Epoch [129/1000], Train Loss: -0.7426
2024-09-23 11:49:51,069 - Epoch [129/1000], Train metric average : 0.7426
2024-09-23 11:49:51,069 - Epoch [129/1000], Val Loss: -0.6298
2024-09-23 11:49:51,069 - Epoch [129/1000], Val metric average : 0.6298
2024-09-23 11:50:01,360 - Epoch [130/1000], Train Loss: -0.7420
2024-09-23 11:50:01,360 - Epoch [130/1000], Train metric average : 0.7420
2024-09-23 11:50:01,360 - Epoch [130/1000], Val Loss: -0.5763
2024-09-23 11:50:01,360 - Epoch [130/1000], Val metric average : 0.5763
2024-09-23 11:50:11,560 - Epoch [131/1000], Train Loss: -0.7416
2024-09-23 11:50:11,560 - Epoch [131/1000], Train metric average : 0.7416
2024-09-23 11:50:11,560 - Epoch [131/1000], Val Loss: -0.6090
2024-09-23 11:50:11,560 - Epoch [131/1000], Val metric average : 0.6090
2024-09-23 11:50:21,897 - Epoch [132/1000], Train Loss: -0.7501
2024-09-23 11:50:21,897 - Epoch [132/1000], Train metric average : 0.7501
2024-09-23 11:50:21,899 - Epoch [132/1000], Val Loss: -0.5250
2024-09-23 11:50:21,899 - Epoch [132/1000], Val metric average : 0.5250
2024-09-23 11:50:32,198 - Epoch [133/1000], Train Loss: -0.7407
2024-09-23 11:50:32,199 - Epoch [133/1000], Train metric average : 0.7407
2024-09-23 11:50:32,199 - Epoch [133/1000], Val Loss: -0.5871
2024-09-23 11:50:32,199 - Epoch [133/1000], Val metric average : 0.5871
2024-09-23 11:50:42,537 - Epoch [134/1000], Train Loss: -0.7352
2024-09-23 11:50:42,537 - Epoch [134/1000], Train metric average : 0.7352
2024-09-23 11:50:42,537 - Epoch [134/1000], Val Loss: -0.5804
2024-09-23 11:50:42,537 - Epoch [134/1000], Val metric average : 0.5804
2024-09-23 11:50:52,712 - Epoch [135/1000], Train Loss: -0.7432
2024-09-23 11:50:52,712 - Epoch [135/1000], Train metric average : 0.7432
2024-09-23 11:50:52,712 - Epoch [135/1000], Val Loss: -0.5759
2024-09-23 11:50:52,712 - Epoch [135/1000], Val metric average : 0.5759
2024-09-23 11:51:03,028 - Epoch [136/1000], Train Loss: -0.7396
2024-09-23 11:51:03,028 - Epoch [136/1000], Train metric average : 0.7396
2024-09-23 11:51:03,028 - Epoch [136/1000], Val Loss: -0.5720
2024-09-23 11:51:03,028 - Epoch [136/1000], Val metric average : 0.5720
2024-09-23 11:51:13,225 - Epoch [137/1000], Train Loss: -0.7431
2024-09-23 11:51:13,225 - Epoch [137/1000], Train metric average : 0.7431
2024-09-23 11:51:13,225 - Epoch [137/1000], Val Loss: -0.5439
2024-09-23 11:51:13,225 - Epoch [137/1000], Val metric average : 0.5439
2024-09-23 11:51:23,521 - Epoch [138/1000], Train Loss: -0.7413
2024-09-23 11:51:23,522 - Epoch [138/1000], Train metric average : 0.7413
2024-09-23 11:51:23,522 - Epoch [138/1000], Val Loss: -0.6064
2024-09-23 11:51:23,522 - Epoch [138/1000], Val metric average : 0.6064
2024-09-23 11:51:33,682 - Epoch [139/1000], Train Loss: -0.7490
2024-09-23 11:51:33,682 - Epoch [139/1000], Train metric average : 0.7490
2024-09-23 11:51:33,682 - Epoch [139/1000], Val Loss: -0.5499
2024-09-23 11:51:33,682 - Epoch [139/1000], Val metric average : 0.5499
2024-09-23 11:51:43,952 - Epoch [140/1000], Train Loss: -0.7398
2024-09-23 11:51:43,952 - Epoch [140/1000], Train metric average : 0.7398
2024-09-23 11:51:43,952 - Epoch [140/1000], Val Loss: -0.5875
2024-09-23 11:51:43,952 - Epoch [140/1000], Val metric average : 0.5875
2024-09-23 11:51:54,189 - Epoch [141/1000], Train Loss: -0.7439
2024-09-23 11:51:54,189 - Epoch [141/1000], Train metric average : 0.7439
2024-09-23 11:51:54,190 - Epoch [141/1000], Val Loss: -0.6162
2024-09-23 11:51:54,190 - Epoch [141/1000], Val metric average : 0.6162
2024-09-23 11:52:04,540 - Epoch [142/1000], Train Loss: -0.7449
2024-09-23 11:52:04,540 - Epoch [142/1000], Train metric average : 0.7449
2024-09-23 11:52:04,541 - Epoch [142/1000], Val Loss: -0.5993
2024-09-23 11:52:04,541 - Epoch [142/1000], Val metric average : 0.5993
2024-09-23 11:52:14,931 - Epoch [143/1000], Train Loss: -0.7518
2024-09-23 11:52:14,932 - Epoch [143/1000], Train metric average : 0.7518
2024-09-23 11:52:14,932 - Epoch [143/1000], Val Loss: -0.6032
2024-09-23 11:52:14,932 - Epoch [143/1000], Val metric average : 0.6032
2024-09-23 11:52:25,186 - Epoch [144/1000], Train Loss: -0.7509
2024-09-23 11:52:25,186 - Epoch [144/1000], Train metric average : 0.7509
2024-09-23 11:52:25,186 - Epoch [144/1000], Val Loss: -0.6144
2024-09-23 11:52:25,186 - Epoch [144/1000], Val metric average : 0.6144
2024-09-23 11:52:35,511 - Epoch [145/1000], Train Loss: -0.7465
2024-09-23 11:52:35,512 - Epoch [145/1000], Train metric average : 0.7465
2024-09-23 11:52:35,512 - Epoch [145/1000], Val Loss: -0.6115
2024-09-23 11:52:35,512 - Epoch [145/1000], Val metric average : 0.6115
2024-09-23 11:52:45,738 - Epoch [146/1000], Train Loss: -0.7539
2024-09-23 11:52:45,739 - Epoch [146/1000], Train metric average : 0.7539
2024-09-23 11:52:45,739 - Epoch [146/1000], Val Loss: -0.5611
2024-09-23 11:52:45,739 - Epoch [146/1000], Val metric average : 0.5611
2024-09-23 11:52:56,090 - Epoch [147/1000], Train Loss: -0.7473
2024-09-23 11:52:56,091 - Epoch [147/1000], Train metric average : 0.7473
2024-09-23 11:52:56,091 - Epoch [147/1000], Val Loss: -0.5687
2024-09-23 11:52:56,091 - Epoch [147/1000], Val metric average : 0.5687
2024-09-23 11:53:06,457 - Epoch [148/1000], Train Loss: -0.7500
2024-09-23 11:53:06,458 - Epoch [148/1000], Train metric average : 0.7500
2024-09-23 11:53:06,458 - Epoch [148/1000], Val Loss: -0.6037
2024-09-23 11:53:06,458 - Epoch [148/1000], Val metric average : 0.6037
2024-09-23 11:53:16,786 - Epoch [149/1000], Train Loss: -0.7562
2024-09-23 11:53:16,786 - Epoch [149/1000], Train metric average : 0.7562
2024-09-23 11:53:16,787 - Epoch [149/1000], Val Loss: -0.6044
2024-09-23 11:53:16,787 - Epoch [149/1000], Val metric average : 0.6044
2024-09-23 11:53:27,007 - Epoch [150/1000], Train Loss: -0.7436
2024-09-23 11:53:27,008 - Epoch [150/1000], Train metric average : 0.7436
2024-09-23 11:53:27,008 - Epoch [150/1000], Val Loss: -0.5334
2024-09-23 11:53:27,008 - Epoch [150/1000], Val metric average : 0.5334
2024-09-23 11:53:37,211 - Epoch [151/1000], Train Loss: -0.7507
2024-09-23 11:53:37,212 - Epoch [151/1000], Train metric average : 0.7507
2024-09-23 11:53:37,212 - Epoch [151/1000], Val Loss: -0.5596
2024-09-23 11:53:37,212 - Epoch [151/1000], Val metric average : 0.5596
2024-09-23 11:53:47,757 - Epoch [152/1000], Train Loss: -0.7489
2024-09-23 11:53:47,758 - Epoch [152/1000], Train metric average : 0.7489
2024-09-23 11:53:47,758 - Epoch [152/1000], Val Loss: -0.5511
2024-09-23 11:53:47,758 - Epoch [152/1000], Val metric average : 0.5511
2024-09-23 11:53:57,896 - Epoch [153/1000], Train Loss: -0.7438
2024-09-23 11:53:57,897 - Epoch [153/1000], Train metric average : 0.7438
2024-09-23 11:53:57,897 - Epoch [153/1000], Val Loss: -0.5436
2024-09-23 11:53:57,897 - Epoch [153/1000], Val metric average : 0.5436
2024-09-23 11:54:08,177 - Epoch [154/1000], Train Loss: -0.7463
2024-09-23 11:54:08,178 - Epoch [154/1000], Train metric average : 0.7463
2024-09-23 11:54:08,178 - Epoch [154/1000], Val Loss: -0.5512
2024-09-23 11:54:08,178 - Epoch [154/1000], Val metric average : 0.5512
2024-09-23 11:54:18,395 - Epoch [155/1000], Train Loss: -0.7582
2024-09-23 11:54:18,395 - Epoch [155/1000], Train metric average : 0.7582
2024-09-23 11:54:18,395 - Epoch [155/1000], Val Loss: -0.5920
2024-09-23 11:54:18,395 - Epoch [155/1000], Val metric average : 0.5920
2024-09-23 11:54:28,576 - Epoch [156/1000], Train Loss: -0.7557
2024-09-23 11:54:28,576 - Epoch [156/1000], Train metric average : 0.7557
2024-09-23 11:54:28,576 - Epoch [156/1000], Val Loss: -0.5622
2024-09-23 11:54:28,576 - Epoch [156/1000], Val metric average : 0.5622
2024-09-23 11:54:38,927 - Epoch [157/1000], Train Loss: -0.7544
2024-09-23 11:54:38,927 - Epoch [157/1000], Train metric average : 0.7544
2024-09-23 11:54:38,927 - Epoch [157/1000], Val Loss: -0.6349
2024-09-23 11:54:38,927 - Epoch [157/1000], Val metric average : 0.6349
2024-09-23 11:54:49,121 - Epoch [158/1000], Train Loss: -0.7539
2024-09-23 11:54:49,121 - Epoch [158/1000], Train metric average : 0.7539
2024-09-23 11:54:49,121 - Epoch [158/1000], Val Loss: -0.6219
2024-09-23 11:54:49,121 - Epoch [158/1000], Val metric average : 0.6219
2024-09-23 11:54:59,479 - Epoch [159/1000], Train Loss: -0.7520
2024-09-23 11:54:59,479 - Epoch [159/1000], Train metric average : 0.7520
2024-09-23 11:54:59,479 - Epoch [159/1000], Val Loss: -0.5923
2024-09-23 11:54:59,479 - Epoch [159/1000], Val metric average : 0.5923
2024-09-23 11:55:09,630 - Epoch [160/1000], Train Loss: -0.7464
2024-09-23 11:55:09,630 - Epoch [160/1000], Train metric average : 0.7464
2024-09-23 11:55:09,631 - Epoch [160/1000], Val Loss: -0.5365
2024-09-23 11:55:09,631 - Epoch [160/1000], Val metric average : 0.5365
2024-09-23 11:55:19,960 - Epoch [161/1000], Train Loss: -0.7487
2024-09-23 11:55:19,960 - Epoch [161/1000], Train metric average : 0.7487
2024-09-23 11:55:19,960 - Epoch [161/1000], Val Loss: -0.5171
2024-09-23 11:55:19,960 - Epoch [161/1000], Val metric average : 0.5171
2024-09-23 11:55:30,115 - Epoch [162/1000], Train Loss: -0.7494
2024-09-23 11:55:30,116 - Epoch [162/1000], Train metric average : 0.7494
2024-09-23 11:55:30,116 - Epoch [162/1000], Val Loss: -0.6146
2024-09-23 11:55:30,116 - Epoch [162/1000], Val metric average : 0.6146
2024-09-23 11:55:40,482 - Epoch [163/1000], Train Loss: -0.7443
2024-09-23 11:55:40,482 - Epoch [163/1000], Train metric average : 0.7443
2024-09-23 11:55:40,482 - Epoch [163/1000], Val Loss: -0.6039
2024-09-23 11:55:40,483 - Epoch [163/1000], Val metric average : 0.6039
2024-09-23 11:55:50,632 - Epoch [164/1000], Train Loss: -0.7513
2024-09-23 11:55:50,632 - Epoch [164/1000], Train metric average : 0.7513
2024-09-23 11:55:50,632 - Epoch [164/1000], Val Loss: -0.6138
2024-09-23 11:55:50,632 - Epoch [164/1000], Val metric average : 0.6138
2024-09-23 11:56:01,048 - Epoch [165/1000], Train Loss: -0.7534
2024-09-23 11:56:01,048 - Epoch [165/1000], Train metric average : 0.7534
2024-09-23 11:56:01,048 - Epoch [165/1000], Val Loss: -0.5911
2024-09-23 11:56:01,049 - Epoch [165/1000], Val metric average : 0.5911
2024-09-23 11:56:11,311 - Epoch [166/1000], Train Loss: -0.7519
2024-09-23 11:56:11,311 - Epoch [166/1000], Train metric average : 0.7519
2024-09-23 11:56:11,311 - Epoch [166/1000], Val Loss: -0.5891
2024-09-23 11:56:11,311 - Epoch [166/1000], Val metric average : 0.5891
2024-09-23 11:56:21,712 - Epoch [167/1000], Train Loss: -0.7522
2024-09-23 11:56:21,712 - Epoch [167/1000], Train metric average : 0.7522
2024-09-23 11:56:21,712 - Epoch [167/1000], Val Loss: -0.5434
2024-09-23 11:56:21,712 - Epoch [167/1000], Val metric average : 0.5434
2024-09-23 11:56:31,847 - Epoch [168/1000], Train Loss: -0.7504
2024-09-23 11:56:31,847 - Epoch [168/1000], Train metric average : 0.7504
2024-09-23 11:56:31,847 - Epoch [168/1000], Val Loss: -0.5591
2024-09-23 11:56:31,847 - Epoch [168/1000], Val metric average : 0.5591
2024-09-23 11:56:42,200 - Epoch [169/1000], Train Loss: -0.7537
2024-09-23 11:56:42,200 - Epoch [169/1000], Train metric average : 0.7537
2024-09-23 11:56:42,200 - Epoch [169/1000], Val Loss: -0.5420
2024-09-23 11:56:42,200 - Epoch [169/1000], Val metric average : 0.5420
2024-09-23 11:56:52,346 - Epoch [170/1000], Train Loss: -0.7653
2024-09-23 11:56:52,346 - Epoch [170/1000], Train metric average : 0.7653
2024-09-23 11:56:52,346 - Epoch [170/1000], Val Loss: -0.5997
2024-09-23 11:56:52,346 - Epoch [170/1000], Val metric average : 0.5997
2024-09-23 11:57:02,695 - Epoch [171/1000], Train Loss: -0.7590
2024-09-23 11:57:02,695 - Epoch [171/1000], Train metric average : 0.7590
2024-09-23 11:57:02,696 - Epoch [171/1000], Val Loss: -0.5468
2024-09-23 11:57:02,696 - Epoch [171/1000], Val metric average : 0.5468
2024-09-23 11:57:12,843 - Epoch [172/1000], Train Loss: -0.7567
2024-09-23 11:57:12,843 - Epoch [172/1000], Train metric average : 0.7567
2024-09-23 11:57:12,843 - Epoch [172/1000], Val Loss: -0.5284
2024-09-23 11:57:12,844 - Epoch [172/1000], Val metric average : 0.5284
2024-09-23 11:57:23,162 - Epoch [173/1000], Train Loss: -0.7625
2024-09-23 11:57:23,162 - Epoch [173/1000], Train metric average : 0.7625
2024-09-23 11:57:23,163 - Epoch [173/1000], Val Loss: -0.5808
2024-09-23 11:57:23,163 - Epoch [173/1000], Val metric average : 0.5808
2024-09-23 11:57:33,312 - Epoch [174/1000], Train Loss: -0.7562
2024-09-23 11:57:33,312 - Epoch [174/1000], Train metric average : 0.7562
2024-09-23 11:57:33,312 - Epoch [174/1000], Val Loss: -0.5657
2024-09-23 11:57:33,312 - Epoch [174/1000], Val metric average : 0.5657
2024-09-23 11:57:43,629 - Epoch [175/1000], Train Loss: -0.7556
2024-09-23 11:57:43,630 - Epoch [175/1000], Train metric average : 0.7556
2024-09-23 11:57:43,630 - Epoch [175/1000], Val Loss: -0.6353
2024-09-23 11:57:43,630 - Epoch [175/1000], Val metric average : 0.6353
2024-09-23 11:57:53,799 - Epoch [176/1000], Train Loss: -0.7486
2024-09-23 11:57:53,800 - Epoch [176/1000], Train metric average : 0.7486
2024-09-23 11:57:53,800 - Epoch [176/1000], Val Loss: -0.6188
2024-09-23 11:57:53,800 - Epoch [176/1000], Val metric average : 0.6188
2024-09-23 11:58:04,217 - Epoch [177/1000], Train Loss: -0.7577
2024-09-23 11:58:04,217 - Epoch [177/1000], Train metric average : 0.7577
2024-09-23 11:58:04,217 - Epoch [177/1000], Val Loss: -0.5557
2024-09-23 11:58:04,217 - Epoch [177/1000], Val metric average : 0.5557
2024-09-23 11:58:14,431 - Epoch [178/1000], Train Loss: -0.7578
2024-09-23 11:58:14,431 - Epoch [178/1000], Train metric average : 0.7578
2024-09-23 11:58:14,431 - Epoch [178/1000], Val Loss: -0.5583
2024-09-23 11:58:14,431 - Epoch [178/1000], Val metric average : 0.5583
2024-09-23 11:58:24,717 - Epoch [179/1000], Train Loss: -0.7607
2024-09-23 11:58:24,717 - Epoch [179/1000], Train metric average : 0.7607
2024-09-23 11:58:24,717 - Epoch [179/1000], Val Loss: -0.5852
2024-09-23 11:58:24,717 - Epoch [179/1000], Val metric average : 0.5852
2024-09-23 11:58:34,954 - Epoch [180/1000], Train Loss: -0.7562
2024-09-23 11:58:34,955 - Epoch [180/1000], Train metric average : 0.7562
2024-09-23 11:58:34,955 - Epoch [180/1000], Val Loss: -0.5039
2024-09-23 11:58:34,955 - Epoch [180/1000], Val metric average : 0.5039
2024-09-23 11:58:45,238 - Epoch [181/1000], Train Loss: -0.7564
2024-09-23 11:58:45,238 - Epoch [181/1000], Train metric average : 0.7564
2024-09-23 11:58:45,238 - Epoch [181/1000], Val Loss: -0.5691
2024-09-23 11:58:45,238 - Epoch [181/1000], Val metric average : 0.5691
2024-09-23 11:58:55,431 - Epoch [182/1000], Train Loss: -0.7620
2024-09-23 11:58:55,431 - Epoch [182/1000], Train metric average : 0.7620
2024-09-23 11:58:55,431 - Epoch [182/1000], Val Loss: -0.5363
2024-09-23 11:58:55,431 - Epoch [182/1000], Val metric average : 0.5363
2024-09-23 11:59:05,747 - Epoch [183/1000], Train Loss: -0.7664
2024-09-23 11:59:05,747 - Epoch [183/1000], Train metric average : 0.7664
2024-09-23 11:59:05,747 - Epoch [183/1000], Val Loss: -0.5670
2024-09-23 11:59:05,747 - Epoch [183/1000], Val metric average : 0.5670
2024-09-23 11:59:15,878 - Epoch [184/1000], Train Loss: -0.7575
2024-09-23 11:59:15,879 - Epoch [184/1000], Train metric average : 0.7575
2024-09-23 11:59:15,879 - Epoch [184/1000], Val Loss: -0.5784
2024-09-23 11:59:15,879 - Epoch [184/1000], Val metric average : 0.5784
2024-09-23 11:59:26,169 - Epoch [185/1000], Train Loss: -0.7639
2024-09-23 11:59:26,169 - Epoch [185/1000], Train metric average : 0.7639
2024-09-23 11:59:26,169 - Epoch [185/1000], Val Loss: -0.5848
2024-09-23 11:59:26,169 - Epoch [185/1000], Val metric average : 0.5848
2024-09-23 11:59:36,361 - Epoch [186/1000], Train Loss: -0.7679
2024-09-23 11:59:36,361 - Epoch [186/1000], Train metric average : 0.7679
2024-09-23 11:59:36,361 - Epoch [186/1000], Val Loss: -0.5715
2024-09-23 11:59:36,361 - Epoch [186/1000], Val metric average : 0.5715
2024-09-23 11:59:46,697 - Epoch [187/1000], Train Loss: -0.7667
2024-09-23 11:59:46,697 - Epoch [187/1000], Train metric average : 0.7667
2024-09-23 11:59:46,697 - Epoch [187/1000], Val Loss: -0.5412
2024-09-23 11:59:46,697 - Epoch [187/1000], Val metric average : 0.5412
2024-09-23 11:59:56,956 - Epoch [188/1000], Train Loss: -0.7581
2024-09-23 11:59:56,957 - Epoch [188/1000], Train metric average : 0.7581
2024-09-23 11:59:56,957 - Epoch [188/1000], Val Loss: -0.6026
2024-09-23 11:59:56,957 - Epoch [188/1000], Val metric average : 0.6026
2024-09-23 12:00:07,328 - Epoch [189/1000], Train Loss: -0.7605
2024-09-23 12:00:07,328 - Epoch [189/1000], Train metric average : 0.7605
2024-09-23 12:00:07,328 - Epoch [189/1000], Val Loss: -0.5117
2024-09-23 12:00:07,328 - Epoch [189/1000], Val metric average : 0.5117
2024-09-23 12:00:17,492 - Epoch [190/1000], Train Loss: -0.7624
2024-09-23 12:00:17,492 - Epoch [190/1000], Train metric average : 0.7624
2024-09-23 12:00:17,492 - Epoch [190/1000], Val Loss: -0.6192
2024-09-23 12:00:17,492 - Epoch [190/1000], Val metric average : 0.6192
2024-09-23 12:00:27,826 - Epoch [191/1000], Train Loss: -0.7570
2024-09-23 12:00:27,827 - Epoch [191/1000], Train metric average : 0.7570
2024-09-23 12:00:27,827 - Epoch [191/1000], Val Loss: -0.5575
2024-09-23 12:00:27,827 - Epoch [191/1000], Val metric average : 0.5575
2024-09-23 12:00:38,051 - Epoch [192/1000], Train Loss: -0.7584
2024-09-23 12:00:38,052 - Epoch [192/1000], Train metric average : 0.7584
2024-09-23 12:00:38,052 - Epoch [192/1000], Val Loss: -0.5984
2024-09-23 12:00:38,052 - Epoch [192/1000], Val metric average : 0.5984
2024-09-23 12:00:48,352 - Epoch [193/1000], Train Loss: -0.7607
2024-09-23 12:00:48,352 - Epoch [193/1000], Train metric average : 0.7607
2024-09-23 12:00:48,352 - Epoch [193/1000], Val Loss: -0.6161
2024-09-23 12:00:48,352 - Epoch [193/1000], Val metric average : 0.6161
2024-09-23 12:00:58,503 - Epoch [194/1000], Train Loss: -0.7643
2024-09-23 12:00:58,504 - Epoch [194/1000], Train metric average : 0.7643
2024-09-23 12:00:58,504 - Epoch [194/1000], Val Loss: -0.5541
2024-09-23 12:00:58,504 - Epoch [194/1000], Val metric average : 0.5541
2024-09-23 12:01:08,879 - Epoch [195/1000], Train Loss: -0.7704
2024-09-23 12:01:08,879 - Epoch [195/1000], Train metric average : 0.7704
2024-09-23 12:01:08,879 - Epoch [195/1000], Val Loss: -0.5475
2024-09-23 12:01:08,879 - Epoch [195/1000], Val metric average : 0.5475
2024-09-23 12:01:19,060 - Epoch [196/1000], Train Loss: -0.7638
2024-09-23 12:01:19,060 - Epoch [196/1000], Train metric average : 0.7638
2024-09-23 12:01:19,060 - Epoch [196/1000], Val Loss: -0.5989
2024-09-23 12:01:19,060 - Epoch [196/1000], Val metric average : 0.5989
2024-09-23 12:01:29,438 - Epoch [197/1000], Train Loss: -0.7668
2024-09-23 12:01:29,438 - Epoch [197/1000], Train metric average : 0.7668
2024-09-23 12:01:29,438 - Epoch [197/1000], Val Loss: -0.6253
2024-09-23 12:01:29,438 - Epoch [197/1000], Val metric average : 0.6253
2024-09-23 12:01:39,631 - Epoch [198/1000], Train Loss: -0.7672
2024-09-23 12:01:39,631 - Epoch [198/1000], Train metric average : 0.7672
2024-09-23 12:01:39,631 - Epoch [198/1000], Val Loss: -0.5600
2024-09-23 12:01:39,631 - Epoch [198/1000], Val metric average : 0.5600
2024-09-23 12:01:49,951 - Epoch [199/1000], Train Loss: -0.7525
2024-09-23 12:01:49,951 - Epoch [199/1000], Train metric average : 0.7525
2024-09-23 12:01:49,951 - Epoch [199/1000], Val Loss: -0.6246
2024-09-23 12:01:49,951 - Epoch [199/1000], Val metric average : 0.6246
2024-09-23 12:02:00,160 - Epoch [200/1000], Train Loss: -0.7627
2024-09-23 12:02:00,160 - Epoch [200/1000], Train metric average : 0.7627
2024-09-23 12:02:00,160 - Epoch [200/1000], Val Loss: -0.5943
2024-09-23 12:02:00,160 - Epoch [200/1000], Val metric average : 0.5943
2024-09-23 12:02:10,497 - Epoch [201/1000], Train Loss: -0.7651
2024-09-23 12:02:10,497 - Epoch [201/1000], Train metric average : 0.7651
2024-09-23 12:02:10,498 - Epoch [201/1000], Val Loss: -0.5470
2024-09-23 12:02:10,498 - Epoch [201/1000], Val metric average : 0.5470
2024-09-23 12:02:20,849 - Epoch [202/1000], Train Loss: -0.7543
2024-09-23 12:02:20,850 - Epoch [202/1000], Train metric average : 0.7543
2024-09-23 12:02:20,850 - Epoch [202/1000], Val Loss: -0.5673
2024-09-23 12:02:20,850 - Epoch [202/1000], Val metric average : 0.5673
2024-09-23 12:02:31,105 - Epoch [203/1000], Train Loss: -0.7665
2024-09-23 12:02:31,105 - Epoch [203/1000], Train metric average : 0.7665
2024-09-23 12:02:31,105 - Epoch [203/1000], Val Loss: -0.5390
2024-09-23 12:02:31,105 - Epoch [203/1000], Val metric average : 0.5390
2024-09-23 12:02:41,301 - Epoch [204/1000], Train Loss: -0.7712
2024-09-23 12:02:41,302 - Epoch [204/1000], Train metric average : 0.7712
2024-09-23 12:02:41,302 - Epoch [204/1000], Val Loss: -0.5759
2024-09-23 12:02:41,302 - Epoch [204/1000], Val metric average : 0.5759
2024-09-23 12:02:51,695 - Epoch [205/1000], Train Loss: -0.7651
2024-09-23 12:02:51,695 - Epoch [205/1000], Train metric average : 0.7651
2024-09-23 12:02:51,695 - Epoch [205/1000], Val Loss: -0.5931
2024-09-23 12:02:51,695 - Epoch [205/1000], Val metric average : 0.5931
2024-09-23 12:03:01,893 - Epoch [206/1000], Train Loss: -0.7650
2024-09-23 12:03:01,893 - Epoch [206/1000], Train metric average : 0.7650
2024-09-23 12:03:01,893 - Epoch [206/1000], Val Loss: -0.6054
2024-09-23 12:03:01,893 - Epoch [206/1000], Val metric average : 0.6054
2024-09-23 12:03:12,199 - Epoch [207/1000], Train Loss: -0.7668
2024-09-23 12:03:12,200 - Epoch [207/1000], Train metric average : 0.7668
2024-09-23 12:03:12,200 - Epoch [207/1000], Val Loss: -0.5861
2024-09-23 12:03:12,200 - Epoch [207/1000], Val metric average : 0.5861
2024-09-23 12:03:22,470 - Epoch [208/1000], Train Loss: -0.7678
2024-09-23 12:03:22,470 - Epoch [208/1000], Train metric average : 0.7678
2024-09-23 12:03:22,470 - Epoch [208/1000], Val Loss: -0.5573
2024-09-23 12:03:22,470 - Epoch [208/1000], Val metric average : 0.5573
2024-09-23 12:03:32,758 - Epoch [209/1000], Train Loss: -0.7596
2024-09-23 12:03:32,759 - Epoch [209/1000], Train metric average : 0.7596
2024-09-23 12:03:32,759 - Epoch [209/1000], Val Loss: -0.5210
2024-09-23 12:03:32,759 - Epoch [209/1000], Val metric average : 0.5210
2024-09-23 12:03:42,954 - Epoch [210/1000], Train Loss: -0.7726
2024-09-23 12:03:42,954 - Epoch [210/1000], Train metric average : 0.7726
2024-09-23 12:03:42,954 - Epoch [210/1000], Val Loss: -0.5205
2024-09-23 12:03:42,954 - Epoch [210/1000], Val metric average : 0.5205
2024-09-23 12:03:53,231 - Epoch [211/1000], Train Loss: -0.7642
2024-09-23 12:03:53,231 - Epoch [211/1000], Train metric average : 0.7642
2024-09-23 12:03:53,231 - Epoch [211/1000], Val Loss: -0.5736
2024-09-23 12:03:53,231 - Epoch [211/1000], Val metric average : 0.5736
2024-09-23 12:04:03,538 - Epoch [212/1000], Train Loss: -0.7662
2024-09-23 12:04:03,538 - Epoch [212/1000], Train metric average : 0.7662
2024-09-23 12:04:03,538 - Epoch [212/1000], Val Loss: -0.5401
2024-09-23 12:04:03,538 - Epoch [212/1000], Val metric average : 0.5401
2024-09-23 12:04:13,717 - Epoch [213/1000], Train Loss: -0.7720
2024-09-23 12:04:13,717 - Epoch [213/1000], Train metric average : 0.7720
2024-09-23 12:04:13,717 - Epoch [213/1000], Val Loss: -0.5360
2024-09-23 12:04:13,717 - Epoch [213/1000], Val metric average : 0.5360
2024-09-23 12:04:23,978 - Epoch [214/1000], Train Loss: -0.7663
2024-09-23 12:04:23,978 - Epoch [214/1000], Train metric average : 0.7663
2024-09-23 12:04:23,978 - Epoch [214/1000], Val Loss: -0.6244
2024-09-23 12:04:23,978 - Epoch [214/1000], Val metric average : 0.6244
2024-09-23 12:04:34,121 - Epoch [215/1000], Train Loss: -0.7604
2024-09-23 12:04:34,121 - Epoch [215/1000], Train metric average : 0.7604
2024-09-23 12:04:34,121 - Epoch [215/1000], Val Loss: -0.5881
2024-09-23 12:04:34,121 - Epoch [215/1000], Val metric average : 0.5881
2024-09-23 12:04:44,367 - Epoch [216/1000], Train Loss: -0.7594
2024-09-23 12:04:44,367 - Epoch [216/1000], Train metric average : 0.7594
2024-09-23 12:04:44,367 - Epoch [216/1000], Val Loss: -0.6031
2024-09-23 12:04:44,367 - Epoch [216/1000], Val metric average : 0.6031
2024-09-23 12:04:54,607 - Epoch [217/1000], Train Loss: -0.7635
2024-09-23 12:04:54,607 - Epoch [217/1000], Train metric average : 0.7635
2024-09-23 12:04:54,607 - Epoch [217/1000], Val Loss: -0.5775
2024-09-23 12:04:54,607 - Epoch [217/1000], Val metric average : 0.5775
2024-09-23 12:05:04,937 - Epoch [218/1000], Train Loss: -0.7671
2024-09-23 12:05:04,937 - Epoch [218/1000], Train metric average : 0.7671
2024-09-23 12:05:04,937 - Epoch [218/1000], Val Loss: -0.5475
2024-09-23 12:05:04,937 - Epoch [218/1000], Val metric average : 0.5475
2024-09-23 12:05:15,277 - Epoch [219/1000], Train Loss: -0.7618
2024-09-23 12:05:15,277 - Epoch [219/1000], Train metric average : 0.7618
2024-09-23 12:05:15,277 - Epoch [219/1000], Val Loss: -0.5776
2024-09-23 12:05:15,277 - Epoch [219/1000], Val metric average : 0.5776
2024-09-23 12:05:25,632 - Epoch [220/1000], Train Loss: -0.7657
2024-09-23 12:05:25,632 - Epoch [220/1000], Train metric average : 0.7657
2024-09-23 12:05:25,632 - Epoch [220/1000], Val Loss: -0.5812
2024-09-23 12:05:25,632 - Epoch [220/1000], Val metric average : 0.5812
2024-09-23 12:05:35,781 - Epoch [221/1000], Train Loss: -0.7701
2024-09-23 12:05:35,781 - Epoch [221/1000], Train metric average : 0.7701
2024-09-23 12:05:35,781 - Epoch [221/1000], Val Loss: -0.5231
2024-09-23 12:05:35,781 - Epoch [221/1000], Val metric average : 0.5231
2024-09-23 12:05:46,074 - Epoch [222/1000], Train Loss: -0.7765
2024-09-23 12:05:46,074 - Epoch [222/1000], Train metric average : 0.7765
2024-09-23 12:05:46,074 - Epoch [222/1000], Val Loss: -0.5275
2024-09-23 12:05:46,074 - Epoch [222/1000], Val metric average : 0.5275
2024-09-23 12:05:56,331 - Epoch [223/1000], Train Loss: -0.7712
2024-09-23 12:05:56,332 - Epoch [223/1000], Train metric average : 0.7712
2024-09-23 12:05:56,332 - Epoch [223/1000], Val Loss: -0.4968
2024-09-23 12:05:56,332 - Epoch [223/1000], Val metric average : 0.4968
2024-09-23 12:06:06,639 - Epoch [224/1000], Train Loss: -0.7761
2024-09-23 12:06:06,639 - Epoch [224/1000], Train metric average : 0.7761
2024-09-23 12:06:06,639 - Epoch [224/1000], Val Loss: -0.5929
2024-09-23 12:06:06,639 - Epoch [224/1000], Val metric average : 0.5929
2024-09-23 12:06:16,851 - Epoch [225/1000], Train Loss: -0.7739
2024-09-23 12:06:16,852 - Epoch [225/1000], Train metric average : 0.7739
2024-09-23 12:06:16,852 - Epoch [225/1000], Val Loss: -0.5595
2024-09-23 12:06:16,852 - Epoch [225/1000], Val metric average : 0.5595
2024-09-23 12:06:27,225 - Epoch [226/1000], Train Loss: -0.7743
2024-09-23 12:06:27,225 - Epoch [226/1000], Train metric average : 0.7743
2024-09-23 12:06:27,225 - Epoch [226/1000], Val Loss: -0.5876
2024-09-23 12:06:27,225 - Epoch [226/1000], Val metric average : 0.5876
2024-09-23 12:06:37,431 - Epoch [227/1000], Train Loss: -0.7664
2024-09-23 12:06:37,431 - Epoch [227/1000], Train metric average : 0.7664
2024-09-23 12:06:37,431 - Epoch [227/1000], Val Loss: -0.5633
2024-09-23 12:06:37,431 - Epoch [227/1000], Val metric average : 0.5633
2024-09-23 12:06:47,752 - Epoch [228/1000], Train Loss: -0.7781
2024-09-23 12:06:47,753 - Epoch [228/1000], Train metric average : 0.7781
2024-09-23 12:06:47,753 - Epoch [228/1000], Val Loss: -0.5773
2024-09-23 12:06:47,753 - Epoch [228/1000], Val metric average : 0.5773
2024-09-23 12:06:57,999 - Epoch [229/1000], Train Loss: -0.7762
2024-09-23 12:06:57,999 - Epoch [229/1000], Train metric average : 0.7762
2024-09-23 12:06:57,999 - Epoch [229/1000], Val Loss: -0.5187
2024-09-23 12:06:57,999 - Epoch [229/1000], Val metric average : 0.5187
2024-09-23 12:07:08,351 - Epoch [230/1000], Train Loss: -0.7699
2024-09-23 12:07:08,351 - Epoch [230/1000], Train metric average : 0.7699
2024-09-23 12:07:08,351 - Epoch [230/1000], Val Loss: -0.5969
2024-09-23 12:07:08,351 - Epoch [230/1000], Val metric average : 0.5969
2024-09-23 12:07:18,670 - Epoch [231/1000], Train Loss: -0.7717
2024-09-23 12:07:18,670 - Epoch [231/1000], Train metric average : 0.7717
2024-09-23 12:07:18,670 - Epoch [231/1000], Val Loss: -0.5447
2024-09-23 12:07:18,670 - Epoch [231/1000], Val metric average : 0.5447
2024-09-23 12:07:28,856 - Epoch [232/1000], Train Loss: -0.7781
2024-09-23 12:07:28,856 - Epoch [232/1000], Train metric average : 0.7781
2024-09-23 12:07:28,856 - Epoch [232/1000], Val Loss: -0.5656
2024-09-23 12:07:28,856 - Epoch [232/1000], Val metric average : 0.5656
2024-09-23 12:07:39,194 - Epoch [233/1000], Train Loss: -0.7755
2024-09-23 12:07:39,195 - Epoch [233/1000], Train metric average : 0.7755
2024-09-23 12:07:39,195 - Epoch [233/1000], Val Loss: -0.5607
2024-09-23 12:07:39,195 - Epoch [233/1000], Val metric average : 0.5607
2024-09-23 12:07:49,425 - Epoch [234/1000], Train Loss: -0.7724
2024-09-23 12:07:49,425 - Epoch [234/1000], Train metric average : 0.7724
2024-09-23 12:07:49,425 - Epoch [234/1000], Val Loss: -0.5613
2024-09-23 12:07:49,425 - Epoch [234/1000], Val metric average : 0.5613
2024-09-23 12:07:59,787 - Epoch [235/1000], Train Loss: -0.7738
2024-09-23 12:07:59,787 - Epoch [235/1000], Train metric average : 0.7738
2024-09-23 12:07:59,787 - Epoch [235/1000], Val Loss: -0.5518
2024-09-23 12:07:59,787 - Epoch [235/1000], Val metric average : 0.5518
2024-09-23 12:08:09,985 - Epoch [236/1000], Train Loss: -0.7716
2024-09-23 12:08:09,985 - Epoch [236/1000], Train metric average : 0.7716
2024-09-23 12:08:09,985 - Epoch [236/1000], Val Loss: -0.5839
2024-09-23 12:08:09,985 - Epoch [236/1000], Val metric average : 0.5839
2024-09-23 12:08:20,364 - Epoch [237/1000], Train Loss: -0.7625
2024-09-23 12:08:20,364 - Epoch [237/1000], Train metric average : 0.7625
2024-09-23 12:08:20,364 - Epoch [237/1000], Val Loss: -0.6182
2024-09-23 12:08:20,364 - Epoch [237/1000], Val metric average : 0.6182
2024-09-23 12:08:30,583 - Epoch [238/1000], Train Loss: -0.7713
2024-09-23 12:08:30,583 - Epoch [238/1000], Train metric average : 0.7713
2024-09-23 12:08:30,583 - Epoch [238/1000], Val Loss: -0.5077
2024-09-23 12:08:30,583 - Epoch [238/1000], Val metric average : 0.5077
2024-09-23 12:08:40,924 - Epoch [239/1000], Train Loss: -0.7673
2024-09-23 12:08:40,924 - Epoch [239/1000], Train metric average : 0.7673
2024-09-23 12:08:40,924 - Epoch [239/1000], Val Loss: -0.5305
2024-09-23 12:08:40,924 - Epoch [239/1000], Val metric average : 0.5305
2024-09-23 12:08:51,168 - Epoch [240/1000], Train Loss: -0.7617
2024-09-23 12:08:51,169 - Epoch [240/1000], Train metric average : 0.7617
2024-09-23 12:08:51,169 - Epoch [240/1000], Val Loss: -0.5833
2024-09-23 12:08:51,169 - Epoch [240/1000], Val metric average : 0.5833
2024-09-23 12:09:01,500 - Epoch [241/1000], Train Loss: -0.7722
2024-09-23 12:09:01,500 - Epoch [241/1000], Train metric average : 0.7722
2024-09-23 12:09:01,500 - Epoch [241/1000], Val Loss: -0.5696
2024-09-23 12:09:01,500 - Epoch [241/1000], Val metric average : 0.5696
2024-09-23 12:09:11,635 - Epoch [242/1000], Train Loss: -0.7686
2024-09-23 12:09:11,635 - Epoch [242/1000], Train metric average : 0.7686
2024-09-23 12:09:11,635 - Epoch [242/1000], Val Loss: -0.5597
2024-09-23 12:09:11,635 - Epoch [242/1000], Val metric average : 0.5597
2024-09-23 12:09:21,994 - Epoch [243/1000], Train Loss: -0.7671
2024-09-23 12:09:21,994 - Epoch [243/1000], Train metric average : 0.7671
2024-09-23 12:09:21,994 - Epoch [243/1000], Val Loss: -0.6202
2024-09-23 12:09:21,994 - Epoch [243/1000], Val metric average : 0.6202
2024-09-23 12:09:32,202 - Epoch [244/1000], Train Loss: -0.7747
2024-09-23 12:09:32,202 - Epoch [244/1000], Train metric average : 0.7747
2024-09-23 12:09:32,202 - Epoch [244/1000], Val Loss: -0.5665
2024-09-23 12:09:32,202 - Epoch [244/1000], Val metric average : 0.5665
2024-09-23 12:09:42,466 - Epoch [245/1000], Train Loss: -0.7705
2024-09-23 12:09:42,466 - Epoch [245/1000], Train metric average : 0.7705
2024-09-23 12:09:42,466 - Epoch [245/1000], Val Loss: -0.5852
2024-09-23 12:09:42,467 - Epoch [245/1000], Val metric average : 0.5852
2024-09-23 12:09:52,701 - Epoch [246/1000], Train Loss: -0.7776
2024-09-23 12:09:52,701 - Epoch [246/1000], Train metric average : 0.7776
2024-09-23 12:09:52,701 - Epoch [246/1000], Val Loss: -0.6141
2024-09-23 12:09:52,701 - Epoch [246/1000], Val metric average : 0.6141
2024-09-23 12:10:03,066 - Epoch [247/1000], Train Loss: -0.7715
2024-09-23 12:10:03,066 - Epoch [247/1000], Train metric average : 0.7715
2024-09-23 12:10:03,066 - Epoch [247/1000], Val Loss: -0.5025
2024-09-23 12:10:03,066 - Epoch [247/1000], Val metric average : 0.5025
2024-09-23 12:10:13,253 - Epoch [248/1000], Train Loss: -0.7734
2024-09-23 12:10:13,253 - Epoch [248/1000], Train metric average : 0.7734
2024-09-23 12:10:13,253 - Epoch [248/1000], Val Loss: -0.5499
2024-09-23 12:10:13,253 - Epoch [248/1000], Val metric average : 0.5499
2024-09-23 12:10:23,611 - Epoch [249/1000], Train Loss: -0.7734
2024-09-23 12:10:23,611 - Epoch [249/1000], Train metric average : 0.7734
2024-09-23 12:10:23,611 - Epoch [249/1000], Val Loss: -0.5423
2024-09-23 12:10:23,611 - Epoch [249/1000], Val metric average : 0.5423
2024-09-23 12:10:33,941 - Epoch [250/1000], Train Loss: -0.7745
2024-09-23 12:10:33,942 - Epoch [250/1000], Train metric average : 0.7745
2024-09-23 12:10:33,942 - Epoch [250/1000], Val Loss: -0.5713
2024-09-23 12:10:33,942 - Epoch [250/1000], Val metric average : 0.5713
2024-09-23 12:10:44,149 - Epoch [251/1000], Train Loss: -0.7742
2024-09-23 12:10:44,149 - Epoch [251/1000], Train metric average : 0.7742
2024-09-23 12:10:44,149 - Epoch [251/1000], Val Loss: -0.5866
2024-09-23 12:10:44,149 - Epoch [251/1000], Val metric average : 0.5866
2024-09-23 12:10:54,712 - Epoch [252/1000], Train Loss: -0.7741
2024-09-23 12:10:54,712 - Epoch [252/1000], Train metric average : 0.7741
2024-09-23 12:10:54,712 - Epoch [252/1000], Val Loss: -0.5212
2024-09-23 12:10:54,712 - Epoch [252/1000], Val metric average : 0.5212
2024-09-23 12:11:04,948 - Epoch [253/1000], Train Loss: -0.7772
2024-09-23 12:11:04,948 - Epoch [253/1000], Train metric average : 0.7772
2024-09-23 12:11:04,948 - Epoch [253/1000], Val Loss: -0.5771
2024-09-23 12:11:04,948 - Epoch [253/1000], Val metric average : 0.5771
2024-09-23 12:11:15,343 - Epoch [254/1000], Train Loss: -0.7855
2024-09-23 12:11:15,343 - Epoch [254/1000], Train metric average : 0.7855
2024-09-23 12:11:15,343 - Epoch [254/1000], Val Loss: -0.5777
2024-09-23 12:11:15,343 - Epoch [254/1000], Val metric average : 0.5777
2024-09-23 12:11:25,617 - Epoch [255/1000], Train Loss: -0.7785
2024-09-23 12:11:25,617 - Epoch [255/1000], Train metric average : 0.7785
2024-09-23 12:11:25,617 - Epoch [255/1000], Val Loss: -0.5032
2024-09-23 12:11:25,617 - Epoch [255/1000], Val metric average : 0.5032
2024-09-23 12:11:35,986 - Epoch [256/1000], Train Loss: -0.7721
2024-09-23 12:11:35,986 - Epoch [256/1000], Train metric average : 0.7721
2024-09-23 12:11:35,986 - Epoch [256/1000], Val Loss: -0.5876
2024-09-23 12:11:35,986 - Epoch [256/1000], Val metric average : 0.5876
2024-09-23 12:11:46,203 - Epoch [257/1000], Train Loss: -0.7709
2024-09-23 12:11:46,203 - Epoch [257/1000], Train metric average : 0.7709
2024-09-23 12:11:46,203 - Epoch [257/1000], Val Loss: -0.5990
2024-09-23 12:11:46,203 - Epoch [257/1000], Val metric average : 0.5990
2024-09-23 12:11:56,518 - Epoch [258/1000], Train Loss: -0.7660
2024-09-23 12:11:56,519 - Epoch [258/1000], Train metric average : 0.7660
2024-09-23 12:11:56,519 - Epoch [258/1000], Val Loss: -0.5974
2024-09-23 12:11:56,519 - Epoch [258/1000], Val metric average : 0.5974
2024-09-23 12:12:06,698 - Epoch [259/1000], Train Loss: -0.7713
2024-09-23 12:12:06,699 - Epoch [259/1000], Train metric average : 0.7713
2024-09-23 12:12:06,699 - Epoch [259/1000], Val Loss: -0.5774
2024-09-23 12:12:06,699 - Epoch [259/1000], Val metric average : 0.5774
2024-09-23 12:12:17,011 - Epoch [260/1000], Train Loss: -0.7759
2024-09-23 12:12:17,011 - Epoch [260/1000], Train metric average : 0.7759
2024-09-23 12:12:17,011 - Epoch [260/1000], Val Loss: -0.5825
2024-09-23 12:12:17,011 - Epoch [260/1000], Val metric average : 0.5825
2024-09-23 12:12:27,276 - Epoch [261/1000], Train Loss: -0.7738
2024-09-23 12:12:27,276 - Epoch [261/1000], Train metric average : 0.7738
2024-09-23 12:12:27,276 - Epoch [261/1000], Val Loss: -0.6142
2024-09-23 12:12:27,276 - Epoch [261/1000], Val metric average : 0.6142
2024-09-23 12:12:37,591 - Epoch [262/1000], Train Loss: -0.7673
2024-09-23 12:12:37,591 - Epoch [262/1000], Train metric average : 0.7673
2024-09-23 12:12:37,591 - Epoch [262/1000], Val Loss: -0.5271
2024-09-23 12:12:37,591 - Epoch [262/1000], Val metric average : 0.5271
2024-09-23 12:12:47,769 - Epoch [263/1000], Train Loss: -0.7727
2024-09-23 12:12:47,769 - Epoch [263/1000], Train metric average : 0.7727
2024-09-23 12:12:47,769 - Epoch [263/1000], Val Loss: -0.5876
2024-09-23 12:12:47,769 - Epoch [263/1000], Val metric average : 0.5876
2024-09-23 12:12:58,151 - Epoch [264/1000], Train Loss: -0.7810
2024-09-23 12:12:58,152 - Epoch [264/1000], Train metric average : 0.7810
2024-09-23 12:12:58,152 - Epoch [264/1000], Val Loss: -0.5855
2024-09-23 12:12:58,152 - Epoch [264/1000], Val metric average : 0.5855
2024-09-23 12:13:08,346 - Epoch [265/1000], Train Loss: -0.7669
2024-09-23 12:13:08,347 - Epoch [265/1000], Train metric average : 0.7669
2024-09-23 12:13:08,347 - Epoch [265/1000], Val Loss: -0.5538
2024-09-23 12:13:08,347 - Epoch [265/1000], Val metric average : 0.5538
2024-09-23 12:13:18,657 - Epoch [266/1000], Train Loss: -0.7762
2024-09-23 12:13:18,657 - Epoch [266/1000], Train metric average : 0.7762
2024-09-23 12:13:18,657 - Epoch [266/1000], Val Loss: -0.5336
2024-09-23 12:13:18,657 - Epoch [266/1000], Val metric average : 0.5336
2024-09-23 12:13:28,857 - Epoch [267/1000], Train Loss: -0.7763
2024-09-23 12:13:28,857 - Epoch [267/1000], Train metric average : 0.7763
2024-09-23 12:13:28,857 - Epoch [267/1000], Val Loss: -0.5738
2024-09-23 12:13:28,857 - Epoch [267/1000], Val metric average : 0.5738
2024-09-23 12:13:39,268 - Epoch [268/1000], Train Loss: -0.7832
2024-09-23 12:13:39,268 - Epoch [268/1000], Train metric average : 0.7832
2024-09-23 12:13:39,268 - Epoch [268/1000], Val Loss: -0.5546
2024-09-23 12:13:39,268 - Epoch [268/1000], Val metric average : 0.5546
2024-09-23 12:13:49,490 - Epoch [269/1000], Train Loss: -0.7782
2024-09-23 12:13:49,490 - Epoch [269/1000], Train metric average : 0.7782
2024-09-23 12:13:49,490 - Epoch [269/1000], Val Loss: -0.5509
2024-09-23 12:13:49,491 - Epoch [269/1000], Val metric average : 0.5509
2024-09-23 12:13:59,807 - Epoch [270/1000], Train Loss: -0.7801
2024-09-23 12:13:59,807 - Epoch [270/1000], Train metric average : 0.7801
2024-09-23 12:13:59,807 - Epoch [270/1000], Val Loss: -0.5852
2024-09-23 12:13:59,807 - Epoch [270/1000], Val metric average : 0.5852
2024-09-23 12:14:10,036 - Epoch [271/1000], Train Loss: -0.7861
2024-09-23 12:14:10,036 - Epoch [271/1000], Train metric average : 0.7861
2024-09-23 12:14:10,036 - Epoch [271/1000], Val Loss: -0.5986
2024-09-23 12:14:10,036 - Epoch [271/1000], Val metric average : 0.5986
