2024-09-18 15:42:16,302 - Metric : 0.1136
2024-09-18 15:42:16,812 - Metric : -0.0811
2024-09-18 15:42:17,280 - Metric : -0.1167
2024-09-18 15:42:17,780 - Metric : -0.0345
2024-09-18 15:42:18,215 - Metric : -0.2439
2024-09-18 15:42:18,625 - Metric : -0.0395
2024-09-18 15:42:19,082 - Metric : -0.1935
2024-09-18 15:42:19,546 - Metric : -0.1127
2024-09-18 15:42:19,974 - Metric : 0.1182
2024-09-18 15:42:20,511 - Metric : -0.0375
2024-09-18 15:42:21,043 - Metric : 0.0651
2024-09-18 15:42:21,457 - Metric : 0.1623
2024-09-18 15:42:21,912 - Metric : 0.0116
2024-09-18 15:42:22,328 - Metric : -0.0774
2024-09-18 15:42:22,764 - Metric : -0.0972
2024-09-18 15:42:23,233 - Metric : -0.0269
2024-09-18 15:42:23,695 - Metric : -0.0687
2024-09-18 15:42:24,117 - Metric : 0.0389
2024-09-18 15:42:24,593 - Metric : -0.1205
2024-09-18 15:42:25,133 - Metric : 0.0297
2024-09-18 15:42:25,730 - Metric : -0.0075
2024-09-18 15:42:26,195 - Metric : -0.1096
2024-09-18 15:42:26,648 - Metric : -0.0445
2024-09-18 15:42:27,207 - Metric : -0.0338
2024-09-18 15:42:27,666 - Metric : -0.0806
2024-09-18 15:42:28,099 - Metric : 0.0247
2024-09-18 15:42:28,580 - Metric : -0.0325
2024-09-18 15:42:29,045 - Metric : -0.0695
2024-09-18 15:42:29,498 - Metric : 0.1678
2024-09-18 15:42:29,975 - Metric : -0.1125
2024-09-18 15:42:30,476 - Metric : -0.0205
2024-09-18 15:42:30,958 - Metric : -0.0363
2024-09-18 15:42:31,340 - Metric : -0.1418
2024-09-18 15:42:31,777 - Metric : -0.0534
2024-09-18 15:42:32,281 - Metric : 0.1098
2024-09-18 15:42:32,749 - Metric : -0.0326
2024-09-18 15:42:33,211 - Metric : -0.0042
2024-09-18 15:42:33,670 - Metric : 0.1125
2024-09-18 15:42:34,096 - Metric : 0.0778
2024-09-18 15:42:34,601 - Metric : 0.0650
2024-09-18 15:42:35,041 - Metric : 0.3041
2024-09-18 15:42:35,468 - Metric : 0.0368
2024-09-18 15:42:35,955 - Metric : -0.0241
2024-09-18 15:42:36,496 - Metric : 0.1620
2024-09-18 15:42:36,910 - Metric : 0.0652
2024-09-18 15:42:37,357 - Metric : -0.0475
2024-09-18 15:42:37,881 - Metric : -0.1726
2024-09-18 15:42:38,346 - Metric : -0.0846
2024-09-18 15:42:38,774 - Metric : 0.1248
2024-09-18 15:42:39,221 - Metric : 0.0101
2024-09-18 15:42:39,665 - Metric : -0.0535
2024-09-18 15:42:40,176 - Metric : -0.0034
2024-09-18 15:42:40,733 - Metric : -0.0288
2024-09-18 15:42:41,135 - Metric : -0.0925
2024-09-18 15:42:41,677 - Metric : -0.0602
2024-09-18 15:42:42,120 - Metric : 0.0051
2024-09-18 15:42:42,915 - Metric : -0.0440
2024-09-18 15:42:43,389 - Metric : 0.0275
2024-09-18 15:42:43,856 - Metric : 0.0661
2024-09-18 15:42:44,319 - Metric : -0.0701
2024-09-18 15:42:44,803 - Metric : -0.0041
2024-09-18 15:42:45,269 - Metric : 0.1415
2024-09-18 15:42:45,756 - Metric : 0.1776
2024-09-18 15:42:46,304 - Metric : -0.0225
2024-09-18 15:42:46,757 - Metric : -0.0616
2024-09-18 15:42:47,228 - Metric : -0.0475
2024-09-18 15:42:47,662 - Metric : 0.0959
2024-09-18 15:42:48,145 - Metric : 0.0333
2024-09-18 15:42:48,617 - Metric : 0.0836
2024-09-18 15:42:49,094 - Metric : -0.0093
2024-09-18 15:45:53,027 - Metric : 0.1124
2024-09-18 15:45:54,158 - Metric : -0.1728
2024-09-18 15:45:54,158 - Epoch [1/5], Train Loss: 3.2256
2024-09-18 15:45:54,158 - Epoch [1/5], Val Loss: 2.6518
2024-09-18 15:45:54,680 - Saved best model with Val Loss: 2.6518
2024-09-18 15:46:29,296 - Metric : 0.0338
2024-09-18 15:46:30,443 - Metric : nan
2024-09-18 15:46:30,443 - Epoch [2/5], Train Loss: 2.6253
2024-09-18 15:46:30,443 - Epoch [2/5], Val Loss: 3.0072
2024-09-18 15:47:05,261 - Metric : -0.0184
2024-09-18 15:47:06,415 - Metric : nan
2024-09-18 15:47:06,416 - Epoch [3/5], Train Loss: 2.6111
2024-09-18 15:47:06,417 - Epoch [3/5], Val Loss: 2.6063
2024-09-18 15:47:08,663 - Saved best model with Val Loss: 2.6063
2024-09-18 15:47:43,617 - Metric : -0.0650
2024-09-18 15:47:44,763 - Metric : nan
2024-09-18 15:47:44,763 - Epoch [4/5], Train Loss: 2.6019
2024-09-18 15:47:44,763 - Epoch [4/5], Val Loss: 2.7347
2024-09-18 15:48:19,326 - Metric : 0.1361
2024-09-18 15:48:20,447 - Metric : nan
2024-09-18 15:48:20,447 - Epoch [5/5], Train Loss: 2.5926
2024-09-18 15:48:20,448 - Epoch [5/5], Val Loss: 3.0472
2024-09-18 15:51:36,820 - Metric : 0.0253
2024-09-18 15:51:37,949 - Metric : 0.0938
2024-09-18 15:51:37,949 - Epoch [1/5], Train Loss: 3.1179
2024-09-18 15:51:37,949 - Epoch [1/5], Val Loss: 2.7666
2024-09-18 15:51:40,217 - Saved best model with Val Loss: 2.7666
2024-09-18 15:52:14,725 - Metric : 0.0343
2024-09-18 15:52:15,841 - Metric : -0.0676
2024-09-18 15:52:15,841 - Epoch [2/5], Train Loss: 2.6188
2024-09-18 15:52:15,841 - Epoch [2/5], Val Loss: 2.6489
2024-09-18 15:52:18,006 - Saved best model with Val Loss: 2.6489
2024-09-18 15:52:52,964 - Metric : 0.0811
2024-09-18 15:52:54,085 - Metric : nan
2024-09-18 15:52:54,085 - Epoch [3/5], Train Loss: 2.6047
2024-09-18 15:52:54,085 - Epoch [3/5], Val Loss: 2.4485
2024-09-18 15:52:56,456 - Saved best model with Val Loss: 2.4485
2024-09-18 15:53:31,485 - Metric : -0.1470
2024-09-18 15:53:32,623 - Metric : nan
2024-09-18 15:53:32,623 - Epoch [4/5], Train Loss: 2.5928
2024-09-18 15:53:32,623 - Epoch [4/5], Val Loss: 2.9727
2024-09-18 15:54:07,346 - Metric : 0.0943
2024-09-18 15:54:08,477 - Metric : nan
2024-09-18 15:54:08,477 - Epoch [5/5], Train Loss: 2.5965
2024-09-18 15:54:08,478 - Epoch [5/5], Val Loss: 2.5044
2024-09-18 15:55:01,138 - Metric : 0.1103
2024-09-18 15:55:02,270 - Metric : nan
2024-09-18 15:55:02,271 - Epoch [1/5], Train Loss: 3.2196
2024-09-18 15:55:02,271 - Epoch [1/5], Val Loss: 2.5046
2024-09-18 15:55:04,454 - Saved best model with Val Loss: 2.5046
2024-09-18 15:55:39,386 - Metric : -0.1289
2024-09-18 15:55:40,505 - Metric : nan
2024-09-18 15:55:40,505 - Epoch [2/5], Train Loss: 2.6276
2024-09-18 15:55:40,505 - Epoch [2/5], Val Loss: 2.9551
2024-09-18 15:56:14,935 - Metric : -0.0340
2024-09-18 15:56:16,056 - Metric : nan
2024-09-18 15:56:16,057 - Epoch [3/5], Train Loss: 2.6121
2024-09-18 15:56:16,057 - Epoch [3/5], Val Loss: 2.4307
2024-09-18 15:56:18,161 - Saved best model with Val Loss: 2.4307
2024-09-18 15:57:17,515 - Metric : 0.0392
2024-09-18 15:57:18,638 - Metric : nan
2024-09-18 15:57:18,639 - Epoch [1/5], Train Loss: 3.2452
2024-09-18 15:57:18,639 - Epoch [1/5], Val Loss: 2.5470
2024-09-18 15:57:20,944 - Saved best model with Val Loss: 2.5470
2024-09-18 15:57:55,707 - Metric : -0.1580
2024-09-18 15:57:56,843 - Metric : 0.1047
2024-09-18 15:57:56,844 - Epoch [2/5], Train Loss: 2.6312
2024-09-18 15:57:56,844 - Epoch [2/5], Val Loss: 2.7854
2024-09-18 15:58:31,712 - Metric : 0.0493
2024-09-18 15:58:32,842 - Metric : nan
2024-09-18 15:58:32,842 - Epoch [3/5], Train Loss: 2.6229
2024-09-18 15:58:32,842 - Epoch [3/5], Val Loss: 2.6487
2024-09-18 15:59:07,611 - Metric : 0.0418
2024-09-18 15:59:08,747 - Metric : nan
2024-09-18 15:59:08,747 - Epoch [4/5], Train Loss: 2.6016
2024-09-18 15:59:08,747 - Epoch [4/5], Val Loss: 2.7081
2024-09-18 16:00:22,528 - Metric : -0.0908
2024-09-18 16:00:23,685 - Metric : nan
2024-09-18 16:00:23,685 - Epoch [1/1], Train Loss: 3.2435
2024-09-18 16:00:23,685 - Epoch [1/1], Val Loss: 2.6400
2024-09-18 16:00:25,875 - Saved best model with Val Loss: 2.6400
2024-09-18 16:03:21,285 - Metric : -0.1451
2024-09-18 16:03:22,393 - Metric : 0.2500
2024-09-18 16:03:22,393 - Epoch [1/5], Train Loss: 3.2429
2024-09-18 16:03:22,393 - Epoch [1/5], Val Loss: 2.5243
2024-09-18 16:03:24,514 - Saved best model with Val Loss: 2.5243
2024-09-18 16:03:59,050 - Metric : -0.1017
2024-09-18 16:04:00,194 - Metric : nan
2024-09-18 16:04:00,194 - Epoch [2/5], Train Loss: 2.6304
2024-09-18 16:04:00,194 - Epoch [2/5], Val Loss: 2.8843
2024-09-18 16:04:34,932 - Metric : 0.0403
2024-09-18 16:04:36,087 - Metric : nan
2024-09-18 16:04:36,088 - Epoch [3/5], Train Loss: 2.6120
2024-09-18 16:04:36,088 - Epoch [3/5], Val Loss: 2.6736
2024-09-18 16:05:10,895 - Metric : -0.1213
2024-09-18 16:05:12,001 - Metric : nan
2024-09-18 16:05:12,001 - Epoch [4/5], Train Loss: 2.6124
2024-09-18 16:05:12,001 - Epoch [4/5], Val Loss: 2.6016
2024-09-18 16:05:46,579 - Metric : -0.0063
2024-09-18 16:05:47,710 - Metric : nan
2024-09-18 16:05:47,710 - Epoch [5/5], Train Loss: 2.5925
2024-09-18 16:05:47,711 - Epoch [5/5], Val Loss: 2.8822
2024-09-18 16:13:42,973 - Metric : 0.0764
2024-09-18 16:13:44,110 - Metric : 0.1493
2024-09-18 16:13:44,111 - Epoch [1/5], Train Loss: 5.2537
2024-09-18 16:13:44,111 - Epoch [1/5], Val Loss: 19.6001
2024-09-18 16:13:46,715 - Saved best model with Val Loss: 19.6001
2024-09-18 16:14:21,525 - Metric : 0.0497
2024-09-18 16:14:22,666 - Metric : 0.0439
2024-09-18 16:14:22,666 - Epoch [2/5], Train Loss: 3.0694
2024-09-18 16:14:22,666 - Epoch [2/5], Val Loss: 6.4352
2024-09-18 16:14:25,185 - Saved best model with Val Loss: 6.4352
2024-09-18 16:15:00,161 - Metric : 0.0292
2024-09-18 16:15:01,320 - Metric : 0.3049
2024-09-18 16:15:01,320 - Epoch [3/5], Train Loss: 2.7074
2024-09-18 16:15:01,320 - Epoch [3/5], Val Loss: 2.3032
2024-09-18 16:15:03,767 - Saved best model with Val Loss: 2.3032
2024-09-18 16:15:38,791 - Metric : -0.0561
2024-09-18 16:15:39,935 - Metric : -0.1064
2024-09-18 16:15:39,935 - Epoch [4/5], Train Loss: 2.6615
2024-09-18 16:15:39,935 - Epoch [4/5], Val Loss: 74.1105
2024-09-18 16:16:14,836 - Metric : -0.0530
2024-09-18 16:16:15,982 - Metric : 0.1737
2024-09-18 16:16:15,982 - Epoch [5/5], Train Loss: 2.6366
2024-09-18 16:16:15,983 - Epoch [5/5], Val Loss: 2.7173
2024-09-18 22:21:37,180 - Metric : 0.0849
2024-09-18 22:21:38,332 - Metric : 0.1356
2024-09-18 22:21:38,332 - Epoch [1/5], Train Loss: 5.0426
2024-09-18 22:21:38,332 - Epoch [1/5], Val Loss: 5.1231
2024-09-19 00:10:21,291 - Metric : -0.0316
2024-09-19 00:10:22,448 - Metric : -0.3055
2024-09-19 00:10:22,448 - Epoch [1/10], Train Loss: 0.0185
2024-09-19 00:10:22,448 - Epoch [1/10], Val Loss: 0.1341
2024-09-19 00:10:25,470 - Saved best model with Val Loss: 0.1341
2024-09-19 00:11:00,194 - Metric : -0.0206
2024-09-19 00:11:01,344 - Metric : -0.0780
2024-09-19 00:11:01,344 - Epoch [2/10], Train Loss: -0.0042
2024-09-19 00:11:01,345 - Epoch [2/10], Val Loss: -0.0929
2024-09-19 00:11:04,558 - Saved best model with Val Loss: -0.0929
2024-09-19 00:11:39,187 - Metric : -0.0863
2024-09-19 00:11:40,322 - Metric : 0.2115
2024-09-19 00:11:40,322 - Epoch [3/10], Train Loss: -0.0040
2024-09-19 00:11:40,322 - Epoch [3/10], Val Loss: -0.0044
2024-09-19 00:12:15,225 - Metric : 0.0932
2024-09-19 00:12:16,337 - Metric : 0.0661
2024-09-19 00:12:16,338 - Epoch [4/10], Train Loss: -0.0070
2024-09-19 00:12:16,338 - Epoch [4/10], Val Loss: -0.0519
2024-09-19 00:12:51,284 - Metric : -0.0654
2024-09-19 00:12:52,422 - Metric : 0.0460
2024-09-19 00:12:52,422 - Epoch [5/10], Train Loss: -0.0187
2024-09-19 00:12:52,423 - Epoch [5/10], Val Loss: -0.1251
2024-09-19 00:12:55,135 - Saved best model with Val Loss: -0.1251
2024-09-19 00:13:30,096 - Metric : -0.1026
2024-09-19 00:13:31,227 - Metric : 0.0916
2024-09-19 00:13:31,227 - Epoch [6/10], Train Loss: -0.0055
2024-09-19 00:13:31,227 - Epoch [6/10], Val Loss: -0.0249
2024-09-19 00:14:06,233 - Metric : -0.0003
2024-09-19 00:14:07,366 - Metric : -0.2072
2024-09-19 00:14:07,366 - Epoch [7/10], Train Loss: 0.0003
2024-09-19 00:14:07,366 - Epoch [7/10], Val Loss: -0.0582
2024-09-19 00:14:42,246 - Metric : 0.0057
2024-09-19 00:14:43,399 - Metric : -0.0319
2024-09-19 00:14:43,399 - Epoch [8/10], Train Loss: -0.0048
2024-09-19 00:14:43,399 - Epoch [8/10], Val Loss: 0.0848
2024-09-19 00:15:18,436 - Metric : -0.0808
2024-09-19 00:15:19,581 - Metric : 0.1997
2024-09-19 00:15:19,582 - Epoch [9/10], Train Loss: -0.0055
2024-09-19 00:15:19,582 - Epoch [9/10], Val Loss: -0.0467
2024-09-19 00:15:54,443 - Metric : -0.0157
2024-09-19 00:15:55,594 - Metric : 0.0723
2024-09-19 00:15:55,595 - Epoch [10/10], Train Loss: -0.0189
2024-09-19 00:15:55,595 - Epoch [10/10], Val Loss: -0.0046
2024-09-19 00:20:23,200 - Metric Average : 0.0252
2024-09-19 00:20:24,323 - Metric Average : 0.0165
2024-09-19 00:20:24,323 - Epoch [1/10], Train Loss: -0.0250
2024-09-19 00:20:24,323 - Epoch [1/10], Val Loss: -0.0176
2024-09-19 00:20:26,939 - Saved best model with Val Loss: -0.0176
2024-09-19 00:21:01,600 - Metric Average : 0.0154
2024-09-19 00:21:02,750 - Metric Average : 0.1210
2024-09-19 00:21:02,750 - Epoch [2/10], Train Loss: -0.0153
2024-09-19 00:21:02,750 - Epoch [2/10], Val Loss: -0.1191
2024-09-19 00:21:05,723 - Saved best model with Val Loss: -0.1191
2024-09-19 00:21:40,157 - Metric Average : -0.0042
2024-09-19 00:21:41,308 - Metric Average : -0.0088
2024-09-19 00:21:41,309 - Epoch [3/10], Train Loss: 0.0041
2024-09-19 00:21:41,309 - Epoch [3/10], Val Loss: 0.0088
2024-09-19 00:22:16,076 - Metric Average : -0.0104
2024-09-19 00:22:17,218 - Metric Average : -0.0116
2024-09-19 00:22:17,218 - Epoch [4/10], Train Loss: 0.0103
2024-09-19 00:22:17,218 - Epoch [4/10], Val Loss: 0.0120
2024-09-19 00:22:51,929 - Metric Average : -0.0021
2024-09-19 00:22:53,066 - Metric Average : 0.0367
2024-09-19 00:22:53,066 - Epoch [5/10], Train Loss: 0.0021
2024-09-19 00:22:53,066 - Epoch [5/10], Val Loss: -0.0352
2024-09-19 00:23:28,022 - Metric Average : -0.0015
2024-09-19 00:23:29,168 - Metric Average : 0.0362
2024-09-19 00:23:29,169 - Epoch [6/10], Train Loss: 0.0015
2024-09-19 00:23:29,169 - Epoch [6/10], Val Loss: -0.0356
2024-09-19 00:24:03,642 - Metric Average : 0.0186
2024-09-19 00:24:04,758 - Metric Average : nan
2024-09-19 00:24:04,759 - Epoch [7/10], Train Loss: -0.0184
2024-09-19 00:24:04,759 - Epoch [7/10], Val Loss: nan
2024-09-19 00:24:39,476 - Metric Average : 0.0003
2024-09-19 00:24:40,590 - Metric Average : 0.0769
2024-09-19 00:24:40,590 - Epoch [8/10], Train Loss: -0.0003
2024-09-19 00:24:40,590 - Epoch [8/10], Val Loss: -0.0582
2024-09-19 00:25:15,620 - Metric Average : -0.0009
2024-09-19 00:25:16,790 - Metric Average : -0.0159
2024-09-19 00:25:16,790 - Epoch [9/10], Train Loss: 0.0009
2024-09-19 00:25:16,791 - Epoch [9/10], Val Loss: 0.0162
2024-09-19 00:25:51,729 - Metric Average : 0.0074
2024-09-19 00:25:52,894 - Metric Average : -0.0135
2024-09-19 00:25:52,894 - Epoch [10/10], Train Loss: -0.0073
2024-09-19 00:25:52,895 - Epoch [10/10], Val Loss: 0.0136
2024-09-19 00:33:13,329 - Epoch [1/10], Train Loss: -0.0032
2024-09-19 00:33:13,329 - Epoch [1/10], Train metric average : 0.0032
2024-09-19 00:33:13,329 - Epoch [1/10], Val Loss: -0.1149
2024-09-19 00:33:13,329 - Epoch [1/10], Val metric average : 0.1167
2024-09-19 00:33:16,006 - Saved best model with Val Loss: -0.1149
2024-09-19 00:35:52,669 - Epoch [1/10], Train Loss: 0.0004
2024-09-19 00:35:52,670 - Epoch [1/10], Train metric average : -0.0004
2024-09-19 00:35:52,670 - Epoch [1/10], Val Loss: 0.0426
2024-09-19 00:35:52,670 - Epoch [1/10], Val metric average : -0.0432
2024-09-19 00:35:55,180 - Saved best model with Val Loss: 0.0426
2024-09-19 00:36:31,364 - Epoch [2/10], Train Loss: 0.0021
2024-09-19 00:36:31,365 - Epoch [2/10], Train metric average : -0.0022
2024-09-19 00:36:31,365 - Epoch [2/10], Val Loss: 0.1225
2024-09-19 00:36:31,365 - Epoch [2/10], Val metric average : -0.1243
2024-09-19 00:37:07,141 - Epoch [3/10], Train Loss: 0.0170
2024-09-19 00:37:07,141 - Epoch [3/10], Train metric average : -0.0171
2024-09-19 00:37:07,141 - Epoch [3/10], Val Loss: 0.0122
2024-09-19 00:37:07,141 - Epoch [3/10], Val metric average : -0.0131
2024-09-19 00:37:09,582 - Saved best model with Val Loss: 0.0122
2024-09-19 00:37:45,808 - Epoch [4/10], Train Loss: -0.0230
2024-09-19 00:37:45,808 - Epoch [4/10], Train metric average : 0.0231
2024-09-19 00:37:45,808 - Epoch [4/10], Val Loss: nan
2024-09-19 00:37:45,808 - Epoch [4/10], Val metric average : nan
2024-09-19 00:38:22,206 - Epoch [5/10], Train Loss: -0.0045
2024-09-19 00:38:22,206 - Epoch [5/10], Train metric average : 0.0045
2024-09-19 00:38:22,206 - Epoch [5/10], Val Loss: -0.0651
2024-09-19 00:38:22,206 - Epoch [5/10], Val metric average : 0.0655
2024-09-19 00:38:24,714 - Saved best model with Val Loss: -0.0651
2024-09-19 00:39:01,016 - Epoch [6/10], Train Loss: 0.0131
2024-09-19 00:39:01,017 - Epoch [6/10], Train metric average : -0.0132
2024-09-19 00:39:01,017 - Epoch [6/10], Val Loss: -0.1401
2024-09-19 00:39:01,017 - Epoch [6/10], Val metric average : 0.1486
2024-09-19 00:39:03,540 - Saved best model with Val Loss: -0.1401
2024-09-19 00:39:39,625 - Epoch [7/10], Train Loss: 0.0169
2024-09-19 00:39:39,625 - Epoch [7/10], Train metric average : -0.0170
2024-09-19 00:39:39,625 - Epoch [7/10], Val Loss: -0.0007
2024-09-19 00:39:39,625 - Epoch [7/10], Val metric average : -0.0002
2024-09-19 00:40:15,782 - Epoch [8/10], Train Loss: 0.0037
2024-09-19 00:40:15,782 - Epoch [8/10], Train metric average : -0.0037
2024-09-19 00:40:15,783 - Epoch [8/10], Val Loss: -0.0270
2024-09-19 00:40:15,783 - Epoch [8/10], Val metric average : 0.0300
2024-09-19 00:40:51,852 - Epoch [9/10], Train Loss: -0.0042
2024-09-19 00:40:51,853 - Epoch [9/10], Train metric average : 0.0043
2024-09-19 00:40:51,853 - Epoch [9/10], Val Loss: -0.0027
2024-09-19 00:40:51,853 - Epoch [9/10], Val metric average : 0.0033
2024-09-19 00:41:28,154 - Epoch [10/10], Train Loss: 0.0104
2024-09-19 00:41:28,155 - Epoch [10/10], Train metric average : -0.0105
2024-09-19 00:41:28,155 - Epoch [10/10], Val Loss: 0.0733
2024-09-19 00:41:28,155 - Epoch [10/10], Val metric average : -0.0736
