2024-09-24 11:02:23,786 - Epoch [1/1000], Train Loss: 3.2490
2024-09-24 11:02:23,787 - Epoch [1/1000], Train metric : 0.1550
2024-09-24 11:02:23,787 - Epoch [1/1000], Val Loss: 2.9039
2024-09-24 11:02:23,787 - Epoch [1/1000], Val metric : 0.2451
2024-09-24 11:02:25,937 - Saved best model with Val Loss: 2.9039
2024-09-24 11:03:01,586 - Epoch [2/1000], Train Loss: 2.7743
2024-09-24 11:03:01,586 - Epoch [2/1000], Train metric : 0.3611
2024-09-24 11:03:01,586 - Epoch [2/1000], Val Loss: 2.8648
2024-09-24 11:03:01,586 - Epoch [2/1000], Val metric : 0.4055
2024-09-24 11:03:09,458 - Saved best model with Val Loss: 2.8648
2024-09-24 11:03:44,903 - Epoch [3/1000], Train Loss: 2.6368
2024-09-24 11:03:44,903 - Epoch [3/1000], Train metric : 0.4241
2024-09-24 11:03:44,903 - Epoch [3/1000], Val Loss: 2.5791
2024-09-24 11:03:44,903 - Epoch [3/1000], Val metric : 0.4087
2024-09-24 11:03:52,832 - Saved best model with Val Loss: 2.5791
2024-09-24 11:04:28,218 - Epoch [4/1000], Train Loss: 2.5624
2024-09-24 11:04:28,218 - Epoch [4/1000], Train metric : 0.4548
2024-09-24 11:04:28,218 - Epoch [4/1000], Val Loss: 2.5485
2024-09-24 11:04:28,218 - Epoch [4/1000], Val metric : 0.4623
2024-09-24 11:04:35,892 - Saved best model with Val Loss: 2.5485
2024-09-24 11:05:11,273 - Epoch [5/1000], Train Loss: 2.5034
2024-09-24 11:05:11,274 - Epoch [5/1000], Train metric : 0.4783
2024-09-24 11:05:11,274 - Epoch [5/1000], Val Loss: 2.6617
2024-09-24 11:05:11,274 - Epoch [5/1000], Val metric : 0.4749
2024-09-24 11:05:46,750 - Epoch [6/1000], Train Loss: 2.4594
2024-09-24 11:05:46,750 - Epoch [6/1000], Train metric : 0.4944
2024-09-24 11:05:46,750 - Epoch [6/1000], Val Loss: 2.5186
2024-09-24 11:05:46,751 - Epoch [6/1000], Val metric : 0.4628
2024-09-24 11:05:55,696 - Saved best model with Val Loss: 2.5186
2024-09-24 11:06:31,079 - Epoch [7/1000], Train Loss: 2.4239
2024-09-24 11:06:31,079 - Epoch [7/1000], Train metric : 0.5060
2024-09-24 11:06:31,080 - Epoch [7/1000], Val Loss: 2.2975
2024-09-24 11:06:31,080 - Epoch [7/1000], Val metric : 0.5159
2024-09-24 11:06:39,883 - Saved best model with Val Loss: 2.2975
2024-09-24 11:07:15,455 - Epoch [8/1000], Train Loss: 2.4034
2024-09-24 11:07:15,455 - Epoch [8/1000], Train metric : 0.5132
2024-09-24 11:07:15,455 - Epoch [8/1000], Val Loss: 2.4740
2024-09-24 11:07:15,455 - Epoch [8/1000], Val metric : 0.4798
2024-09-24 11:07:50,959 - Epoch [9/1000], Train Loss: 2.3797
2024-09-24 11:07:50,960 - Epoch [9/1000], Train metric : 0.5224
2024-09-24 11:07:50,960 - Epoch [9/1000], Val Loss: 2.4372
2024-09-24 11:07:50,960 - Epoch [9/1000], Val metric : 0.4664
2024-09-24 11:08:26,565 - Epoch [10/1000], Train Loss: 2.3541
2024-09-24 11:08:26,566 - Epoch [10/1000], Train metric : 0.5297
2024-09-24 11:08:26,566 - Epoch [10/1000], Val Loss: 2.4125
2024-09-24 11:08:26,566 - Epoch [10/1000], Val metric : 0.4863
2024-09-24 11:09:02,150 - Epoch [11/1000], Train Loss: 2.3384
2024-09-24 11:09:02,150 - Epoch [11/1000], Train metric : 0.5349
2024-09-24 11:09:02,150 - Epoch [11/1000], Val Loss: 2.2130
2024-09-24 11:09:02,151 - Epoch [11/1000], Val metric : 0.5229
2024-09-24 11:09:11,107 - Saved best model with Val Loss: 2.2130
2024-09-24 11:09:46,491 - Epoch [12/1000], Train Loss: 2.3299
2024-09-24 11:09:46,492 - Epoch [12/1000], Train metric : 0.5358
2024-09-24 11:09:46,492 - Epoch [12/1000], Val Loss: 2.3124
2024-09-24 11:09:46,492 - Epoch [12/1000], Val metric : 0.5032
2024-09-24 11:10:22,015 - Epoch [13/1000], Train Loss: 2.3103
2024-09-24 11:10:22,016 - Epoch [13/1000], Train metric : 0.5437
2024-09-24 11:10:22,016 - Epoch [13/1000], Val Loss: 2.2887
2024-09-24 11:10:22,016 - Epoch [13/1000], Val metric : 0.5140
2024-09-24 11:10:57,555 - Epoch [14/1000], Train Loss: 2.3021
2024-09-24 11:10:57,555 - Epoch [14/1000], Train metric : 0.5472
2024-09-24 11:10:57,555 - Epoch [14/1000], Val Loss: 2.3491
2024-09-24 11:10:57,555 - Epoch [14/1000], Val metric : 0.4793
2024-09-24 11:11:33,118 - Epoch [15/1000], Train Loss: 2.2990
2024-09-24 11:11:33,119 - Epoch [15/1000], Train metric : 0.5462
2024-09-24 11:11:33,119 - Epoch [15/1000], Val Loss: 2.3515
2024-09-24 11:11:33,119 - Epoch [15/1000], Val metric : 0.5267
2024-09-24 11:12:08,693 - Epoch [16/1000], Train Loss: 2.2933
2024-09-24 11:12:08,693 - Epoch [16/1000], Train metric : 0.5486
2024-09-24 11:12:08,693 - Epoch [16/1000], Val Loss: 2.2363
2024-09-24 11:12:08,693 - Epoch [16/1000], Val metric : 0.5340
2024-09-24 11:12:44,309 - Epoch [17/1000], Train Loss: 2.2727
2024-09-24 11:12:44,310 - Epoch [17/1000], Train metric : 0.5576
2024-09-24 11:12:44,310 - Epoch [17/1000], Val Loss: 2.3813
2024-09-24 11:12:44,310 - Epoch [17/1000], Val metric : 0.5118
2024-09-24 11:13:19,926 - Epoch [18/1000], Train Loss: 2.2776
2024-09-24 11:13:19,926 - Epoch [18/1000], Train metric : 0.5568
2024-09-24 11:13:19,926 - Epoch [18/1000], Val Loss: 2.2757
2024-09-24 11:13:19,926 - Epoch [18/1000], Val metric : 0.5032
2024-09-24 11:13:55,561 - Epoch [19/1000], Train Loss: 2.2638
2024-09-24 11:13:55,561 - Epoch [19/1000], Train metric : 0.5578
2024-09-24 11:13:55,561 - Epoch [19/1000], Val Loss: 2.3950
2024-09-24 11:13:55,561 - Epoch [19/1000], Val metric : 0.5042
2024-09-24 11:14:31,131 - Epoch [20/1000], Train Loss: 2.2648
2024-09-24 11:14:31,131 - Epoch [20/1000], Train metric : 0.5592
2024-09-24 11:14:31,131 - Epoch [20/1000], Val Loss: 2.3003
2024-09-24 11:14:31,131 - Epoch [20/1000], Val metric : 0.5216
2024-09-24 11:15:06,748 - Epoch [21/1000], Train Loss: 2.2590
2024-09-24 11:15:06,748 - Epoch [21/1000], Train metric : 0.5610
2024-09-24 11:15:06,748 - Epoch [21/1000], Val Loss: 2.4032
2024-09-24 11:15:06,748 - Epoch [21/1000], Val metric : 0.5095
2024-09-24 11:15:42,603 - Epoch [22/1000], Train Loss: 2.2626
2024-09-24 11:15:42,603 - Epoch [22/1000], Train metric : 0.5582
2024-09-24 11:15:42,603 - Epoch [22/1000], Val Loss: 2.2868
2024-09-24 11:15:42,603 - Epoch [22/1000], Val metric : 0.5269
2024-09-24 11:16:18,350 - Epoch [23/1000], Train Loss: 2.2459
2024-09-24 11:16:18,350 - Epoch [23/1000], Train metric : 0.5649
2024-09-24 11:16:18,350 - Epoch [23/1000], Val Loss: 2.2236
2024-09-24 11:16:18,350 - Epoch [23/1000], Val metric : 0.5247
2024-09-24 11:16:53,916 - Epoch [24/1000], Train Loss: 2.2551
2024-09-24 11:16:53,917 - Epoch [24/1000], Train metric : 0.5620
2024-09-24 11:16:53,917 - Epoch [24/1000], Val Loss: 2.2773
2024-09-24 11:16:53,917 - Epoch [24/1000], Val metric : 0.5222
2024-09-24 11:17:29,512 - Epoch [25/1000], Train Loss: 2.2520
2024-09-24 11:17:29,513 - Epoch [25/1000], Train metric : 0.5621
2024-09-24 11:17:29,513 - Epoch [25/1000], Val Loss: 2.3100
2024-09-24 11:17:29,513 - Epoch [25/1000], Val metric : 0.5444
2024-09-24 11:18:05,095 - Epoch [26/1000], Train Loss: 2.2359
2024-09-24 11:18:05,095 - Epoch [26/1000], Train metric : 0.5680
2024-09-24 11:18:05,095 - Epoch [26/1000], Val Loss: 2.3447
2024-09-24 11:18:05,095 - Epoch [26/1000], Val metric : 0.5368
2024-09-24 11:18:40,638 - Epoch [27/1000], Train Loss: 2.2429
2024-09-24 11:18:40,638 - Epoch [27/1000], Train metric : 0.5656
2024-09-24 11:18:40,638 - Epoch [27/1000], Val Loss: 2.1292
2024-09-24 11:18:40,638 - Epoch [27/1000], Val metric : 0.5486
2024-09-24 11:18:48,786 - Saved best model with Val Loss: 2.1292
2024-09-24 11:19:24,164 - Epoch [28/1000], Train Loss: 2.2364
2024-09-24 11:19:24,164 - Epoch [28/1000], Train metric : 0.5661
2024-09-24 11:19:24,164 - Epoch [28/1000], Val Loss: 2.2560
2024-09-24 11:19:24,164 - Epoch [28/1000], Val metric : 0.5111
2024-09-24 11:19:59,696 - Epoch [29/1000], Train Loss: 2.2369
2024-09-24 11:19:59,696 - Epoch [29/1000], Train metric : 0.5678
2024-09-24 11:19:59,696 - Epoch [29/1000], Val Loss: 2.3018
2024-09-24 11:19:59,696 - Epoch [29/1000], Val metric : 0.5239
2024-09-24 11:20:35,263 - Epoch [30/1000], Train Loss: 2.2304
2024-09-24 11:20:35,263 - Epoch [30/1000], Train metric : 0.5694
2024-09-24 11:20:35,263 - Epoch [30/1000], Val Loss: 2.2785
2024-09-24 11:20:35,263 - Epoch [30/1000], Val metric : 0.5469
2024-09-24 11:21:10,815 - Epoch [31/1000], Train Loss: 2.2467
2024-09-24 11:21:10,815 - Epoch [31/1000], Train metric : 0.5646
2024-09-24 11:21:10,815 - Epoch [31/1000], Val Loss: 2.2654
2024-09-24 11:21:10,815 - Epoch [31/1000], Val metric : 0.5470
2024-09-24 11:21:46,383 - Epoch [32/1000], Train Loss: 2.2365
2024-09-24 11:21:46,383 - Epoch [32/1000], Train metric : 0.5662
2024-09-24 11:21:46,383 - Epoch [32/1000], Val Loss: 2.3259
2024-09-24 11:21:46,383 - Epoch [32/1000], Val metric : 0.5356
2024-09-24 11:22:21,953 - Epoch [33/1000], Train Loss: 2.2423
2024-09-24 11:22:21,953 - Epoch [33/1000], Train metric : 0.5665
2024-09-24 11:22:21,953 - Epoch [33/1000], Val Loss: 2.2150
2024-09-24 11:22:21,953 - Epoch [33/1000], Val metric : 0.5215
2024-09-24 11:22:57,492 - Epoch [34/1000], Train Loss: 2.2289
2024-09-24 11:22:57,492 - Epoch [34/1000], Train metric : 0.5715
2024-09-24 11:22:57,492 - Epoch [34/1000], Val Loss: 2.2442
2024-09-24 11:22:57,492 - Epoch [34/1000], Val metric : 0.5044
2024-09-24 11:23:33,039 - Epoch [35/1000], Train Loss: 2.2272
2024-09-24 11:23:33,039 - Epoch [35/1000], Train metric : 0.5676
2024-09-24 11:23:33,039 - Epoch [35/1000], Val Loss: 2.2836
2024-09-24 11:23:33,039 - Epoch [35/1000], Val metric : 0.5070
2024-09-24 11:24:08,609 - Epoch [36/1000], Train Loss: 2.2250
2024-09-24 11:24:08,609 - Epoch [36/1000], Train metric : 0.5687
2024-09-24 11:24:08,609 - Epoch [36/1000], Val Loss: 2.2632
2024-09-24 11:24:08,609 - Epoch [36/1000], Val metric : 0.5038
2024-09-24 11:24:44,159 - Epoch [37/1000], Train Loss: 2.2263
2024-09-24 11:24:44,159 - Epoch [37/1000], Train metric : 0.5717
2024-09-24 11:24:44,159 - Epoch [37/1000], Val Loss: 2.2536
2024-09-24 11:24:44,159 - Epoch [37/1000], Val metric : 0.5253
2024-09-24 11:25:19,725 - Epoch [38/1000], Train Loss: 2.2277
2024-09-24 11:25:19,725 - Epoch [38/1000], Train metric : 0.5682
2024-09-24 11:25:19,725 - Epoch [38/1000], Val Loss: 2.2792
2024-09-24 11:25:19,725 - Epoch [38/1000], Val metric : 0.5270
2024-09-24 11:25:55,437 - Epoch [39/1000], Train Loss: 2.2308
2024-09-24 11:25:55,438 - Epoch [39/1000], Train metric : 0.5686
2024-09-24 11:25:55,438 - Epoch [39/1000], Val Loss: 2.2390
2024-09-24 11:25:55,438 - Epoch [39/1000], Val metric : 0.5366
2024-09-24 11:26:31,014 - Epoch [40/1000], Train Loss: 2.2256
2024-09-24 11:26:31,014 - Epoch [40/1000], Train metric : 0.5697
2024-09-24 11:26:31,014 - Epoch [40/1000], Val Loss: 2.2827
2024-09-24 11:26:31,014 - Epoch [40/1000], Val metric : 0.5139
2024-09-24 11:27:06,573 - Epoch [41/1000], Train Loss: 2.2373
2024-09-24 11:27:06,573 - Epoch [41/1000], Train metric : 0.5672
2024-09-24 11:27:06,573 - Epoch [41/1000], Val Loss: 2.2510
2024-09-24 11:27:06,573 - Epoch [41/1000], Val metric : 0.5363
2024-09-24 11:27:42,339 - Epoch [42/1000], Train Loss: 2.2312
2024-09-24 11:27:42,340 - Epoch [42/1000], Train metric : 0.5688
2024-09-24 11:27:42,340 - Epoch [42/1000], Val Loss: 2.3388
2024-09-24 11:27:42,340 - Epoch [42/1000], Val metric : 0.5075
2024-09-24 11:28:17,883 - Epoch [43/1000], Train Loss: 2.2236
2024-09-24 11:28:17,884 - Epoch [43/1000], Train metric : 0.5711
2024-09-24 11:28:17,884 - Epoch [43/1000], Val Loss: 2.3543
2024-09-24 11:28:17,884 - Epoch [43/1000], Val metric : 0.5158
2024-09-24 11:28:53,428 - Epoch [44/1000], Train Loss: 2.2321
2024-09-24 11:28:53,428 - Epoch [44/1000], Train metric : 0.5673
2024-09-24 11:28:53,428 - Epoch [44/1000], Val Loss: 2.2476
2024-09-24 11:28:53,428 - Epoch [44/1000], Val metric : 0.5390
2024-09-24 11:29:29,001 - Epoch [45/1000], Train Loss: 2.2213
2024-09-24 11:29:29,001 - Epoch [45/1000], Train metric : 0.5734
2024-09-24 11:29:29,001 - Epoch [45/1000], Val Loss: 2.2780
2024-09-24 11:29:29,001 - Epoch [45/1000], Val metric : 0.5374
2024-09-24 11:30:04,522 - Epoch [46/1000], Train Loss: 2.2215
2024-09-24 11:30:04,523 - Epoch [46/1000], Train metric : 0.5726
2024-09-24 11:30:04,523 - Epoch [46/1000], Val Loss: 2.2491
2024-09-24 11:30:04,523 - Epoch [46/1000], Val metric : 0.5100
2024-09-24 11:30:40,077 - Epoch [47/1000], Train Loss: 2.2301
2024-09-24 11:30:40,077 - Epoch [47/1000], Train metric : 0.5697
2024-09-24 11:30:40,077 - Epoch [47/1000], Val Loss: 2.2921
2024-09-24 11:30:40,077 - Epoch [47/1000], Val metric : 0.4997
2024-09-24 11:31:15,691 - Epoch [48/1000], Train Loss: 2.2243
2024-09-24 11:31:15,691 - Epoch [48/1000], Train metric : 0.5711
2024-09-24 11:31:15,691 - Epoch [48/1000], Val Loss: 2.2287
2024-09-24 11:31:15,691 - Epoch [48/1000], Val metric : 0.5547
2024-09-24 11:31:51,278 - Epoch [49/1000], Train Loss: 2.2184
2024-09-24 11:31:51,278 - Epoch [49/1000], Train metric : 0.5723
2024-09-24 11:31:51,279 - Epoch [49/1000], Val Loss: 2.3008
2024-09-24 11:31:51,279 - Epoch [49/1000], Val metric : 0.5249
2024-09-24 11:32:26,857 - Epoch [50/1000], Train Loss: 2.2324
2024-09-24 11:32:26,857 - Epoch [50/1000], Train metric : 0.5684
2024-09-24 11:32:26,857 - Epoch [50/1000], Val Loss: 2.1620
2024-09-24 11:32:26,857 - Epoch [50/1000], Val metric : 0.5556
2024-09-24 11:33:02,474 - Epoch [51/1000], Train Loss: 2.2163
2024-09-24 11:33:02,474 - Epoch [51/1000], Train metric : 0.5741
2024-09-24 11:33:02,474 - Epoch [51/1000], Val Loss: 2.2280
2024-09-24 11:33:02,474 - Epoch [51/1000], Val metric : 0.5287
2024-09-24 11:33:38,078 - Epoch [52/1000], Train Loss: 2.2149
2024-09-24 11:33:38,079 - Epoch [52/1000], Train metric : 0.5750
2024-09-24 11:33:38,079 - Epoch [52/1000], Val Loss: 2.3835
2024-09-24 11:33:38,079 - Epoch [52/1000], Val metric : 0.4971
2024-09-24 11:34:13,594 - Epoch [53/1000], Train Loss: 2.2318
2024-09-24 11:34:13,594 - Epoch [53/1000], Train metric : 0.5696
2024-09-24 11:34:13,594 - Epoch [53/1000], Val Loss: 2.3005
2024-09-24 11:34:13,594 - Epoch [53/1000], Val metric : 0.5342
2024-09-24 11:34:49,257 - Epoch [54/1000], Train Loss: 2.2181
2024-09-24 11:34:49,257 - Epoch [54/1000], Train metric : 0.5747
2024-09-24 11:34:49,257 - Epoch [54/1000], Val Loss: 2.2061
2024-09-24 11:34:49,257 - Epoch [54/1000], Val metric : 0.5527
2024-09-24 11:35:24,753 - Epoch [55/1000], Train Loss: 2.2279
2024-09-24 11:35:24,753 - Epoch [55/1000], Train metric : 0.5709
2024-09-24 11:35:24,753 - Epoch [55/1000], Val Loss: 2.1806
2024-09-24 11:35:24,753 - Epoch [55/1000], Val metric : 0.5334
2024-09-24 11:36:00,269 - Epoch [56/1000], Train Loss: 2.2299
2024-09-24 11:36:00,270 - Epoch [56/1000], Train metric : 0.5691
2024-09-24 11:36:00,270 - Epoch [56/1000], Val Loss: 2.2302
2024-09-24 11:36:00,270 - Epoch [56/1000], Val metric : 0.5374
2024-09-24 11:36:35,863 - Epoch [57/1000], Train Loss: 2.2191
2024-09-24 11:36:35,863 - Epoch [57/1000], Train metric : 0.5728
2024-09-24 11:36:35,863 - Epoch [57/1000], Val Loss: 2.2241
2024-09-24 11:36:35,863 - Epoch [57/1000], Val metric : 0.5283
2024-09-24 11:37:11,450 - Epoch [58/1000], Train Loss: 2.2276
2024-09-24 11:37:11,450 - Epoch [58/1000], Train metric : 0.5696
2024-09-24 11:37:11,450 - Epoch [58/1000], Val Loss: 2.2995
2024-09-24 11:37:11,450 - Epoch [58/1000], Val metric : 0.5277
2024-09-24 11:37:46,953 - Epoch [59/1000], Train Loss: 2.2342
2024-09-24 11:37:46,953 - Epoch [59/1000], Train metric : 0.5682
2024-09-24 11:37:46,953 - Epoch [59/1000], Val Loss: 2.1807
2024-09-24 11:37:46,953 - Epoch [59/1000], Val metric : 0.5458
2024-09-24 11:38:22,448 - Epoch [60/1000], Train Loss: 2.2281
2024-09-24 11:38:22,449 - Epoch [60/1000], Train metric : 0.5670
2024-09-24 11:38:22,449 - Epoch [60/1000], Val Loss: 2.2262
2024-09-24 11:38:22,449 - Epoch [60/1000], Val metric : 0.5143
2024-09-24 11:38:57,941 - Epoch [61/1000], Train Loss: 2.2258
2024-09-24 11:38:57,941 - Epoch [61/1000], Train metric : 0.5704
2024-09-24 11:38:57,941 - Epoch [61/1000], Val Loss: 2.2354
2024-09-24 11:38:57,941 - Epoch [61/1000], Val metric : 0.5427
2024-09-24 11:39:33,686 - Epoch [62/1000], Train Loss: 2.2198
2024-09-24 11:39:33,687 - Epoch [62/1000], Train metric : 0.5726
2024-09-24 11:39:33,687 - Epoch [62/1000], Val Loss: 2.2009
2024-09-24 11:39:33,687 - Epoch [62/1000], Val metric : 0.5203
2024-09-24 11:40:09,214 - Epoch [63/1000], Train Loss: 2.2266
2024-09-24 11:40:09,214 - Epoch [63/1000], Train metric : 0.5697
2024-09-24 11:40:09,214 - Epoch [63/1000], Val Loss: 2.2388
2024-09-24 11:40:09,214 - Epoch [63/1000], Val metric : 0.5417
2024-09-24 11:40:44,742 - Epoch [64/1000], Train Loss: 2.2292
2024-09-24 11:40:44,742 - Epoch [64/1000], Train metric : 0.5709
2024-09-24 11:40:44,742 - Epoch [64/1000], Val Loss: 2.2688
2024-09-24 11:40:44,742 - Epoch [64/1000], Val metric : 0.5298
2024-09-24 11:41:20,268 - Epoch [65/1000], Train Loss: 2.2240
2024-09-24 11:41:20,268 - Epoch [65/1000], Train metric : 0.5710
2024-09-24 11:41:20,268 - Epoch [65/1000], Val Loss: 2.2305
2024-09-24 11:41:20,268 - Epoch [65/1000], Val metric : 0.5485
2024-09-24 11:41:55,842 - Epoch [66/1000], Train Loss: 2.2138
2024-09-24 11:41:55,843 - Epoch [66/1000], Train metric : 0.5753
2024-09-24 11:41:55,843 - Epoch [66/1000], Val Loss: 2.2340
2024-09-24 11:41:55,843 - Epoch [66/1000], Val metric : 0.5393
2024-09-24 11:42:31,363 - Epoch [67/1000], Train Loss: 2.2225
2024-09-24 11:42:31,364 - Epoch [67/1000], Train metric : 0.5723
2024-09-24 11:42:31,364 - Epoch [67/1000], Val Loss: 2.2375
2024-09-24 11:42:31,364 - Epoch [67/1000], Val metric : 0.5443
2024-09-24 11:43:06,899 - Epoch [68/1000], Train Loss: 2.2384
2024-09-24 11:43:06,899 - Epoch [68/1000], Train metric : 0.5652
2024-09-24 11:43:06,899 - Epoch [68/1000], Val Loss: 2.2466
2024-09-24 11:43:06,899 - Epoch [68/1000], Val metric : 0.5528
2024-09-24 11:43:42,572 - Epoch [69/1000], Train Loss: 2.2150
2024-09-24 11:43:42,572 - Epoch [69/1000], Train metric : 0.5734
2024-09-24 11:43:42,572 - Epoch [69/1000], Val Loss: 2.2455
2024-09-24 11:43:42,572 - Epoch [69/1000], Val metric : 0.5423
2024-09-24 11:44:18,092 - Epoch [70/1000], Train Loss: 2.2090
2024-09-24 11:44:18,092 - Epoch [70/1000], Train metric : 0.5781
2024-09-24 11:44:18,092 - Epoch [70/1000], Val Loss: 2.2590
2024-09-24 11:44:18,092 - Epoch [70/1000], Val metric : 0.5267
2024-09-24 11:44:53,606 - Epoch [71/1000], Train Loss: 2.2300
2024-09-24 11:44:53,606 - Epoch [71/1000], Train metric : 0.5683
2024-09-24 11:44:53,606 - Epoch [71/1000], Val Loss: 2.2656
2024-09-24 11:44:53,606 - Epoch [71/1000], Val metric : 0.5241
2024-09-24 11:45:29,108 - Epoch [72/1000], Train Loss: 2.2192
2024-09-24 11:45:29,108 - Epoch [72/1000], Train metric : 0.5727
2024-09-24 11:45:29,108 - Epoch [72/1000], Val Loss: 2.3125
2024-09-24 11:45:29,108 - Epoch [72/1000], Val metric : 0.5166
2024-09-24 11:46:04,673 - Epoch [73/1000], Train Loss: 2.2181
2024-09-24 11:46:04,673 - Epoch [73/1000], Train metric : 0.5738
2024-09-24 11:46:04,673 - Epoch [73/1000], Val Loss: 2.2029
2024-09-24 11:46:04,673 - Epoch [73/1000], Val metric : 0.5500
2024-09-24 11:46:40,187 - Epoch [74/1000], Train Loss: 2.2237
2024-09-24 11:46:40,187 - Epoch [74/1000], Train metric : 0.5716
2024-09-24 11:46:40,187 - Epoch [74/1000], Val Loss: 2.2262
2024-09-24 11:46:40,187 - Epoch [74/1000], Val metric : 0.5530
2024-09-24 11:47:15,695 - Epoch [75/1000], Train Loss: 2.2198
2024-09-24 11:47:15,696 - Epoch [75/1000], Train metric : 0.5718
2024-09-24 11:47:15,696 - Epoch [75/1000], Val Loss: 2.2883
2024-09-24 11:47:15,696 - Epoch [75/1000], Val metric : 0.5296
2024-09-24 11:47:51,210 - Epoch [76/1000], Train Loss: 2.2358
2024-09-24 11:47:51,210 - Epoch [76/1000], Train metric : 0.5667
2024-09-24 11:47:51,210 - Epoch [76/1000], Val Loss: 2.2165
2024-09-24 11:47:51,210 - Epoch [76/1000], Val metric : 0.5311
2024-09-24 11:48:26,736 - Epoch [77/1000], Train Loss: 2.2263
2024-09-24 11:48:26,737 - Epoch [77/1000], Train metric : 0.5679
2024-09-24 11:48:26,737 - Epoch [77/1000], Val Loss: 2.2082
2024-09-24 11:48:26,737 - Epoch [77/1000], Val metric : 0.5529
2024-09-24 11:49:02,241 - Epoch [78/1000], Train Loss: 2.2231
2024-09-24 11:49:02,242 - Epoch [78/1000], Train metric : 0.5725
2024-09-24 11:49:02,242 - Epoch [78/1000], Val Loss: 2.1794
2024-09-24 11:49:02,242 - Epoch [78/1000], Val metric : 0.5583
2024-09-24 11:49:37,757 - Epoch [79/1000], Train Loss: 2.2136
2024-09-24 11:49:37,758 - Epoch [79/1000], Train metric : 0.5742
2024-09-24 11:49:37,758 - Epoch [79/1000], Val Loss: 2.2980
2024-09-24 11:49:37,758 - Epoch [79/1000], Val metric : 0.5212
2024-09-24 11:50:13,265 - Epoch [80/1000], Train Loss: 2.2291
2024-09-24 11:50:13,265 - Epoch [80/1000], Train metric : 0.5699
2024-09-24 11:50:13,265 - Epoch [80/1000], Val Loss: 2.2156
2024-09-24 11:50:13,265 - Epoch [80/1000], Val metric : 0.5545
2024-09-24 11:50:48,810 - Epoch [81/1000], Train Loss: 2.2162
2024-09-24 11:50:48,810 - Epoch [81/1000], Train metric : 0.5749
2024-09-24 11:50:48,810 - Epoch [81/1000], Val Loss: 2.3341
2024-09-24 11:50:48,810 - Epoch [81/1000], Val metric : 0.5187
2024-09-24 11:51:24,537 - Epoch [82/1000], Train Loss: 2.2172
2024-09-24 11:51:24,537 - Epoch [82/1000], Train metric : 0.5737
2024-09-24 11:51:24,537 - Epoch [82/1000], Val Loss: 2.2426
2024-09-24 11:51:24,537 - Epoch [82/1000], Val metric : 0.5399
2024-09-24 11:52:00,045 - Epoch [83/1000], Train Loss: 2.2272
2024-09-24 11:52:00,045 - Epoch [83/1000], Train metric : 0.5686
2024-09-24 11:52:00,045 - Epoch [83/1000], Val Loss: 2.2665
2024-09-24 11:52:00,045 - Epoch [83/1000], Val metric : 0.5502
2024-09-24 11:52:35,682 - Epoch [84/1000], Train Loss: 2.2292
2024-09-24 11:52:35,682 - Epoch [84/1000], Train metric : 0.5689
2024-09-24 11:52:35,682 - Epoch [84/1000], Val Loss: 2.2399
2024-09-24 11:52:35,682 - Epoch [84/1000], Val metric : 0.5071
2024-09-24 11:53:11,188 - Epoch [85/1000], Train Loss: 2.2261
2024-09-24 11:53:11,189 - Epoch [85/1000], Train metric : 0.5701
2024-09-24 11:53:11,189 - Epoch [85/1000], Val Loss: 2.2537
2024-09-24 11:53:11,189 - Epoch [85/1000], Val metric : 0.5378
2024-09-24 11:53:46,711 - Epoch [86/1000], Train Loss: 2.2254
2024-09-24 11:53:46,711 - Epoch [86/1000], Train metric : 0.5706
2024-09-24 11:53:46,711 - Epoch [86/1000], Val Loss: 2.1934
2024-09-24 11:53:46,711 - Epoch [86/1000], Val metric : 0.5592
2024-09-24 11:54:22,233 - Epoch [87/1000], Train Loss: 2.2201
2024-09-24 11:54:22,233 - Epoch [87/1000], Train metric : 0.5725
2024-09-24 11:54:22,233 - Epoch [87/1000], Val Loss: 2.2939
2024-09-24 11:54:22,233 - Epoch [87/1000], Val metric : 0.4994
2024-09-24 11:54:57,745 - Epoch [88/1000], Train Loss: 2.2278
2024-09-24 11:54:57,745 - Epoch [88/1000], Train metric : 0.5708
2024-09-24 11:54:57,745 - Epoch [88/1000], Val Loss: 2.2513
2024-09-24 11:54:57,745 - Epoch [88/1000], Val metric : 0.5281
2024-09-24 11:55:33,285 - Epoch [89/1000], Train Loss: 2.2181
2024-09-24 11:55:33,285 - Epoch [89/1000], Train metric : 0.5735
2024-09-24 11:55:33,285 - Epoch [89/1000], Val Loss: 2.2455
2024-09-24 11:55:33,285 - Epoch [89/1000], Val metric : 0.5484
2024-09-24 11:56:08,904 - Epoch [90/1000], Train Loss: 2.2256
2024-09-24 11:56:08,904 - Epoch [90/1000], Train metric : 0.5691
2024-09-24 11:56:08,904 - Epoch [90/1000], Val Loss: 2.2662
2024-09-24 11:56:08,904 - Epoch [90/1000], Val metric : 0.5480
2024-09-24 11:56:44,523 - Epoch [91/1000], Train Loss: 2.2203
2024-09-24 11:56:44,523 - Epoch [91/1000], Train metric : 0.5706
2024-09-24 11:56:44,523 - Epoch [91/1000], Val Loss: 2.2305
2024-09-24 11:56:44,523 - Epoch [91/1000], Val metric : 0.5344
2024-09-24 11:57:20,133 - Epoch [92/1000], Train Loss: 2.2199
2024-09-24 11:57:20,134 - Epoch [92/1000], Train metric : 0.5739
2024-09-24 11:57:20,134 - Epoch [92/1000], Val Loss: 2.1682
2024-09-24 11:57:20,134 - Epoch [92/1000], Val metric : 0.5593
2024-09-24 11:57:55,740 - Epoch [93/1000], Train Loss: 2.2324
2024-09-24 11:57:55,740 - Epoch [93/1000], Train metric : 0.5676
2024-09-24 11:57:55,740 - Epoch [93/1000], Val Loss: 2.3025
2024-09-24 11:57:55,740 - Epoch [93/1000], Val metric : 0.5201
2024-09-24 11:58:31,349 - Epoch [94/1000], Train Loss: 2.2244
2024-09-24 11:58:31,349 - Epoch [94/1000], Train metric : 0.5708
2024-09-24 11:58:31,349 - Epoch [94/1000], Val Loss: 2.2615
2024-09-24 11:58:31,349 - Epoch [94/1000], Val metric : 0.5195
2024-09-24 11:59:06,920 - Epoch [95/1000], Train Loss: 2.2296
2024-09-24 11:59:06,920 - Epoch [95/1000], Train metric : 0.5691
2024-09-24 11:59:06,920 - Epoch [95/1000], Val Loss: 2.3139
2024-09-24 11:59:06,920 - Epoch [95/1000], Val metric : 0.5172
2024-09-24 11:59:42,453 - Epoch [96/1000], Train Loss: 2.2208
2024-09-24 11:59:42,454 - Epoch [96/1000], Train metric : 0.5742
2024-09-24 11:59:42,454 - Epoch [96/1000], Val Loss: 2.1865
2024-09-24 11:59:42,454 - Epoch [96/1000], Val metric : 0.5538
2024-09-24 12:00:17,987 - Epoch [97/1000], Train Loss: 2.2297
2024-09-24 12:00:17,988 - Epoch [97/1000], Train metric : 0.5691
2024-09-24 12:00:17,988 - Epoch [97/1000], Val Loss: 2.1988
2024-09-24 12:00:17,988 - Epoch [97/1000], Val metric : 0.5536
2024-09-24 12:00:53,583 - Epoch [98/1000], Train Loss: 2.2245
2024-09-24 12:00:53,583 - Epoch [98/1000], Train metric : 0.5710
2024-09-24 12:00:53,583 - Epoch [98/1000], Val Loss: 2.2516
2024-09-24 12:00:53,583 - Epoch [98/1000], Val metric : 0.5452
2024-09-24 12:01:29,174 - Epoch [99/1000], Train Loss: 2.2241
2024-09-24 12:01:29,174 - Epoch [99/1000], Train metric : 0.5703
2024-09-24 12:01:29,174 - Epoch [99/1000], Val Loss: 2.2291
2024-09-24 12:01:29,174 - Epoch [99/1000], Val metric : 0.5443
2024-09-24 12:02:04,872 - Epoch [100/1000], Train Loss: 2.2140
2024-09-24 12:02:04,872 - Epoch [100/1000], Train metric : 0.5741
2024-09-24 12:02:04,872 - Epoch [100/1000], Val Loss: 2.2744
2024-09-24 12:02:04,872 - Epoch [100/1000], Val metric : 0.5269
2024-09-24 12:02:40,372 - Epoch [101/1000], Train Loss: 2.2295
2024-09-24 12:02:40,372 - Epoch [101/1000], Train metric : 0.5667
2024-09-24 12:02:40,372 - Epoch [101/1000], Val Loss: 2.3128
2024-09-24 12:02:40,372 - Epoch [101/1000], Val metric : 0.5386
2024-09-24 12:03:16,085 - Epoch [102/1000], Train Loss: 2.2157
2024-09-24 12:03:16,085 - Epoch [102/1000], Train metric : 0.5751
2024-09-24 12:03:16,085 - Epoch [102/1000], Val Loss: 2.2035
2024-09-24 12:03:16,085 - Epoch [102/1000], Val metric : 0.5470
2024-09-24 12:03:51,599 - Epoch [103/1000], Train Loss: 2.2241
2024-09-24 12:03:51,599 - Epoch [103/1000], Train metric : 0.5712
2024-09-24 12:03:51,599 - Epoch [103/1000], Val Loss: 2.2416
2024-09-24 12:03:51,599 - Epoch [103/1000], Val metric : 0.5391
2024-09-24 12:04:27,117 - Epoch [104/1000], Train Loss: 2.2256
2024-09-24 12:04:27,117 - Epoch [104/1000], Train metric : 0.5712
2024-09-24 12:04:27,117 - Epoch [104/1000], Val Loss: 2.2821
2024-09-24 12:04:27,117 - Epoch [104/1000], Val metric : 0.5131
2024-09-24 12:05:02,616 - Epoch [105/1000], Train Loss: 2.2155
2024-09-24 12:05:02,617 - Epoch [105/1000], Train metric : 0.5757
2024-09-24 12:05:02,617 - Epoch [105/1000], Val Loss: 2.3000
2024-09-24 12:05:02,617 - Epoch [105/1000], Val metric : 0.5211
2024-09-24 12:05:38,142 - Epoch [106/1000], Train Loss: 2.2203
2024-09-24 12:05:38,142 - Epoch [106/1000], Train metric : 0.5734
2024-09-24 12:05:38,142 - Epoch [106/1000], Val Loss: 2.1863
2024-09-24 12:05:38,142 - Epoch [106/1000], Val metric : 0.5523
2024-09-24 12:06:13,668 - Epoch [107/1000], Train Loss: 2.2136
2024-09-24 12:06:13,668 - Epoch [107/1000], Train metric : 0.5729
2024-09-24 12:06:13,668 - Epoch [107/1000], Val Loss: 2.3043
2024-09-24 12:06:13,668 - Epoch [107/1000], Val metric : 0.5036
2024-09-24 12:06:49,185 - Epoch [108/1000], Train Loss: 2.2360
2024-09-24 12:06:49,185 - Epoch [108/1000], Train metric : 0.5670
2024-09-24 12:06:49,185 - Epoch [108/1000], Val Loss: 2.3766
2024-09-24 12:06:49,185 - Epoch [108/1000], Val metric : 0.5003
2024-09-24 12:07:24,694 - Epoch [109/1000], Train Loss: 2.2286
2024-09-24 12:07:24,695 - Epoch [109/1000], Train metric : 0.5709
2024-09-24 12:07:24,695 - Epoch [109/1000], Val Loss: 2.1842
2024-09-24 12:07:24,695 - Epoch [109/1000], Val metric : 0.5532
2024-09-24 12:08:00,208 - Epoch [110/1000], Train Loss: 2.2202
2024-09-24 12:08:00,208 - Epoch [110/1000], Train metric : 0.5722
2024-09-24 12:08:00,208 - Epoch [110/1000], Val Loss: 2.2460
2024-09-24 12:08:00,208 - Epoch [110/1000], Val metric : 0.5357
2024-09-24 12:08:35,735 - Epoch [111/1000], Train Loss: 2.2255
2024-09-24 12:08:35,735 - Epoch [111/1000], Train metric : 0.5713
2024-09-24 12:08:35,735 - Epoch [111/1000], Val Loss: 2.2793
2024-09-24 12:08:35,735 - Epoch [111/1000], Val metric : 0.5122
2024-09-24 12:09:11,252 - Epoch [112/1000], Train Loss: 2.2241
2024-09-24 12:09:11,253 - Epoch [112/1000], Train metric : 0.5705
2024-09-24 12:09:11,253 - Epoch [112/1000], Val Loss: 2.2330
2024-09-24 12:09:11,253 - Epoch [112/1000], Val metric : 0.5304
2024-09-24 12:09:46,764 - Epoch [113/1000], Train Loss: 2.2149
2024-09-24 12:09:46,764 - Epoch [113/1000], Train metric : 0.5737
2024-09-24 12:09:46,764 - Epoch [113/1000], Val Loss: 2.2301
2024-09-24 12:09:46,764 - Epoch [113/1000], Val metric : 0.5190
2024-09-24 12:10:22,264 - Epoch [114/1000], Train Loss: 2.2224
2024-09-24 12:10:22,264 - Epoch [114/1000], Train metric : 0.5734
2024-09-24 12:10:22,264 - Epoch [114/1000], Val Loss: 2.2129
2024-09-24 12:10:22,264 - Epoch [114/1000], Val metric : 0.5450
2024-09-24 12:10:57,896 - Epoch [115/1000], Train Loss: 2.2305
2024-09-24 12:10:57,896 - Epoch [115/1000], Train metric : 0.5669
2024-09-24 12:10:57,896 - Epoch [115/1000], Val Loss: 2.2821
2024-09-24 12:10:57,896 - Epoch [115/1000], Val metric : 0.5258
2024-09-24 12:11:33,390 - Epoch [116/1000], Train Loss: 2.2265
2024-09-24 12:11:33,391 - Epoch [116/1000], Train metric : 0.5707
2024-09-24 12:11:33,391 - Epoch [116/1000], Val Loss: 2.2486
2024-09-24 12:11:33,391 - Epoch [116/1000], Val metric : 0.5296
2024-09-24 12:12:08,898 - Epoch [117/1000], Train Loss: 2.2207
2024-09-24 12:12:08,898 - Epoch [117/1000], Train metric : 0.5702
2024-09-24 12:12:08,898 - Epoch [117/1000], Val Loss: 2.2992
2024-09-24 12:12:08,898 - Epoch [117/1000], Val metric : 0.5381
2024-09-24 12:12:44,392 - Epoch [118/1000], Train Loss: 2.2269
2024-09-24 12:12:44,393 - Epoch [118/1000], Train metric : 0.5695
2024-09-24 12:12:44,393 - Epoch [118/1000], Val Loss: 2.2847
2024-09-24 12:12:44,393 - Epoch [118/1000], Val metric : 0.5163
2024-09-24 12:13:19,903 - Epoch [119/1000], Train Loss: 2.2306
2024-09-24 12:13:19,903 - Epoch [119/1000], Train metric : 0.5692
2024-09-24 12:13:19,903 - Epoch [119/1000], Val Loss: 2.1789
2024-09-24 12:13:19,903 - Epoch [119/1000], Val metric : 0.5477
2024-09-24 12:13:55,396 - Epoch [120/1000], Train Loss: 2.2282
2024-09-24 12:13:55,396 - Epoch [120/1000], Train metric : 0.5705
2024-09-24 12:13:55,396 - Epoch [120/1000], Val Loss: 2.2554
2024-09-24 12:13:55,396 - Epoch [120/1000], Val metric : 0.5342
2024-09-24 12:14:30,936 - Epoch [121/1000], Train Loss: 2.2270
2024-09-24 12:14:30,936 - Epoch [121/1000], Train metric : 0.5711
2024-09-24 12:14:30,936 - Epoch [121/1000], Val Loss: 2.2178
2024-09-24 12:14:30,936 - Epoch [121/1000], Val metric : 0.5220
2024-09-24 12:15:06,767 - Epoch [122/1000], Train Loss: 2.2247
2024-09-24 12:15:06,767 - Epoch [122/1000], Train metric : 0.5695
2024-09-24 12:15:06,767 - Epoch [122/1000], Val Loss: 2.4327
2024-09-24 12:15:06,767 - Epoch [122/1000], Val metric : 0.5414
2024-09-24 12:15:42,367 - Epoch [123/1000], Train Loss: 2.2229
2024-09-24 12:15:42,367 - Epoch [123/1000], Train metric : 0.5702
2024-09-24 12:15:42,367 - Epoch [123/1000], Val Loss: 2.2397
2024-09-24 12:15:42,367 - Epoch [123/1000], Val metric : 0.5434
2024-09-24 12:16:17,954 - Epoch [124/1000], Train Loss: 2.2203
2024-09-24 12:16:17,954 - Epoch [124/1000], Train metric : 0.5736
2024-09-24 12:16:17,954 - Epoch [124/1000], Val Loss: 2.3318
2024-09-24 12:16:17,954 - Epoch [124/1000], Val metric : 0.5291
2024-09-24 12:16:53,527 - Epoch [125/1000], Train Loss: 2.2232
2024-09-24 12:16:53,527 - Epoch [125/1000], Train metric : 0.5707
2024-09-24 12:16:53,527 - Epoch [125/1000], Val Loss: 2.2359
2024-09-24 12:16:53,527 - Epoch [125/1000], Val metric : 0.5439
2024-09-24 12:17:29,122 - Epoch [126/1000], Train Loss: 2.2135
2024-09-24 12:17:29,122 - Epoch [126/1000], Train metric : 0.5748
2024-09-24 12:17:29,122 - Epoch [126/1000], Val Loss: 2.2549
2024-09-24 12:17:29,122 - Epoch [126/1000], Val metric : 0.5534
2024-09-24 12:18:04,712 - Epoch [127/1000], Train Loss: 2.2296
2024-09-24 12:18:04,712 - Epoch [127/1000], Train metric : 0.5696
2024-09-24 12:18:04,712 - Epoch [127/1000], Val Loss: 2.2407
2024-09-24 12:18:04,712 - Epoch [127/1000], Val metric : 0.5339
2024-09-24 12:18:04,713 - Ealry stopping!!
Epoch [127/1000], Val Loss: 2.2407
