2024-09-22 23:14:26,815 - Epoch [1/1000], Train Loss: -0.2025
2024-09-22 23:14:26,815 - Epoch [1/1000], Train metric average : 0.2025
2024-09-22 23:14:26,815 - Epoch [1/1000], Val Loss: -0.3549
2024-09-22 23:14:26,815 - Epoch [1/1000], Val metric average : 0.3549
2024-09-22 23:14:27,824 - Saved best model with Val Loss: -0.3549
2024-09-22 23:14:38,444 - Epoch [2/1000], Train Loss: -0.3903
2024-09-22 23:14:38,445 - Epoch [2/1000], Train metric average : 0.3903
2024-09-22 23:14:38,445 - Epoch [2/1000], Val Loss: -0.3810
2024-09-22 23:14:38,445 - Epoch [2/1000], Val metric average : 0.3810
2024-09-22 23:14:41,686 - Saved best model with Val Loss: -0.3810
2024-09-22 23:14:51,952 - Epoch [3/1000], Train Loss: -0.3976
2024-09-22 23:14:51,953 - Epoch [3/1000], Train metric average : 0.3976
2024-09-22 23:14:51,953 - Epoch [3/1000], Val Loss: -0.5305
2024-09-22 23:14:51,953 - Epoch [3/1000], Val metric average : 0.5305
2024-09-22 23:14:55,258 - Saved best model with Val Loss: -0.5305
2024-09-22 23:15:05,613 - Epoch [4/1000], Train Loss: -0.4258
2024-09-22 23:15:05,613 - Epoch [4/1000], Train metric average : 0.4258
2024-09-22 23:15:05,613 - Epoch [4/1000], Val Loss: -0.4737
2024-09-22 23:15:05,613 - Epoch [4/1000], Val metric average : 0.4737
2024-09-22 23:15:15,864 - Epoch [5/1000], Train Loss: -0.4146
2024-09-22 23:15:15,864 - Epoch [5/1000], Train metric average : 0.4146
2024-09-22 23:15:15,864 - Epoch [5/1000], Val Loss: -0.3886
2024-09-22 23:15:15,864 - Epoch [5/1000], Val metric average : 0.3886
2024-09-22 23:15:26,199 - Epoch [6/1000], Train Loss: -0.4085
2024-09-22 23:15:26,199 - Epoch [6/1000], Train metric average : 0.4085
2024-09-22 23:15:26,199 - Epoch [6/1000], Val Loss: -0.4860
2024-09-22 23:15:26,199 - Epoch [6/1000], Val metric average : 0.4860
2024-09-22 23:15:36,588 - Epoch [7/1000], Train Loss: -0.4041
2024-09-22 23:15:36,588 - Epoch [7/1000], Train metric average : 0.4041
2024-09-22 23:15:36,588 - Epoch [7/1000], Val Loss: -0.4900
2024-09-22 23:15:36,588 - Epoch [7/1000], Val metric average : 0.4900
2024-09-22 23:15:46,807 - Epoch [8/1000], Train Loss: -0.4135
2024-09-22 23:15:46,807 - Epoch [8/1000], Train metric average : 0.4135
2024-09-22 23:15:46,807 - Epoch [8/1000], Val Loss: -0.5059
2024-09-22 23:15:46,807 - Epoch [8/1000], Val metric average : 0.5059
2024-09-22 23:15:57,068 - Epoch [9/1000], Train Loss: -0.3051
2024-09-22 23:15:57,069 - Epoch [9/1000], Train metric average : 0.3051
2024-09-22 23:15:57,069 - Epoch [9/1000], Val Loss: -0.4505
2024-09-22 23:15:57,069 - Epoch [9/1000], Val metric average : 0.4505
2024-09-22 23:16:07,449 - Epoch [10/1000], Train Loss: -0.3601
2024-09-22 23:16:07,449 - Epoch [10/1000], Train metric average : 0.3601
2024-09-22 23:16:07,449 - Epoch [10/1000], Val Loss: -0.3664
2024-09-22 23:16:07,449 - Epoch [10/1000], Val metric average : 0.3664
2024-09-22 23:16:17,763 - Epoch [11/1000], Train Loss: -0.4043
2024-09-22 23:16:17,763 - Epoch [11/1000], Train metric average : 0.4043
2024-09-22 23:16:17,763 - Epoch [11/1000], Val Loss: -0.3550
2024-09-22 23:16:17,763 - Epoch [11/1000], Val metric average : 0.3550
2024-09-22 23:16:28,111 - Epoch [12/1000], Train Loss: -0.4037
2024-09-22 23:16:28,112 - Epoch [12/1000], Train metric average : 0.4037
2024-09-22 23:16:28,112 - Epoch [12/1000], Val Loss: -0.4492
2024-09-22 23:16:28,112 - Epoch [12/1000], Val metric average : 0.4492
2024-09-22 23:16:38,348 - Epoch [13/1000], Train Loss: -0.4647
2024-09-22 23:16:38,348 - Epoch [13/1000], Train metric average : 0.4647
2024-09-22 23:16:38,349 - Epoch [13/1000], Val Loss: -0.4343
2024-09-22 23:16:38,349 - Epoch [13/1000], Val metric average : 0.4343
2024-09-22 23:16:48,716 - Epoch [14/1000], Train Loss: -0.4782
2024-09-22 23:16:48,716 - Epoch [14/1000], Train metric average : 0.4782
2024-09-22 23:16:48,716 - Epoch [14/1000], Val Loss: -0.4004
2024-09-22 23:16:48,716 - Epoch [14/1000], Val metric average : 0.4004
2024-09-22 23:16:59,007 - Epoch [15/1000], Train Loss: -0.4731
2024-09-22 23:16:59,008 - Epoch [15/1000], Train metric average : 0.4731
2024-09-22 23:16:59,011 - Epoch [15/1000], Val Loss: -0.5274
2024-09-22 23:16:59,011 - Epoch [15/1000], Val metric average : 0.5274
2024-09-22 23:17:09,431 - Epoch [16/1000], Train Loss: -0.4744
2024-09-22 23:17:09,431 - Epoch [16/1000], Train metric average : 0.4744
2024-09-22 23:17:09,431 - Epoch [16/1000], Val Loss: -0.4876
2024-09-22 23:17:09,431 - Epoch [16/1000], Val metric average : 0.4876
2024-09-22 23:17:19,656 - Epoch [17/1000], Train Loss: -0.4868
2024-09-22 23:17:19,656 - Epoch [17/1000], Train metric average : 0.4868
2024-09-22 23:17:19,657 - Epoch [17/1000], Val Loss: -0.4860
2024-09-22 23:17:19,657 - Epoch [17/1000], Val metric average : 0.4860
2024-09-22 23:17:30,038 - Epoch [18/1000], Train Loss: -0.4631
2024-09-22 23:17:30,039 - Epoch [18/1000], Train metric average : 0.4631
2024-09-22 23:17:30,039 - Epoch [18/1000], Val Loss: -0.4968
2024-09-22 23:17:30,039 - Epoch [18/1000], Val metric average : 0.4968
2024-09-22 23:17:40,206 - Epoch [19/1000], Train Loss: -0.4543
2024-09-22 23:17:40,207 - Epoch [19/1000], Train metric average : 0.4543
2024-09-22 23:17:40,207 - Epoch [19/1000], Val Loss: -0.5308
2024-09-22 23:17:40,207 - Epoch [19/1000], Val metric average : 0.5308
2024-09-22 23:17:43,139 - Saved best model with Val Loss: -0.5308
2024-09-22 23:17:53,402 - Epoch [20/1000], Train Loss: -0.4400
2024-09-22 23:17:53,402 - Epoch [20/1000], Train metric average : 0.4400
2024-09-22 23:17:53,402 - Epoch [20/1000], Val Loss: -0.4084
2024-09-22 23:17:53,402 - Epoch [20/1000], Val metric average : 0.4084
2024-09-22 23:18:03,734 - Epoch [21/1000], Train Loss: -0.4670
2024-09-22 23:18:03,735 - Epoch [21/1000], Train metric average : 0.4670
2024-09-22 23:18:03,735 - Epoch [21/1000], Val Loss: -0.4687
2024-09-22 23:18:03,735 - Epoch [21/1000], Val metric average : 0.4687
2024-09-22 23:18:13,965 - Epoch [22/1000], Train Loss: -0.4532
2024-09-22 23:18:13,965 - Epoch [22/1000], Train metric average : 0.4532
2024-09-22 23:18:13,965 - Epoch [22/1000], Val Loss: -0.5320
2024-09-22 23:18:13,965 - Epoch [22/1000], Val metric average : 0.5320
2024-09-22 23:18:17,010 - Saved best model with Val Loss: -0.5320
2024-09-22 23:18:27,430 - Epoch [23/1000], Train Loss: -0.4771
2024-09-22 23:18:27,430 - Epoch [23/1000], Train metric average : 0.4771
2024-09-22 23:18:27,430 - Epoch [23/1000], Val Loss: -0.5267
2024-09-22 23:18:27,430 - Epoch [23/1000], Val metric average : 0.5267
2024-09-22 23:18:37,664 - Epoch [24/1000], Train Loss: -0.4887
2024-09-22 23:18:37,664 - Epoch [24/1000], Train metric average : 0.4887
2024-09-22 23:18:37,664 - Epoch [24/1000], Val Loss: -0.4004
2024-09-22 23:18:37,665 - Epoch [24/1000], Val metric average : 0.4004
2024-09-22 23:18:48,067 - Epoch [25/1000], Train Loss: -0.4795
2024-09-22 23:18:48,067 - Epoch [25/1000], Train metric average : 0.4795
2024-09-22 23:18:48,067 - Epoch [25/1000], Val Loss: -0.4769
2024-09-22 23:18:48,067 - Epoch [25/1000], Val metric average : 0.4769
2024-09-22 23:18:58,309 - Epoch [26/1000], Train Loss: -0.4815
2024-09-22 23:18:58,309 - Epoch [26/1000], Train metric average : 0.4815
2024-09-22 23:18:58,309 - Epoch [26/1000], Val Loss: -0.4657
2024-09-22 23:18:58,309 - Epoch [26/1000], Val metric average : 0.4657
2024-09-22 23:19:08,632 - Epoch [27/1000], Train Loss: -0.4716
2024-09-22 23:19:08,633 - Epoch [27/1000], Train metric average : 0.4716
2024-09-22 23:19:08,633 - Epoch [27/1000], Val Loss: -0.5070
2024-09-22 23:19:08,633 - Epoch [27/1000], Val metric average : 0.5070
2024-09-22 23:19:18,826 - Epoch [28/1000], Train Loss: -0.4679
2024-09-22 23:19:18,826 - Epoch [28/1000], Train metric average : 0.4679
2024-09-22 23:19:18,827 - Epoch [28/1000], Val Loss: -0.4804
2024-09-22 23:19:18,827 - Epoch [28/1000], Val metric average : 0.4804
2024-09-22 23:19:29,193 - Epoch [29/1000], Train Loss: -0.4985
2024-09-22 23:19:29,193 - Epoch [29/1000], Train metric average : 0.4985
2024-09-22 23:19:29,194 - Epoch [29/1000], Val Loss: -0.4397
2024-09-22 23:19:29,194 - Epoch [29/1000], Val metric average : 0.4397
2024-09-22 23:19:39,402 - Epoch [30/1000], Train Loss: -0.4619
2024-09-22 23:19:39,402 - Epoch [30/1000], Train metric average : 0.4619
2024-09-22 23:19:39,403 - Epoch [30/1000], Val Loss: -0.4738
2024-09-22 23:19:39,403 - Epoch [30/1000], Val metric average : 0.4738
2024-09-22 23:19:49,792 - Epoch [31/1000], Train Loss: -0.4463
2024-09-22 23:19:49,792 - Epoch [31/1000], Train metric average : 0.4463
2024-09-22 23:19:49,792 - Epoch [31/1000], Val Loss: -0.4435
2024-09-22 23:19:49,792 - Epoch [31/1000], Val metric average : 0.4435
2024-09-22 23:19:59,970 - Epoch [32/1000], Train Loss: -0.4651
2024-09-22 23:19:59,970 - Epoch [32/1000], Train metric average : 0.4651
2024-09-22 23:19:59,970 - Epoch [32/1000], Val Loss: -0.5225
2024-09-22 23:19:59,970 - Epoch [32/1000], Val metric average : 0.5225
2024-09-22 23:20:10,311 - Epoch [33/1000], Train Loss: -0.4805
2024-09-22 23:20:10,311 - Epoch [33/1000], Train metric average : 0.4805
2024-09-22 23:20:10,311 - Epoch [33/1000], Val Loss: -0.5483
2024-09-22 23:20:10,311 - Epoch [33/1000], Val metric average : 0.5483
2024-09-22 23:20:13,511 - Saved best model with Val Loss: -0.5483
2024-09-22 23:20:23,784 - Epoch [34/1000], Train Loss: -0.4870
2024-09-22 23:20:23,784 - Epoch [34/1000], Train metric average : 0.4870
2024-09-22 23:20:23,784 - Epoch [34/1000], Val Loss: -0.5032
2024-09-22 23:20:23,784 - Epoch [34/1000], Val metric average : 0.5032
2024-09-22 23:20:34,192 - Epoch [35/1000], Train Loss: -0.4918
2024-09-22 23:20:34,192 - Epoch [35/1000], Train metric average : 0.4918
2024-09-22 23:20:34,192 - Epoch [35/1000], Val Loss: -0.4540
2024-09-22 23:20:34,192 - Epoch [35/1000], Val metric average : 0.4540
2024-09-22 23:20:44,614 - Epoch [36/1000], Train Loss: -0.4818
2024-09-22 23:20:44,614 - Epoch [36/1000], Train metric average : 0.4818
2024-09-22 23:20:44,614 - Epoch [36/1000], Val Loss: -0.4879
2024-09-22 23:20:44,614 - Epoch [36/1000], Val metric average : 0.4879
2024-09-22 23:20:54,994 - Epoch [37/1000], Train Loss: -0.4761
2024-09-22 23:20:54,995 - Epoch [37/1000], Train metric average : 0.4761
2024-09-22 23:20:54,995 - Epoch [37/1000], Val Loss: -0.3608
2024-09-22 23:20:54,996 - Epoch [37/1000], Val metric average : 0.3608
2024-09-22 23:21:05,246 - Epoch [38/1000], Train Loss: -0.4309
2024-09-22 23:21:05,246 - Epoch [38/1000], Train metric average : 0.4309
2024-09-22 23:21:05,247 - Epoch [38/1000], Val Loss: -0.5711
2024-09-22 23:21:05,247 - Epoch [38/1000], Val metric average : 0.5711
2024-09-22 23:21:08,523 - Saved best model with Val Loss: -0.5711
2024-09-22 23:21:18,865 - Epoch [39/1000], Train Loss: -0.4819
2024-09-22 23:21:18,865 - Epoch [39/1000], Train metric average : 0.4819
2024-09-22 23:21:18,865 - Epoch [39/1000], Val Loss: -0.5157
2024-09-22 23:21:18,865 - Epoch [39/1000], Val metric average : 0.5157
2024-09-22 23:21:29,114 - Epoch [40/1000], Train Loss: -0.4892
2024-09-22 23:21:29,115 - Epoch [40/1000], Train metric average : 0.4892
2024-09-22 23:21:29,115 - Epoch [40/1000], Val Loss: -0.5297
2024-09-22 23:21:29,115 - Epoch [40/1000], Val metric average : 0.5297
2024-09-22 23:21:39,476 - Epoch [41/1000], Train Loss: -0.4750
2024-09-22 23:21:39,476 - Epoch [41/1000], Train metric average : 0.4750
2024-09-22 23:21:39,476 - Epoch [41/1000], Val Loss: -0.4410
2024-09-22 23:21:39,476 - Epoch [41/1000], Val metric average : 0.4410
2024-09-22 23:21:49,861 - Epoch [42/1000], Train Loss: -0.4870
2024-09-22 23:21:49,861 - Epoch [42/1000], Train metric average : 0.4870
2024-09-22 23:21:49,862 - Epoch [42/1000], Val Loss: -0.5027
2024-09-22 23:21:49,862 - Epoch [42/1000], Val metric average : 0.5027
2024-09-22 23:22:00,061 - Epoch [43/1000], Train Loss: -0.3894
2024-09-22 23:22:00,061 - Epoch [43/1000], Train metric average : 0.3894
2024-09-22 23:22:00,061 - Epoch [43/1000], Val Loss: -0.4469
2024-09-22 23:22:00,062 - Epoch [43/1000], Val metric average : 0.4469
2024-09-22 23:22:10,425 - Epoch [44/1000], Train Loss: -0.4349
2024-09-22 23:22:10,425 - Epoch [44/1000], Train metric average : 0.4349
2024-09-22 23:22:10,426 - Epoch [44/1000], Val Loss: -0.4425
2024-09-22 23:22:10,426 - Epoch [44/1000], Val metric average : 0.4425
2024-09-22 23:22:20,691 - Epoch [45/1000], Train Loss: -0.4655
2024-09-22 23:22:20,691 - Epoch [45/1000], Train metric average : 0.4655
2024-09-22 23:22:20,691 - Epoch [45/1000], Val Loss: -0.4270
2024-09-22 23:22:20,691 - Epoch [45/1000], Val metric average : 0.4270
2024-09-22 23:22:31,029 - Epoch [46/1000], Train Loss: -0.4432
2024-09-22 23:22:31,029 - Epoch [46/1000], Train metric average : 0.4432
2024-09-22 23:22:31,029 - Epoch [46/1000], Val Loss: -0.4641
2024-09-22 23:22:31,029 - Epoch [46/1000], Val metric average : 0.4641
2024-09-22 23:22:41,304 - Epoch [47/1000], Train Loss: -0.4572
2024-09-22 23:22:41,304 - Epoch [47/1000], Train metric average : 0.4572
2024-09-22 23:22:41,304 - Epoch [47/1000], Val Loss: -0.5017
2024-09-22 23:22:41,304 - Epoch [47/1000], Val metric average : 0.5017
2024-09-22 23:22:51,687 - Epoch [48/1000], Train Loss: -0.4780
2024-09-22 23:22:51,687 - Epoch [48/1000], Train metric average : 0.4780
2024-09-22 23:22:51,687 - Epoch [48/1000], Val Loss: -0.4388
2024-09-22 23:22:51,687 - Epoch [48/1000], Val metric average : 0.4388
2024-09-22 23:23:01,943 - Epoch [49/1000], Train Loss: -0.4701
2024-09-22 23:23:01,943 - Epoch [49/1000], Train metric average : 0.4701
2024-09-22 23:23:01,944 - Epoch [49/1000], Val Loss: -0.5425
2024-09-22 23:23:01,944 - Epoch [49/1000], Val metric average : 0.5425
2024-09-22 23:23:12,283 - Epoch [50/1000], Train Loss: -0.4845
2024-09-22 23:23:12,283 - Epoch [50/1000], Train metric average : 0.4845
2024-09-22 23:23:12,284 - Epoch [50/1000], Val Loss: -0.4163
2024-09-22 23:23:12,284 - Epoch [50/1000], Val metric average : 0.4163
2024-09-22 23:23:22,510 - Epoch [51/1000], Train Loss: -0.5307
2024-09-22 23:23:22,510 - Epoch [51/1000], Train metric average : 0.5307
2024-09-22 23:23:22,510 - Epoch [51/1000], Val Loss: -0.5822
2024-09-22 23:23:22,510 - Epoch [51/1000], Val metric average : 0.5822
2024-09-22 23:23:25,871 - Saved best model with Val Loss: -0.5822
2024-09-22 23:23:36,472 - Epoch [52/1000], Train Loss: -0.5610
2024-09-22 23:23:36,473 - Epoch [52/1000], Train metric average : 0.5610
2024-09-22 23:23:36,474 - Epoch [52/1000], Val Loss: -0.6097
2024-09-22 23:23:36,474 - Epoch [52/1000], Val metric average : 0.6097
2024-09-22 23:23:39,714 - Saved best model with Val Loss: -0.6097
2024-09-22 23:23:49,962 - Epoch [53/1000], Train Loss: -0.5721
2024-09-22 23:23:49,962 - Epoch [53/1000], Train metric average : 0.5721
2024-09-22 23:23:49,962 - Epoch [53/1000], Val Loss: -0.6121
2024-09-22 23:23:49,962 - Epoch [53/1000], Val metric average : 0.6121
2024-09-22 23:23:53,248 - Saved best model with Val Loss: -0.6121
2024-09-22 23:24:03,636 - Epoch [54/1000], Train Loss: -0.5856
2024-09-22 23:24:03,636 - Epoch [54/1000], Train metric average : 0.5856
2024-09-22 23:24:03,637 - Epoch [54/1000], Val Loss: -0.5769
2024-09-22 23:24:03,637 - Epoch [54/1000], Val metric average : 0.5769
2024-09-22 23:24:13,811 - Epoch [55/1000], Train Loss: -0.5893
2024-09-22 23:24:13,811 - Epoch [55/1000], Train metric average : 0.5893
2024-09-22 23:24:13,811 - Epoch [55/1000], Val Loss: -0.5253
2024-09-22 23:24:13,811 - Epoch [55/1000], Val metric average : 0.5253
2024-09-22 23:24:24,169 - Epoch [56/1000], Train Loss: -0.5990
2024-09-22 23:24:24,169 - Epoch [56/1000], Train metric average : 0.5990
2024-09-22 23:24:24,169 - Epoch [56/1000], Val Loss: -0.5668
2024-09-22 23:24:24,169 - Epoch [56/1000], Val metric average : 0.5668
2024-09-22 23:24:34,488 - Epoch [57/1000], Train Loss: -0.5916
2024-09-22 23:24:34,488 - Epoch [57/1000], Train metric average : 0.5916
2024-09-22 23:24:34,488 - Epoch [57/1000], Val Loss: -0.5939
2024-09-22 23:24:34,488 - Epoch [57/1000], Val metric average : 0.5939
2024-09-22 23:24:44,723 - Epoch [58/1000], Train Loss: -0.5930
2024-09-22 23:24:44,723 - Epoch [58/1000], Train metric average : 0.5930
2024-09-22 23:24:44,724 - Epoch [58/1000], Val Loss: -0.5336
2024-09-22 23:24:44,724 - Epoch [58/1000], Val metric average : 0.5336
2024-09-22 23:24:55,096 - Epoch [59/1000], Train Loss: -0.5965
2024-09-22 23:24:55,097 - Epoch [59/1000], Train metric average : 0.5965
2024-09-22 23:24:55,097 - Epoch [59/1000], Val Loss: -0.5507
2024-09-22 23:24:55,097 - Epoch [59/1000], Val metric average : 0.5507
2024-09-22 23:25:05,313 - Epoch [60/1000], Train Loss: -0.6049
2024-09-22 23:25:05,314 - Epoch [60/1000], Train metric average : 0.6049
2024-09-22 23:25:05,314 - Epoch [60/1000], Val Loss: -0.5536
2024-09-22 23:25:05,314 - Epoch [60/1000], Val metric average : 0.5536
2024-09-22 23:25:15,663 - Epoch [61/1000], Train Loss: -0.6102
2024-09-22 23:25:15,663 - Epoch [61/1000], Train metric average : 0.6102
2024-09-22 23:25:15,663 - Epoch [61/1000], Val Loss: -0.5313
2024-09-22 23:25:15,663 - Epoch [61/1000], Val metric average : 0.5313
2024-09-22 23:25:26,043 - Epoch [62/1000], Train Loss: -0.6128
2024-09-22 23:25:26,043 - Epoch [62/1000], Train metric average : 0.6128
2024-09-22 23:25:26,044 - Epoch [62/1000], Val Loss: -0.5514
2024-09-22 23:25:26,044 - Epoch [62/1000], Val metric average : 0.5514
2024-09-22 23:25:36,424 - Epoch [63/1000], Train Loss: -0.6216
2024-09-22 23:25:36,424 - Epoch [63/1000], Train metric average : 0.6216
2024-09-22 23:25:36,424 - Epoch [63/1000], Val Loss: -0.6081
2024-09-22 23:25:36,424 - Epoch [63/1000], Val metric average : 0.6081
2024-09-22 23:25:46,678 - Epoch [64/1000], Train Loss: -0.6072
2024-09-22 23:25:46,679 - Epoch [64/1000], Train metric average : 0.6072
2024-09-22 23:25:46,679 - Epoch [64/1000], Val Loss: -0.5261
2024-09-22 23:25:46,679 - Epoch [64/1000], Val metric average : 0.5261
2024-09-22 23:25:56,985 - Epoch [65/1000], Train Loss: -0.6213
2024-09-22 23:25:56,986 - Epoch [65/1000], Train metric average : 0.6213
2024-09-22 23:25:56,986 - Epoch [65/1000], Val Loss: -0.5804
2024-09-22 23:25:56,986 - Epoch [65/1000], Val metric average : 0.5804
2024-09-22 23:26:07,213 - Epoch [66/1000], Train Loss: -0.6166
2024-09-22 23:26:07,214 - Epoch [66/1000], Train metric average : 0.6166
2024-09-22 23:26:07,214 - Epoch [66/1000], Val Loss: -0.5399
2024-09-22 23:26:07,214 - Epoch [66/1000], Val metric average : 0.5399
2024-09-22 23:26:17,558 - Epoch [67/1000], Train Loss: -0.6269
2024-09-22 23:26:17,558 - Epoch [67/1000], Train metric average : 0.6269
2024-09-22 23:26:17,558 - Epoch [67/1000], Val Loss: -0.5857
2024-09-22 23:26:17,558 - Epoch [67/1000], Val metric average : 0.5857
2024-09-22 23:26:27,829 - Epoch [68/1000], Train Loss: -0.6210
2024-09-22 23:26:27,829 - Epoch [68/1000], Train metric average : 0.6210
2024-09-22 23:26:27,829 - Epoch [68/1000], Val Loss: -0.6159
2024-09-22 23:26:27,829 - Epoch [68/1000], Val metric average : 0.6159
2024-09-22 23:26:31,098 - Saved best model with Val Loss: -0.6159
2024-09-22 23:26:41,479 - Epoch [69/1000], Train Loss: -0.6243
2024-09-22 23:26:41,480 - Epoch [69/1000], Train metric average : 0.6243
2024-09-22 23:26:41,480 - Epoch [69/1000], Val Loss: -0.6423
2024-09-22 23:26:41,480 - Epoch [69/1000], Val metric average : 0.6423
2024-09-22 23:26:44,924 - Saved best model with Val Loss: -0.6423
2024-09-22 23:26:55,196 - Epoch [70/1000], Train Loss: -0.6222
2024-09-22 23:26:55,197 - Epoch [70/1000], Train metric average : 0.6222
2024-09-22 23:26:55,197 - Epoch [70/1000], Val Loss: -0.6349
2024-09-22 23:26:55,197 - Epoch [70/1000], Val metric average : 0.6349
2024-09-22 23:27:05,608 - Epoch [71/1000], Train Loss: -0.6284
2024-09-22 23:27:05,608 - Epoch [71/1000], Train metric average : 0.6284
2024-09-22 23:27:05,608 - Epoch [71/1000], Val Loss: -0.6105
2024-09-22 23:27:05,608 - Epoch [71/1000], Val metric average : 0.6105
2024-09-22 23:27:15,792 - Epoch [72/1000], Train Loss: -0.6199
2024-09-22 23:27:15,793 - Epoch [72/1000], Train metric average : 0.6199
2024-09-22 23:27:15,793 - Epoch [72/1000], Val Loss: -0.6163
2024-09-22 23:27:15,793 - Epoch [72/1000], Val metric average : 0.6163
2024-09-22 23:27:26,071 - Epoch [73/1000], Train Loss: -0.6241
2024-09-22 23:27:26,072 - Epoch [73/1000], Train metric average : 0.6241
2024-09-22 23:27:26,073 - Epoch [73/1000], Val Loss: -0.6102
2024-09-22 23:27:26,074 - Epoch [73/1000], Val metric average : 0.6102
2024-09-22 23:27:36,482 - Epoch [74/1000], Train Loss: -0.6258
2024-09-22 23:27:36,482 - Epoch [74/1000], Train metric average : 0.6258
2024-09-22 23:27:36,483 - Epoch [74/1000], Val Loss: -0.5786
2024-09-22 23:27:36,483 - Epoch [74/1000], Val metric average : 0.5786
2024-09-22 23:27:46,756 - Epoch [75/1000], Train Loss: -0.6321
2024-09-22 23:27:46,756 - Epoch [75/1000], Train metric average : 0.6321
2024-09-22 23:27:46,758 - Epoch [75/1000], Val Loss: -0.5569
2024-09-22 23:27:46,758 - Epoch [75/1000], Val metric average : 0.5569
2024-09-22 23:27:57,166 - Epoch [76/1000], Train Loss: -0.6257
2024-09-22 23:27:57,166 - Epoch [76/1000], Train metric average : 0.6257
2024-09-22 23:27:57,166 - Epoch [76/1000], Val Loss: -0.6161
2024-09-22 23:27:57,167 - Epoch [76/1000], Val metric average : 0.6161
2024-09-22 23:28:07,367 - Epoch [77/1000], Train Loss: -0.6250
2024-09-22 23:28:07,368 - Epoch [77/1000], Train metric average : 0.6250
2024-09-22 23:28:07,368 - Epoch [77/1000], Val Loss: -0.5737
2024-09-22 23:28:07,368 - Epoch [77/1000], Val metric average : 0.5737
2024-09-22 23:28:17,739 - Epoch [78/1000], Train Loss: -0.6360
2024-09-22 23:28:17,740 - Epoch [78/1000], Train metric average : 0.6360
2024-09-22 23:28:17,740 - Epoch [78/1000], Val Loss: -0.6180
2024-09-22 23:28:17,740 - Epoch [78/1000], Val metric average : 0.6180
2024-09-22 23:28:27,951 - Epoch [79/1000], Train Loss: -0.6350
2024-09-22 23:28:27,951 - Epoch [79/1000], Train metric average : 0.6350
2024-09-22 23:28:27,952 - Epoch [79/1000], Val Loss: -0.5853
2024-09-22 23:28:27,952 - Epoch [79/1000], Val metric average : 0.5853
2024-09-22 23:28:38,317 - Epoch [80/1000], Train Loss: -0.6316
2024-09-22 23:28:38,317 - Epoch [80/1000], Train metric average : 0.6316
2024-09-22 23:28:38,317 - Epoch [80/1000], Val Loss: -0.6485
2024-09-22 23:28:38,317 - Epoch [80/1000], Val metric average : 0.6485
2024-09-22 23:28:41,702 - Saved best model with Val Loss: -0.6485
2024-09-22 23:28:51,944 - Epoch [81/1000], Train Loss: -0.6338
2024-09-22 23:28:51,945 - Epoch [81/1000], Train metric average : 0.6338
2024-09-22 23:28:51,945 - Epoch [81/1000], Val Loss: -0.6282
2024-09-22 23:28:51,945 - Epoch [81/1000], Val metric average : 0.6282
2024-09-22 23:29:02,377 - Epoch [82/1000], Train Loss: -0.6347
2024-09-22 23:29:02,378 - Epoch [82/1000], Train metric average : 0.6347
2024-09-22 23:29:02,378 - Epoch [82/1000], Val Loss: -0.5670
2024-09-22 23:29:02,378 - Epoch [82/1000], Val metric average : 0.5670
2024-09-22 23:29:12,716 - Epoch [83/1000], Train Loss: -0.6330
2024-09-22 23:29:12,716 - Epoch [83/1000], Train metric average : 0.6330
2024-09-22 23:29:12,717 - Epoch [83/1000], Val Loss: -0.5517
2024-09-22 23:29:12,717 - Epoch [83/1000], Val metric average : 0.5517
2024-09-22 23:29:23,128 - Epoch [84/1000], Train Loss: -0.6389
2024-09-22 23:29:23,128 - Epoch [84/1000], Train metric average : 0.6389
2024-09-22 23:29:23,128 - Epoch [84/1000], Val Loss: -0.5495
2024-09-22 23:29:23,128 - Epoch [84/1000], Val metric average : 0.5495
2024-09-22 23:29:33,419 - Epoch [85/1000], Train Loss: -0.6285
2024-09-22 23:29:33,420 - Epoch [85/1000], Train metric average : 0.6285
2024-09-22 23:29:33,420 - Epoch [85/1000], Val Loss: -0.5254
2024-09-22 23:29:33,420 - Epoch [85/1000], Val metric average : 0.5254
2024-09-22 23:29:43,770 - Epoch [86/1000], Train Loss: -0.6396
2024-09-22 23:29:43,770 - Epoch [86/1000], Train metric average : 0.6396
2024-09-22 23:29:43,770 - Epoch [86/1000], Val Loss: -0.6155
2024-09-22 23:29:43,770 - Epoch [86/1000], Val metric average : 0.6155
2024-09-22 23:29:53,964 - Epoch [87/1000], Train Loss: -0.6395
2024-09-22 23:29:53,964 - Epoch [87/1000], Train metric average : 0.6395
2024-09-22 23:29:53,964 - Epoch [87/1000], Val Loss: -0.6469
2024-09-22 23:29:53,964 - Epoch [87/1000], Val metric average : 0.6469
2024-09-22 23:30:04,337 - Epoch [88/1000], Train Loss: -0.6391
2024-09-22 23:30:04,338 - Epoch [88/1000], Train metric average : 0.6391
2024-09-22 23:30:04,338 - Epoch [88/1000], Val Loss: -0.5543
2024-09-22 23:30:04,338 - Epoch [88/1000], Val metric average : 0.5543
2024-09-22 23:30:14,604 - Epoch [89/1000], Train Loss: -0.6413
2024-09-22 23:30:14,604 - Epoch [89/1000], Train metric average : 0.6413
2024-09-22 23:30:14,604 - Epoch [89/1000], Val Loss: -0.6152
2024-09-22 23:30:14,604 - Epoch [89/1000], Val metric average : 0.6152
2024-09-22 23:30:25,045 - Epoch [90/1000], Train Loss: -0.6391
2024-09-22 23:30:25,045 - Epoch [90/1000], Train metric average : 0.6391
2024-09-22 23:30:25,045 - Epoch [90/1000], Val Loss: -0.5615
2024-09-22 23:30:25,045 - Epoch [90/1000], Val metric average : 0.5615
2024-09-22 23:30:35,346 - Epoch [91/1000], Train Loss: -0.6340
2024-09-22 23:30:35,346 - Epoch [91/1000], Train metric average : 0.6340
2024-09-22 23:30:35,346 - Epoch [91/1000], Val Loss: -0.5901
2024-09-22 23:30:35,346 - Epoch [91/1000], Val metric average : 0.5901
2024-09-22 23:30:45,606 - Epoch [92/1000], Train Loss: -0.6489
2024-09-22 23:30:45,607 - Epoch [92/1000], Train metric average : 0.6489
2024-09-22 23:30:45,607 - Epoch [92/1000], Val Loss: -0.6143
2024-09-22 23:30:45,607 - Epoch [92/1000], Val metric average : 0.6143
2024-09-22 23:30:55,878 - Epoch [93/1000], Train Loss: -0.6362
2024-09-22 23:30:55,879 - Epoch [93/1000], Train metric average : 0.6362
2024-09-22 23:30:55,879 - Epoch [93/1000], Val Loss: -0.5767
2024-09-22 23:30:55,879 - Epoch [93/1000], Val metric average : 0.5767
2024-09-22 23:31:06,216 - Epoch [94/1000], Train Loss: -0.6510
2024-09-22 23:31:06,216 - Epoch [94/1000], Train metric average : 0.6510
2024-09-22 23:31:06,216 - Epoch [94/1000], Val Loss: -0.6055
2024-09-22 23:31:06,217 - Epoch [94/1000], Val metric average : 0.6055
2024-09-22 23:31:16,432 - Epoch [95/1000], Train Loss: -0.6492
2024-09-22 23:31:16,432 - Epoch [95/1000], Train metric average : 0.6492
2024-09-22 23:31:16,433 - Epoch [95/1000], Val Loss: -0.5943
2024-09-22 23:31:16,433 - Epoch [95/1000], Val metric average : 0.5943
2024-09-22 23:31:26,850 - Epoch [96/1000], Train Loss: -0.6461
2024-09-22 23:31:26,850 - Epoch [96/1000], Train metric average : 0.6461
2024-09-22 23:31:26,850 - Epoch [96/1000], Val Loss: -0.6250
2024-09-22 23:31:26,850 - Epoch [96/1000], Val metric average : 0.6250
2024-09-22 23:31:37,159 - Epoch [97/1000], Train Loss: -0.6524
2024-09-22 23:31:37,160 - Epoch [97/1000], Train metric average : 0.6524
2024-09-22 23:31:37,160 - Epoch [97/1000], Val Loss: -0.5980
2024-09-22 23:31:37,160 - Epoch [97/1000], Val metric average : 0.5980
2024-09-22 23:31:47,557 - Epoch [98/1000], Train Loss: -0.6515
2024-09-22 23:31:47,557 - Epoch [98/1000], Train metric average : 0.6515
2024-09-22 23:31:47,557 - Epoch [98/1000], Val Loss: -0.5374
2024-09-22 23:31:47,557 - Epoch [98/1000], Val metric average : 0.5374
2024-09-22 23:31:57,899 - Epoch [99/1000], Train Loss: -0.6566
2024-09-22 23:31:57,900 - Epoch [99/1000], Train metric average : 0.6566
2024-09-22 23:31:57,900 - Epoch [99/1000], Val Loss: -0.5852
2024-09-22 23:31:57,900 - Epoch [99/1000], Val metric average : 0.5852
2024-09-22 23:32:08,290 - Epoch [100/1000], Train Loss: -0.6501
2024-09-22 23:32:08,290 - Epoch [100/1000], Train metric average : 0.6501
2024-09-22 23:32:08,290 - Epoch [100/1000], Val Loss: -0.5896
2024-09-22 23:32:08,290 - Epoch [100/1000], Val metric average : 0.5896
2024-09-22 23:32:18,502 - Epoch [101/1000], Train Loss: -0.6640
2024-09-22 23:32:18,502 - Epoch [101/1000], Train metric average : 0.6640
2024-09-22 23:32:18,502 - Epoch [101/1000], Val Loss: -0.5582
2024-09-22 23:32:18,502 - Epoch [101/1000], Val metric average : 0.5582
2024-09-22 23:32:29,139 - Epoch [102/1000], Train Loss: -0.6704
2024-09-22 23:32:29,139 - Epoch [102/1000], Train metric average : 0.6704
2024-09-22 23:32:29,139 - Epoch [102/1000], Val Loss: -0.5749
2024-09-22 23:32:29,139 - Epoch [102/1000], Val metric average : 0.5749
2024-09-22 23:32:39,470 - Epoch [103/1000], Train Loss: -0.6739
2024-09-22 23:32:39,470 - Epoch [103/1000], Train metric average : 0.6739
2024-09-22 23:32:39,471 - Epoch [103/1000], Val Loss: -0.6077
2024-09-22 23:32:39,471 - Epoch [103/1000], Val metric average : 0.6077
2024-09-22 23:32:49,677 - Epoch [104/1000], Train Loss: -0.6701
2024-09-22 23:32:49,677 - Epoch [104/1000], Train metric average : 0.6701
2024-09-22 23:32:49,677 - Epoch [104/1000], Val Loss: -0.6050
2024-09-22 23:32:49,677 - Epoch [104/1000], Val metric average : 0.6050
2024-09-22 23:32:59,875 - Epoch [105/1000], Train Loss: -0.6738
2024-09-22 23:32:59,875 - Epoch [105/1000], Train metric average : 0.6738
2024-09-22 23:32:59,875 - Epoch [105/1000], Val Loss: -0.5958
2024-09-22 23:32:59,875 - Epoch [105/1000], Val metric average : 0.5958
2024-09-22 23:33:10,244 - Epoch [106/1000], Train Loss: -0.6769
2024-09-22 23:33:10,244 - Epoch [106/1000], Train metric average : 0.6769
2024-09-22 23:33:10,244 - Epoch [106/1000], Val Loss: -0.6367
2024-09-22 23:33:10,244 - Epoch [106/1000], Val metric average : 0.6367
2024-09-22 23:33:20,542 - Epoch [107/1000], Train Loss: -0.6685
2024-09-22 23:33:20,543 - Epoch [107/1000], Train metric average : 0.6685
2024-09-22 23:33:20,543 - Epoch [107/1000], Val Loss: -0.5862
2024-09-22 23:33:20,543 - Epoch [107/1000], Val metric average : 0.5862
2024-09-22 23:33:30,908 - Epoch [108/1000], Train Loss: -0.6768
2024-09-22 23:33:30,908 - Epoch [108/1000], Train metric average : 0.6768
2024-09-22 23:33:30,908 - Epoch [108/1000], Val Loss: -0.5833
2024-09-22 23:33:30,908 - Epoch [108/1000], Val metric average : 0.5833
2024-09-22 23:33:41,143 - Epoch [109/1000], Train Loss: -0.6716
2024-09-22 23:33:41,143 - Epoch [109/1000], Train metric average : 0.6716
2024-09-22 23:33:41,143 - Epoch [109/1000], Val Loss: -0.6202
2024-09-22 23:33:41,143 - Epoch [109/1000], Val metric average : 0.6202
2024-09-22 23:33:51,489 - Epoch [110/1000], Train Loss: -0.6794
2024-09-22 23:33:51,489 - Epoch [110/1000], Train metric average : 0.6794
2024-09-22 23:33:51,489 - Epoch [110/1000], Val Loss: -0.6150
2024-09-22 23:33:51,489 - Epoch [110/1000], Val metric average : 0.6150
2024-09-22 23:34:01,785 - Epoch [111/1000], Train Loss: -0.6740
2024-09-22 23:34:01,785 - Epoch [111/1000], Train metric average : 0.6740
2024-09-22 23:34:01,785 - Epoch [111/1000], Val Loss: -0.6139
2024-09-22 23:34:01,785 - Epoch [111/1000], Val metric average : 0.6139
2024-09-22 23:34:12,189 - Epoch [112/1000], Train Loss: -0.6806
2024-09-22 23:34:12,189 - Epoch [112/1000], Train metric average : 0.6806
2024-09-22 23:34:12,190 - Epoch [112/1000], Val Loss: -0.5797
2024-09-22 23:34:12,190 - Epoch [112/1000], Val metric average : 0.5797
2024-09-22 23:34:22,450 - Epoch [113/1000], Train Loss: -0.6806
2024-09-22 23:34:22,451 - Epoch [113/1000], Train metric average : 0.6806
2024-09-22 23:34:22,451 - Epoch [113/1000], Val Loss: -0.6372
2024-09-22 23:34:22,451 - Epoch [113/1000], Val metric average : 0.6372
2024-09-22 23:34:32,764 - Epoch [114/1000], Train Loss: -0.6753
2024-09-22 23:34:32,764 - Epoch [114/1000], Train metric average : 0.6753
2024-09-22 23:34:32,764 - Epoch [114/1000], Val Loss: -0.6165
2024-09-22 23:34:32,765 - Epoch [114/1000], Val metric average : 0.6165
2024-09-22 23:34:43,006 - Epoch [115/1000], Train Loss: -0.6820
2024-09-22 23:34:43,007 - Epoch [115/1000], Train metric average : 0.6820
2024-09-22 23:34:43,007 - Epoch [115/1000], Val Loss: -0.6260
2024-09-22 23:34:43,007 - Epoch [115/1000], Val metric average : 0.6260
2024-09-22 23:34:53,349 - Epoch [116/1000], Train Loss: -0.6800
2024-09-22 23:34:53,350 - Epoch [116/1000], Train metric average : 0.6800
2024-09-22 23:34:53,350 - Epoch [116/1000], Val Loss: -0.6227
2024-09-22 23:34:53,350 - Epoch [116/1000], Val metric average : 0.6227
2024-09-22 23:35:03,587 - Epoch [117/1000], Train Loss: -0.6810
2024-09-22 23:35:03,587 - Epoch [117/1000], Train metric average : 0.6810
2024-09-22 23:35:03,587 - Epoch [117/1000], Val Loss: -0.6182
2024-09-22 23:35:03,588 - Epoch [117/1000], Val metric average : 0.6182
2024-09-22 23:35:13,934 - Epoch [118/1000], Train Loss: -0.6819
2024-09-22 23:35:13,934 - Epoch [118/1000], Train metric average : 0.6819
2024-09-22 23:35:13,934 - Epoch [118/1000], Val Loss: -0.5441
2024-09-22 23:35:13,934 - Epoch [118/1000], Val metric average : 0.5441
2024-09-22 23:35:24,208 - Epoch [119/1000], Train Loss: -0.6822
2024-09-22 23:35:24,208 - Epoch [119/1000], Train metric average : 0.6822
2024-09-22 23:35:24,208 - Epoch [119/1000], Val Loss: -0.6038
2024-09-22 23:35:24,208 - Epoch [119/1000], Val metric average : 0.6038
2024-09-22 23:35:34,615 - Epoch [120/1000], Train Loss: -0.6880
2024-09-22 23:35:34,615 - Epoch [120/1000], Train metric average : 0.6880
2024-09-22 23:35:34,615 - Epoch [120/1000], Val Loss: -0.5997
2024-09-22 23:35:34,616 - Epoch [120/1000], Val metric average : 0.5997
2024-09-22 23:35:44,881 - Epoch [121/1000], Train Loss: -0.6827
2024-09-22 23:35:44,882 - Epoch [121/1000], Train metric average : 0.6827
2024-09-22 23:35:44,882 - Epoch [121/1000], Val Loss: -0.5537
2024-09-22 23:35:44,882 - Epoch [121/1000], Val metric average : 0.5537
2024-09-22 23:35:55,244 - Epoch [122/1000], Train Loss: -0.6818
2024-09-22 23:35:55,244 - Epoch [122/1000], Train metric average : 0.6818
2024-09-22 23:35:55,245 - Epoch [122/1000], Val Loss: -0.5626
2024-09-22 23:35:55,245 - Epoch [122/1000], Val metric average : 0.5626
2024-09-22 23:36:05,535 - Epoch [123/1000], Train Loss: -0.6855
2024-09-22 23:36:05,535 - Epoch [123/1000], Train metric average : 0.6855
2024-09-22 23:36:05,535 - Epoch [123/1000], Val Loss: -0.6100
2024-09-22 23:36:05,536 - Epoch [123/1000], Val metric average : 0.6100
2024-09-22 23:36:15,904 - Epoch [124/1000], Train Loss: -0.6837
2024-09-22 23:36:15,905 - Epoch [124/1000], Train metric average : 0.6837
2024-09-22 23:36:15,905 - Epoch [124/1000], Val Loss: -0.5742
2024-09-22 23:36:15,905 - Epoch [124/1000], Val metric average : 0.5742
2024-09-22 23:36:26,176 - Epoch [125/1000], Train Loss: -0.6923
2024-09-22 23:36:26,176 - Epoch [125/1000], Train metric average : 0.6923
2024-09-22 23:36:26,176 - Epoch [125/1000], Val Loss: -0.6119
2024-09-22 23:36:26,176 - Epoch [125/1000], Val metric average : 0.6119
2024-09-22 23:36:36,618 - Epoch [126/1000], Train Loss: -0.6974
2024-09-22 23:36:36,618 - Epoch [126/1000], Train metric average : 0.6974
2024-09-22 23:36:36,618 - Epoch [126/1000], Val Loss: -0.5858
2024-09-22 23:36:36,618 - Epoch [126/1000], Val metric average : 0.5858
2024-09-22 23:36:46,903 - Epoch [127/1000], Train Loss: -0.6934
2024-09-22 23:36:46,904 - Epoch [127/1000], Train metric average : 0.6934
2024-09-22 23:36:46,904 - Epoch [127/1000], Val Loss: -0.6029
2024-09-22 23:36:46,904 - Epoch [127/1000], Val metric average : 0.6029
2024-09-22 23:36:57,321 - Epoch [128/1000], Train Loss: -0.6837
2024-09-22 23:36:57,321 - Epoch [128/1000], Train metric average : 0.6837
2024-09-22 23:36:57,321 - Epoch [128/1000], Val Loss: -0.5774
2024-09-22 23:36:57,321 - Epoch [128/1000], Val metric average : 0.5774
2024-09-22 23:37:07,602 - Epoch [129/1000], Train Loss: -0.6815
2024-09-22 23:37:07,603 - Epoch [129/1000], Train metric average : 0.6815
2024-09-22 23:37:07,603 - Epoch [129/1000], Val Loss: -0.6043
2024-09-22 23:37:07,603 - Epoch [129/1000], Val metric average : 0.6043
2024-09-22 23:37:17,950 - Epoch [130/1000], Train Loss: -0.6860
2024-09-22 23:37:17,950 - Epoch [130/1000], Train metric average : 0.6860
2024-09-22 23:37:17,950 - Epoch [130/1000], Val Loss: -0.5894
2024-09-22 23:37:17,950 - Epoch [130/1000], Val metric average : 0.5894
2024-09-22 23:37:28,208 - Epoch [131/1000], Train Loss: -0.6928
2024-09-22 23:37:28,208 - Epoch [131/1000], Train metric average : 0.6928
2024-09-22 23:37:28,209 - Epoch [131/1000], Val Loss: -0.6048
2024-09-22 23:37:28,209 - Epoch [131/1000], Val metric average : 0.6048
2024-09-22 23:37:38,644 - Epoch [132/1000], Train Loss: -0.6855
2024-09-22 23:37:38,644 - Epoch [132/1000], Train metric average : 0.6855
2024-09-22 23:37:38,645 - Epoch [132/1000], Val Loss: -0.5314
2024-09-22 23:37:38,645 - Epoch [132/1000], Val metric average : 0.5314
2024-09-22 23:37:48,923 - Epoch [133/1000], Train Loss: -0.6814
2024-09-22 23:37:48,924 - Epoch [133/1000], Train metric average : 0.6814
2024-09-22 23:37:48,924 - Epoch [133/1000], Val Loss: -0.6411
2024-09-22 23:37:48,924 - Epoch [133/1000], Val metric average : 0.6411
2024-09-22 23:37:59,320 - Epoch [134/1000], Train Loss: -0.6950
2024-09-22 23:37:59,320 - Epoch [134/1000], Train metric average : 0.6950
2024-09-22 23:37:59,320 - Epoch [134/1000], Val Loss: -0.6035
2024-09-22 23:37:59,320 - Epoch [134/1000], Val metric average : 0.6035
2024-09-22 23:38:09,534 - Epoch [135/1000], Train Loss: -0.6932
2024-09-22 23:38:09,534 - Epoch [135/1000], Train metric average : 0.6932
2024-09-22 23:38:09,534 - Epoch [135/1000], Val Loss: -0.6438
2024-09-22 23:38:09,534 - Epoch [135/1000], Val metric average : 0.6438
2024-09-22 23:38:19,886 - Epoch [136/1000], Train Loss: -0.6907
2024-09-22 23:38:19,886 - Epoch [136/1000], Train metric average : 0.6907
2024-09-22 23:38:19,886 - Epoch [136/1000], Val Loss: -0.5987
2024-09-22 23:38:19,886 - Epoch [136/1000], Val metric average : 0.5987
2024-09-22 23:38:30,200 - Epoch [137/1000], Train Loss: -0.6891
2024-09-22 23:38:30,200 - Epoch [137/1000], Train metric average : 0.6891
2024-09-22 23:38:30,200 - Epoch [137/1000], Val Loss: -0.6004
2024-09-22 23:38:30,200 - Epoch [137/1000], Val metric average : 0.6004
2024-09-22 23:38:40,585 - Epoch [138/1000], Train Loss: -0.6923
2024-09-22 23:38:40,586 - Epoch [138/1000], Train metric average : 0.6923
2024-09-22 23:38:40,586 - Epoch [138/1000], Val Loss: -0.6071
2024-09-22 23:38:40,586 - Epoch [138/1000], Val metric average : 0.6071
2024-09-22 23:38:50,879 - Epoch [139/1000], Train Loss: -0.6954
2024-09-22 23:38:50,879 - Epoch [139/1000], Train metric average : 0.6954
2024-09-22 23:38:50,879 - Epoch [139/1000], Val Loss: -0.6177
2024-09-22 23:38:50,879 - Epoch [139/1000], Val metric average : 0.6177
2024-09-22 23:39:01,298 - Epoch [140/1000], Train Loss: -0.6970
2024-09-22 23:39:01,299 - Epoch [140/1000], Train metric average : 0.6970
2024-09-22 23:39:01,299 - Epoch [140/1000], Val Loss: -0.6254
2024-09-22 23:39:01,299 - Epoch [140/1000], Val metric average : 0.6254
2024-09-22 23:39:11,526 - Epoch [141/1000], Train Loss: -0.6929
2024-09-22 23:39:11,526 - Epoch [141/1000], Train metric average : 0.6929
2024-09-22 23:39:11,527 - Epoch [141/1000], Val Loss: -0.6390
2024-09-22 23:39:11,527 - Epoch [141/1000], Val metric average : 0.6390
2024-09-22 23:39:21,932 - Epoch [142/1000], Train Loss: -0.6970
2024-09-22 23:39:21,932 - Epoch [142/1000], Train metric average : 0.6970
2024-09-22 23:39:21,932 - Epoch [142/1000], Val Loss: -0.5665
2024-09-22 23:39:21,932 - Epoch [142/1000], Val metric average : 0.5665
2024-09-22 23:39:32,179 - Epoch [143/1000], Train Loss: -0.6898
2024-09-22 23:39:32,179 - Epoch [143/1000], Train metric average : 0.6898
2024-09-22 23:39:32,179 - Epoch [143/1000], Val Loss: -0.5898
2024-09-22 23:39:32,179 - Epoch [143/1000], Val metric average : 0.5898
2024-09-22 23:39:42,555 - Epoch [144/1000], Train Loss: -0.6931
2024-09-22 23:39:42,555 - Epoch [144/1000], Train metric average : 0.6931
2024-09-22 23:39:42,555 - Epoch [144/1000], Val Loss: -0.6733
2024-09-22 23:39:42,555 - Epoch [144/1000], Val metric average : 0.6733
2024-09-22 23:39:45,642 - Saved best model with Val Loss: -0.6733
2024-09-22 23:39:55,878 - Epoch [145/1000], Train Loss: -0.6902
2024-09-22 23:39:55,878 - Epoch [145/1000], Train metric average : 0.6902
2024-09-22 23:39:55,878 - Epoch [145/1000], Val Loss: -0.6484
2024-09-22 23:39:55,878 - Epoch [145/1000], Val metric average : 0.6484
2024-09-22 23:40:06,223 - Epoch [146/1000], Train Loss: -0.7060
2024-09-22 23:40:06,224 - Epoch [146/1000], Train metric average : 0.7060
2024-09-22 23:40:06,224 - Epoch [146/1000], Val Loss: -0.5572
2024-09-22 23:40:06,224 - Epoch [146/1000], Val metric average : 0.5572
2024-09-22 23:40:16,509 - Epoch [147/1000], Train Loss: -0.6895
2024-09-22 23:40:16,509 - Epoch [147/1000], Train metric average : 0.6895
2024-09-22 23:40:16,509 - Epoch [147/1000], Val Loss: -0.5994
2024-09-22 23:40:16,509 - Epoch [147/1000], Val metric average : 0.5994
2024-09-22 23:40:26,843 - Epoch [148/1000], Train Loss: -0.6948
2024-09-22 23:40:26,844 - Epoch [148/1000], Train metric average : 0.6948
2024-09-22 23:40:26,844 - Epoch [148/1000], Val Loss: -0.6286
2024-09-22 23:40:26,844 - Epoch [148/1000], Val metric average : 0.6286
2024-09-22 23:40:37,210 - Epoch [149/1000], Train Loss: -0.6948
2024-09-22 23:40:37,211 - Epoch [149/1000], Train metric average : 0.6948
2024-09-22 23:40:37,211 - Epoch [149/1000], Val Loss: -0.5735
2024-09-22 23:40:37,211 - Epoch [149/1000], Val metric average : 0.5735
2024-09-22 23:40:47,602 - Epoch [150/1000], Train Loss: -0.6942
2024-09-22 23:40:47,603 - Epoch [150/1000], Train metric average : 0.6942
2024-09-22 23:40:47,603 - Epoch [150/1000], Val Loss: -0.6283
2024-09-22 23:40:47,603 - Epoch [150/1000], Val metric average : 0.6283
2024-09-22 23:40:57,822 - Epoch [151/1000], Train Loss: -0.6980
2024-09-22 23:40:57,822 - Epoch [151/1000], Train metric average : 0.6980
2024-09-22 23:40:57,823 - Epoch [151/1000], Val Loss: -0.6035
2024-09-22 23:40:57,823 - Epoch [151/1000], Val metric average : 0.6035
2024-09-22 23:41:08,408 - Epoch [152/1000], Train Loss: -0.7054
2024-09-22 23:41:08,408 - Epoch [152/1000], Train metric average : 0.7054
2024-09-22 23:41:08,408 - Epoch [152/1000], Val Loss: -0.6507
2024-09-22 23:41:08,408 - Epoch [152/1000], Val metric average : 0.6507
2024-09-22 23:41:18,835 - Epoch [153/1000], Train Loss: -0.7038
2024-09-22 23:41:18,835 - Epoch [153/1000], Train metric average : 0.7038
2024-09-22 23:41:18,835 - Epoch [153/1000], Val Loss: -0.5988
2024-09-22 23:41:18,835 - Epoch [153/1000], Val metric average : 0.5988
2024-09-22 23:41:29,042 - Epoch [154/1000], Train Loss: -0.6978
2024-09-22 23:41:29,042 - Epoch [154/1000], Train metric average : 0.6978
2024-09-22 23:41:29,042 - Epoch [154/1000], Val Loss: -0.5424
2024-09-22 23:41:29,042 - Epoch [154/1000], Val metric average : 0.5424
2024-09-22 23:41:39,409 - Epoch [155/1000], Train Loss: -0.7105
2024-09-22 23:41:39,409 - Epoch [155/1000], Train metric average : 0.7105
2024-09-22 23:41:39,409 - Epoch [155/1000], Val Loss: -0.6269
2024-09-22 23:41:39,409 - Epoch [155/1000], Val metric average : 0.6269
2024-09-22 23:41:49,637 - Epoch [156/1000], Train Loss: -0.7052
2024-09-22 23:41:49,637 - Epoch [156/1000], Train metric average : 0.7052
2024-09-22 23:41:49,637 - Epoch [156/1000], Val Loss: -0.5777
2024-09-22 23:41:49,637 - Epoch [156/1000], Val metric average : 0.5777
2024-09-22 23:42:00,055 - Epoch [157/1000], Train Loss: -0.7033
2024-09-22 23:42:00,055 - Epoch [157/1000], Train metric average : 0.7033
2024-09-22 23:42:00,055 - Epoch [157/1000], Val Loss: -0.6211
2024-09-22 23:42:00,055 - Epoch [157/1000], Val metric average : 0.6211
2024-09-22 23:42:10,330 - Epoch [158/1000], Train Loss: -0.7013
2024-09-22 23:42:10,330 - Epoch [158/1000], Train metric average : 0.7013
2024-09-22 23:42:10,330 - Epoch [158/1000], Val Loss: -0.6248
2024-09-22 23:42:10,330 - Epoch [158/1000], Val metric average : 0.6248
2024-09-22 23:42:20,721 - Epoch [159/1000], Train Loss: -0.7072
2024-09-22 23:42:20,721 - Epoch [159/1000], Train metric average : 0.7072
2024-09-22 23:42:20,721 - Epoch [159/1000], Val Loss: -0.6140
2024-09-22 23:42:20,721 - Epoch [159/1000], Val metric average : 0.6140
2024-09-22 23:42:30,942 - Epoch [160/1000], Train Loss: -0.7009
2024-09-22 23:42:30,942 - Epoch [160/1000], Train metric average : 0.7009
2024-09-22 23:42:30,942 - Epoch [160/1000], Val Loss: -0.6100
2024-09-22 23:42:30,942 - Epoch [160/1000], Val metric average : 0.6100
2024-09-22 23:42:41,266 - Epoch [161/1000], Train Loss: -0.6920
2024-09-22 23:42:41,266 - Epoch [161/1000], Train metric average : 0.6920
2024-09-22 23:42:41,266 - Epoch [161/1000], Val Loss: -0.6134
2024-09-22 23:42:41,267 - Epoch [161/1000], Val metric average : 0.6134
2024-09-22 23:42:51,500 - Epoch [162/1000], Train Loss: -0.6984
2024-09-22 23:42:51,500 - Epoch [162/1000], Train metric average : 0.6984
2024-09-22 23:42:51,500 - Epoch [162/1000], Val Loss: -0.6351
2024-09-22 23:42:51,500 - Epoch [162/1000], Val metric average : 0.6351
2024-09-22 23:43:01,830 - Epoch [163/1000], Train Loss: -0.7047
2024-09-22 23:43:01,830 - Epoch [163/1000], Train metric average : 0.7047
2024-09-22 23:43:01,831 - Epoch [163/1000], Val Loss: -0.6030
2024-09-22 23:43:01,831 - Epoch [163/1000], Val metric average : 0.6030
2024-09-22 23:43:12,226 - Epoch [164/1000], Train Loss: -0.6982
2024-09-22 23:43:12,227 - Epoch [164/1000], Train metric average : 0.6982
2024-09-22 23:43:12,227 - Epoch [164/1000], Val Loss: -0.5837
2024-09-22 23:43:12,227 - Epoch [164/1000], Val metric average : 0.5837
2024-09-22 23:43:22,483 - Epoch [165/1000], Train Loss: -0.7069
2024-09-22 23:43:22,483 - Epoch [165/1000], Train metric average : 0.7069
2024-09-22 23:43:22,483 - Epoch [165/1000], Val Loss: -0.5803
2024-09-22 23:43:22,484 - Epoch [165/1000], Val metric average : 0.5803
2024-09-22 23:43:32,897 - Epoch [166/1000], Train Loss: -0.7037
2024-09-22 23:43:32,897 - Epoch [166/1000], Train metric average : 0.7037
2024-09-22 23:43:32,897 - Epoch [166/1000], Val Loss: -0.6121
2024-09-22 23:43:32,897 - Epoch [166/1000], Val metric average : 0.6121
2024-09-22 23:43:43,171 - Epoch [167/1000], Train Loss: -0.7051
2024-09-22 23:43:43,171 - Epoch [167/1000], Train metric average : 0.7051
2024-09-22 23:43:43,172 - Epoch [167/1000], Val Loss: -0.5627
2024-09-22 23:43:43,172 - Epoch [167/1000], Val metric average : 0.5627
2024-09-22 23:43:53,520 - Epoch [168/1000], Train Loss: -0.7028
2024-09-22 23:43:53,520 - Epoch [168/1000], Train metric average : 0.7028
2024-09-22 23:43:53,520 - Epoch [168/1000], Val Loss: -0.6379
2024-09-22 23:43:53,520 - Epoch [168/1000], Val metric average : 0.6379
2024-09-22 23:44:03,914 - Epoch [169/1000], Train Loss: -0.7038
2024-09-22 23:44:03,914 - Epoch [169/1000], Train metric average : 0.7038
2024-09-22 23:44:03,914 - Epoch [169/1000], Val Loss: -0.5918
2024-09-22 23:44:03,914 - Epoch [169/1000], Val metric average : 0.5918
2024-09-22 23:44:14,347 - Epoch [170/1000], Train Loss: -0.7032
2024-09-22 23:44:14,347 - Epoch [170/1000], Train metric average : 0.7032
2024-09-22 23:44:14,347 - Epoch [170/1000], Val Loss: -0.6354
2024-09-22 23:44:14,347 - Epoch [170/1000], Val metric average : 0.6354
2024-09-22 23:44:24,627 - Epoch [171/1000], Train Loss: -0.7033
2024-09-22 23:44:24,627 - Epoch [171/1000], Train metric average : 0.7033
2024-09-22 23:44:24,627 - Epoch [171/1000], Val Loss: -0.6303
2024-09-22 23:44:24,627 - Epoch [171/1000], Val metric average : 0.6303
2024-09-22 23:44:34,899 - Epoch [172/1000], Train Loss: -0.7020
2024-09-22 23:44:34,899 - Epoch [172/1000], Train metric average : 0.7020
2024-09-22 23:44:34,899 - Epoch [172/1000], Val Loss: -0.5971
2024-09-22 23:44:34,899 - Epoch [172/1000], Val metric average : 0.5971
2024-09-22 23:44:45,247 - Epoch [173/1000], Train Loss: -0.7022
2024-09-22 23:44:45,248 - Epoch [173/1000], Train metric average : 0.7022
2024-09-22 23:44:45,248 - Epoch [173/1000], Val Loss: -0.5808
2024-09-22 23:44:45,248 - Epoch [173/1000], Val metric average : 0.5808
2024-09-22 23:44:55,503 - Epoch [174/1000], Train Loss: -0.7075
2024-09-22 23:44:55,503 - Epoch [174/1000], Train metric average : 0.7075
2024-09-22 23:44:55,503 - Epoch [174/1000], Val Loss: -0.6034
2024-09-22 23:44:55,503 - Epoch [174/1000], Val metric average : 0.6034
2024-09-22 23:45:05,892 - Epoch [175/1000], Train Loss: -0.7050
2024-09-22 23:45:05,892 - Epoch [175/1000], Train metric average : 0.7050
2024-09-22 23:45:05,892 - Epoch [175/1000], Val Loss: -0.5183
2024-09-22 23:45:05,892 - Epoch [175/1000], Val metric average : 0.5183
2024-09-22 23:45:16,097 - Epoch [176/1000], Train Loss: -0.7063
2024-09-22 23:45:16,098 - Epoch [176/1000], Train metric average : 0.7063
2024-09-22 23:45:16,098 - Epoch [176/1000], Val Loss: -0.5853
2024-09-22 23:45:16,098 - Epoch [176/1000], Val metric average : 0.5853
2024-09-22 23:45:26,423 - Epoch [177/1000], Train Loss: -0.7047
2024-09-22 23:45:26,424 - Epoch [177/1000], Train metric average : 0.7047
2024-09-22 23:45:26,424 - Epoch [177/1000], Val Loss: -0.6473
2024-09-22 23:45:26,424 - Epoch [177/1000], Val metric average : 0.6473
2024-09-22 23:45:36,615 - Epoch [178/1000], Train Loss: -0.6958
2024-09-22 23:45:36,615 - Epoch [178/1000], Train metric average : 0.6958
2024-09-22 23:45:36,615 - Epoch [178/1000], Val Loss: -0.5718
2024-09-22 23:45:36,615 - Epoch [178/1000], Val metric average : 0.5718
2024-09-22 23:45:46,962 - Epoch [179/1000], Train Loss: -0.7060
2024-09-22 23:45:46,962 - Epoch [179/1000], Train metric average : 0.7060
2024-09-22 23:45:46,962 - Epoch [179/1000], Val Loss: -0.5770
2024-09-22 23:45:46,962 - Epoch [179/1000], Val metric average : 0.5770
2024-09-22 23:45:57,283 - Epoch [180/1000], Train Loss: -0.7109
2024-09-22 23:45:57,283 - Epoch [180/1000], Train metric average : 0.7109
2024-09-22 23:45:57,283 - Epoch [180/1000], Val Loss: -0.5928
2024-09-22 23:45:57,283 - Epoch [180/1000], Val metric average : 0.5928
2024-09-22 23:46:07,723 - Epoch [181/1000], Train Loss: -0.7060
2024-09-22 23:46:07,723 - Epoch [181/1000], Train metric average : 0.7060
2024-09-22 23:46:07,723 - Epoch [181/1000], Val Loss: -0.5972
2024-09-22 23:46:07,723 - Epoch [181/1000], Val metric average : 0.5972
2024-09-22 23:46:17,977 - Epoch [182/1000], Train Loss: -0.7045
2024-09-22 23:46:17,977 - Epoch [182/1000], Train metric average : 0.7045
2024-09-22 23:46:17,977 - Epoch [182/1000], Val Loss: -0.6003
2024-09-22 23:46:17,977 - Epoch [182/1000], Val metric average : 0.6003
2024-09-22 23:46:28,343 - Epoch [183/1000], Train Loss: -0.7059
2024-09-22 23:46:28,344 - Epoch [183/1000], Train metric average : 0.7059
2024-09-22 23:46:28,344 - Epoch [183/1000], Val Loss: -0.6224
2024-09-22 23:46:28,344 - Epoch [183/1000], Val metric average : 0.6224
2024-09-22 23:46:38,584 - Epoch [184/1000], Train Loss: -0.7077
2024-09-22 23:46:38,585 - Epoch [184/1000], Train metric average : 0.7077
2024-09-22 23:46:38,585 - Epoch [184/1000], Val Loss: -0.5961
2024-09-22 23:46:38,585 - Epoch [184/1000], Val metric average : 0.5961
2024-09-22 23:46:49,002 - Epoch [185/1000], Train Loss: -0.7022
2024-09-22 23:46:49,003 - Epoch [185/1000], Train metric average : 0.7022
2024-09-22 23:46:49,003 - Epoch [185/1000], Val Loss: -0.6019
2024-09-22 23:46:49,003 - Epoch [185/1000], Val metric average : 0.6019
2024-09-22 23:46:59,378 - Epoch [186/1000], Train Loss: -0.7029
2024-09-22 23:46:59,378 - Epoch [186/1000], Train metric average : 0.7029
2024-09-22 23:46:59,378 - Epoch [186/1000], Val Loss: -0.6439
2024-09-22 23:46:59,378 - Epoch [186/1000], Val metric average : 0.6439
2024-09-22 23:47:09,700 - Epoch [187/1000], Train Loss: -0.7065
2024-09-22 23:47:09,701 - Epoch [187/1000], Train metric average : 0.7065
2024-09-22 23:47:09,701 - Epoch [187/1000], Val Loss: -0.5791
2024-09-22 23:47:09,701 - Epoch [187/1000], Val metric average : 0.5791
2024-09-22 23:47:20,014 - Epoch [188/1000], Train Loss: -0.7076
2024-09-22 23:47:20,015 - Epoch [188/1000], Train metric average : 0.7076
2024-09-22 23:47:20,015 - Epoch [188/1000], Val Loss: -0.5830
2024-09-22 23:47:20,015 - Epoch [188/1000], Val metric average : 0.5830
2024-09-22 23:47:30,382 - Epoch [189/1000], Train Loss: -0.7064
2024-09-22 23:47:30,382 - Epoch [189/1000], Train metric average : 0.7064
2024-09-22 23:47:30,382 - Epoch [189/1000], Val Loss: -0.5971
2024-09-22 23:47:30,382 - Epoch [189/1000], Val metric average : 0.5971
2024-09-22 23:47:40,676 - Epoch [190/1000], Train Loss: -0.7074
2024-09-22 23:47:40,677 - Epoch [190/1000], Train metric average : 0.7074
2024-09-22 23:47:40,677 - Epoch [190/1000], Val Loss: -0.6335
2024-09-22 23:47:40,677 - Epoch [190/1000], Val metric average : 0.6335
2024-09-22 23:47:51,141 - Epoch [191/1000], Train Loss: -0.7056
2024-09-22 23:47:51,141 - Epoch [191/1000], Train metric average : 0.7056
2024-09-22 23:47:51,141 - Epoch [191/1000], Val Loss: -0.6257
2024-09-22 23:47:51,141 - Epoch [191/1000], Val metric average : 0.6257
2024-09-22 23:48:01,454 - Epoch [192/1000], Train Loss: -0.6983
2024-09-22 23:48:01,454 - Epoch [192/1000], Train metric average : 0.6983
2024-09-22 23:48:01,454 - Epoch [192/1000], Val Loss: -0.6059
2024-09-22 23:48:01,454 - Epoch [192/1000], Val metric average : 0.6059
2024-09-22 23:48:11,840 - Epoch [193/1000], Train Loss: -0.7032
2024-09-22 23:48:11,840 - Epoch [193/1000], Train metric average : 0.7032
2024-09-22 23:48:11,841 - Epoch [193/1000], Val Loss: -0.5547
2024-09-22 23:48:11,841 - Epoch [193/1000], Val metric average : 0.5547
2024-09-22 23:48:22,110 - Epoch [194/1000], Train Loss: -0.7055
2024-09-22 23:48:22,110 - Epoch [194/1000], Train metric average : 0.7055
2024-09-22 23:48:22,110 - Epoch [194/1000], Val Loss: -0.5650
2024-09-22 23:48:22,111 - Epoch [194/1000], Val metric average : 0.5650
2024-09-22 23:48:32,519 - Epoch [195/1000], Train Loss: -0.7093
2024-09-22 23:48:32,519 - Epoch [195/1000], Train metric average : 0.7093
2024-09-22 23:48:32,519 - Epoch [195/1000], Val Loss: -0.6149
2024-09-22 23:48:32,520 - Epoch [195/1000], Val metric average : 0.6149
2024-09-22 23:48:42,808 - Epoch [196/1000], Train Loss: -0.7017
2024-09-22 23:48:42,809 - Epoch [196/1000], Train metric average : 0.7017
2024-09-22 23:48:42,809 - Epoch [196/1000], Val Loss: -0.6120
2024-09-22 23:48:42,809 - Epoch [196/1000], Val metric average : 0.6120
2024-09-22 23:48:53,224 - Epoch [197/1000], Train Loss: -0.7025
2024-09-22 23:48:53,225 - Epoch [197/1000], Train metric average : 0.7025
2024-09-22 23:48:53,225 - Epoch [197/1000], Val Loss: -0.5827
2024-09-22 23:48:53,225 - Epoch [197/1000], Val metric average : 0.5827
2024-09-22 23:49:03,507 - Epoch [198/1000], Train Loss: -0.7010
2024-09-22 23:49:03,508 - Epoch [198/1000], Train metric average : 0.7010
2024-09-22 23:49:03,508 - Epoch [198/1000], Val Loss: -0.6524
2024-09-22 23:49:03,508 - Epoch [198/1000], Val metric average : 0.6524
2024-09-22 23:49:13,898 - Epoch [199/1000], Train Loss: -0.7068
2024-09-22 23:49:13,899 - Epoch [199/1000], Train metric average : 0.7068
2024-09-22 23:49:13,899 - Epoch [199/1000], Val Loss: -0.6244
2024-09-22 23:49:13,899 - Epoch [199/1000], Val metric average : 0.6244
2024-09-22 23:49:24,165 - Epoch [200/1000], Train Loss: -0.7087
2024-09-22 23:49:24,166 - Epoch [200/1000], Train metric average : 0.7087
2024-09-22 23:49:24,166 - Epoch [200/1000], Val Loss: -0.5523
2024-09-22 23:49:24,166 - Epoch [200/1000], Val metric average : 0.5523
2024-09-22 23:49:34,534 - Epoch [201/1000], Train Loss: -0.7091
2024-09-22 23:49:34,535 - Epoch [201/1000], Train metric average : 0.7091
2024-09-22 23:49:34,535 - Epoch [201/1000], Val Loss: -0.6295
2024-09-22 23:49:34,535 - Epoch [201/1000], Val metric average : 0.6295
2024-09-22 23:49:44,972 - Epoch [202/1000], Train Loss: -0.7048
2024-09-22 23:49:44,972 - Epoch [202/1000], Train metric average : 0.7048
2024-09-22 23:49:44,972 - Epoch [202/1000], Val Loss: -0.5853
2024-09-22 23:49:44,972 - Epoch [202/1000], Val metric average : 0.5853
2024-09-22 23:49:55,195 - Epoch [203/1000], Train Loss: -0.7097
2024-09-22 23:49:55,195 - Epoch [203/1000], Train metric average : 0.7097
2024-09-22 23:49:55,195 - Epoch [203/1000], Val Loss: -0.6130
2024-09-22 23:49:55,195 - Epoch [203/1000], Val metric average : 0.6130
2024-09-22 23:50:05,602 - Epoch [204/1000], Train Loss: -0.6990
2024-09-22 23:50:05,602 - Epoch [204/1000], Train metric average : 0.6990
2024-09-22 23:50:05,602 - Epoch [204/1000], Val Loss: -0.6299
2024-09-22 23:50:05,602 - Epoch [204/1000], Val metric average : 0.6299
2024-09-22 23:50:15,952 - Epoch [205/1000], Train Loss: -0.7039
2024-09-22 23:50:15,952 - Epoch [205/1000], Train metric average : 0.7039
2024-09-22 23:50:15,952 - Epoch [205/1000], Val Loss: -0.5903
2024-09-22 23:50:15,952 - Epoch [205/1000], Val metric average : 0.5903
2024-09-22 23:50:26,363 - Epoch [206/1000], Train Loss: -0.7042
2024-09-22 23:50:26,363 - Epoch [206/1000], Train metric average : 0.7042
2024-09-22 23:50:26,363 - Epoch [206/1000], Val Loss: -0.6024
2024-09-22 23:50:26,363 - Epoch [206/1000], Val metric average : 0.6024
2024-09-22 23:50:36,608 - Epoch [207/1000], Train Loss: -0.6993
2024-09-22 23:50:36,609 - Epoch [207/1000], Train metric average : 0.6993
2024-09-22 23:50:36,609 - Epoch [207/1000], Val Loss: -0.5979
2024-09-22 23:50:36,609 - Epoch [207/1000], Val metric average : 0.5979
2024-09-22 23:50:46,989 - Epoch [208/1000], Train Loss: -0.7033
2024-09-22 23:50:46,989 - Epoch [208/1000], Train metric average : 0.7033
2024-09-22 23:50:46,989 - Epoch [208/1000], Val Loss: -0.6020
2024-09-22 23:50:46,989 - Epoch [208/1000], Val metric average : 0.6020
2024-09-22 23:50:57,248 - Epoch [209/1000], Train Loss: -0.7101
2024-09-22 23:50:57,248 - Epoch [209/1000], Train metric average : 0.7101
2024-09-22 23:50:57,248 - Epoch [209/1000], Val Loss: -0.5468
2024-09-22 23:50:57,248 - Epoch [209/1000], Val metric average : 0.5468
2024-09-22 23:51:07,586 - Epoch [210/1000], Train Loss: -0.6973
2024-09-22 23:51:07,586 - Epoch [210/1000], Train metric average : 0.6973
2024-09-22 23:51:07,586 - Epoch [210/1000], Val Loss: -0.5838
2024-09-22 23:51:07,586 - Epoch [210/1000], Val metric average : 0.5838
2024-09-22 23:51:17,879 - Epoch [211/1000], Train Loss: -0.7108
2024-09-22 23:51:17,879 - Epoch [211/1000], Train metric average : 0.7108
2024-09-22 23:51:17,879 - Epoch [211/1000], Val Loss: -0.5928
2024-09-22 23:51:17,879 - Epoch [211/1000], Val metric average : 0.5928
2024-09-22 23:51:28,285 - Epoch [212/1000], Train Loss: -0.7028
2024-09-22 23:51:28,285 - Epoch [212/1000], Train metric average : 0.7028
2024-09-22 23:51:28,285 - Epoch [212/1000], Val Loss: -0.6237
2024-09-22 23:51:28,285 - Epoch [212/1000], Val metric average : 0.6237
2024-09-22 23:51:38,542 - Epoch [213/1000], Train Loss: -0.7052
2024-09-22 23:51:38,542 - Epoch [213/1000], Train metric average : 0.7052
2024-09-22 23:51:38,542 - Epoch [213/1000], Val Loss: -0.6033
2024-09-22 23:51:38,542 - Epoch [213/1000], Val metric average : 0.6033
2024-09-22 23:51:48,937 - Epoch [214/1000], Train Loss: -0.7037
2024-09-22 23:51:48,938 - Epoch [214/1000], Train metric average : 0.7037
2024-09-22 23:51:48,938 - Epoch [214/1000], Val Loss: -0.5870
2024-09-22 23:51:48,938 - Epoch [214/1000], Val metric average : 0.5870
2024-09-22 23:51:59,260 - Epoch [215/1000], Train Loss: -0.7086
2024-09-22 23:51:59,260 - Epoch [215/1000], Train metric average : 0.7086
2024-09-22 23:51:59,260 - Epoch [215/1000], Val Loss: -0.5603
2024-09-22 23:51:59,260 - Epoch [215/1000], Val metric average : 0.5603
2024-09-22 23:52:09,671 - Epoch [216/1000], Train Loss: -0.7043
2024-09-22 23:52:09,671 - Epoch [216/1000], Train metric average : 0.7043
2024-09-22 23:52:09,671 - Epoch [216/1000], Val Loss: -0.5840
2024-09-22 23:52:09,671 - Epoch [216/1000], Val metric average : 0.5840
2024-09-22 23:52:19,946 - Epoch [217/1000], Train Loss: -0.7045
2024-09-22 23:52:19,946 - Epoch [217/1000], Train metric average : 0.7045
2024-09-22 23:52:19,947 - Epoch [217/1000], Val Loss: -0.5539
2024-09-22 23:52:19,947 - Epoch [217/1000], Val metric average : 0.5539
2024-09-22 23:52:30,324 - Epoch [218/1000], Train Loss: -0.7069
2024-09-22 23:52:30,324 - Epoch [218/1000], Train metric average : 0.7069
2024-09-22 23:52:30,324 - Epoch [218/1000], Val Loss: -0.6094
2024-09-22 23:52:30,325 - Epoch [218/1000], Val metric average : 0.6094
2024-09-22 23:52:40,633 - Epoch [219/1000], Train Loss: -0.7049
2024-09-22 23:52:40,633 - Epoch [219/1000], Train metric average : 0.7049
2024-09-22 23:52:40,634 - Epoch [219/1000], Val Loss: -0.5896
2024-09-22 23:52:40,634 - Epoch [219/1000], Val metric average : 0.5896
2024-09-22 23:52:51,068 - Epoch [220/1000], Train Loss: -0.7096
2024-09-22 23:52:51,068 - Epoch [220/1000], Train metric average : 0.7096
2024-09-22 23:52:51,069 - Epoch [220/1000], Val Loss: -0.6396
2024-09-22 23:52:51,069 - Epoch [220/1000], Val metric average : 0.6396
2024-09-22 23:53:01,366 - Epoch [221/1000], Train Loss: -0.7123
2024-09-22 23:53:01,366 - Epoch [221/1000], Train metric average : 0.7123
2024-09-22 23:53:01,366 - Epoch [221/1000], Val Loss: -0.6448
2024-09-22 23:53:01,366 - Epoch [221/1000], Val metric average : 0.6448
2024-09-22 23:53:11,773 - Epoch [222/1000], Train Loss: -0.7013
2024-09-22 23:53:11,774 - Epoch [222/1000], Train metric average : 0.7013
2024-09-22 23:53:11,774 - Epoch [222/1000], Val Loss: -0.5008
2024-09-22 23:53:11,774 - Epoch [222/1000], Val metric average : 0.5008
2024-09-22 23:53:22,086 - Epoch [223/1000], Train Loss: -0.7076
2024-09-22 23:53:22,086 - Epoch [223/1000], Train metric average : 0.7076
2024-09-22 23:53:22,086 - Epoch [223/1000], Val Loss: -0.6252
2024-09-22 23:53:22,086 - Epoch [223/1000], Val metric average : 0.6252
2024-09-22 23:53:32,446 - Epoch [224/1000], Train Loss: -0.7076
2024-09-22 23:53:32,447 - Epoch [224/1000], Train metric average : 0.7076
2024-09-22 23:53:32,447 - Epoch [224/1000], Val Loss: -0.5480
2024-09-22 23:53:32,447 - Epoch [224/1000], Val metric average : 0.5480
2024-09-22 23:53:42,694 - Epoch [225/1000], Train Loss: -0.7116
2024-09-22 23:53:42,694 - Epoch [225/1000], Train metric average : 0.7116
2024-09-22 23:53:42,694 - Epoch [225/1000], Val Loss: -0.6066
2024-09-22 23:53:42,694 - Epoch [225/1000], Val metric average : 0.6066
2024-09-22 23:53:53,070 - Epoch [226/1000], Train Loss: -0.7071
2024-09-22 23:53:53,070 - Epoch [226/1000], Train metric average : 0.7071
2024-09-22 23:53:53,070 - Epoch [226/1000], Val Loss: -0.5964
2024-09-22 23:53:53,070 - Epoch [226/1000], Val metric average : 0.5964
2024-09-22 23:54:03,308 - Epoch [227/1000], Train Loss: -0.7131
2024-09-22 23:54:03,308 - Epoch [227/1000], Train metric average : 0.7131
2024-09-22 23:54:03,309 - Epoch [227/1000], Val Loss: -0.5812
2024-09-22 23:54:03,309 - Epoch [227/1000], Val metric average : 0.5812
2024-09-22 23:54:13,765 - Epoch [228/1000], Train Loss: -0.7094
2024-09-22 23:54:13,765 - Epoch [228/1000], Train metric average : 0.7094
2024-09-22 23:54:13,765 - Epoch [228/1000], Val Loss: -0.6381
2024-09-22 23:54:13,765 - Epoch [228/1000], Val metric average : 0.6381
2024-09-22 23:54:24,006 - Epoch [229/1000], Train Loss: -0.7080
2024-09-22 23:54:24,006 - Epoch [229/1000], Train metric average : 0.7080
2024-09-22 23:54:24,006 - Epoch [229/1000], Val Loss: -0.6186
2024-09-22 23:54:24,006 - Epoch [229/1000], Val metric average : 0.6186
2024-09-22 23:54:34,392 - Epoch [230/1000], Train Loss: -0.7070
2024-09-22 23:54:34,392 - Epoch [230/1000], Train metric average : 0.7070
2024-09-22 23:54:34,392 - Epoch [230/1000], Val Loss: -0.5955
2024-09-22 23:54:34,392 - Epoch [230/1000], Val metric average : 0.5955
2024-09-22 23:54:44,675 - Epoch [231/1000], Train Loss: -0.7087
2024-09-22 23:54:44,675 - Epoch [231/1000], Train metric average : 0.7087
2024-09-22 23:54:44,675 - Epoch [231/1000], Val Loss: -0.6199
2024-09-22 23:54:44,675 - Epoch [231/1000], Val metric average : 0.6199
2024-09-22 23:54:55,013 - Epoch [232/1000], Train Loss: -0.7071
2024-09-22 23:54:55,014 - Epoch [232/1000], Train metric average : 0.7071
2024-09-22 23:54:55,014 - Epoch [232/1000], Val Loss: -0.6342
2024-09-22 23:54:55,014 - Epoch [232/1000], Val metric average : 0.6342
2024-09-22 23:55:05,332 - Epoch [233/1000], Train Loss: -0.7130
2024-09-22 23:55:05,332 - Epoch [233/1000], Train metric average : 0.7130
2024-09-22 23:55:05,332 - Epoch [233/1000], Val Loss: -0.5245
2024-09-22 23:55:05,332 - Epoch [233/1000], Val metric average : 0.5245
2024-09-22 23:55:15,722 - Epoch [234/1000], Train Loss: -0.7104
2024-09-22 23:55:15,723 - Epoch [234/1000], Train metric average : 0.7104
2024-09-22 23:55:15,723 - Epoch [234/1000], Val Loss: -0.5751
2024-09-22 23:55:15,723 - Epoch [234/1000], Val metric average : 0.5751
2024-09-22 23:55:26,004 - Epoch [235/1000], Train Loss: -0.7091
2024-09-22 23:55:26,005 - Epoch [235/1000], Train metric average : 0.7091
2024-09-22 23:55:26,005 - Epoch [235/1000], Val Loss: -0.5910
2024-09-22 23:55:26,005 - Epoch [235/1000], Val metric average : 0.5910
2024-09-22 23:55:36,413 - Epoch [236/1000], Train Loss: -0.7036
2024-09-22 23:55:36,414 - Epoch [236/1000], Train metric average : 0.7036
2024-09-22 23:55:36,414 - Epoch [236/1000], Val Loss: -0.5996
2024-09-22 23:55:36,414 - Epoch [236/1000], Val metric average : 0.5996
2024-09-22 23:55:46,672 - Epoch [237/1000], Train Loss: -0.7032
2024-09-22 23:55:46,672 - Epoch [237/1000], Train metric average : 0.7032
2024-09-22 23:55:46,672 - Epoch [237/1000], Val Loss: -0.5694
2024-09-22 23:55:46,672 - Epoch [237/1000], Val metric average : 0.5694
2024-09-22 23:55:57,071 - Epoch [238/1000], Train Loss: -0.7048
2024-09-22 23:55:57,072 - Epoch [238/1000], Train metric average : 0.7048
2024-09-22 23:55:57,072 - Epoch [238/1000], Val Loss: -0.5606
2024-09-22 23:55:57,072 - Epoch [238/1000], Val metric average : 0.5606
2024-09-22 23:56:07,345 - Epoch [239/1000], Train Loss: -0.7056
2024-09-22 23:56:07,346 - Epoch [239/1000], Train metric average : 0.7056
2024-09-22 23:56:07,346 - Epoch [239/1000], Val Loss: -0.6080
2024-09-22 23:56:07,346 - Epoch [239/1000], Val metric average : 0.6080
2024-09-22 23:56:17,762 - Epoch [240/1000], Train Loss: -0.7119
2024-09-22 23:56:17,763 - Epoch [240/1000], Train metric average : 0.7119
2024-09-22 23:56:17,763 - Epoch [240/1000], Val Loss: -0.5484
2024-09-22 23:56:17,763 - Epoch [240/1000], Val metric average : 0.5484
2024-09-22 23:56:28,059 - Epoch [241/1000], Train Loss: -0.7077
2024-09-22 23:56:28,059 - Epoch [241/1000], Train metric average : 0.7077
2024-09-22 23:56:28,059 - Epoch [241/1000], Val Loss: -0.6169
2024-09-22 23:56:28,059 - Epoch [241/1000], Val metric average : 0.6169
2024-09-22 23:56:38,433 - Epoch [242/1000], Train Loss: -0.7051
2024-09-22 23:56:38,433 - Epoch [242/1000], Train metric average : 0.7051
2024-09-22 23:56:38,433 - Epoch [242/1000], Val Loss: -0.5864
2024-09-22 23:56:38,433 - Epoch [242/1000], Val metric average : 0.5864
2024-09-22 23:56:48,775 - Epoch [243/1000], Train Loss: -0.7010
2024-09-22 23:56:48,775 - Epoch [243/1000], Train metric average : 0.7010
2024-09-22 23:56:48,775 - Epoch [243/1000], Val Loss: -0.6152
2024-09-22 23:56:48,775 - Epoch [243/1000], Val metric average : 0.6152
2024-09-22 23:56:59,233 - Epoch [244/1000], Train Loss: -0.7089
2024-09-22 23:56:59,234 - Epoch [244/1000], Train metric average : 0.7089
2024-09-22 23:56:59,234 - Epoch [244/1000], Val Loss: -0.5732
2024-09-22 23:56:59,234 - Epoch [244/1000], Val metric average : 0.5732
2024-09-22 23:57:09,528 - Epoch [245/1000], Train Loss: -0.7060
2024-09-22 23:57:09,528 - Epoch [245/1000], Train metric average : 0.7060
2024-09-22 23:57:09,528 - Epoch [245/1000], Val Loss: -0.6367
2024-09-22 23:57:09,528 - Epoch [245/1000], Val metric average : 0.6367
2024-09-22 23:57:19,954 - Epoch [246/1000], Train Loss: -0.7039
2024-09-22 23:57:19,954 - Epoch [246/1000], Train metric average : 0.7039
2024-09-22 23:57:19,954 - Epoch [246/1000], Val Loss: -0.6328
2024-09-22 23:57:19,954 - Epoch [246/1000], Val metric average : 0.6328
2024-09-22 23:57:30,176 - Epoch [247/1000], Train Loss: -0.7056
2024-09-22 23:57:30,176 - Epoch [247/1000], Train metric average : 0.7056
2024-09-22 23:57:30,176 - Epoch [247/1000], Val Loss: -0.5670
2024-09-22 23:57:30,176 - Epoch [247/1000], Val metric average : 0.5670
2024-09-22 23:57:40,538 - Epoch [248/1000], Train Loss: -0.7038
2024-09-22 23:57:40,538 - Epoch [248/1000], Train metric average : 0.7038
2024-09-22 23:57:40,538 - Epoch [248/1000], Val Loss: -0.5822
2024-09-22 23:57:40,538 - Epoch [248/1000], Val metric average : 0.5822
2024-09-22 23:57:50,821 - Epoch [249/1000], Train Loss: -0.7084
2024-09-22 23:57:50,822 - Epoch [249/1000], Train metric average : 0.7084
2024-09-22 23:57:50,822 - Epoch [249/1000], Val Loss: -0.5983
2024-09-22 23:57:50,822 - Epoch [249/1000], Val metric average : 0.5983
2024-09-22 23:58:01,249 - Epoch [250/1000], Train Loss: -0.7107
2024-09-22 23:58:01,249 - Epoch [250/1000], Train metric average : 0.7107
2024-09-22 23:58:01,249 - Epoch [250/1000], Val Loss: -0.5648
2024-09-22 23:58:01,249 - Epoch [250/1000], Val metric average : 0.5648
2024-09-22 23:58:11,504 - Epoch [251/1000], Train Loss: -0.7046
2024-09-22 23:58:11,504 - Epoch [251/1000], Train metric average : 0.7046
2024-09-22 23:58:11,504 - Epoch [251/1000], Val Loss: -0.5675
2024-09-22 23:58:11,504 - Epoch [251/1000], Val metric average : 0.5675
2024-09-22 23:58:21,962 - Epoch [252/1000], Train Loss: -0.7007
2024-09-22 23:58:21,962 - Epoch [252/1000], Train metric average : 0.7007
2024-09-22 23:58:21,962 - Epoch [252/1000], Val Loss: -0.5670
2024-09-22 23:58:21,962 - Epoch [252/1000], Val metric average : 0.5670
2024-09-22 23:58:32,295 - Epoch [253/1000], Train Loss: -0.7006
2024-09-22 23:58:32,295 - Epoch [253/1000], Train metric average : 0.7006
2024-09-22 23:58:32,295 - Epoch [253/1000], Val Loss: -0.5828
2024-09-22 23:58:32,295 - Epoch [253/1000], Val metric average : 0.5828
2024-09-22 23:58:42,561 - Epoch [254/1000], Train Loss: -0.7068
2024-09-22 23:58:42,561 - Epoch [254/1000], Train metric average : 0.7068
2024-09-22 23:58:42,561 - Epoch [254/1000], Val Loss: -0.5488
2024-09-22 23:58:42,561 - Epoch [254/1000], Val metric average : 0.5488
2024-09-22 23:58:52,809 - Epoch [255/1000], Train Loss: -0.7055
2024-09-22 23:58:52,809 - Epoch [255/1000], Train metric average : 0.7055
2024-09-22 23:58:52,810 - Epoch [255/1000], Val Loss: -0.6304
2024-09-22 23:58:52,810 - Epoch [255/1000], Val metric average : 0.6304
2024-09-22 23:59:03,190 - Epoch [256/1000], Train Loss: -0.7080
2024-09-22 23:59:03,190 - Epoch [256/1000], Train metric average : 0.7080
2024-09-22 23:59:03,190 - Epoch [256/1000], Val Loss: -0.5736
2024-09-22 23:59:03,190 - Epoch [256/1000], Val metric average : 0.5736
2024-09-22 23:59:13,481 - Epoch [257/1000], Train Loss: -0.7037
2024-09-22 23:59:13,481 - Epoch [257/1000], Train metric average : 0.7037
2024-09-22 23:59:13,481 - Epoch [257/1000], Val Loss: -0.6258
2024-09-22 23:59:13,481 - Epoch [257/1000], Val metric average : 0.6258
2024-09-22 23:59:23,916 - Epoch [258/1000], Train Loss: -0.7039
2024-09-22 23:59:23,916 - Epoch [258/1000], Train metric average : 0.7039
2024-09-22 23:59:23,916 - Epoch [258/1000], Val Loss: -0.5775
2024-09-22 23:59:23,916 - Epoch [258/1000], Val metric average : 0.5775
2024-09-22 23:59:34,186 - Epoch [259/1000], Train Loss: -0.7060
2024-09-22 23:59:34,187 - Epoch [259/1000], Train metric average : 0.7060
2024-09-22 23:59:34,187 - Epoch [259/1000], Val Loss: -0.5357
2024-09-22 23:59:34,187 - Epoch [259/1000], Val metric average : 0.5357
2024-09-22 23:59:44,555 - Epoch [260/1000], Train Loss: -0.7091
2024-09-22 23:59:44,556 - Epoch [260/1000], Train metric average : 0.7091
2024-09-22 23:59:44,556 - Epoch [260/1000], Val Loss: -0.6091
2024-09-22 23:59:44,556 - Epoch [260/1000], Val metric average : 0.6091
2024-09-22 23:59:54,845 - Epoch [261/1000], Train Loss: -0.7057
2024-09-22 23:59:54,845 - Epoch [261/1000], Train metric average : 0.7057
2024-09-22 23:59:54,846 - Epoch [261/1000], Val Loss: -0.6135
2024-09-22 23:59:54,846 - Epoch [261/1000], Val metric average : 0.6135
2024-09-23 00:00:05,214 - Epoch [262/1000], Train Loss: -0.7050
2024-09-23 00:00:05,214 - Epoch [262/1000], Train metric average : 0.7050
2024-09-23 00:00:05,215 - Epoch [262/1000], Val Loss: -0.5998
2024-09-23 00:00:05,215 - Epoch [262/1000], Val metric average : 0.5998
2024-09-23 00:00:15,498 - Epoch [263/1000], Train Loss: -0.7091
2024-09-23 00:00:15,498 - Epoch [263/1000], Train metric average : 0.7091
2024-09-23 00:00:15,498 - Epoch [263/1000], Val Loss: -0.6171
2024-09-23 00:00:15,498 - Epoch [263/1000], Val metric average : 0.6171
2024-09-23 00:00:25,897 - Epoch [264/1000], Train Loss: -0.7067
2024-09-23 00:00:25,897 - Epoch [264/1000], Train metric average : 0.7067
2024-09-23 00:00:25,897 - Epoch [264/1000], Val Loss: -0.5888
2024-09-23 00:00:25,898 - Epoch [264/1000], Val metric average : 0.5888
2024-09-23 00:00:36,133 - Epoch [265/1000], Train Loss: -0.7072
2024-09-23 00:00:36,133 - Epoch [265/1000], Train metric average : 0.7072
2024-09-23 00:00:36,133 - Epoch [265/1000], Val Loss: -0.6023
2024-09-23 00:00:36,133 - Epoch [265/1000], Val metric average : 0.6023
2024-09-23 00:00:46,590 - Epoch [266/1000], Train Loss: -0.7055
2024-09-23 00:00:46,590 - Epoch [266/1000], Train metric average : 0.7055
2024-09-23 00:00:46,590 - Epoch [266/1000], Val Loss: -0.5905
2024-09-23 00:00:46,590 - Epoch [266/1000], Val metric average : 0.5905
2024-09-23 00:00:56,910 - Epoch [267/1000], Train Loss: -0.7025
2024-09-23 00:00:56,910 - Epoch [267/1000], Train metric average : 0.7025
2024-09-23 00:00:56,910 - Epoch [267/1000], Val Loss: -0.6276
2024-09-23 00:00:56,910 - Epoch [267/1000], Val metric average : 0.6276
2024-09-23 00:01:07,368 - Epoch [268/1000], Train Loss: -0.7075
2024-09-23 00:01:07,368 - Epoch [268/1000], Train metric average : 0.7075
2024-09-23 00:01:07,368 - Epoch [268/1000], Val Loss: -0.6389
2024-09-23 00:01:07,368 - Epoch [268/1000], Val metric average : 0.6389
2024-09-23 00:01:17,662 - Epoch [269/1000], Train Loss: -0.7148
2024-09-23 00:01:17,662 - Epoch [269/1000], Train metric average : 0.7148
2024-09-23 00:01:17,663 - Epoch [269/1000], Val Loss: -0.5988
2024-09-23 00:01:17,663 - Epoch [269/1000], Val metric average : 0.5988
2024-09-23 00:01:28,056 - Epoch [270/1000], Train Loss: -0.7021
2024-09-23 00:01:28,056 - Epoch [270/1000], Train metric average : 0.7021
2024-09-23 00:01:28,056 - Epoch [270/1000], Val Loss: -0.5830
2024-09-23 00:01:28,056 - Epoch [270/1000], Val metric average : 0.5830
2024-09-23 00:01:38,336 - Epoch [271/1000], Train Loss: -0.7108
2024-09-23 00:01:38,337 - Epoch [271/1000], Train metric average : 0.7108
2024-09-23 00:01:38,337 - Epoch [271/1000], Val Loss: -0.6309
2024-09-23 00:01:38,337 - Epoch [271/1000], Val metric average : 0.6309
2024-09-23 00:01:48,723 - Epoch [272/1000], Train Loss: -0.7021
2024-09-23 00:01:48,723 - Epoch [272/1000], Train metric average : 0.7021
2024-09-23 00:01:48,723 - Epoch [272/1000], Val Loss: -0.6426
2024-09-23 00:01:48,723 - Epoch [272/1000], Val metric average : 0.6426
2024-09-23 00:01:58,869 - Epoch [273/1000], Train Loss: -0.7097
2024-09-23 00:01:58,870 - Epoch [273/1000], Train metric average : 0.7097
2024-09-23 00:01:58,870 - Epoch [273/1000], Val Loss: -0.6124
2024-09-23 00:01:58,870 - Epoch [273/1000], Val metric average : 0.6124
2024-09-23 00:02:09,264 - Epoch [274/1000], Train Loss: -0.7092
2024-09-23 00:02:09,264 - Epoch [274/1000], Train metric average : 0.7092
2024-09-23 00:02:09,264 - Epoch [274/1000], Val Loss: -0.5457
2024-09-23 00:02:09,264 - Epoch [274/1000], Val metric average : 0.5457
2024-09-23 00:02:19,459 - Epoch [275/1000], Train Loss: -0.7071
2024-09-23 00:02:19,459 - Epoch [275/1000], Train metric average : 0.7071
2024-09-23 00:02:19,459 - Epoch [275/1000], Val Loss: -0.5849
2024-09-23 00:02:19,459 - Epoch [275/1000], Val metric average : 0.5849
2024-09-23 00:02:29,838 - Epoch [276/1000], Train Loss: -0.7070
2024-09-23 00:02:29,838 - Epoch [276/1000], Train metric average : 0.7070
2024-09-23 00:02:29,838 - Epoch [276/1000], Val Loss: -0.6455
2024-09-23 00:02:29,838 - Epoch [276/1000], Val metric average : 0.6455
2024-09-23 00:02:40,104 - Epoch [277/1000], Train Loss: -0.7064
2024-09-23 00:02:40,105 - Epoch [277/1000], Train metric average : 0.7064
2024-09-23 00:02:40,105 - Epoch [277/1000], Val Loss: -0.5853
2024-09-23 00:02:40,105 - Epoch [277/1000], Val metric average : 0.5853
2024-09-23 00:02:50,567 - Epoch [278/1000], Train Loss: -0.7136
2024-09-23 00:02:50,567 - Epoch [278/1000], Train metric average : 0.7136
2024-09-23 00:02:50,567 - Epoch [278/1000], Val Loss: -0.6299
2024-09-23 00:02:50,567 - Epoch [278/1000], Val metric average : 0.6299
2024-09-23 00:03:00,888 - Epoch [279/1000], Train Loss: -0.7023
2024-09-23 00:03:00,889 - Epoch [279/1000], Train metric average : 0.7023
2024-09-23 00:03:00,889 - Epoch [279/1000], Val Loss: -0.5891
2024-09-23 00:03:00,889 - Epoch [279/1000], Val metric average : 0.5891
2024-09-23 00:03:11,310 - Epoch [280/1000], Train Loss: -0.7050
2024-09-23 00:03:11,310 - Epoch [280/1000], Train metric average : 0.7050
2024-09-23 00:03:11,310 - Epoch [280/1000], Val Loss: -0.6412
2024-09-23 00:03:11,310 - Epoch [280/1000], Val metric average : 0.6412
2024-09-23 00:03:21,651 - Epoch [281/1000], Train Loss: -0.7048
2024-09-23 00:03:21,651 - Epoch [281/1000], Train metric average : 0.7048
2024-09-23 00:03:21,651 - Epoch [281/1000], Val Loss: -0.6734
2024-09-23 00:03:21,651 - Epoch [281/1000], Val metric average : 0.6734
2024-09-23 00:03:24,697 - Saved best model with Val Loss: -0.6734
2024-09-23 00:03:34,988 - Epoch [282/1000], Train Loss: -0.7024
2024-09-23 00:03:34,988 - Epoch [282/1000], Train metric average : 0.7024
2024-09-23 00:03:34,988 - Epoch [282/1000], Val Loss: -0.6212
2024-09-23 00:03:34,988 - Epoch [282/1000], Val metric average : 0.6212
2024-09-23 00:03:45,390 - Epoch [283/1000], Train Loss: -0.6988
2024-09-23 00:03:45,390 - Epoch [283/1000], Train metric average : 0.6988
2024-09-23 00:03:45,390 - Epoch [283/1000], Val Loss: -0.5673
2024-09-23 00:03:45,390 - Epoch [283/1000], Val metric average : 0.5673
2024-09-23 00:03:55,713 - Epoch [284/1000], Train Loss: -0.7101
2024-09-23 00:03:55,713 - Epoch [284/1000], Train metric average : 0.7101
2024-09-23 00:03:55,713 - Epoch [284/1000], Val Loss: -0.6215
2024-09-23 00:03:55,713 - Epoch [284/1000], Val metric average : 0.6215
2024-09-23 00:04:06,120 - Epoch [285/1000], Train Loss: -0.6983
2024-09-23 00:04:06,121 - Epoch [285/1000], Train metric average : 0.6983
2024-09-23 00:04:06,121 - Epoch [285/1000], Val Loss: -0.5236
2024-09-23 00:04:06,121 - Epoch [285/1000], Val metric average : 0.5236
2024-09-23 00:04:16,411 - Epoch [286/1000], Train Loss: -0.7109
2024-09-23 00:04:16,411 - Epoch [286/1000], Train metric average : 0.7109
2024-09-23 00:04:16,411 - Epoch [286/1000], Val Loss: -0.6562
2024-09-23 00:04:16,411 - Epoch [286/1000], Val metric average : 0.6562
2024-09-23 00:04:26,761 - Epoch [287/1000], Train Loss: -0.7068
2024-09-23 00:04:26,762 - Epoch [287/1000], Train metric average : 0.7068
2024-09-23 00:04:26,762 - Epoch [287/1000], Val Loss: -0.6331
2024-09-23 00:04:26,762 - Epoch [287/1000], Val metric average : 0.6331
2024-09-23 00:04:37,017 - Epoch [288/1000], Train Loss: -0.7042
2024-09-23 00:04:37,017 - Epoch [288/1000], Train metric average : 0.7042
2024-09-23 00:04:37,017 - Epoch [288/1000], Val Loss: -0.5457
2024-09-23 00:04:37,017 - Epoch [288/1000], Val metric average : 0.5457
2024-09-23 00:04:47,372 - Epoch [289/1000], Train Loss: -0.7104
2024-09-23 00:04:47,373 - Epoch [289/1000], Train metric average : 0.7104
2024-09-23 00:04:47,373 - Epoch [289/1000], Val Loss: -0.5769
2024-09-23 00:04:47,373 - Epoch [289/1000], Val metric average : 0.5769
2024-09-23 00:04:57,797 - Epoch [290/1000], Train Loss: -0.7118
2024-09-23 00:04:57,797 - Epoch [290/1000], Train metric average : 0.7118
2024-09-23 00:04:57,797 - Epoch [290/1000], Val Loss: -0.6316
2024-09-23 00:04:57,797 - Epoch [290/1000], Val metric average : 0.6316
2024-09-23 00:05:08,064 - Epoch [291/1000], Train Loss: -0.7006
2024-09-23 00:05:08,064 - Epoch [291/1000], Train metric average : 0.7006
2024-09-23 00:05:08,064 - Epoch [291/1000], Val Loss: -0.6161
2024-09-23 00:05:08,064 - Epoch [291/1000], Val metric average : 0.6161
2024-09-23 00:05:18,256 - Epoch [292/1000], Train Loss: -0.7022
2024-09-23 00:05:18,256 - Epoch [292/1000], Train metric average : 0.7022
2024-09-23 00:05:18,256 - Epoch [292/1000], Val Loss: -0.5664
2024-09-23 00:05:18,256 - Epoch [292/1000], Val metric average : 0.5664
2024-09-23 00:05:28,660 - Epoch [293/1000], Train Loss: -0.7066
2024-09-23 00:05:28,660 - Epoch [293/1000], Train metric average : 0.7066
2024-09-23 00:05:28,660 - Epoch [293/1000], Val Loss: -0.5953
2024-09-23 00:05:28,660 - Epoch [293/1000], Val metric average : 0.5953
2024-09-23 00:05:38,797 - Epoch [294/1000], Train Loss: -0.7104
2024-09-23 00:05:38,797 - Epoch [294/1000], Train metric average : 0.7104
2024-09-23 00:05:38,797 - Epoch [294/1000], Val Loss: -0.5681
2024-09-23 00:05:38,797 - Epoch [294/1000], Val metric average : 0.5681
2024-09-23 00:05:49,163 - Epoch [295/1000], Train Loss: -0.6970
2024-09-23 00:05:49,163 - Epoch [295/1000], Train metric average : 0.6970
2024-09-23 00:05:49,163 - Epoch [295/1000], Val Loss: -0.6095
2024-09-23 00:05:49,163 - Epoch [295/1000], Val metric average : 0.6095
2024-09-23 00:05:59,376 - Epoch [296/1000], Train Loss: -0.7004
2024-09-23 00:05:59,377 - Epoch [296/1000], Train metric average : 0.7004
2024-09-23 00:05:59,377 - Epoch [296/1000], Val Loss: -0.5883
2024-09-23 00:05:59,377 - Epoch [296/1000], Val metric average : 0.5883
2024-09-23 00:06:09,699 - Epoch [297/1000], Train Loss: -0.7112
2024-09-23 00:06:09,699 - Epoch [297/1000], Train metric average : 0.7112
2024-09-23 00:06:09,700 - Epoch [297/1000], Val Loss: -0.5576
2024-09-23 00:06:09,700 - Epoch [297/1000], Val metric average : 0.5576
2024-09-23 00:06:19,993 - Epoch [298/1000], Train Loss: -0.7053
2024-09-23 00:06:19,994 - Epoch [298/1000], Train metric average : 0.7053
2024-09-23 00:06:19,994 - Epoch [298/1000], Val Loss: -0.5484
2024-09-23 00:06:19,994 - Epoch [298/1000], Val metric average : 0.5484
2024-09-23 00:06:30,457 - Epoch [299/1000], Train Loss: -0.7060
2024-09-23 00:06:30,457 - Epoch [299/1000], Train metric average : 0.7060
2024-09-23 00:06:30,457 - Epoch [299/1000], Val Loss: -0.6011
2024-09-23 00:06:30,457 - Epoch [299/1000], Val metric average : 0.6011
2024-09-23 00:06:40,710 - Epoch [300/1000], Train Loss: -0.7075
2024-09-23 00:06:40,710 - Epoch [300/1000], Train metric average : 0.7075
2024-09-23 00:06:40,710 - Epoch [300/1000], Val Loss: -0.5670
2024-09-23 00:06:40,710 - Epoch [300/1000], Val metric average : 0.5670
2024-09-23 00:06:51,156 - Epoch [301/1000], Train Loss: -0.7122
2024-09-23 00:06:51,156 - Epoch [301/1000], Train metric average : 0.7122
2024-09-23 00:06:51,156 - Epoch [301/1000], Val Loss: -0.6474
2024-09-23 00:06:51,156 - Epoch [301/1000], Val metric average : 0.6474
2024-09-23 00:07:01,619 - Epoch [302/1000], Train Loss: -0.7031
2024-09-23 00:07:01,620 - Epoch [302/1000], Train metric average : 0.7031
2024-09-23 00:07:01,620 - Epoch [302/1000], Val Loss: -0.6068
2024-09-23 00:07:01,620 - Epoch [302/1000], Val metric average : 0.6068
2024-09-23 00:07:12,106 - Epoch [303/1000], Train Loss: -0.7076
2024-09-23 00:07:12,106 - Epoch [303/1000], Train metric average : 0.7076
2024-09-23 00:07:12,106 - Epoch [303/1000], Val Loss: -0.5917
2024-09-23 00:07:12,106 - Epoch [303/1000], Val metric average : 0.5917
2024-09-23 00:07:22,361 - Epoch [304/1000], Train Loss: -0.7079
2024-09-23 00:07:22,361 - Epoch [304/1000], Train metric average : 0.7079
2024-09-23 00:07:22,361 - Epoch [304/1000], Val Loss: -0.6023
2024-09-23 00:07:22,361 - Epoch [304/1000], Val metric average : 0.6023
2024-09-23 00:07:32,745 - Epoch [305/1000], Train Loss: -0.7104
2024-09-23 00:07:32,745 - Epoch [305/1000], Train metric average : 0.7104
2024-09-23 00:07:32,745 - Epoch [305/1000], Val Loss: -0.5680
2024-09-23 00:07:32,745 - Epoch [305/1000], Val metric average : 0.5680
